[ 2014-09-06T18:11:20+08:00 ] 172.16.14.1 /share/index.php/home
INFO: [ app_init ] --START--
INFO: Run Behavior\BuildLiteBehavior [ RunTime:0.000023s ]
INFO: [ app_init ] --END-- [ RunTime:0.001113s ]
INFO: [ app_begin ] --START--
INFO: Run Behavior\ReadHtmlCacheBehavior [ RunTime:0.000993s ]
INFO: [ app_begin ] --END-- [ RunTime:0.001038s ]
NOTIC: [8192] mysql_connect(): The mysql extension is deprecated and will be removed in the future: use mysqli or PDO instead /var/www/html/share/Application/Ucenter/Client/uc_client/lib/db.class.php 第 41 行.
NOTIC: [8] Undefined offset: 2 /var/www/html/share/Application/Ucenter/Client/uc_client/control/user.php 第 29 行.
INFO: [ app_end ] --START--
INFO: Run Behavior\ShowPageTraceBehavior [ RunTime:0.001291s ]
INFO: [ app_end ] --END-- [ RunTime:0.001347s ]

[ 2014-09-06T19:15:34+08:00 ] 172.16.14.130 /share/index.php/home/api/index?code=149asxLZYeHKwzHOizrnCtqE5gqHRs1R8wTaQVEMElbUirN0F73v0y%2FHh99ia1KWxcYgBoWM1TjP8YtBuaQ&__times__=1
INFO: [ app_init ] --START--
INFO: Run Behavior\BuildLiteBehavior [ RunTime:0.000019s ]
INFO: [ app_init ] --END-- [ RunTime:0.000177s ]
INFO: [ app_begin ] --START--
INFO: Run Behavior\ReadHtmlCacheBehavior [ RunTime:0.000082s ]
INFO: [ app_begin ] --END-- [ RunTime:0.000117s ]
NOTIC: [2048] Only variables should be passed by reference /var/www/html/share/Application/Ucenter/Api/Uc.class.php 第 50 行.
NOTIC: [8] Undefined offset: 1 /var/www/html/share/Application/Ucenter/Common/XML.php 第 68 行.
NOTIC: [8] Undefined index: type /var/www/html/share/Application/Ucenter/Common/XML.php 第 68 行.
NOTIC: [8] Undefined index: name /var/www/html/share/Application/Ucenter/Common/XML.php 第 68 行.
NOTIC: [8] Undefined index: url /var/www/html/share/Application/Ucenter/Common/XML.php 第 68 行.
NOTIC: [8] Undefined index: ip /var/www/html/share/Application/Ucenter/Common/XML.php 第 68 行.
NOTIC: [8] Undefined index: viewprourl /var/www/html/share/Application/Ucenter/Common/XML.php 第 68 行.
NOTIC: [8] Undefined index: apifilename /var/www/html/share/Application/Ucenter/Common/XML.php 第 68 行.
NOTIC: [8] Undefined index: charset /var/www/html/share/Application/Ucenter/Common/XML.php 第 68 行.
NOTIC: [8] Undefined index: synlogin /var/www/html/share/Application/Ucenter/Common/XML.php 第 68 行.
NOTIC: [8] Undefined index: extra /var/www/html/share/Application/Ucenter/Common/XML.php 第 68 行.
NOTIC: [8] Undefined index: extraurl /var/www/html/share/Application/Ucenter/Common/XML.php 第 68 行.
NOTIC: [8] Undefined index: recvnote /var/www/html/share/Application/Ucenter/Common/XML.php 第 68 行.
NOTIC: [8] Undefined offset: 2 /var/www/html/share/Application/Ucenter/Common/XML.php 第 68 行.
NOTIC: [8] Undefined index: type /var/www/html/share/Application/Ucenter/Common/XML.php 第 68 行.
NOTIC: [8] Undefined index: name /var/www/html/share/Application/Ucenter/Common/XML.php 第 68 行.
NOTIC: [8] Undefined index: url /var/www/html/share/Application/Ucenter/Common/XML.php 第 68 行.
NOTIC: [8] Undefined index: ip /var/www/html/share/Application/Ucenter/Common/XML.php 第 68 行.
NOTIC: [8] Undefined index: viewprourl /var/www/html/share/Application/Ucenter/Common/XML.php 第 68 行.
NOTIC: [8] Undefined index: apifilename /var/www/html/share/Application/Ucenter/Common/XML.php 第 68 行.
NOTIC: [8] Undefined index: charset /var/www/html/share/Application/Ucenter/Common/XML.php 第 68 行.
NOTIC: [8] Undefined index: synlogin /var/www/html/share/Application/Ucenter/Common/XML.php 第 68 行.
NOTIC: [8] Undefined index: extra /var/www/html/share/Application/Ucenter/Common/XML.php 第 68 行.
NOTIC: [8] Undefined index: extraurl /var/www/html/share/Application/Ucenter/Common/XML.php 第 68 行.
NOTIC: [8] Undefined index: recvnote /var/www/html/share/Application/Ucenter/Common/XML.php 第 68 行.
NOTIC: [8] Undefined index: UC_API /var/www/html/share/Application/Ucenter/Common/XML.php 第 68 行.

[ 2014-09-06T19:15:35+08:00 ] 172.16.14.130 /share/index.php/home/api/index?code=5744blX4unN9vYKzHOdUCVlEjZFlfRnhGoY%2Fi6UnRuzdlDAtn2d44hjaKiunZ%2B%2FYfdR8DS7rssHcbCPNZuU&__times__=1
INFO: [ app_init ] --START--
INFO: Run Behavior\BuildLiteBehavior [ RunTime:0.000028s ]
INFO: [ app_init ] --END-- [ RunTime:0.000140s ]
INFO: [ app_begin ] --START--
INFO: Run Behavior\ReadHtmlCacheBehavior [ RunTime:0.000063s ]
INFO: [ app_begin ] --END-- [ RunTime:0.000313s ]
NOTIC: [2048] Only variables should be passed by reference /var/www/html/share/Application/Ucenter/Api/Uc.class.php 第 50 行.
NOTIC: [8] Undefined offset: 1 /var/www/html/share/Application/Ucenter/Common/XML.php 第 68 行.
NOTIC: [8] Undefined index: type /var/www/html/share/Application/Ucenter/Common/XML.php 第 68 行.
NOTIC: [8] Undefined index: name /var/www/html/share/Application/Ucenter/Common/XML.php 第 68 行.
NOTIC: [8] Undefined index: url /var/www/html/share/Application/Ucenter/Common/XML.php 第 68 行.
NOTIC: [8] Undefined index: ip /var/www/html/share/Application/Ucenter/Common/XML.php 第 68 行.
NOTIC: [8] Undefined index: viewprourl /var/www/html/share/Application/Ucenter/Common/XML.php 第 68 行.
NOTIC: [8] Undefined index: apifilename /var/www/html/share/Application/Ucenter/Common/XML.php 第 68 行.
NOTIC: [8] Undefined index: charset /var/www/html/share/Application/Ucenter/Common/XML.php 第 68 行.
NOTIC: [8] Undefined index: synlogin /var/www/html/share/Application/Ucenter/Common/XML.php 第 68 行.
NOTIC: [8] Undefined index: extra /var/www/html/share/Application/Ucenter/Common/XML.php 第 68 行.
NOTIC: [8] Undefined index: extraurl /var/www/html/share/Application/Ucenter/Common/XML.php 第 68 行.
NOTIC: [8] Undefined index: recvnote /var/www/html/share/Application/Ucenter/Common/XML.php 第 68 行.
NOTIC: [8] Undefined offset: 2 /var/www/html/share/Application/Ucenter/Common/XML.php 第 68 行.
NOTIC: [8] Undefined index: type /var/www/html/share/Application/Ucenter/Common/XML.php 第 68 行.
NOTIC: [8] Undefined index: name /var/www/html/share/Application/Ucenter/Common/XML.php 第 68 行.
NOTIC: [8] Undefined index: url /var/www/html/share/Application/Ucenter/Common/XML.php 第 68 行.
NOTIC: [8] Undefined index: ip /var/www/html/share/Application/Ucenter/Common/XML.php 第 68 行.
NOTIC: [8] Undefined index: viewprourl /var/www/html/share/Application/Ucenter/Common/XML.php 第 68 行.
NOTIC: [8] Undefined index: apifilename /var/www/html/share/Application/Ucenter/Common/XML.php 第 68 行.
NOTIC: [8] Undefined index: charset /var/www/html/share/Application/Ucenter/Common/XML.php 第 68 行.
NOTIC: [8] Undefined index: synlogin /var/www/html/share/Application/Ucenter/Common/XML.php 第 68 行.
NOTIC: [8] Undefined index: extra /var/www/html/share/Application/Ucenter/Common/XML.php 第 68 行.
NOTIC: [8] Undefined index: extraurl /var/www/html/share/Application/Ucenter/Common/XML.php 第 68 行.
NOTIC: [8] Undefined index: recvnote /var/www/html/share/Application/Ucenter/Common/XML.php 第 68 行.
NOTIC: [8] Undefined index: UC_API /var/www/html/share/Application/Ucenter/Common/XML.php 第 68 行.

[ 2014-09-06T19:15:36+08:00 ] 172.16.14.130 /share/index.php/home/api/index?code=754eoHx5s0lqxEYCPSff8uFe96wcurW48NHQgltHMig7GlA0zZLuja7VINBt9aoIpCvhWsfDm%2Br3Dbay6ts&__times__=1
INFO: [ app_init ] --START--
INFO: Run Behavior\BuildLiteBehavior [ RunTime:0.000022s ]
INFO: [ app_init ] --END-- [ RunTime:0.000189s ]
INFO: [ app_begin ] --START--
INFO: Run Behavior\ReadHtmlCacheBehavior [ RunTime:0.000060s ]
INFO: [ app_begin ] --END-- [ RunTime:0.000113s ]
NOTIC: [2048] Only variables should be passed by reference /var/www/html/share/Application/Ucenter/Api/Uc.class.php 第 50 行.
NOTIC: [8] Undefined offset: 1 /var/www/html/share/Application/Ucenter/Common/XML.php 第 68 行.
NOTIC: [8] Undefined index: type /var/www/html/share/Application/Ucenter/Common/XML.php 第 68 行.
NOTIC: [8] Undefined index: name /var/www/html/share/Application/Ucenter/Common/XML.php 第 68 行.
NOTIC: [8] Undefined index: url /var/www/html/share/Application/Ucenter/Common/XML.php 第 68 行.
NOTIC: [8] Undefined index: ip /var/www/html/share/Application/Ucenter/Common/XML.php 第 68 行.
NOTIC: [8] Undefined index: viewprourl /var/www/html/share/Application/Ucenter/Common/XML.php 第 68 行.
NOTIC: [8] Undefined index: apifilename /var/www/html/share/Application/Ucenter/Common/XML.php 第 68 行.
NOTIC: [8] Undefined index: charset /var/www/html/share/Application/Ucenter/Common/XML.php 第 68 行.
NOTIC: [8] Undefined index: synlogin /var/www/html/share/Application/Ucenter/Common/XML.php 第 68 行.
NOTIC: [8] Undefined index: extra /var/www/html/share/Application/Ucenter/Common/XML.php 第 68 行.
NOTIC: [8] Undefined index: extraurl /var/www/html/share/Application/Ucenter/Common/XML.php 第 68 行.
NOTIC: [8] Undefined index: recvnote /var/www/html/share/Application/Ucenter/Common/XML.php 第 68 行.
NOTIC: [8] Undefined offset: 2 /var/www/html/share/Application/Ucenter/Common/XML.php 第 68 行.
NOTIC: [8] Undefined index: type /var/www/html/share/Application/Ucenter/Common/XML.php 第 68 行.
NOTIC: [8] Undefined index: name /var/www/html/share/Application/Ucenter/Common/XML.php 第 68 行.
NOTIC: [8] Undefined index: url /var/www/html/share/Application/Ucenter/Common/XML.php 第 68 行.
NOTIC: [8] Undefined index: ip /var/www/html/share/Application/Ucenter/Common/XML.php 第 68 行.
NOTIC: [8] Undefined index: viewprourl /var/www/html/share/Application/Ucenter/Common/XML.php 第 68 行.
NOTIC: [8] Undefined index: apifilename /var/www/html/share/Application/Ucenter/Common/XML.php 第 68 行.
NOTIC: [8] Undefined index: charset /var/www/html/share/Application/Ucenter/Common/XML.php 第 68 行.
NOTIC: [8] Undefined index: synlogin /var/www/html/share/Application/Ucenter/Common/XML.php 第 68 行.
NOTIC: [8] Undefined index: extra /var/www/html/share/Application/Ucenter/Common/XML.php 第 68 行.
NOTIC: [8] Undefined index: extraurl /var/www/html/share/Application/Ucenter/Common/XML.php 第 68 行.
NOTIC: [8] Undefined index: recvnote /var/www/html/share/Application/Ucenter/Common/XML.php 第 68 行.
NOTIC: [8] Undefined index: UC_API /var/www/html/share/Application/Ucenter/Common/XML.php 第 68 行.

[ 2014-09-06T19:15:39+08:00 ] 172.16.14.130 /share/index.php/home/api/index?code=9555j1qacaSu3BenJAM0JUaYYxzXbckD%2B3jxZsVS6%2BvCmRfZZPJynVuWqdP4x%2BYS3LzLPWtffMTqASb7Jxg&__times__=1
INFO: [ app_init ] --START--
INFO: Run Behavior\BuildLiteBehavior [ RunTime:0.000025s ]
INFO: [ app_init ] --END-- [ RunTime:0.000198s ]
INFO: [ app_begin ] --START--
INFO: Run Behavior\ReadHtmlCacheBehavior [ RunTime:0.000090s ]
INFO: [ app_begin ] --END-- [ RunTime:0.000163s ]
NOTIC: [2048] Only variables should be passed by reference /var/www/html/share/Application/Ucenter/Api/Uc.class.php 第 50 行.
NOTIC: [8] Undefined offset: 1 /var/www/html/share/Application/Ucenter/Common/XML.php 第 68 行.
NOTIC: [8] Undefined index: type /var/www/html/share/Application/Ucenter/Common/XML.php 第 68 行.
NOTIC: [8] Undefined index: name /var/www/html/share/Application/Ucenter/Common/XML.php 第 68 行.
NOTIC: [8] Undefined index: url /var/www/html/share/Application/Ucenter/Common/XML.php 第 68 行.
NOTIC: [8] Undefined index: ip /var/www/html/share/Application/Ucenter/Common/XML.php 第 68 行.
NOTIC: [8] Undefined index: viewprourl /var/www/html/share/Application/Ucenter/Common/XML.php 第 68 行.
NOTIC: [8] Undefined index: apifilename /var/www/html/share/Application/Ucenter/Common/XML.php 第 68 行.
NOTIC: [8] Undefined index: charset /var/www/html/share/Application/Ucenter/Common/XML.php 第 68 行.
NOTIC: [8] Undefined index: synlogin /var/www/html/share/Application/Ucenter/Common/XML.php 第 68 行.
NOTIC: [8] Undefined index: extra /var/www/html/share/Application/Ucenter/Common/XML.php 第 68 行.
NOTIC: [8] Undefined index: extraurl /var/www/html/share/Application/Ucenter/Common/XML.php 第 68 行.
NOTIC: [8] Undefined index: recvnote /var/www/html/share/Application/Ucenter/Common/XML.php 第 68 行.
NOTIC: [8] Undefined offset: 2 /var/www/html/share/Application/Ucenter/Common/XML.php 第 68 行.
NOTIC: [8] Undefined index: type /var/www/html/share/Application/Ucenter/Common/XML.php 第 68 行.
NOTIC: [8] Undefined index: name /var/www/html/share/Application/Ucenter/Common/XML.php 第 68 行.
NOTIC: [8] Undefined index: url /var/www/html/share/Application/Ucenter/Common/XML.php 第 68 行.
NOTIC: [8] Undefined index: ip /var/www/html/share/Application/Ucenter/Common/XML.php 第 68 行.
NOTIC: [8] Undefined index: viewprourl /var/www/html/share/Application/Ucenter/Common/XML.php 第 68 行.
NOTIC: [8] Undefined index: apifilename /var/www/html/share/Application/Ucenter/Common/XML.php 第 68 行.
NOTIC: [8] Undefined index: charset /var/www/html/share/Application/Ucenter/Common/XML.php 第 68 行.
NOTIC: [8] Undefined index: synlogin /var/www/html/share/Application/Ucenter/Common/XML.php 第 68 行.
NOTIC: [8] Undefined index: extra /var/www/html/share/Application/Ucenter/Common/XML.php 第 68 行.
NOTIC: [8] Undefined index: extraurl /var/www/html/share/Application/Ucenter/Common/XML.php 第 68 行.
NOTIC: [8] Undefined index: recvnote /var/www/html/share/Application/Ucenter/Common/XML.php 第 68 行.
NOTIC: [8] Undefined index: UC_API /var/www/html/share/Application/Ucenter/Common/XML.php 第 68 行.

[ 2014-09-06T19:15:50+08:00 ] 172.16.14.130 /share/index.php/home/api/index?code=bd1efozOmQrsiHhphGmP%2BQSQW3bF5OkaHA4KroE%2FlZ2m95WUzamMtI7M35r18Mw9ceeP2j2zl5k
INFO: [ app_init ] --START--
INFO: Run Behavior\BuildLiteBehavior [ RunTime:0.000017s ]
INFO: [ app_init ] --END-- [ RunTime:0.000186s ]
INFO: [ app_begin ] --START--
INFO: Run Behavior\ReadHtmlCacheBehavior [ RunTime:0.000076s ]
INFO: [ app_begin ] --END-- [ RunTime:0.000118s ]
NOTIC: [2048] Only variables should be passed by reference /var/www/html/share/Application/Ucenter/Api/Uc.class.php 第 50 行.

[ 2014-09-06T19:16:01+08:00 ] 172.16.14.130 /share/index.php/home/api/index?code=7d19HDpS7c4rmefD5MglNhaQW9y0y0CneqkMuX1AW6JuQtVwAbaA%2FW49HTPhiBVks27KVvloTnA
INFO: [ app_init ] --START--
INFO: Run Behavior\BuildLiteBehavior [ RunTime:0.000010s ]
INFO: [ app_init ] --END-- [ RunTime:0.000073s ]
INFO: [ app_begin ] --START--
INFO: Run Behavior\ReadHtmlCacheBehavior [ RunTime:0.000036s ]
INFO: [ app_begin ] --END-- [ RunTime:0.000061s ]
NOTIC: [2048] Only variables should be passed by reference /var/www/html/share/Application/Ucenter/Api/Uc.class.php 第 50 行.

[ 2014-09-06T19:16:20+08:00 ] 172.16.14.130 /share/index.php/home/api/index?code=4db9GyjxFYHov%2BeubpCpCJIjOXaGOYZRMemSiHd46wZ9H8QffO%2FyuhATjvvOrwcCSu2cwRDftWU
INFO: [ app_init ] --START--
INFO: Run Behavior\BuildLiteBehavior [ RunTime:0.000011s ]
INFO: [ app_init ] --END-- [ RunTime:0.000077s ]
INFO: [ app_begin ] --START--
INFO: Run Behavior\ReadHtmlCacheBehavior [ RunTime:0.000035s ]
INFO: [ app_begin ] --END-- [ RunTime:0.000061s ]
NOTIC: [2048] Only variables should be passed by reference /var/www/html/share/Application/Ucenter/Api/Uc.class.php 第 50 行.

[ 2014-09-06T21:23:24+08:00 ] 172.16.14.130 /share/index.php/home/api/index?code=ee02WZ2ZL%2FsJirV11f6aXy5P5tzWAr0NDgznI10RtetijofBacteSqHNCr3JfRfOTyZ7wsz8qhM
INFO: [ app_init ] --START--
INFO: Run Behavior\BuildLiteBehavior [ RunTime:0.000016s ]
INFO: [ app_init ] --END-- [ RunTime:0.000191s ]
INFO: [ app_begin ] --START--
INFO: Run Behavior\ReadHtmlCacheBehavior [ RunTime:0.000164s ]
INFO: [ app_begin ] --END-- [ RunTime:0.000195s ]
NOTIC: [2048] Only variables should be passed by reference /var/www/html/share/Application/Ucenter/Api/Uc.class.php 第 50 行.

[ 2014-09-06T21:23:45+08:00 ] 172.16.14.130 /share/index.php/home/api/index?code=40b99UL8aqCPuTL3Rozs6P0u4ppQh1oXeGO04rK5R211bfqZH%2F2Ch0%2Bq%2B9gNrJkTn1jz4i%2FDlGs
INFO: [ app_init ] --START--
INFO: Run Behavior\BuildLiteBehavior [ RunTime:0.000009s ]
INFO: [ app_init ] --END-- [ RunTime:0.000081s ]
INFO: [ app_begin ] --START--
INFO: Run Behavior\ReadHtmlCacheBehavior [ RunTime:0.000038s ]
INFO: [ app_begin ] --END-- [ RunTime:0.000065s ]
NOTIC: [2048] Only variables should be passed by reference /var/www/html/share/Application/Ucenter/Api/Uc.class.php 第 50 行.

[ 2014-09-06T21:25:14+08:00 ] 172.16.14.130 /share/index.php/home/api/index?code=ef72FUSeQfibx4DmgfnW3tuPm21kv4JJffuhtzGqEVbUNUFJNBGxhGefVxP%2Bl7YGBLKjbzu1xMU
INFO: [ app_init ] --START--
INFO: Run Behavior\BuildLiteBehavior [ RunTime:0.000016s ]
INFO: [ app_init ] --END-- [ RunTime:0.000124s ]
INFO: [ app_begin ] --START--
INFO: Run Behavior\ReadHtmlCacheBehavior [ RunTime:0.000063s ]
INFO: [ app_begin ] --END-- [ RunTime:0.000112s ]
NOTIC: [2048] Only variables should be passed by reference /var/www/html/share/Application/Ucenter/Api/Uc.class.php 第 50 行.

[ 2014-09-06T22:10:35+08:00 ] 172.16.14.1 /share/index.php/home/index
INFO: [ app_init ] --START--
INFO: Run Behavior\BuildLiteBehavior [ RunTime:0.000015s ]
INFO: [ app_init ] --END-- [ RunTime:0.000218s ]
INFO: [ app_begin ] --START--
INFO: Run Behavior\ReadHtmlCacheBehavior [ RunTime:0.000079s ]
INFO: [ app_begin ] --END-- [ RunTime:0.000117s ]
NOTIC: [8192] mysql_connect(): The mysql extension is deprecated and will be removed in the future: use mysqli or PDO instead /var/www/html/share/Application/Ucenter/Client/uc_client/lib/db.class.php 第 41 行.
NOTIC: [8] Undefined offset: 3 /var/www/html/share/Application/Ucenter/Client/uc_client/control/user.php 第 29 行.
INFO: [ app_end ] --START--
INFO: Run Behavior\ShowPageTraceBehavior [ RunTime:0.000138s ]
INFO: [ app_end ] --END-- [ RunTime:0.000178s ]

[ 2014-09-06T22:10:40+08:00 ] 172.16.14.1 /share/index.php/home/index
INFO: [ app_init ] --START--
INFO: Run Behavior\BuildLiteBehavior [ RunTime:0.000014s ]
INFO: [ app_init ] --END-- [ RunTime:0.000122s ]
INFO: [ app_begin ] --START--
INFO: Run Behavior\ReadHtmlCacheBehavior [ RunTime:0.000098s ]
INFO: [ app_begin ] --END-- [ RunTime:0.000158s ]
NOTIC: [8192] mysql_connect(): The mysql extension is deprecated and will be removed in the future: use mysqli or PDO instead /var/www/html/share/Application/Ucenter/Client/uc_client/lib/db.class.php 第 41 行.
NOTIC: [8] Undefined offset: 3 /var/www/html/share/Application/Ucenter/Client/uc_client/control/user.php 第 29 行.
INFO: [ app_end ] --START--
INFO: Run Behavior\ShowPageTraceBehavior [ RunTime:0.000082s ]
INFO: [ app_end ] --END-- [ RunTime:0.000134s ]

[ 2014-09-06T23:28:59+08:00 ] 172.16.14.130 /share/index.php/home/api/index?code=3700R7YZ9gIw6wbHZFCG2NzQ1B%2F9HFDJUYFhBDjsvxDK8gEbaQDeccLuOfEsRccyXMgZMrgois8
INFO: [ app_init ] --START--
INFO: Run Behavior\BuildLiteBehavior [ RunTime:0.000029s ]
INFO: [ app_init ] --END-- [ RunTime:0.000302s ]
INFO: [ app_begin ] --START--
INFO: Run Behavior\ReadHtmlCacheBehavior [ RunTime:0.000133s ]
INFO: [ app_begin ] --END-- [ RunTime:0.000175s ]
NOTIC: [2048] Only variables should be passed by reference /var/www/html/share/Application/Ucenter/Api/Uc.class.php 第 50 行.

[ 2014-09-06T23:29:52+08:00 ] 172.16.14.130 /share/index.php/home/api/index?code=39ffXeAzRbFUKjP%2FAKbFQ%2Fo4RxEQWutQJx9LtFjVdcoHy1dwTv9Mveuyzvs21MW2YaAj9HYOyqk
INFO: [ app_init ] --START--
INFO: Run Behavior\BuildLiteBehavior [ RunTime:0.000018s ]
INFO: [ app_init ] --END-- [ RunTime:0.000187s ]
INFO: [ app_begin ] --START--
INFO: Run Behavior\ReadHtmlCacheBehavior [ RunTime:0.000046s ]
INFO: [ app_begin ] --END-- [ RunTime:0.000074s ]
NOTIC: [2048] Only variables should be passed by reference /var/www/html/share/Application/Ucenter/Api/Uc.class.php 第 50 行.

[ 2014-09-06T23:38:51+08:00 ] 172.16.14.1 /share/index.php/home/index
INFO: [ app_init ] --START--
INFO: Run Behavior\BuildLiteBehavior [ RunTime:0.000014s ]
INFO: [ app_init ] --END-- [ RunTime:0.000141s ]
INFO: [ app_begin ] --START--
INFO: Run Behavior\ReadHtmlCacheBehavior [ RunTime:0.000040s ]
INFO: [ app_begin ] --END-- [ RunTime:0.000069s ]
NOTIC: [8192] mysql_connect(): The mysql extension is deprecated and will be removed in the future: use mysqli or PDO instead /var/www/html/share/Application/Ucenter/Client/uc_client/lib/db.class.php 第 41 行.
NOTIC: [8] Undefined offset: 3 /var/www/html/share/Application/Ucenter/Client/uc_client/control/user.php 第 29 行.
INFO: [ app_end ] --START--
INFO: Run Behavior\ShowPageTraceBehavior [ RunTime:0.000187s ]
INFO: [ app_end ] --END-- [ RunTime:0.000242s ]

[ 2014-09-06T23:38:54+08:00 ] 172.16.14.1 /share/index.php/home/index
INFO: [ app_init ] --START--
INFO: Run Behavior\BuildLiteBehavior [ RunTime:0.000009s ]
INFO: [ app_init ] --END-- [ RunTime:0.000071s ]
INFO: [ app_begin ] --START--
INFO: Run Behavior\ReadHtmlCacheBehavior [ RunTime:0.000031s ]
INFO: [ app_begin ] --END-- [ RunTime:0.000057s ]
NOTIC: [8192] mysql_connect(): The mysql extension is deprecated and will be removed in the future: use mysqli or PDO instead /var/www/html/share/Application/Ucenter/Client/uc_client/lib/db.class.php 第 41 行.
NOTIC: [8] Undefined offset: 3 /var/www/html/share/Application/Ucenter/Client/uc_client/control/user.php 第 29 行.
INFO: [ app_end ] --START--
INFO: Run Behavior\ShowPageTraceBehavior [ RunTime:0.000038s ]
INFO: [ app_end ] --END-- [ RunTime:0.000069s ]

[ 2014-09-06T23:38:55+08:00 ] 172.16.14.1 /share/index.php/home/index
INFO: [ app_init ] --START--
INFO: Run Behavior\BuildLiteBehavior [ RunTime:0.000015s ]
INFO: [ app_init ] --END-- [ RunTime:0.000097s ]
INFO: [ app_begin ] --START--
INFO: Run Behavior\ReadHtmlCacheBehavior [ RunTime:0.000028s ]
INFO: [ app_begin ] --END-- [ RunTime:0.000054s ]
NOTIC: [8192] mysql_connect(): The mysql extension is deprecated and will be removed in the future: use mysqli or PDO instead /var/www/html/share/Application/Ucenter/Client/uc_client/lib/db.class.php 第 41 行.
NOTIC: [8] Undefined offset: 3 /var/www/html/share/Application/Ucenter/Client/uc_client/control/user.php 第 29 行.
INFO: [ app_end ] --START--
INFO: Run Behavior\ShowPageTraceBehavior [ RunTime:0.000031s ]
INFO: [ app_end ] --END-- [ RunTime:0.000062s ]

[ 2014-09-06T23:38:56+08:00 ] 172.16.14.1 /share/index.php/home/index
INFO: [ app_init ] --START--
INFO: Run Behavior\BuildLiteBehavior [ RunTime:0.000015s ]
INFO: [ app_init ] --END-- [ RunTime:0.000164s ]
INFO: [ app_begin ] --START--
INFO: Run Behavior\ReadHtmlCacheBehavior [ RunTime:0.000027s ]
INFO: [ app_begin ] --END-- [ RunTime:0.000054s ]
NOTIC: [8192] mysql_connect(): The mysql extension is deprecated and will be removed in the future: use mysqli or PDO instead /var/www/html/share/Application/Ucenter/Client/uc_client/lib/db.class.php 第 41 行.
NOTIC: [8] Undefined offset: 3 /var/www/html/share/Application/Ucenter/Client/uc_client/control/user.php 第 29 行.
INFO: [ app_end ] --START--
INFO: Run Behavior\ShowPageTraceBehavior [ RunTime:0.000029s ]
INFO: [ app_end ] --END-- [ RunTime:0.000059s ]

[ 2014-09-06T23:38:56+08:00 ] 172.16.14.1 /share/index.php/home/index
INFO: [ app_init ] --START--
INFO: Run Behavior\BuildLiteBehavior [ RunTime:0.000009s ]
INFO: [ app_init ] --END-- [ RunTime:0.000069s ]
INFO: [ app_begin ] --START--
INFO: Run Behavior\ReadHtmlCacheBehavior [ RunTime:0.000029s ]
INFO: [ app_begin ] --END-- [ RunTime:0.000057s ]
NOTIC: [8192] mysql_connect(): The mysql extension is deprecated and will be removed in the future: use mysqli or PDO instead /var/www/html/share/Application/Ucenter/Client/uc_client/lib/db.class.php 第 41 行.
NOTIC: [8] Undefined offset: 3 /var/www/html/share/Application/Ucenter/Client/uc_client/control/user.php 第 29 行.
INFO: [ app_end ] --START--
INFO: Run Behavior\ShowPageTraceBehavior [ RunTime:0.000029s ]
INFO: [ app_end ] --END-- [ RunTime:0.000060s ]

[ 2014-09-06T23:38:57+08:00 ] 172.16.14.1 /share/index.php/home/index
INFO: [ app_init ] --START--
INFO: Run Behavior\BuildLiteBehavior [ RunTime:0.000014s ]
INFO: [ app_init ] --END-- [ RunTime:0.000107s ]
INFO: [ app_begin ] --START--
INFO: Run Behavior\ReadHtmlCacheBehavior [ RunTime:0.000030s ]
INFO: [ app_begin ] --END-- [ RunTime:0.000057s ]
NOTIC: [8192] mysql_connect(): The mysql extension is deprecated and will be removed in the future: use mysqli or PDO instead /var/www/html/share/Application/Ucenter/Client/uc_client/lib/db.class.php 第 41 行.
NOTIC: [8] Undefined offset: 3 /var/www/html/share/Application/Ucenter/Client/uc_client/control/user.php 第 29 行.
INFO: [ app_end ] --START--
INFO: Run Behavior\ShowPageTraceBehavior [ RunTime:0.000036s ]
INFO: [ app_end ] --END-- [ RunTime:0.000065s ]

[ 2014-09-06T23:38:58+08:00 ] 172.16.14.1 /share/index.php/home/index
INFO: [ app_init ] --START--
INFO: Run Behavior\BuildLiteBehavior [ RunTime:0.000014s ]
INFO: [ app_init ] --END-- [ RunTime:0.000082s ]
INFO: [ app_begin ] --START--
INFO: Run Behavior\ReadHtmlCacheBehavior [ RunTime:0.000046s ]
INFO: [ app_begin ] --END-- [ RunTime:0.000089s ]
NOTIC: [8192] mysql_connect(): The mysql extension is deprecated and will be removed in the future: use mysqli or PDO instead /var/www/html/share/Application/Ucenter/Client/uc_client/lib/db.class.php 第 41 行.
NOTIC: [8] Undefined offset: 3 /var/www/html/share/Application/Ucenter/Client/uc_client/control/user.php 第 29 行.
INFO: [ app_end ] --START--
INFO: Run Behavior\ShowPageTraceBehavior [ RunTime:0.000046s ]
INFO: [ app_end ] --END-- [ RunTime:0.000093s ]

[ 2014-09-06T23:38:59+08:00 ] 172.16.14.1 /share/index.php/home/index
INFO: [ app_init ] --START--
INFO: Run Behavior\BuildLiteBehavior [ RunTime:0.000014s ]
INFO: [ app_init ] --END-- [ RunTime:0.000096s ]
INFO: [ app_begin ] --START--
INFO: Run Behavior\ReadHtmlCacheBehavior [ RunTime:0.000036s ]
INFO: [ app_begin ] --END-- [ RunTime:0.000072s ]
NOTIC: [8192] mysql_connect(): The mysql extension is deprecated and will be removed in the future: use mysqli or PDO instead /var/www/html/share/Application/Ucenter/Client/uc_client/lib/db.class.php 第 41 行.
NOTIC: [8] Undefined offset: 3 /var/www/html/share/Application/Ucenter/Client/uc_client/control/user.php 第 29 行.
INFO: [ app_end ] --START--
INFO: Run Behavior\ShowPageTraceBehavior [ RunTime:0.000029s ]
INFO: [ app_end ] --END-- [ RunTime:0.000060s ]

[ 2014-09-06T23:39:04+08:00 ] 172.16.14.1 /share/index.php/home/index///
INFO: [ app_init ] --START--
INFO: Run Behavior\BuildLiteBehavior [ RunTime:0.000037s ]
INFO: [ app_init ] --END-- [ RunTime:0.000189s ]
INFO: [ app_begin ] --START--
INFO: Run Behavior\ReadHtmlCacheBehavior [ RunTime:0.000043s ]
INFO: [ app_begin ] --END-- [ RunTime:0.000071s ]
NOTIC: [8192] mysql_connect(): The mysql extension is deprecated and will be removed in the future: use mysqli or PDO instead /var/www/html/share/Application/Ucenter/Client/uc_client/lib/db.class.php 第 41 行.
NOTIC: [8] Undefined offset: 3 /var/www/html/share/Application/Ucenter/Client/uc_client/control/user.php 第 29 行.
INFO: [ app_end ] --START--
INFO: Run Behavior\ShowPageTraceBehavior [ RunTime:0.000130s ]
INFO: [ app_end ] --END-- [ RunTime:0.000163s ]

[ 2014-09-06T23:40:07+08:00 ] 172.16.14.1 /share/index.php/home/index///
INFO: [ app_init ] --START--
INFO: Run Behavior\BuildLiteBehavior [ RunTime:0.000038s ]
INFO: [ app_init ] --END-- [ RunTime:0.000125s ]
INFO: [ app_begin ] --START--
INFO: Run Behavior\ReadHtmlCacheBehavior [ RunTime:0.000066s ]
INFO: [ app_begin ] --END-- [ RunTime:0.000102s ]
NOTIC: [8192] mysql_connect(): The mysql extension is deprecated and will be removed in the future: use mysqli or PDO instead /var/www/html/share/Application/Ucenter/Client/uc_client/lib/db.class.php 第 41 行.
NOTIC: [8] Undefined offset: 3 /var/www/html/share/Application/Ucenter/Client/uc_client/control/user.php 第 29 行.
INFO: [ app_end ] --START--
INFO: Run Behavior\ShowPageTraceBehavior [ RunTime:0.000164s ]
INFO: [ app_end ] --END-- [ RunTime:0.000208s ]

[ 2014-09-06T23:40:11+08:00 ] 172.16.14.1 /share/index.php/home/index
INFO: [ app_init ] --START--
INFO: Run Behavior\BuildLiteBehavior [ RunTime:0.000015s ]
INFO: [ app_init ] --END-- [ RunTime:0.000124s ]
INFO: [ app_begin ] --START--
INFO: Run Behavior\ReadHtmlCacheBehavior [ RunTime:0.000047s ]
INFO: [ app_begin ] --END-- [ RunTime:0.000085s ]
NOTIC: [8192] mysql_connect(): The mysql extension is deprecated and will be removed in the future: use mysqli or PDO instead /var/www/html/share/Application/Ucenter/Client/uc_client/lib/db.class.php 第 41 行.
NOTIC: [8] Undefined offset: 3 /var/www/html/share/Application/Ucenter/Client/uc_client/control/user.php 第 29 行.
INFO: [ app_end ] --START--
INFO: Run Behavior\ShowPageTraceBehavior [ RunTime:0.000065s ]
INFO: [ app_end ] --END-- [ RunTime:0.000112s ]

[ 2014-09-06T23:40:14+08:00 ] 172.16.14.1 /share/index.php/home/index
INFO: [ app_init ] --START--
INFO: Run Behavior\BuildLiteBehavior [ RunTime:0.000015s ]
INFO: [ app_init ] --END-- [ RunTime:0.000120s ]
INFO: [ app_begin ] --START--
INFO: Run Behavior\ReadHtmlCacheBehavior [ RunTime:0.000078s ]
INFO: [ app_begin ] --END-- [ RunTime:0.000125s ]
NOTIC: [8192] mysql_connect(): The mysql extension is deprecated and will be removed in the future: use mysqli or PDO instead /var/www/html/share/Application/Ucenter/Client/uc_client/lib/db.class.php 第 41 行.
NOTIC: [8] Undefined offset: 3 /var/www/html/share/Application/Ucenter/Client/uc_client/control/user.php 第 29 行.
INFO: [ app_end ] --START--
INFO: Run Behavior\ShowPageTraceBehavior [ RunTime:0.000093s ]
INFO: [ app_end ] --END-- [ RunTime:0.000152s ]

[ 2014-09-06T23:49:16+08:00 ] 172.16.14.130 /share/index.php/home/api/index?code=9d5c%2B4b6YrbCVYISn2aIBEBPeNPCAZqtZ7ylvXWXpYMmDOHZMEXNknY4ww702yPtN%2Bmw%2BZW%2BySQ
INFO: [ app_init ] --START--
INFO: Run Behavior\BuildLiteBehavior [ RunTime:0.000033s ]
INFO: [ app_init ] --END-- [ RunTime:0.000165s ]
INFO: [ app_begin ] --START--
INFO: Run Behavior\ReadHtmlCacheBehavior [ RunTime:0.000070s ]
INFO: [ app_begin ] --END-- [ RunTime:0.000149s ]
NOTIC: [2048] Only variables should be passed by reference /var/www/html/share/Application/Ucenter/Api/Uc.class.php 第 50 行.

[ 2014-09-06T23:49:48+08:00 ] 172.16.14.130 /share/index.php/home/api/index?code=1c7cQJ%2BMN%2BPEdRz7KMkN0D1gQOhjs9i7s2MCKI5An7YPDRnVjIn%2FV0%2BTZs1%2F0WuM%2B%2BqIaIthB3qTgRND6GM&__times__=1
INFO: [ app_init ] --START--
INFO: Run Behavior\BuildLiteBehavior [ RunTime:0.000013s ]
INFO: [ app_init ] --END-- [ RunTime:0.000133s ]
INFO: [ app_begin ] --START--
INFO: Run Behavior\ReadHtmlCacheBehavior [ RunTime:0.000070s ]
INFO: [ app_begin ] --END-- [ RunTime:0.000107s ]
NOTIC: [2048] Only variables should be passed by reference /var/www/html/share/Application/Ucenter/Api/Uc.class.php 第 50 行.
NOTIC: [8] Undefined offset: 1 /var/www/html/share/Application/Ucenter/Common/XML.php 第 68 行.
NOTIC: [8] Undefined index: type /var/www/html/share/Application/Ucenter/Common/XML.php 第 68 行.
NOTIC: [8] Undefined index: name /var/www/html/share/Application/Ucenter/Common/XML.php 第 68 行.
NOTIC: [8] Undefined index: url /var/www/html/share/Application/Ucenter/Common/XML.php 第 68 行.
NOTIC: [8] Undefined index: ip /var/www/html/share/Application/Ucenter/Common/XML.php 第 68 行.
NOTIC: [8] Undefined index: viewprourl /var/www/html/share/Application/Ucenter/Common/XML.php 第 68 行.
NOTIC: [8] Undefined index: apifilename /var/www/html/share/Application/Ucenter/Common/XML.php 第 68 行.
NOTIC: [8] Undefined index: charset /var/www/html/share/Application/Ucenter/Common/XML.php 第 68 行.
NOTIC: [8] Undefined index: synlogin /var/www/html/share/Application/Ucenter/Common/XML.php 第 68 行.
NOTIC: [8] Undefined index: extra /var/www/html/share/Application/Ucenter/Common/XML.php 第 68 行.
NOTIC: [8] Undefined index: extraurl /var/www/html/share/Application/Ucenter/Common/XML.php 第 68 行.
NOTIC: [8] Undefined index: recvnote /var/www/html/share/Application/Ucenter/Common/XML.php 第 68 行.
NOTIC: [8] Undefined offset: 3 /var/www/html/share/Application/Ucenter/Common/XML.php 第 68 行.
NOTIC: [8] Undefined index: type /var/www/html/share/Application/Ucenter/Common/XML.php 第 68 行.
NOTIC: [8] Undefined index: name /var/www/html/share/Application/Ucenter/Common/XML.php 第 68 行.
NOTIC: [8] Undefined index: url /var/www/html/share/Application/Ucenter/Common/XML.php 第 68 行.
NOTIC: [8] Undefined index: ip /var/www/html/share/Application/Ucenter/Common/XML.php 第 68 行.
NOTIC: [8] Undefined index: viewprourl /var/www/html/share/Application/Ucenter/Common/XML.php 第 68 行.
NOTIC: [8] Undefined index: apifilename /var/www/html/share/Application/Ucenter/Common/XML.php 第 68 行.
NOTIC: [8] Undefined index: charset /var/www/html/share/Application/Ucenter/Common/XML.php 第 68 行.
NOTIC: [8] Undefined index: synlogin /var/www/html/share/Application/Ucenter/Common/XML.php 第 68 行.
NOTIC: [8] Undefined index: extra /var/www/html/share/Application/Ucenter/Common/XML.php 第 68 行.
NOTIC: [8] Undefined index: recvnote /var/www/html/share/Application/Ucenter/Common/XML.php 第 68 行.
NOTIC: [8] Undefined offset: 4 /var/www/html/share/Application/Ucenter/Common/XML.php 第 68 行.
NOTIC: [8] Undefined index: type /var/www/html/share/Application/Ucenter/Common/XML.php 第 68 行.
NOTIC: [8] Undefined index: name /var/www/html/share/Application/Ucenter/Common/XML.php 第 68 行.
NOTIC: [8] Undefined index: url /var/www/html/share/Application/Ucenter/Common/XML.php 第 68 行.
NOTIC: [8] Undefined index: ip /var/www/html/share/Application/Ucenter/Common/XML.php 第 68 行.
NOTIC: [8] Undefined index: viewprourl /var/www/html/share/Application/Ucenter/Common/XML.php 第 68 行.
NOTIC: [8] Undefined index: apifilename /var/www/html/share/Application/Ucenter/Common/XML.php 第 68 行.
NOTIC: [8] Undefined index: charset /var/www/html/share/Application/Ucenter/Common/XML.php 第 68 行.
NOTIC: [8] Undefined index: synlogin /var/www/html/share/Application/Ucenter/Common/XML.php 第 68 行.
NOTIC: [8] Undefined index: extra /var/www/html/share/Application/Ucenter/Common/XML.php 第 68 行.
NOTIC: [8] Undefined index: recvnote /var/www/html/share/Application/Ucenter/Common/XML.php 第 68 行.
NOTIC: [8] Undefined index: UC_API /var/www/html/share/Application/Ucenter/Common/XML.php 第 68 行.

[ 2014-09-06T23:49:48+08:00 ] 172.16.14.130 /share/index.php/home/api/index?code=d0b3EvmZON3eOaEMibqlZXY%2BehreywzPrC%2FvZsqP5Gqp3F0P7RrA4XX1HqcvGuRPW%2B2xFzdrZMi8yCZDvjo&__times__=1
INFO: [ app_init ] --START--
INFO: Run Behavior\BuildLiteBehavior [ RunTime:0.000010s ]
INFO: [ app_init ] --END-- [ RunTime:0.000151s ]
INFO: [ app_begin ] --START--
INFO: Run Behavior\ReadHtmlCacheBehavior [ RunTime:0.000026s ]
INFO: [ app_begin ] --END-- [ RunTime:0.000054s ]
NOTIC: [2048] Only variables should be passed by reference /var/www/html/share/Application/Ucenter/Api/Uc.class.php 第 50 行.
NOTIC: [8] Undefined offset: 1 /var/www/html/share/Application/Ucenter/Common/XML.php 第 68 行.
NOTIC: [8] Undefined index: type /var/www/html/share/Application/Ucenter/Common/XML.php 第 68 行.
NOTIC: [8] Undefined index: name /var/www/html/share/Application/Ucenter/Common/XML.php 第 68 行.
NOTIC: [8] Undefined index: url /var/www/html/share/Application/Ucenter/Common/XML.php 第 68 行.
NOTIC: [8] Undefined index: ip /var/www/html/share/Application/Ucenter/Common/XML.php 第 68 行.
NOTIC: [8] Undefined index: viewprourl /var/www/html/share/Application/Ucenter/Common/XML.php 第 68 行.
NOTIC: [8] Undefined index: apifilename /var/www/html/share/Application/Ucenter/Common/XML.php 第 68 行.
NOTIC: [8] Undefined index: charset /var/www/html/share/Application/Ucenter/Common/XML.php 第 68 行.
NOTIC: [8] Undefined index: synlogin /var/www/html/share/Application/Ucenter/Common/XML.php 第 68 行.
NOTIC: [8] Undefined index: extra /var/www/html/share/Application/Ucenter/Common/XML.php 第 68 行.
NOTIC: [8] Undefined index: extraurl /var/www/html/share/Application/Ucenter/Common/XML.php 第 68 行.
NOTIC: [8] Undefined index: recvnote /var/www/html/share/Application/Ucenter/Common/XML.php 第 68 行.
NOTIC: [8] Undefined offset: 3 /var/www/html/share/Application/Ucenter/Common/XML.php 第 68 行.
NOTIC: [8] Undefined index: type /var/www/html/share/Application/Ucenter/Common/XML.php 第 68 行.
NOTIC: [8] Undefined index: name /var/www/html/share/Application/Ucenter/Common/XML.php 第 68 行.
NOTIC: [8] Undefined index: url /var/www/html/share/Application/Ucenter/Common/XML.php 第 68 行.
NOTIC: [8] Undefined index: ip /var/www/html/share/Application/Ucenter/Common/XML.php 第 68 行.
NOTIC: [8] Undefined index: viewprourl /var/www/html/share/Application/Ucenter/Common/XML.php 第 68 行.
NOTIC: [8] Undefined index: apifilename /var/www/html/share/Application/Ucenter/Common/XML.php 第 68 行.
NOTIC: [8] Undefined index: charset /var/www/html/share/Application/Ucenter/Common/XML.php 第 68 行.
NOTIC: [8] Undefined index: synlogin /var/www/html/share/Application/Ucenter/Common/XML.php 第 68 行.
NOTIC: [8] Undefined index: extra /var/www/html/share/Application/Ucenter/Common/XML.php 第 68 行.
NOTIC: [8] Undefined index: recvnote /var/www/html/share/Application/Ucenter/Common/XML.php 第 68 行.
NOTIC: [8] Undefined offset: 4 /var/www/html/share/Application/Ucenter/Common/XML.php 第 68 行.
NOTIC: [8] Undefined index: type /var/www/html/share/Application/Ucenter/Common/XML.php 第 68 行.
NOTIC: [8] Undefined index: name /var/www/html/share/Application/Ucenter/Common/XML.php 第 68 行.
NOTIC: [8] Undefined index: url /var/www/html/share/Application/Ucenter/Common/XML.php 第 68 行.
NOTIC: [8] Undefined index: ip /var/www/html/share/Application/Ucenter/Common/XML.php 第 68 行.
NOTIC: [8] Undefined index: viewprourl /var/www/html/share/Application/Ucenter/Common/XML.php 第 68 行.
NOTIC: [8] Undefined index: apifilename /var/www/html/share/Application/Ucenter/Common/XML.php 第 68 行.
NOTIC: [8] Undefined index: charset /var/www/html/share/Application/Ucenter/Common/XML.php 第 68 行.
NOTIC: [8] Undefined index: synlogin /var/www/html/share/Application/Ucenter/Common/XML.php 第 68 行.
NOTIC: [8] Undefined index: extra /var/www/html/share/Application/Ucenter/Common/XML.php 第 68 行.
NOTIC: [8] Undefined index: recvnote /var/www/html/share/Application/Ucenter/Common/XML.php 第 68 行.
NOTIC: [8] Undefined index: UC_API /var/www/html/share/Application/Ucenter/Common/XML.php 第 68 行.

[ 2014-09-06T23:49:50+08:00 ] 172.16.14.130 /share/index.php/home/api/index?code=2908wZSWENOBjIwGJ24kc0hEvpzbiK9kgMwYZhpYav%2FuvTxHD9zwgq5sggNlHmxewwZ73%2FbaMR8UymLwDqw&__times__=1
INFO: [ app_init ] --START--
INFO: Run Behavior\BuildLiteBehavior [ RunTime:0.000009s ]
INFO: [ app_init ] --END-- [ RunTime:0.000084s ]
INFO: [ app_begin ] --START--
INFO: Run Behavior\ReadHtmlCacheBehavior [ RunTime:0.000023s ]
INFO: [ app_begin ] --END-- [ RunTime:0.000048s ]
NOTIC: [2048] Only variables should be passed by reference /var/www/html/share/Application/Ucenter/Api/Uc.class.php 第 50 行.
NOTIC: [8] Undefined offset: 1 /var/www/html/share/Application/Ucenter/Common/XML.php 第 68 行.
NOTIC: [8] Undefined index: type /var/www/html/share/Application/Ucenter/Common/XML.php 第 68 行.
NOTIC: [8] Undefined index: name /var/www/html/share/Application/Ucenter/Common/XML.php 第 68 行.
NOTIC: [8] Undefined index: url /var/www/html/share/Application/Ucenter/Common/XML.php 第 68 行.
NOTIC: [8] Undefined index: ip /var/www/html/share/Application/Ucenter/Common/XML.php 第 68 行.
NOTIC: [8] Undefined index: viewprourl /var/www/html/share/Application/Ucenter/Common/XML.php 第 68 行.
NOTIC: [8] Undefined index: apifilename /var/www/html/share/Application/Ucenter/Common/XML.php 第 68 行.
NOTIC: [8] Undefined index: charset /var/www/html/share/Application/Ucenter/Common/XML.php 第 68 行.
NOTIC: [8] Undefined index: synlogin /var/www/html/share/Application/Ucenter/Common/XML.php 第 68 行.
NOTIC: [8] Undefined index: extra /var/www/html/share/Application/Ucenter/Common/XML.php 第 68 行.
NOTIC: [8] Undefined index: extraurl /var/www/html/share/Application/Ucenter/Common/XML.php 第 68 行.
NOTIC: [8] Undefined index: recvnote /var/www/html/share/Application/Ucenter/Common/XML.php 第 68 行.
NOTIC: [8] Undefined offset: 3 /var/www/html/share/Application/Ucenter/Common/XML.php 第 68 行.
NOTIC: [8] Undefined index: type /var/www/html/share/Application/Ucenter/Common/XML.php 第 68 行.
NOTIC: [8] Undefined index: name /var/www/html/share/Application/Ucenter/Common/XML.php 第 68 行.
NOTIC: [8] Undefined index: url /var/www/html/share/Application/Ucenter/Common/XML.php 第 68 行.
NOTIC: [8] Undefined index: ip /var/www/html/share/Application/Ucenter/Common/XML.php 第 68 行.
NOTIC: [8] Undefined index: viewprourl /var/www/html/share/Application/Ucenter/Common/XML.php 第 68 行.
NOTIC: [8] Undefined index: apifilename /var/www/html/share/Application/Ucenter/Common/XML.php 第 68 行.
NOTIC: [8] Undefined index: charset /var/www/html/share/Application/Ucenter/Common/XML.php 第 68 行.
NOTIC: [8] Undefined index: synlogin /var/www/html/share/Application/Ucenter/Common/XML.php 第 68 行.
NOTIC: [8] Undefined index: extra /var/www/html/share/Application/Ucenter/Common/XML.php 第 68 行.
NOTIC: [8] Undefined index: recvnote /var/www/html/share/Application/Ucenter/Common/XML.php 第 68 行.
NOTIC: [8] Undefined offset: 4 /var/www/html/share/Application/Ucenter/Common/XML.php 第 68 行.
NOTIC: [8] Undefined index: type /var/www/html/share/Application/Ucenter/Common/XML.php 第 68 行.
NOTIC: [8] Undefined index: name /var/www/html/share/Application/Ucenter/Common/XML.php 第 68 行.
NOTIC: [8] Undefined index: url /var/www/html/share/Application/Ucenter/Common/XML.php 第 68 行.
NOTIC: [8] Undefined index: ip /var/www/html/share/Application/Ucenter/Common/XML.php 第 68 行.
NOTIC: [8] Undefined index: viewprourl /var/www/html/share/Application/Ucenter/Common/XML.php 第 68 行.
NOTIC: [8] Undefined index: apifilename /var/www/html/share/Application/Ucenter/Common/XML.php 第 68 行.
NOTIC: [8] Undefined index: charset /var/www/html/share/Application/Ucenter/Common/XML.php 第 68 行.
NOTIC: [8] Undefined index: synlogin /var/www/html/share/Application/Ucenter/Common/XML.php 第 68 行.
NOTIC: [8] Undefined index: extra /var/www/html/share/Application/Ucenter/Common/XML.php 第 68 行.
NOTIC: [8] Undefined index: recvnote /var/www/html/share/Application/Ucenter/Common/XML.php 第 68 行.
NOTIC: [8] Undefined index: UC_API /var/www/html/share/Application/Ucenter/Common/XML.php 第 68 行.

[ 2014-09-06T23:49:50+08:00 ] 172.16.14.130 /share/index.php/home/api/index?code=f190kQ3E1gsCasXnpAncZX%2BMrk1p29mORKzUPBUtRur4xy5n5YndPKkOVOULSR4mQTIqvFVOrK4
INFO: [ app_init ] --START--
INFO: Run Behavior\BuildLiteBehavior [ RunTime:0.000036s ]
INFO: [ app_init ] --END-- [ RunTime:0.000095s ]
INFO: [ app_begin ] --START--
INFO: Run Behavior\ReadHtmlCacheBehavior [ RunTime:0.000053s ]
INFO: [ app_begin ] --END-- [ RunTime:0.000098s ]
NOTIC: [2048] Only variables should be passed by reference /var/www/html/share/Application/Ucenter/Api/Uc.class.php 第 50 行.

[ 2014-09-06T23:50:04+08:00 ] 172.16.14.1 /share/index.php/home/api/index?time=1410018604&code=b842NOlf6D5nFvXE9nF8CwmwiL%2BGYITuVh6EjwYkWItLV5SMIfgVBO%2BrjB8iHLjr2WH1hBxaU2VXWqIqI1gybhheDBjwEuUGIB3ox8Dufl2QPquwmNrf8e%2FzrhJiEY3NqhqoBZC3ykddzL03vfQCZFhv75PSDsSD08n1vvOGuh29
INFO: [ app_init ] --START--
INFO: Run Behavior\BuildLiteBehavior [ RunTime:0.000017s ]
INFO: [ app_init ] --END-- [ RunTime:0.000152s ]
INFO: [ app_begin ] --START--
INFO: Run Behavior\ReadHtmlCacheBehavior [ RunTime:0.000157s ]
INFO: [ app_begin ] --END-- [ RunTime:0.000213s ]
NOTIC: [2048] Only variables should be passed by reference /var/www/html/share/Application/Ucenter/Api/Uc.class.php 第 50 行.
NOTIC: [8192] mysql_connect(): The mysql extension is deprecated and will be removed in the future: use mysqli or PDO instead /var/www/html/share/ThinkPHP/Library/Think/Db/Driver/Mysql.class.php 第 52 行.
ERR: Unknown database 'thinkphp'

[ 2014-09-06T23:51:01+08:00 ] 172.16.14.1 /share/index.php/home/api/index?time=1410018604&code=b842NOlf6D5nFvXE9nF8CwmwiL%2BGYITuVh6EjwYkWItLV5SMIfgVBO%2BrjB8iHLjr2WH1hBxaU2VXWqIqI1gybhheDBjwEuUGIB3ox8Dufl2QPquwmNrf8e%2FzrhJiEY3NqhqoBZC3ykddzL03vfQCZFhv75PSDsSD08n1vvOGuh29
INFO: [ app_init ] --START--
INFO: Run Behavior\BuildLiteBehavior [ RunTime:0.000015s ]
INFO: [ app_init ] --END-- [ RunTime:0.000128s ]
INFO: [ app_begin ] --START--
INFO: Run Behavior\ReadHtmlCacheBehavior [ RunTime:0.000054s ]
INFO: [ app_begin ] --END-- [ RunTime:0.000096s ]
NOTIC: [2048] Only variables should be passed by reference /var/www/html/share/Application/Ucenter/Api/Uc.class.php 第 50 行.
NOTIC: [8192] mysql_connect(): The mysql extension is deprecated and will be removed in the future: use mysqli or PDO instead /var/www/html/share/ThinkPHP/Library/Think/Db/Driver/Mysql.class.php 第 52 行.
ERR: Unknown database 'thinkphp'

[ 2014-09-06T23:51:40+08:00 ] 172.16.14.1 /share/index.php/home/api/index?time=1410018604&code=b842NOlf6D5nFvXE9nF8CwmwiL%2BGYITuVh6EjwYkWItLV5SMIfgVBO%2BrjB8iHLjr2WH1hBxaU2VXWqIqI1gybhheDBjwEuUGIB3ox8Dufl2QPquwmNrf8e%2FzrhJiEY3NqhqoBZC3ykddzL03vfQCZFhv75PSDsSD08n1vvOGuh29
INFO: [ app_init ] --START--
INFO: Run Behavior\BuildLiteBehavior [ RunTime:0.000014s ]
INFO: [ app_init ] --END-- [ RunTime:0.000139s ]
INFO: [ app_begin ] --START--
INFO: Run Behavior\ReadHtmlCacheBehavior [ RunTime:0.000107s ]
INFO: [ app_begin ] --END-- [ RunTime:0.000154s ]
NOTIC: [2048] Only variables should be passed by reference /var/www/html/share/Application/Ucenter/Api/Uc.class.php 第 50 行.
NOTIC: [8192] mysql_connect(): The mysql extension is deprecated and will be removed in the future: use mysqli or PDO instead /var/www/html/share/ThinkPHP/Library/Think/Db/Driver/Mysql.class.php 第 52 行.
SQL: SHOW COLUMNS FROM `think_userinfo` [ RunTime:0.054341s ]
NOTIC: [8] Undefined variable: get /var/www/html/share/Application/Ucenter/Api/Uc.class.php 第 86 行.

[ 2014-09-06T23:52:28+08:00 ] 172.16.14.1 /share/index.php/home/api/index?time=1410018604&code=b842NOlf6D5nFvXE9nF8CwmwiL%2BGYITuVh6EjwYkWItLV5SMIfgVBO%2BrjB8iHLjr2WH1hBxaU2VXWqIqI1gybhheDBjwEuUGIB3ox8Dufl2QPquwmNrf8e%2FzrhJiEY3NqhqoBZC3ykddzL03vfQCZFhv75PSDsSD08n1vvOGuh29
INFO: [ app_init ] --START--
INFO: Run Behavior\BuildLiteBehavior [ RunTime:0.000010s ]
INFO: [ app_init ] --END-- [ RunTime:0.000166s ]
INFO: [ app_begin ] --START--
INFO: Run Behavior\ReadHtmlCacheBehavior [ RunTime:0.000050s ]
INFO: [ app_begin ] --END-- [ RunTime:0.000077s ]
NOTIC: [2048] Only variables should be passed by reference /var/www/html/share/Application/Ucenter/Api/Uc.class.php 第 50 行.
NOTIC: [8192] mysql_connect(): The mysql extension is deprecated and will be removed in the future: use mysqli or PDO instead /var/www/html/share/ThinkPHP/Library/Think/Db/Driver/Mysql.class.php 第 52 行.
SQL: SHOW COLUMNS FROM `think_userinfo` [ RunTime:0.001423s ]
NOTIC: [8] Undefined variable: get /var/www/html/share/Application/Ucenter/Api/Uc.class.php 第 86 行.

[ 2014-09-06T23:53:17+08:00 ] 172.16.14.1 /share/index.php/home/api/index?time=1410018604&code=b842NOlf6D5nFvXE9nF8CwmwiL%2BGYITuVh6EjwYkWItLV5SMIfgVBO%2BrjB8iHLjr2WH1hBxaU2VXWqIqI1gybhheDBjwEuUGIB3ox8Dufl2QPquwmNrf8e%2FzrhJiEY3NqhqoBZC3ykddzL03vfQCZFhv75PSDsSD08n1vvOGuh29
INFO: [ app_init ] --START--
INFO: Run Behavior\BuildLiteBehavior [ RunTime:0.000014s ]
INFO: [ app_init ] --END-- [ RunTime:0.000172s ]
INFO: [ app_begin ] --START--
INFO: Run Behavior\ReadHtmlCacheBehavior [ RunTime:0.000066s ]
INFO: [ app_begin ] --END-- [ RunTime:0.000110s ]
NOTIC: [2048] Only variables should be passed by reference /var/www/html/share/Application/Ucenter/Api/Uc.class.php 第 50 行.
NOTIC: [8192] mysql_connect(): The mysql extension is deprecated and will be removed in the future: use mysqli or PDO instead /var/www/html/share/ThinkPHP/Library/Think/Db/Driver/Mysql.class.php 第 52 行.
SQL: SHOW COLUMNS FROM `think_userinfo` [ RunTime:0.000800s ]
NOTIC: [8] Undefined variable: get /var/www/html/share/Application/Ucenter/Api/Uc.class.php 第 86 行.

[ 2014-09-06T23:55:18+08:00 ] 172.16.14.1 /share/index.php/home/api/index?time=1410018604&code=b842NOlf6D5nFvXE9nF8CwmwiL%2BGYITuVh6EjwYkWItLV5SMIfgVBO%2BrjB8iHLjr2WH1hBxaU2VXWqIqI1gybhheDBjwEuUGIB3ox8Dufl2QPquwmNrf8e%2FzrhJiEY3NqhqoBZC3ykddzL03vfQCZFhv75PSDsSD08n1vvOGuh29
INFO: [ app_init ] --START--
INFO: Run Behavior\BuildLiteBehavior [ RunTime:0.000017s ]
INFO: [ app_init ] --END-- [ RunTime:0.000133s ]
INFO: [ app_begin ] --START--
INFO: Run Behavior\ReadHtmlCacheBehavior [ RunTime:0.000068s ]
INFO: [ app_begin ] --END-- [ RunTime:0.000110s ]
NOTIC: [2048] Only variables should be passed by reference /var/www/html/share/Application/Ucenter/Api/Uc.class.php 第 50 行.
NOTIC: [8192] mysql_connect(): The mysql extension is deprecated and will be removed in the future: use mysqli or PDO instead /var/www/html/share/ThinkPHP/Library/Think/Db/Driver/Mysql.class.php 第 52 行.
SQL: SHOW COLUMNS FROM `think_userinfo` [ RunTime:0.001389s ]
NOTIC: [8] Undefined variable: get /var/www/html/share/Application/Ucenter/Api/Uc.class.php 第 86 行.
NOTIC: [8] Undefined variable: username /var/www/html/share/Application/Ucenter/Api/Uc.class.php 第 105 行.

[ 2014-09-06T23:55:55+08:00 ] 172.16.14.1 /share/index.php/home/api/index?time=1410018604&code=b842NOlf6D5nFvXE9nF8CwmwiL%2BGYITuVh6EjwYkWItLV5SMIfgVBO%2BrjB8iHLjr2WH1hBxaU2VXWqIqI1gybhheDBjwEuUGIB3ox8Dufl2QPquwmNrf8e%2FzrhJiEY3NqhqoBZC3ykddzL03vfQCZFhv75PSDsSD08n1vvOGuh29
INFO: [ app_init ] --START--
INFO: Run Behavior\BuildLiteBehavior [ RunTime:0.000010s ]
INFO: [ app_init ] --END-- [ RunTime:0.000084s ]
INFO: [ app_begin ] --START--
INFO: Run Behavior\ReadHtmlCacheBehavior [ RunTime:0.000038s ]
INFO: [ app_begin ] --END-- [ RunTime:0.000064s ]
NOTIC: [2048] Only variables should be passed by reference /var/www/html/share/Application/Ucenter/Api/Uc.class.php 第 50 行.
NOTIC: [8192] mysql_connect(): The mysql extension is deprecated and will be removed in the future: use mysqli or PDO instead /var/www/html/share/ThinkPHP/Library/Think/Db/Driver/Mysql.class.php 第 52 行.
SQL: SHOW COLUMNS FROM `think_userinfo` [ RunTime:0.001035s ]
NOTIC: [8] Undefined variable: get /var/www/html/share/Application/Ucenter/Api/Uc.class.php 第 86 行.
NOTIC: [8] Undefined variable: username /var/www/html/share/Application/Ucenter/Api/Uc.class.php 第 105 行.

[ 2014-09-06T23:55:56+08:00 ] 172.16.14.1 /share/index.php/home/api/index?time=1410018604&code=b842NOlf6D5nFvXE9nF8CwmwiL%2BGYITuVh6EjwYkWItLV5SMIfgVBO%2BrjB8iHLjr2WH1hBxaU2VXWqIqI1gybhheDBjwEuUGIB3ox8Dufl2QPquwmNrf8e%2FzrhJiEY3NqhqoBZC3ykddzL03vfQCZFhv75PSDsSD08n1vvOGuh29
INFO: [ app_init ] --START--
INFO: Run Behavior\BuildLiteBehavior [ RunTime:0.000016s ]
INFO: [ app_init ] --END-- [ RunTime:0.000105s ]
INFO: [ app_begin ] --START--
INFO: Run Behavior\ReadHtmlCacheBehavior [ RunTime:0.000048s ]
INFO: [ app_begin ] --END-- [ RunTime:0.000094s ]
NOTIC: [2048] Only variables should be passed by reference /var/www/html/share/Application/Ucenter/Api/Uc.class.php 第 50 行.
NOTIC: [8192] mysql_connect(): The mysql extension is deprecated and will be removed in the future: use mysqli or PDO instead /var/www/html/share/ThinkPHP/Library/Think/Db/Driver/Mysql.class.php 第 52 行.
SQL: SHOW COLUMNS FROM `think_userinfo` [ RunTime:0.000810s ]
NOTIC: [8] Undefined variable: get /var/www/html/share/Application/Ucenter/Api/Uc.class.php 第 86 行.
NOTIC: [8] Undefined variable: username /var/www/html/share/Application/Ucenter/Api/Uc.class.php 第 105 行.

[ 2014-09-06T23:55:57+08:00 ] 172.16.14.1 /share/index.php/home/api/index?time=1410018604&code=b842NOlf6D5nFvXE9nF8CwmwiL%2BGYITuVh6EjwYkWItLV5SMIfgVBO%2BrjB8iHLjr2WH1hBxaU2VXWqIqI1gybhheDBjwEuUGIB3ox8Dufl2QPquwmNrf8e%2FzrhJiEY3NqhqoBZC3ykddzL03vfQCZFhv75PSDsSD08n1vvOGuh29
INFO: [ app_init ] --START--
INFO: Run Behavior\BuildLiteBehavior [ RunTime:0.000015s ]
INFO: [ app_init ] --END-- [ RunTime:0.000098s ]
INFO: [ app_begin ] --START--
INFO: Run Behavior\ReadHtmlCacheBehavior [ RunTime:0.000030s ]
INFO: [ app_begin ] --END-- [ RunTime:0.000058s ]
NOTIC: [2048] Only variables should be passed by reference /var/www/html/share/Application/Ucenter/Api/Uc.class.php 第 50 行.
NOTIC: [8192] mysql_connect(): The mysql extension is deprecated and will be removed in the future: use mysqli or PDO instead /var/www/html/share/ThinkPHP/Library/Think/Db/Driver/Mysql.class.php 第 52 行.
SQL: SHOW COLUMNS FROM `think_userinfo` [ RunTime:0.000652s ]
NOTIC: [8] Undefined variable: get /var/www/html/share/Application/Ucenter/Api/Uc.class.php 第 86 行.
NOTIC: [8] Undefined variable: username /var/www/html/share/Application/Ucenter/Api/Uc.class.php 第 105 行.

[ 2014-09-06T23:55:58+08:00 ] 172.16.14.1 /share/index.php/home/api/index?time=1410018604&code=b842NOlf6D5nFvXE9nF8CwmwiL%2BGYITuVh6EjwYkWItLV5SMIfgVBO%2BrjB8iHLjr2WH1hBxaU2VXWqIqI1gybhheDBjwEuUGIB3ox8Dufl2QPquwmNrf8e%2FzrhJiEY3NqhqoBZC3ykddzL03vfQCZFhv75PSDsSD08n1vvOGuh29
INFO: [ app_init ] --START--
INFO: Run Behavior\BuildLiteBehavior [ RunTime:0.000014s ]
INFO: [ app_init ] --END-- [ RunTime:0.000120s ]
INFO: [ app_begin ] --START--
INFO: Run Behavior\ReadHtmlCacheBehavior [ RunTime:0.000038s ]
INFO: [ app_begin ] --END-- [ RunTime:0.000066s ]
NOTIC: [2048] Only variables should be passed by reference /var/www/html/share/Application/Ucenter/Api/Uc.class.php 第 50 行.
NOTIC: [8192] mysql_connect(): The mysql extension is deprecated and will be removed in the future: use mysqli or PDO instead /var/www/html/share/ThinkPHP/Library/Think/Db/Driver/Mysql.class.php 第 52 行.
SQL: SHOW COLUMNS FROM `think_userinfo` [ RunTime:0.001066s ]
NOTIC: [8] Undefined variable: get /var/www/html/share/Application/Ucenter/Api/Uc.class.php 第 86 行.
NOTIC: [8] Undefined variable: username /var/www/html/share/Application/Ucenter/Api/Uc.class.php 第 105 行.

[ 2014-09-06T23:56:04+08:00 ] 172.16.14.1 /share/index.php/home/api/index?time=1410018604&code=b842NOlf6D5nFvXE9nF8CwmwiL%2BGYITuVh6EjwYkWItLV5SMIfgVBO%2BrjB8iHLjr2WH1hBxaU2VXWqIqI1gybhheDBjwEuUGIB3ox8Dufl2QPquwmNrf8e%2FzrhJiEY3NqhqoBZC3ykddzL03vfQCZFhv75PSDsSD08n1vvOGuh29
INFO: [ app_init ] --START--
INFO: Run Behavior\BuildLiteBehavior [ RunTime:0.000012s ]
INFO: [ app_init ] --END-- [ RunTime:0.000086s ]
INFO: [ app_begin ] --START--
INFO: Run Behavior\ReadHtmlCacheBehavior [ RunTime:0.000038s ]
INFO: [ app_begin ] --END-- [ RunTime:0.000063s ]
NOTIC: [2048] Only variables should be passed by reference /var/www/html/share/Application/Ucenter/Api/Uc.class.php 第 50 行.
NOTIC: [8192] mysql_connect(): The mysql extension is deprecated and will be removed in the future: use mysqli or PDO instead /var/www/html/share/ThinkPHP/Library/Think/Db/Driver/Mysql.class.php 第 52 行.
SQL: SHOW COLUMNS FROM `think_userinfo` [ RunTime:0.000587s ]
NOTIC: [8] Undefined variable: get /var/www/html/share/Application/Ucenter/Api/Uc.class.php 第 86 行.
NOTIC: [8] Undefined variable: username /var/www/html/share/Application/Ucenter/Api/Uc.class.php 第 105 行.

[ 2014-09-06T23:56:29+08:00 ] 172.16.14.1 /share/index.php/home/api/index?time=1410018604&code=b842NOlf6D5nFvXE9nF8CwmwiL%2BGYITuVh6EjwYkWItLV5SMIfgVBO%2BrjB8iHLjr2WH1hBxaU2VXWqIqI1gybhheDBjwEuUGIB3ox8Dufl2QPquwmNrf8e%2FzrhJiEY3NqhqoBZC3ykddzL03vfQCZFhv75PSDsSD08n1vvOGuh29
INFO: [ app_init ] --START--
INFO: Run Behavior\BuildLiteBehavior [ RunTime:0.000023s ]
INFO: [ app_init ] --END-- [ RunTime:0.000195s ]
INFO: [ app_begin ] --START--
INFO: Run Behavior\ReadHtmlCacheBehavior [ RunTime:0.000163s ]
INFO: [ app_begin ] --END-- [ RunTime:0.000225s ]
NOTIC: [2048] Only variables should be passed by reference /var/www/html/share/Application/Ucenter/Api/Uc.class.php 第 50 行.
NOTIC: [8192] mysql_connect(): The mysql extension is deprecated and will be removed in the future: use mysqli or PDO instead /var/www/html/share/ThinkPHP/Library/Think/Db/Driver/Mysql.class.php 第 52 行.
SQL: SHOW COLUMNS FROM `think_userinfo` [ RunTime:0.000634s ]
NOTIC: [8] Undefined variable: get /var/www/html/share/Application/Ucenter/Api/Uc.class.php 第 86 行.
NOTIC: [8] Undefined variable: get /var/www/html/share/Application/Ucenter/Api/Uc.class.php 第 87 行.
NOTIC: [8] Undefined variable: username /var/www/html/share/Application/Ucenter/Api/Uc.class.php 第 107 行.

[ 2014-09-06T23:57:15+08:00 ] 172.16.14.1 /share/index.php/home/api/index?time=1410018604&code=b842NOlf6D5nFvXE9nF8CwmwiL%2BGYITuVh6EjwYkWItLV5SMIfgVBO%2BrjB8iHLjr2WH1hBxaU2VXWqIqI1gybhheDBjwEuUGIB3ox8Dufl2QPquwmNrf8e%2FzrhJiEY3NqhqoBZC3ykddzL03vfQCZFhv75PSDsSD08n1vvOGuh29
INFO: [ app_init ] --START--
INFO: Run Behavior\BuildLiteBehavior [ RunTime:0.000011s ]
INFO: [ app_init ] --END-- [ RunTime:0.000087s ]
INFO: [ app_begin ] --START--
INFO: Run Behavior\ReadHtmlCacheBehavior [ RunTime:0.000038s ]
INFO: [ app_begin ] --END-- [ RunTime:0.000065s ]
NOTIC: [2048] Only variables should be passed by reference /var/www/html/share/Application/Ucenter/Api/Uc.class.php 第 50 行.
NOTIC: [8192] mysql_connect(): The mysql extension is deprecated and will be removed in the future: use mysqli or PDO instead /var/www/html/share/ThinkPHP/Library/Think/Db/Driver/Mysql.class.php 第 52 行.
SQL: SHOW COLUMNS FROM `think_userinfo` [ RunTime:0.001182s ]
NOTIC: [8] Undefined variable: username /var/www/html/share/Application/Ucenter/Api/Uc.class.php 第 107 行.

[ 2014-09-06T23:58:21+08:00 ] 172.16.14.1 /share/index.php/home/api/index?time=1410018604&code=b842NOlf6D5nFvXE9nF8CwmwiL%2BGYITuVh6EjwYkWItLV5SMIfgVBO%2BrjB8iHLjr2WH1hBxaU2VXWqIqI1gybhheDBjwEuUGIB3ox8Dufl2QPquwmNrf8e%2FzrhJiEY3NqhqoBZC3ykddzL03vfQCZFhv75PSDsSD08n1vvOGuh29
INFO: [ app_init ] --START--
INFO: Run Behavior\BuildLiteBehavior [ RunTime:0.000013s ]
INFO: [ app_init ] --END-- [ RunTime:0.000111s ]
INFO: [ app_begin ] --START--
INFO: Run Behavior\ReadHtmlCacheBehavior [ RunTime:0.000052s ]
INFO: [ app_begin ] --END-- [ RunTime:0.000083s ]
NOTIC: [2048] Only variables should be passed by reference /var/www/html/share/Application/Ucenter/Api/Uc.class.php 第 50 行.
NOTIC: [8192] mysql_connect(): The mysql extension is deprecated and will be removed in the future: use mysqli or PDO instead /var/www/html/share/ThinkPHP/Library/Think/Db/Driver/Mysql.class.php 第 52 行.
SQL: SHOW COLUMNS FROM `think_userinfo` [ RunTime:0.000798s ]
NOTIC: [2] Cannot modify header information - headers already sent by (output started at /var/www/html/share/ThinkPHP/Common/functions.php:781) /var/www/html/share/Application/Ucenter/Api/Uc.class.php 第 107 行.
NOTIC: [8] Undefined variable: username /var/www/html/share/Application/Ucenter/Api/Uc.class.php 第 108 行.
NOTIC: [2] Cannot modify header information - headers already sent by (output started at /var/www/html/share/ThinkPHP/Common/functions.php:781) /var/www/html/share/Application/Ucenter/Api/Uc.class.php 第 108 行.

[ 2014-09-06T23:59:18+08:00 ] 172.16.14.1 /share/index.php/home/api/index?time=1410018604&code=b842NOlf6D5nFvXE9nF8CwmwiL%2BGYITuVh6EjwYkWItLV5SMIfgVBO%2BrjB8iHLjr2WH1hBxaU2VXWqIqI1gybhheDBjwEuUGIB3ox8Dufl2QPquwmNrf8e%2FzrhJiEY3NqhqoBZC3ykddzL03vfQCZFhv75PSDsSD08n1vvOGuh29
INFO: [ app_init ] --START--
INFO: Run Behavior\BuildLiteBehavior [ RunTime:0.000013s ]
INFO: [ app_init ] --END-- [ RunTime:0.000106s ]
INFO: [ app_begin ] --START--
INFO: Run Behavior\ReadHtmlCacheBehavior [ RunTime:0.000085s ]
INFO: [ app_begin ] --END-- [ RunTime:0.000117s ]
NOTIC: [2048] Only variables should be passed by reference /var/www/html/share/Application/Ucenter/Api/Uc.class.php 第 50 行.
NOTIC: [8192] mysql_connect(): The mysql extension is deprecated and will be removed in the future: use mysqli or PDO instead /var/www/html/share/ThinkPHP/Library/Think/Db/Driver/Mysql.class.php 第 52 行.
SQL: SHOW COLUMNS FROM `think_userinfo` [ RunTime:0.000878s ]
NOTIC: [8] Undefined variable: username /var/www/html/share/Application/Ucenter/Api/Uc.class.php 第 110 行.

[ 2014-09-06T23:59:46+08:00 ] 172.16.14.1 /share/index.php/home/api/index?time=1410018604&code=b842NOlf6D5nFvXE9nF8CwmwiL%2BGYITuVh6EjwYkWItLV5SMIfgVBO%2BrjB8iHLjr2WH1hBxaU2VXWqIqI1gybhheDBjwEuUGIB3ox8Dufl2QPquwmNrf8e%2FzrhJiEY3NqhqoBZC3ykddzL03vfQCZFhv75PSDsSD08n1vvOGuh29
INFO: [ app_init ] --START--
INFO: Run Behavior\BuildLiteBehavior [ RunTime:0.000096s ]
INFO: [ app_init ] --END-- [ RunTime:0.000203s ]
INFO: [ app_begin ] --START--
INFO: Run Behavior\ReadHtmlCacheBehavior [ RunTime:0.000087s ]
INFO: [ app_begin ] --END-- [ RunTime:0.000134s ]
NOTIC: [2048] Only variables should be passed by reference /var/www/html/share/Application/Ucenter/Api/Uc.class.php 第 50 行.
NOTIC: [8192] mysql_connect(): The mysql extension is deprecated and will be removed in the future: use mysqli or PDO instead /var/www/html/share/ThinkPHP/Library/Think/Db/Driver/Mysql.class.php 第 52 行.
SQL: SHOW COLUMNS FROM `think_userinfo` [ RunTime:0.000568s ]
SQL: SELECT * FROM `think_userinfo` WHERE `id` = 1 LIMIT 1   [ RunTime:0.036912s ]
NOTIC: [8192] mysql_connect(): The mysql extension is deprecated and will be removed in the future: use mysqli or PDO instead /var/www/html/share/Application/Ucenter/Client/uc_client/lib/db.class.php 第 41 行.
NOTIC: [8] Undefined offset: 3 /var/www/html/share/Application/Ucenter/Client/uc_client/control/user.php 第 29 行.
NOTIC: [8] Undefined offset: 2 /var/www/html/share/Application/Ucenter/Api/Uc.class.php 第 99 行.
NOTIC: [8] Undefined offset: 1 /var/www/html/share/Application/Ucenter/Api/Uc.class.php 第 99 行.
NOTIC: [8] Undefined offset: 0 /var/www/html/share/Application/Ucenter/Api/Uc.class.php 第 99 行.
SQL: INSERT INTO `think_userinfo` (`userid`,`username`) VALUES (1,null) [ RunTime:0.000146s ]
ERR: 0:Column 'username' cannot be null
 [ SQL语句 ] : INSERT INTO `think_userinfo` (`userid`,`username`) VALUES (1,null)

[ 2014-09-06T23:59:51+08:00 ] 172.16.14.1 /share/index.php/home/api/index?time=1410018604&code=b842NOlf6D5nFvXE9nF8CwmwiL%2BGYITuVh6EjwYkWItLV5SMIfgVBO%2BrjB8iHLjr2WH1hBxaU2VXWqIqI1gybhheDBjwEuUGIB3ox8Dufl2QPquwmNrf8e%2FzrhJiEY3NqhqoBZC3ykddzL03vfQCZFhv75PSDsSD08n1vvOGuh29
INFO: [ app_init ] --START--
INFO: Run Behavior\BuildLiteBehavior [ RunTime:0.000018s ]
INFO: [ app_init ] --END-- [ RunTime:0.000121s ]
INFO: [ app_begin ] --START--
INFO: Run Behavior\ReadHtmlCacheBehavior [ RunTime:0.000054s ]
INFO: [ app_begin ] --END-- [ RunTime:0.000085s ]
NOTIC: [2048] Only variables should be passed by reference /var/www/html/share/Application/Ucenter/Api/Uc.class.php 第 50 行.
NOTIC: [8192] mysql_connect(): The mysql extension is deprecated and will be removed in the future: use mysqli or PDO instead /var/www/html/share/ThinkPHP/Library/Think/Db/Driver/Mysql.class.php 第 52 行.
SQL: SHOW COLUMNS FROM `think_userinfo` [ RunTime:0.000646s ]
SQL: SELECT * FROM `think_userinfo` WHERE `id` = 1 LIMIT 1   [ RunTime:0.000057s ]
NOTIC: [8192] mysql_connect(): The mysql extension is deprecated and will be removed in the future: use mysqli or PDO instead /var/www/html/share/Application/Ucenter/Client/uc_client/lib/db.class.php 第 41 行.
NOTIC: [8] Undefined offset: 3 /var/www/html/share/Application/Ucenter/Client/uc_client/control/user.php 第 29 行.
NOTIC: [8] Undefined offset: 2 /var/www/html/share/Application/Ucenter/Api/Uc.class.php 第 99 行.
NOTIC: [8] Undefined offset: 1 /var/www/html/share/Application/Ucenter/Api/Uc.class.php 第 99 行.
NOTIC: [8] Undefined offset: 0 /var/www/html/share/Application/Ucenter/Api/Uc.class.php 第 99 行.
SQL: INSERT INTO `think_userinfo` (`userid`,`username`) VALUES (1,null) [ RunTime:0.000090s ]
ERR: 0:Column 'username' cannot be null
 [ SQL语句 ] : INSERT INTO `think_userinfo` (`userid`,`username`) VALUES (1,null)

[ 2014-09-06T23:59:53+08:00 ] 172.16.14.1 /share/index.php/home/api/index?time=1410018604&code=b842NOlf6D5nFvXE9nF8CwmwiL%2BGYITuVh6EjwYkWItLV5SMIfgVBO%2BrjB8iHLjr2WH1hBxaU2VXWqIqI1gybhheDBjwEuUGIB3ox8Dufl2QPquwmNrf8e%2FzrhJiEY3NqhqoBZC3ykddzL03vfQCZFhv75PSDsSD08n1vvOGuh29
INFO: [ app_init ] --START--
INFO: Run Behavior\BuildLiteBehavior [ RunTime:0.000015s ]
INFO: [ app_init ] --END-- [ RunTime:0.000103s ]
INFO: [ app_begin ] --START--
INFO: Run Behavior\ReadHtmlCacheBehavior [ RunTime:0.000028s ]
INFO: [ app_begin ] --END-- [ RunTime:0.000054s ]
NOTIC: [2048] Only variables should be passed by reference /var/www/html/share/Application/Ucenter/Api/Uc.class.php 第 50 行.
NOTIC: [8192] mysql_connect(): The mysql extension is deprecated and will be removed in the future: use mysqli or PDO instead /var/www/html/share/ThinkPHP/Library/Think/Db/Driver/Mysql.class.php 第 52 行.
SQL: SHOW COLUMNS FROM `think_userinfo` [ RunTime:0.000674s ]
SQL: SELECT * FROM `think_userinfo` WHERE `id` = 1 LIMIT 1   [ RunTime:0.000077s ]
NOTIC: [8192] mysql_connect(): The mysql extension is deprecated and will be removed in the future: use mysqli or PDO instead /var/www/html/share/Application/Ucenter/Client/uc_client/lib/db.class.php 第 41 行.
NOTIC: [8] Undefined offset: 3 /var/www/html/share/Application/Ucenter/Client/uc_client/control/user.php 第 29 行.
NOTIC: [8] Undefined offset: 2 /var/www/html/share/Application/Ucenter/Api/Uc.class.php 第 99 行.
NOTIC: [8] Undefined offset: 1 /var/www/html/share/Application/Ucenter/Api/Uc.class.php 第 99 行.
NOTIC: [8] Undefined offset: 0 /var/www/html/share/Application/Ucenter/Api/Uc.class.php 第 99 行.
SQL: INSERT INTO `think_userinfo` (`userid`,`username`) VALUES (1,null) [ RunTime:0.000164s ]
ERR: 0:Column 'username' cannot be null
 [ SQL语句 ] : INSERT INTO `think_userinfo` (`userid`,`username`) VALUES (1,null)

[ 2014-09-06T16:58:10+00:00 ] 172.16.14.1 /share/index.php/home/index
INFO: [ app_init ] --START--
INFO: Run Behavior\BuildLiteBehavior [ RunTime:0.000010s ]
INFO: [ app_init ] --END-- [ RunTime:0.000116s ]
INFO: [ app_begin ] --START--
INFO: Run Behavior\ReadHtmlCacheBehavior [ RunTime:0.000038s ]
INFO: [ app_begin ] --END-- [ RunTime:0.000064s ]
NOTIC: [8192] mysql_connect(): The mysql extension is deprecated and will be removed in the future: use mysqli or PDO instead /var/www/html/share/Application/Ucenter/Client/uc_client/lib/db.class.php 第 41 行.
NOTIC: [2] file_put_contents(/var/www/html/share/Application/Ucenter/Client/uc_client/./data/./cache/settings.php): failed to open stream: No such file or directory /var/www/html/share/Application/Ucenter/Client/uc_client/model/cache.php 第 50 行.
NOTIC: [2] unserialize() expects parameter 1 to be string, array given /var/www/html/share/Application/Ucenter/Client/uc_client/model/cache.php 第 89 行.
NOTIC: [2] unserialize() expects parameter 1 to be string, array given /var/www/html/share/Application/Ucenter/Client/uc_client/model/cache.php 第 89 行.
NOTIC: [2] file_put_contents(/var/www/html/share/Application/Ucenter/Client/uc_client/./data/./cache/apps.php): failed to open stream: No such file or directory /var/www/html/share/Application/Ucenter/Client/uc_client/model/cache.php 第 50 行.
NOTIC: [2] unserialize() expects parameter 1 to be string, array given /var/www/html/share/Application/Ucenter/Client/uc_client/model/cache.php 第 89 行.
NOTIC: [2] unserialize() expects parameter 1 to be string, array given /var/www/html/share/Application/Ucenter/Client/uc_client/model/cache.php 第 89 行.
NOTIC: [2] file_put_contents(/var/www/html/share/Application/Ucenter/Client/uc_client/./data/./cache/apps.php): failed to open stream: No such file or directory /var/www/html/share/Application/Ucenter/Client/uc_client/model/cache.php 第 50 行.
NOTIC: [2] include(/var/www/html/share/Application/Ucenter/Client/uc_client/./data/cache/apps.php): failed to open stream: No such file or directory /var/www/html/share/Application/Ucenter/Client/uc_client/client.php 第 313 行.
NOTIC: [2] include(): Failed opening '/var/www/html/share/Application/Ucenter/Client/uc_client/./data/cache/apps.php' for inclusion (include_path='.:/usr/share/php:/usr/share/pear') /var/www/html/share/Application/Ucenter/Client/uc_client/client.php 第 313 行.
NOTIC: [8] Undefined variable: return /var/www/html/share/Application/Ucenter/Client/uc_client/client.php 第 323 行.
INFO: [ app_end ] --START--
INFO: Run Behavior\ShowPageTraceBehavior [ RunTime:0.000097s ]
INFO: [ app_end ] --END-- [ RunTime:0.000153s ]

[ 2014-09-06T16:58:14+00:00 ] 172.16.14.1 /share/index.php/home/index
INFO: [ app_init ] --START--
INFO: Run Behavior\BuildLiteBehavior [ RunTime:0.000011s ]
INFO: [ app_init ] --END-- [ RunTime:0.000080s ]
INFO: [ app_begin ] --START--
INFO: Run Behavior\ReadHtmlCacheBehavior [ RunTime:0.000037s ]
INFO: [ app_begin ] --END-- [ RunTime:0.000064s ]
NOTIC: [8192] mysql_connect(): The mysql extension is deprecated and will be removed in the future: use mysqli or PDO instead /var/www/html/share/Application/Ucenter/Client/uc_client/lib/db.class.php 第 41 行.
NOTIC: [2] file_put_contents(/var/www/html/share/Application/Ucenter/Client/uc_client/./data/./cache/settings.php): failed to open stream: No such file or directory /var/www/html/share/Application/Ucenter/Client/uc_client/model/cache.php 第 50 行.
NOTIC: [2] unserialize() expects parameter 1 to be string, array given /var/www/html/share/Application/Ucenter/Client/uc_client/model/cache.php 第 89 行.
NOTIC: [2] unserialize() expects parameter 1 to be string, array given /var/www/html/share/Application/Ucenter/Client/uc_client/model/cache.php 第 89 行.
NOTIC: [2] file_put_contents(/var/www/html/share/Application/Ucenter/Client/uc_client/./data/./cache/apps.php): failed to open stream: No such file or directory /var/www/html/share/Application/Ucenter/Client/uc_client/model/cache.php 第 50 行.
NOTIC: [2] unserialize() expects parameter 1 to be string, array given /var/www/html/share/Application/Ucenter/Client/uc_client/model/cache.php 第 89 行.
NOTIC: [2] unserialize() expects parameter 1 to be string, array given /var/www/html/share/Application/Ucenter/Client/uc_client/model/cache.php 第 89 行.
NOTIC: [2] file_put_contents(/var/www/html/share/Application/Ucenter/Client/uc_client/./data/./cache/apps.php): failed to open stream: No such file or directory /var/www/html/share/Application/Ucenter/Client/uc_client/model/cache.php 第 50 行.
NOTIC: [2] include(/var/www/html/share/Application/Ucenter/Client/uc_client/./data/cache/apps.php): failed to open stream: No such file or directory /var/www/html/share/Application/Ucenter/Client/uc_client/client.php 第 313 行.
NOTIC: [2] include(): Failed opening '/var/www/html/share/Application/Ucenter/Client/uc_client/./data/cache/apps.php' for inclusion (include_path='.:/usr/share/php:/usr/share/pear') /var/www/html/share/Application/Ucenter/Client/uc_client/client.php 第 313 行.
NOTIC: [8] Undefined variable: return /var/www/html/share/Application/Ucenter/Client/uc_client/client.php 第 323 行.
INFO: [ app_end ] --START--
INFO: Run Behavior\ShowPageTraceBehavior [ RunTime:0.000045s ]
INFO: [ app_end ] --END-- [ RunTime:0.000074s ]

[ 2014-09-06T17:12:22+00:00 ] 172.16.14.1 /share/index.php/home/index
INFO: [ app_init ] --START--
INFO: Run Behavior\BuildLiteBehavior [ RunTime:0.000011s ]
INFO: [ app_init ] --END-- [ RunTime:0.000081s ]
INFO: [ app_begin ] --START--
INFO: Run Behavior\ReadHtmlCacheBehavior [ RunTime:0.000070s ]
INFO: [ app_begin ] --END-- [ RunTime:0.000102s ]
NOTIC: [8192] mysql_connect(): The mysql extension is deprecated and will be removed in the future: use mysqli or PDO instead /var/www/html/share/Application/Ucenter/Client/uc_client/lib/db.class.php 第 41 行.
NOTIC: [2] file_put_contents(/var/www/html/share/Application/Ucenter/Client/uc_client/./data/./cache/settings.php): failed to open stream: Permission denied /var/www/html/share/Application/Ucenter/Client/uc_client/model/cache.php 第 50 行.
NOTIC: [2] unserialize() expects parameter 1 to be string, array given /var/www/html/share/Application/Ucenter/Client/uc_client/model/cache.php 第 89 行.
NOTIC: [2] unserialize() expects parameter 1 to be string, array given /var/www/html/share/Application/Ucenter/Client/uc_client/model/cache.php 第 89 行.
NOTIC: [2] file_put_contents(/var/www/html/share/Application/Ucenter/Client/uc_client/./data/./cache/apps.php): failed to open stream: Permission denied /var/www/html/share/Application/Ucenter/Client/uc_client/model/cache.php 第 50 行.
NOTIC: [2] unserialize() expects parameter 1 to be string, array given /var/www/html/share/Application/Ucenter/Client/uc_client/model/cache.php 第 89 行.
NOTIC: [2] unserialize() expects parameter 1 to be string, array given /var/www/html/share/Application/Ucenter/Client/uc_client/model/cache.php 第 89 行.
NOTIC: [2] file_put_contents(/var/www/html/share/Application/Ucenter/Client/uc_client/./data/./cache/apps.php): failed to open stream: Permission denied /var/www/html/share/Application/Ucenter/Client/uc_client/model/cache.php 第 50 行.
NOTIC: [2] include(/var/www/html/share/Application/Ucenter/Client/uc_client/./data/cache/apps.php): failed to open stream: No such file or directory /var/www/html/share/Application/Ucenter/Client/uc_client/client.php 第 312 行.
NOTIC: [2] include(): Failed opening '/var/www/html/share/Application/Ucenter/Client/uc_client/./data/cache/apps.php' for inclusion (include_path='.:/usr/share/php:/usr/share/pear') /var/www/html/share/Application/Ucenter/Client/uc_client/client.php 第 312 行.
NOTIC: [8] Undefined variable: return /var/www/html/share/Application/Ucenter/Client/uc_client/client.php 第 319 行.
INFO: [ app_end ] --START--
INFO: Run Behavior\ShowPageTraceBehavior [ RunTime:0.000067s ]
INFO: [ app_end ] --END-- [ RunTime:0.000104s ]

[ 2014-09-06T17:12:26+00:00 ] 172.16.14.1 /share/index.php/home/index
INFO: [ app_init ] --START--
INFO: Run Behavior\BuildLiteBehavior [ RunTime:0.000015s ]
INFO: [ app_init ] --END-- [ RunTime:0.000121s ]
INFO: [ app_begin ] --START--
INFO: Run Behavior\ReadHtmlCacheBehavior [ RunTime:0.000057s ]
INFO: [ app_begin ] --END-- [ RunTime:0.000096s ]
NOTIC: [8192] mysql_connect(): The mysql extension is deprecated and will be removed in the future: use mysqli or PDO instead /var/www/html/share/Application/Ucenter/Client/uc_client/lib/db.class.php 第 41 行.
NOTIC: [2] file_put_contents(/var/www/html/share/Application/Ucenter/Client/uc_client/./data/./cache/settings.php): failed to open stream: Permission denied /var/www/html/share/Application/Ucenter/Client/uc_client/model/cache.php 第 50 行.
NOTIC: [2] unserialize() expects parameter 1 to be string, array given /var/www/html/share/Application/Ucenter/Client/uc_client/model/cache.php 第 89 行.
NOTIC: [2] unserialize() expects parameter 1 to be string, array given /var/www/html/share/Application/Ucenter/Client/uc_client/model/cache.php 第 89 行.
NOTIC: [2] file_put_contents(/var/www/html/share/Application/Ucenter/Client/uc_client/./data/./cache/apps.php): failed to open stream: Permission denied /var/www/html/share/Application/Ucenter/Client/uc_client/model/cache.php 第 50 行.
NOTIC: [2] unserialize() expects parameter 1 to be string, array given /var/www/html/share/Application/Ucenter/Client/uc_client/model/cache.php 第 89 行.
NOTIC: [2] unserialize() expects parameter 1 to be string, array given /var/www/html/share/Application/Ucenter/Client/uc_client/model/cache.php 第 89 行.
NOTIC: [2] file_put_contents(/var/www/html/share/Application/Ucenter/Client/uc_client/./data/./cache/apps.php): failed to open stream: Permission denied /var/www/html/share/Application/Ucenter/Client/uc_client/model/cache.php 第 50 行.
NOTIC: [2] include(/var/www/html/share/Application/Ucenter/Client/uc_client/./data/cache/apps.php): failed to open stream: No such file or directory /var/www/html/share/Application/Ucenter/Client/uc_client/client.php 第 312 行.
NOTIC: [2] include(): Failed opening '/var/www/html/share/Application/Ucenter/Client/uc_client/./data/cache/apps.php' for inclusion (include_path='.:/usr/share/php:/usr/share/pear') /var/www/html/share/Application/Ucenter/Client/uc_client/client.php 第 312 行.
NOTIC: [8] Undefined variable: return /var/www/html/share/Application/Ucenter/Client/uc_client/client.php 第 319 行.
INFO: [ app_end ] --START--
INFO: Run Behavior\ShowPageTraceBehavior [ RunTime:0.000076s ]
INFO: [ app_end ] --END-- [ RunTime:0.000129s ]

[ 2014-09-06T17:12:28+00:00 ] 172.16.14.1 /share/index.php/home/index
INFO: [ app_init ] --START--
INFO: Run Behavior\BuildLiteBehavior [ RunTime:0.000014s ]
INFO: [ app_init ] --END-- [ RunTime:0.000095s ]
INFO: [ app_begin ] --START--
INFO: Run Behavior\ReadHtmlCacheBehavior [ RunTime:0.000029s ]
INFO: [ app_begin ] --END-- [ RunTime:0.000060s ]
NOTIC: [8192] mysql_connect(): The mysql extension is deprecated and will be removed in the future: use mysqli or PDO instead /var/www/html/share/Application/Ucenter/Client/uc_client/lib/db.class.php 第 41 行.
NOTIC: [2] file_put_contents(/var/www/html/share/Application/Ucenter/Client/uc_client/./data/./cache/settings.php): failed to open stream: Permission denied /var/www/html/share/Application/Ucenter/Client/uc_client/model/cache.php 第 50 行.
NOTIC: [2] unserialize() expects parameter 1 to be string, array given /var/www/html/share/Application/Ucenter/Client/uc_client/model/cache.php 第 89 行.
NOTIC: [2] unserialize() expects parameter 1 to be string, array given /var/www/html/share/Application/Ucenter/Client/uc_client/model/cache.php 第 89 行.
NOTIC: [2] file_put_contents(/var/www/html/share/Application/Ucenter/Client/uc_client/./data/./cache/apps.php): failed to open stream: Permission denied /var/www/html/share/Application/Ucenter/Client/uc_client/model/cache.php 第 50 行.
NOTIC: [2] unserialize() expects parameter 1 to be string, array given /var/www/html/share/Application/Ucenter/Client/uc_client/model/cache.php 第 89 行.
NOTIC: [2] unserialize() expects parameter 1 to be string, array given /var/www/html/share/Application/Ucenter/Client/uc_client/model/cache.php 第 89 行.
NOTIC: [2] file_put_contents(/var/www/html/share/Application/Ucenter/Client/uc_client/./data/./cache/apps.php): failed to open stream: Permission denied /var/www/html/share/Application/Ucenter/Client/uc_client/model/cache.php 第 50 行.
NOTIC: [2] include(/var/www/html/share/Application/Ucenter/Client/uc_client/./data/cache/apps.php): failed to open stream: No such file or directory /var/www/html/share/Application/Ucenter/Client/uc_client/client.php 第 312 行.
NOTIC: [2] include(): Failed opening '/var/www/html/share/Application/Ucenter/Client/uc_client/./data/cache/apps.php' for inclusion (include_path='.:/usr/share/php:/usr/share/pear') /var/www/html/share/Application/Ucenter/Client/uc_client/client.php 第 312 行.
NOTIC: [8] Undefined variable: return /var/www/html/share/Application/Ucenter/Client/uc_client/client.php 第 319 行.
INFO: [ app_end ] --START--
INFO: Run Behavior\ShowPageTraceBehavior [ RunTime:0.000042s ]
INFO: [ app_end ] --END-- [ RunTime:0.000083s ]

