[ 2014-09-09T15:01:32+08:00 ] 172.16.14.1 /share/index.php/home/login/index
INFO: [ app_init ] --START--
INFO: Run Behavior\BuildLiteBehavior [ RunTime:0.000015s ]
INFO: [ app_init ] --END-- [ RunTime:0.000718s ]
INFO: [ app_begin ] --START--
INFO: Run Behavior\ReadHtmlCacheBehavior [ RunTime:0.014578s ]
INFO: [ app_begin ] --END-- [ RunTime:0.014653s ]
NOTIC: [8] Undefined index: username /var/www/html/share/Application/Home/Controller/LoginController.class.php 第 10 行.
NOTIC: [8] Undefined index: password /var/www/html/share/Application/Home/Controller/LoginController.class.php 第 10 行.
NOTIC: [8192] mysql_connect(): The mysql extension is deprecated and will be removed in the future: use mysqli or PDO instead /var/www/html/share/Application/Ucenter/Client/uc_client/lib/db.class.php 第 41 行.
INFO: [ view_parse ] --START--
INFO: [ template_filter ] --START--
INFO: Run Behavior\ContentReplaceBehavior [ RunTime:0.000035s ]
INFO: [ template_filter ] --END-- [ RunTime:0.000084s ]
INFO: Run Behavior\ParseTemplateBehavior [ RunTime:0.073978s ]
INFO: [ view_parse ] --END-- [ RunTime:0.074047s ]
INFO: [ view_filter ] --START--
INFO: Run Behavior\WriteHtmlCacheBehavior [ RunTime:0.013806s ]
INFO: [ view_filter ] --END-- [ RunTime:0.013863s ]

[ 2014-09-09T15:02:07+08:00 ] 172.16.14.1 /share/index.php/home/register
INFO: [ app_init ] --START--
INFO: Run Behavior\BuildLiteBehavior [ RunTime:0.000023s ]
INFO: [ app_init ] --END-- [ RunTime:0.000142s ]
INFO: [ app_begin ] --START--
INFO: Run Behavior\ReadHtmlCacheBehavior [ RunTime:0.000084s ]
INFO: [ app_begin ] --END-- [ RunTime:0.000129s ]
INFO: [ view_parse ] --START--
INFO: [ template_filter ] --START--
INFO: Run Behavior\ContentReplaceBehavior [ RunTime:0.000061s ]
INFO: [ template_filter ] --END-- [ RunTime:0.000132s ]
INFO: Run Behavior\ParseTemplateBehavior [ RunTime:0.025001s ]
INFO: [ view_parse ] --END-- [ RunTime:0.025056s ]
INFO: [ view_filter ] --START--
INFO: Run Behavior\WriteHtmlCacheBehavior [ RunTime:0.000053s ]
INFO: [ view_filter ] --END-- [ RunTime:0.000083s ]
INFO: [ app_end ] --START--
INFO: Run Behavior\ShowPageTraceBehavior [ RunTime:0.014116s ]
INFO: [ app_end ] --END-- [ RunTime:0.014188s ]

[ 2014-09-09T15:02:50+08:00 ] 172.16.14.1 /share/home/register/add
INFO: [ app_init ] --START--
INFO: Run Behavior\BuildLiteBehavior [ RunTime:0.000014s ]
INFO: [ app_init ] --END-- [ RunTime:0.000090s ]
INFO: [ app_begin ] --START--
INFO: Run Behavior\ReadHtmlCacheBehavior [ RunTime:0.000037s ]
INFO: [ app_begin ] --END-- [ RunTime:0.000064s ]
NOTIC: [8192] mysql_connect(): The mysql extension is deprecated and will be removed in the future: use mysqli or PDO instead /var/www/html/share/Application/Ucenter/Client/uc_client/lib/db.class.php 第 41 行.
NOTIC: [2] file_put_contents(/var/www/html/share/Application/Ucenter/Client/uc_client/./data/./cache/badwords.php): failed to open stream: Permission denied /var/www/html/share/Application/Ucenter/Client/uc_client/model/cache.php 第 50 行.
NOTIC: [2] mysql_result(): Unable to jump to row 0 on MySQL result index 8 /var/www/html/share/Application/Ucenter/Client/uc_client/lib/db.class.php 第 112 行.
NOTIC: [8192] mysql_connect(): The mysql extension is deprecated and will be removed in the future: use mysqli or PDO instead /var/www/html/share/ThinkPHP/Library/Think/Db/Driver/Mysql.class.php 第 52 行.
SQL: SHOW COLUMNS FROM `think_userinfo` [ RunTime:0.000722s ]
NOTIC: [8] Undefined index: sex /var/www/html/share/Application/Home/Controller/RegisterController.class.php 第 50 行.
SQL: INSERT INTO `think_userinfo` (`userid`,`username`,`password`,`sex`,`college`,`major`,`realname`,`studentid`,`qq`,`registertime`) VALUES (4,'admin','real.buzhidao',null,'保密','保密','',0,0,'2014-09-09 15:02:49') [ RunTime:0.000110s ]
ERR: 1048:Column 'sex' cannot be null
 [ SQL语句 ] : INSERT INTO `think_userinfo` (`userid`,`username`,`password`,`sex`,`college`,`major`,`realname`,`studentid`,`qq`,`registertime`) VALUES (4,'admin','real.buzhidao',null,'保密','保密','',0,0,'2014-09-09 15:02:49')
INFO: [ view_parse ] --START--
INFO: [ template_filter ] --START--
INFO: Run Behavior\ContentReplaceBehavior [ RunTime:0.000021s ]
INFO: [ template_filter ] --END-- [ RunTime:0.000050s ]
INFO: Run Behavior\ParseTemplateBehavior [ RunTime:0.001596s ]
INFO: [ view_parse ] --END-- [ RunTime:0.001632s ]
INFO: [ view_filter ] --START--
INFO: Run Behavior\WriteHtmlCacheBehavior [ RunTime:0.000036s ]
INFO: [ view_filter ] --END-- [ RunTime:0.000055s ]
INFO: [ app_end ] --START--
INFO: Run Behavior\ShowPageTraceBehavior [ RunTime:0.000060s ]
INFO: [ app_end ] --END-- [ RunTime:0.000082s ]

[ 2014-09-09T15:02:50+08:00 ] 172.16.14.1 /share/home/api/index?time=1410246170&code=8aac2faB5%2BqlrjfZ5Qu%2Bgw7%2Fzj7rCa7p3DS5RLovgW%2F93BCZ1b2%2BXK3jSTlfD4%2BkzJUYpjqZoloo93Nn86IWwGviIdbAj5zgz0M7tMkeiISOHEDC5Y4XIK2D12A2x4e%2F3kzv1dVntgPN3nkPcecIC5Y0AKCa56BWxl8N
INFO: [ app_init ] --START--
INFO: Run Behavior\BuildLiteBehavior [ RunTime:0.000016s ]
INFO: [ app_init ] --END-- [ RunTime:0.000123s ]
INFO: [ app_begin ] --START--
INFO: Run Behavior\ReadHtmlCacheBehavior [ RunTime:0.000064s ]
INFO: [ app_begin ] --END-- [ RunTime:0.000113s ]
NOTIC: [2048] Only variables should be passed by reference /var/www/html/share/Application/Ucenter/Api/Uc.class.php 第 54 行.
NOTIC: [8192] mysql_connect(): The mysql extension is deprecated and will be removed in the future: use mysqli or PDO instead /var/www/html/share/ThinkPHP/Library/Think/Db/Driver/Mysql.class.php 第 52 行.
SQL: SHOW COLUMNS FROM `think_userinfo` [ RunTime:0.000947s ]
SQL: SELECT * FROM `think_userinfo` WHERE ( userid=4 )  [ RunTime:0.000254s ]
NOTIC: [8192] mysql_connect(): The mysql extension is deprecated and will be removed in the future: use mysqli or PDO instead /var/www/html/share/Application/Ucenter/Client/uc_client/lib/db.class.php 第 41 行.
SQL: INSERT INTO `think_userinfo` (`userid`,`username`,`password`,`registertime`) VALUES (4,'admin','md5.fca4332598558dc9d62b9ae05eea8221','2014-09-09 15:02:50') [ RunTime:0.001931s ]

[ 2014-09-09T15:02:55+08:00 ] 172.16.14.1 /share/home
INFO: [ app_init ] --START--
INFO: Run Behavior\BuildLiteBehavior [ RunTime:0.000009s ]
INFO: [ app_init ] --END-- [ RunTime:0.000072s ]
INFO: [ app_begin ] --START--
INFO: Run Behavior\ReadHtmlCacheBehavior [ RunTime:0.000036s ]
INFO: [ app_begin ] --END-- [ RunTime:0.000068s ]
INFO: [ app_end ] --START--
INFO: Run Behavior\ShowPageTraceBehavior [ RunTime:0.000039s ]
INFO: [ app_end ] --END-- [ RunTime:0.000082s ]

[ 2014-09-09T15:03:42+08:00 ] 172.16.14.1 /share/index.php/home/login/index/username/admin/password/buzhidao
INFO: [ app_init ] --START--
INFO: Run Behavior\BuildLiteBehavior [ RunTime:0.000016s ]
INFO: [ app_init ] --END-- [ RunTime:0.000119s ]
INFO: [ app_begin ] --START--
INFO: Run Behavior\ReadHtmlCacheBehavior [ RunTime:0.000061s ]
INFO: [ app_begin ] --END-- [ RunTime:0.000107s ]
NOTIC: [8192] mysql_connect(): The mysql extension is deprecated and will be removed in the future: use mysqli or PDO instead /var/www/html/share/Application/Ucenter/Client/uc_client/lib/db.class.php 第 41 行.
INFO: [ view_parse ] --START--
INFO: [ template_filter ] --START--
INFO: Run Behavior\ContentReplaceBehavior [ RunTime:0.000029s ]
INFO: [ template_filter ] --END-- [ RunTime:0.000075s ]
INFO: Run Behavior\ParseTemplateBehavior [ RunTime:0.002197s ]
INFO: [ view_parse ] --END-- [ RunTime:0.002244s ]
INFO: [ view_filter ] --START--
INFO: Run Behavior\WriteHtmlCacheBehavior [ RunTime:0.000057s ]
INFO: [ view_filter ] --END-- [ RunTime:0.000087s ]
INFO: [ app_end ] --START--
INFO: Run Behavior\ShowPageTraceBehavior [ RunTime:0.000057s ]
INFO: [ app_end ] --END-- [ RunTime:0.000092s ]

[ 2014-09-09T15:03:42+08:00 ] 172.16.14.1 /share/home/api/index?time=1410246222&code=3966i5bgR%2Bkn6CAgN48arRI1eON4wGu9%2F0bAXXj3rPXmkoZaEEh8dzn1VSdIo6X42DUvqoPsxUM3IdvG3nbRTccu%2BZGbGxljS%2FG04F9vRFt%2FUrgl4S6LySdgclu3qa9PPanZazNiH9KIU%2FaBTYa%2BbwN3xT5vwgz8EHEw
INFO: [ app_init ] --START--
INFO: Run Behavior\BuildLiteBehavior [ RunTime:0.000011s ]
INFO: [ app_init ] --END-- [ RunTime:0.000067s ]
INFO: [ app_begin ] --START--
INFO: Run Behavior\ReadHtmlCacheBehavior [ RunTime:0.000031s ]
INFO: [ app_begin ] --END-- [ RunTime:0.000056s ]
NOTIC: [2048] Only variables should be passed by reference /var/www/html/share/Application/Ucenter/Api/Uc.class.php 第 54 行.
NOTIC: [8192] mysql_connect(): The mysql extension is deprecated and will be removed in the future: use mysqli or PDO instead /var/www/html/share/ThinkPHP/Library/Think/Db/Driver/Mysql.class.php 第 52 行.
SQL: SHOW COLUMNS FROM `think_userinfo` [ RunTime:0.001066s ]
SQL: SELECT * FROM `think_userinfo` WHERE ( userid=4 )  [ RunTime:0.001729s ]

[ 2014-09-09T15:03:47+08:00 ] 172.16.14.1 /share/home
INFO: [ app_init ] --START--
INFO: Run Behavior\BuildLiteBehavior [ RunTime:0.000014s ]
INFO: [ app_init ] --END-- [ RunTime:0.000100s ]
INFO: [ app_begin ] --START--
INFO: Run Behavior\ReadHtmlCacheBehavior [ RunTime:0.000044s ]
INFO: [ app_begin ] --END-- [ RunTime:0.000082s ]
INFO: [ app_end ] --START--
INFO: Run Behavior\ShowPageTraceBehavior [ RunTime:0.000091s ]
INFO: [ app_end ] --END-- [ RunTime:0.000163s ]

[ 2014-09-09T15:03:55+08:00 ] 172.16.14.1 /share/home
INFO: [ app_init ] --START--
INFO: Run Behavior\BuildLiteBehavior [ RunTime:0.000016s ]
INFO: [ app_init ] --END-- [ RunTime:0.000125s ]
INFO: [ app_begin ] --START--
INFO: Run Behavior\ReadHtmlCacheBehavior [ RunTime:0.000057s ]
INFO: [ app_begin ] --END-- [ RunTime:0.000093s ]
INFO: [ app_end ] --START--
INFO: Run Behavior\ShowPageTraceBehavior [ RunTime:0.000050s ]
INFO: [ app_end ] --END-- [ RunTime:0.000079s ]

[ 2014-09-09T15:04:27+08:00 ] 172.16.14.1 /share/home/api/index?time=1410246267&code=fa78WcWr8zT6H6OhAG7cJg0KULPVDKe4OujPmzAy8infOIH8YDIvZMP7%2FSv87%2FpSFl%2FlJ0GMYYBSpxxXjw
INFO: [ app_init ] --START--
INFO: Run Behavior\BuildLiteBehavior [ RunTime:0.000011s ]
INFO: [ app_init ] --END-- [ RunTime:0.000108s ]
INFO: [ app_begin ] --START--
INFO: Run Behavior\ReadHtmlCacheBehavior [ RunTime:0.000037s ]
INFO: [ app_begin ] --END-- [ RunTime:0.000062s ]
NOTIC: [2048] Only variables should be passed by reference /var/www/html/share/Application/Ucenter/Api/Uc.class.php 第 54 行.

[ 2014-09-09T15:07:34+08:00 ] 172.16.14.1 /share/home/api/index?time=1410246454&code=d4f8JjRkzuB%2FyyUds%2ByeGdhoI2fIW0hiVh2CPIkOvVgPwMlGXYg2nGj1tyc1m89qmjB2iTsNsX9VhPIWMQ
INFO: [ app_init ] --START--
INFO: Run Behavior\BuildLiteBehavior [ RunTime:0.000023s ]
INFO: [ app_init ] --END-- [ RunTime:0.000196s ]
INFO: [ app_begin ] --START--
INFO: Run Behavior\ReadHtmlCacheBehavior [ RunTime:0.000074s ]
INFO: [ app_begin ] --END-- [ RunTime:0.000120s ]
NOTIC: [2048] Only variables should be passed by reference /var/www/html/share/Application/Ucenter/Api/Uc.class.php 第 54 行.

[ 2014-09-09T15:07:56+08:00 ] 172.16.14.1 /share/home/api/index?time=1410246476&code=4b410XyARX4k02bx%2FYuwIuGThJX4hIkutX9ewTzzCuLteee6JScefGe5igS4QIoz3QsvDL2UlVz%2B7DRezA
INFO: [ app_init ] --START--
INFO: Run Behavior\BuildLiteBehavior [ RunTime:0.000017s ]
INFO: [ app_init ] --END-- [ RunTime:0.000217s ]
INFO: [ app_begin ] --START--
INFO: Run Behavior\ReadHtmlCacheBehavior [ RunTime:0.000067s ]
INFO: [ app_begin ] --END-- [ RunTime:0.000122s ]
NOTIC: [2048] Only variables should be passed by reference /var/www/html/share/Application/Ucenter/Api/Uc.class.php 第 54 行.

[ 2014-09-09T15:08:08+08:00 ] 172.16.14.1 /share/home/api/index?time=1410246488&code=7d19odG0pkitFLHhjiBdEEonsshs7AV15oL2HAWIhpooV0LYz4WvaBmawzUg2Qq%2FKTT%2FGPEmCsJ7XmBwP3QvvpGQmaPSV9l9iZZz3c0NGHmXtPj2UJeHZEFXjf2XJgXNtmQJ1BVSPrAnYiuF%2Fvxx62uYRJ1hbpM9BdXjaxqWc6ST
INFO: [ app_init ] --START--
INFO: Run Behavior\BuildLiteBehavior [ RunTime:0.000016s ]
INFO: [ app_init ] --END-- [ RunTime:0.000120s ]
INFO: [ app_begin ] --START--
INFO: Run Behavior\ReadHtmlCacheBehavior [ RunTime:0.000065s ]
INFO: [ app_begin ] --END-- [ RunTime:0.000115s ]
NOTIC: [2048] Only variables should be passed by reference /var/www/html/share/Application/Ucenter/Api/Uc.class.php 第 54 行.
NOTIC: [8192] mysql_connect(): The mysql extension is deprecated and will be removed in the future: use mysqli or PDO instead /var/www/html/share/ThinkPHP/Library/Think/Db/Driver/Mysql.class.php 第 52 行.
SQL: SHOW COLUMNS FROM `think_userinfo` [ RunTime:0.001693s ]
SQL: SELECT * FROM `think_userinfo` WHERE ( userid=1 )  [ RunTime:0.001975s ]

[ 2014-09-09T21:41:49+08:00 ] 172.16.14.1 /share/index.php/home/login/index
INFO: [ app_init ] --START--
INFO: Run Behavior\BuildLiteBehavior [ RunTime:0.000095s ]
INFO: [ app_init ] --END-- [ RunTime:0.000607s ]
INFO: [ app_begin ] --START--
INFO: Run Behavior\ReadHtmlCacheBehavior [ RunTime:0.000137s ]
INFO: [ app_begin ] --END-- [ RunTime:0.000169s ]
NOTIC: [8] Undefined index: username /var/www/html/share/Application/Home/Controller/LoginController.class.php 第 10 行.
NOTIC: [8] Undefined index: password /var/www/html/share/Application/Home/Controller/LoginController.class.php 第 10 行.
NOTIC: [8192] mysql_connect(): The mysql extension is deprecated and will be removed in the future: use mysqli or PDO instead /var/www/html/share/Application/Ucenter/Client/uc_client/lib/db.class.php 第 41 行.
INFO: [ view_parse ] --START--
INFO: [ template_filter ] --START--
INFO: Run Behavior\ContentReplaceBehavior [ RunTime:0.000073s ]
INFO: [ template_filter ] --END-- [ RunTime:0.000111s ]
INFO: Run Behavior\ParseTemplateBehavior [ RunTime:0.003186s ]
INFO: [ view_parse ] --END-- [ RunTime:0.003227s ]
INFO: [ view_filter ] --START--
INFO: Run Behavior\WriteHtmlCacheBehavior [ RunTime:0.000067s ]
INFO: [ view_filter ] --END-- [ RunTime:0.000099s ]

