[ 2014-09-05T22:16:54+08:00 ] 172.16.14.1 /share/index.php
INFO: [ app_init ] --START--
INFO: Run Behavior\BuildLiteBehavior [ RunTime:0.000016s ]
INFO: [ app_init ] --END-- [ RunTime:0.000168s ]
INFO: [ app_begin ] --START--
INFO: Run Behavior\ReadHtmlCacheBehavior [ RunTime:0.000101s ]
INFO: [ app_begin ] --END-- [ RunTime:0.000152s ]
INFO: [ view_parse ] --START--
INFO: [ template_filter ] --START--
INFO: Run Behavior\ContentReplaceBehavior [ RunTime:0.000076s ]
INFO: [ template_filter ] --END-- [ RunTime:0.000170s ]
INFO: Run Behavior\ParseTemplateBehavior [ RunTime:0.045172s ]
INFO: [ view_parse ] --END-- [ RunTime:0.045284s ]
INFO: [ view_filter ] --START--
INFO: Run Behavior\WriteHtmlCacheBehavior [ RunTime:0.000044s ]
INFO: [ view_filter ] --END-- [ RunTime:0.000067s ]
INFO: [ app_end ] --START--
INFO: Run Behavior\ShowPageTraceBehavior [ RunTime:0.000137s ]
INFO: [ app_end ] --END-- [ RunTime:0.000174s ]

[ 2014-09-05T22:19:27+08:00 ] 172.16.14.1 /share/index.php/home
INFO: [ app_init ] --START--
INFO: Run Behavior\BuildLiteBehavior [ RunTime:0.000038s ]
INFO: [ app_init ] --END-- [ RunTime:0.000213s ]
INFO: [ app_begin ] --START--
INFO: Run Behavior\ReadHtmlCacheBehavior [ RunTime:0.000097s ]
INFO: [ app_begin ] --END-- [ RunTime:0.000186s ]
INFO: [ view_parse ] --START--
INFO: Run Behavior\ParseTemplateBehavior [ RunTime:0.000178s ]
INFO: [ view_parse ] --END-- [ RunTime:0.000256s ]
INFO: [ view_filter ] --START--
INFO: Run Behavior\WriteHtmlCacheBehavior [ RunTime:0.000032s ]
INFO: [ view_filter ] --END-- [ RunTime:0.000051s ]
INFO: [ app_end ] --START--
INFO: Run Behavior\ShowPageTraceBehavior [ RunTime:0.000034s ]
INFO: [ app_end ] --END-- [ RunTime:0.000054s ]

[ 2014-09-05T22:19:32+08:00 ] 172.16.14.1 /share/index.php/home/api
INFO: [ app_init ] --START--
INFO: Run Behavior\BuildLiteBehavior [ RunTime:0.000020s ]
INFO: [ app_init ] --END-- [ RunTime:0.000132s ]
INFO: [ app_begin ] --START--
INFO: Run Behavior\ReadHtmlCacheBehavior [ RunTime:0.000058s ]
INFO: [ app_begin ] --END-- [ RunTime:0.000147s ]

[ 2014-09-05T22:21:33+08:00 ] 172.16.14.1 /share/index.php/home/api
INFO: [ app_init ] --START--
INFO: Run Behavior\BuildLiteBehavior [ RunTime:0.000015s ]
INFO: [ app_init ] --END-- [ RunTime:0.000087s ]
INFO: [ app_begin ] --START--
INFO: Run Behavior\ReadHtmlCacheBehavior [ RunTime:0.000043s ]
INFO: [ app_begin ] --END-- [ RunTime:0.000081s ]

[ 2014-09-05T22:21:36+08:00 ] 172.16.14.1 /share/index.php/home/
INFO: [ app_init ] --START--
INFO: Run Behavior\BuildLiteBehavior [ RunTime:0.000015s ]
INFO: [ app_init ] --END-- [ RunTime:0.000106s ]
INFO: [ app_begin ] --START--
INFO: Run Behavior\ReadHtmlCacheBehavior [ RunTime:0.000049s ]
INFO: [ app_begin ] --END-- [ RunTime:0.000093s ]
INFO: [ view_parse ] --START--
INFO: Run Behavior\ParseTemplateBehavior [ RunTime:0.000127s ]
INFO: [ view_parse ] --END-- [ RunTime:0.000170s ]
INFO: [ view_filter ] --START--
INFO: Run Behavior\WriteHtmlCacheBehavior [ RunTime:0.000038s ]
INFO: [ view_filter ] --END-- [ RunTime:0.000059s ]
INFO: [ app_end ] --START--
INFO: Run Behavior\ShowPageTraceBehavior [ RunTime:0.000074s ]
INFO: [ app_end ] --END-- [ RunTime:0.000099s ]

[ 2014-09-05T22:25:45+08:00 ] 172.16.14.146 /share/index.php/home/api/api?code=a07cH5ZkdcMphsZJ%2B70qIPpoTtfAP5L79NWV%2B5nMVDt0BW1nOmOhQJSvDvc3%2F25iAfcOG%2BvOico
INFO: [ app_init ] --START--
INFO: Run Behavior\BuildLiteBehavior [ RunTime:0.000018s ]
INFO: [ app_init ] --END-- [ RunTime:0.000140s ]
INFO: [ app_begin ] --START--
INFO: Run Behavior\ReadHtmlCacheBehavior [ RunTime:0.000126s ]
INFO: [ app_begin ] --END-- [ RunTime:0.000153s ]
NOTIC: [2048] Only variables should be passed by reference /var/www/html/share/Application/Ucenter/Api/Uc.class.php 第 50 行.
ERR: 非法操作:api

[ 2014-09-05T22:25:52+08:00 ] 172.16.14.1 /share/index.php/home
INFO: [ app_init ] --START--
INFO: Run Behavior\BuildLiteBehavior [ RunTime:0.000023s ]
INFO: [ app_init ] --END-- [ RunTime:0.000158s ]
INFO: [ app_begin ] --START--
INFO: Run Behavior\ReadHtmlCacheBehavior [ RunTime:0.000092s ]
INFO: [ app_begin ] --END-- [ RunTime:0.000135s ]
INFO: [ view_parse ] --START--
INFO: Run Behavior\ParseTemplateBehavior [ RunTime:0.000216s ]
INFO: [ view_parse ] --END-- [ RunTime:0.000265s ]
INFO: [ view_filter ] --START--
INFO: Run Behavior\WriteHtmlCacheBehavior [ RunTime:0.000049s ]
INFO: [ view_filter ] --END-- [ RunTime:0.000078s ]
INFO: [ app_end ] --START--
INFO: Run Behavior\ShowPageTraceBehavior [ RunTime:0.000064s ]
INFO: [ app_end ] --END-- [ RunTime:0.000105s ]

[ 2014-09-05T22:25:58+08:00 ] 172.16.14.1 /share/index.php/home/api
INFO: [ app_init ] --START--
INFO: Run Behavior\BuildLiteBehavior [ RunTime:0.000016s ]
INFO: [ app_init ] --END-- [ RunTime:0.000100s ]
INFO: [ app_begin ] --START--
INFO: Run Behavior\ReadHtmlCacheBehavior [ RunTime:0.000122s ]
INFO: [ app_begin ] --END-- [ RunTime:0.000178s ]
NOTIC: [8] Undefined index: code /var/www/html/share/Application/Ucenter/Api/Uc.class.php 第 33 行.
ERR: 非法操作:index

[ 2014-09-05T22:26:16+08:00 ] 172.16.14.1 /share/index.php/home/Api
INFO: [ app_init ] --START--
INFO: Run Behavior\BuildLiteBehavior [ RunTime:0.000013s ]
INFO: [ app_init ] --END-- [ RunTime:0.000100s ]
INFO: [ app_begin ] --START--
INFO: Run Behavior\ReadHtmlCacheBehavior [ RunTime:0.000039s ]
INFO: [ app_begin ] --END-- [ RunTime:0.000068s ]
NOTIC: [8] Undefined index: code /var/www/html/share/Application/Ucenter/Api/Uc.class.php 第 33 行.
ERR: 非法操作:index

[ 2014-09-05T22:27:09+08:00 ] 172.16.14.1 /share/index.php/home/Api
INFO: [ app_init ] --START--
INFO: Run Behavior\BuildLiteBehavior [ RunTime:0.000019s ]
INFO: [ app_init ] --END-- [ RunTime:0.000125s ]
INFO: [ app_begin ] --START--
INFO: Run Behavior\ReadHtmlCacheBehavior [ RunTime:0.000112s ]
INFO: [ app_begin ] --END-- [ RunTime:0.000165s ]
NOTIC: [8] Undefined index: code /var/www/html/share/Application/Ucenter/Api/Uc.class.php 第 33 行.
ERR: 非法操作:index

[ 2014-09-05T22:27:21+08:00 ] 172.16.14.1 /share/index.php/home/index
INFO: [ app_init ] --START--
INFO: Run Behavior\BuildLiteBehavior [ RunTime:0.000025s ]
INFO: [ app_init ] --END-- [ RunTime:0.000165s ]
INFO: [ app_begin ] --START--
INFO: Run Behavior\ReadHtmlCacheBehavior [ RunTime:0.000186s ]
INFO: [ app_begin ] --END-- [ RunTime:0.000234s ]
INFO: [ view_parse ] --START--
INFO: Run Behavior\ParseTemplateBehavior [ RunTime:0.000092s ]
INFO: [ view_parse ] --END-- [ RunTime:0.000180s ]
INFO: [ view_filter ] --START--
INFO: Run Behavior\WriteHtmlCacheBehavior [ RunTime:0.000074s ]
INFO: [ view_filter ] --END-- [ RunTime:0.000115s ]
INFO: [ app_end ] --START--
INFO: Run Behavior\ShowPageTraceBehavior [ RunTime:0.000099s ]
INFO: [ app_end ] --END-- [ RunTime:0.000130s ]

[ 2014-09-05T22:27:26+08:00 ] 172.16.14.1 /share/index.php/home/api
INFO: [ app_init ] --START--
INFO: Run Behavior\BuildLiteBehavior [ RunTime:0.000016s ]
INFO: [ app_init ] --END-- [ RunTime:0.000112s ]
INFO: [ app_begin ] --START--
INFO: Run Behavior\ReadHtmlCacheBehavior [ RunTime:0.000050s ]
INFO: [ app_begin ] --END-- [ RunTime:0.000092s ]
NOTIC: [8] Undefined index: code /var/www/html/share/Application/Ucenter/Api/Uc.class.php 第 33 行.
ERR: 非法操作:index

[ 2014-09-05T22:33:36+08:00 ] 172.16.14.146 /share/index.php/home/api/api?code=9911%2BxRSvMfi2H5bqprsijsdebHfM2bV5%2BlBh%2BKAPj5UF3jKdICoFMBfclg3YJUHtPgVuc5DTPLd1P9Mh5U&__times__=1
INFO: [ app_init ] --START--
INFO: Run Behavior\BuildLiteBehavior [ RunTime:0.000017s ]
INFO: [ app_init ] --END-- [ RunTime:0.000145s ]
INFO: [ app_begin ] --START--
INFO: Run Behavior\ReadHtmlCacheBehavior [ RunTime:0.000137s ]
INFO: [ app_begin ] --END-- [ RunTime:0.000208s ]
NOTIC: [2048] Only variables should be passed by reference /var/www/html/share/Application/Ucenter/Api/Uc.class.php 第 50 行.
NOTIC: [8] Undefined offset: 1 /var/www/html/share/Application/Ucenter/Common/XML.php 第 68 行.
NOTIC: [8] Undefined index: type /var/www/html/share/Application/Ucenter/Common/XML.php 第 68 行.
NOTIC: [8] Undefined index: name /var/www/html/share/Application/Ucenter/Common/XML.php 第 68 行.
NOTIC: [8] Undefined index: url /var/www/html/share/Application/Ucenter/Common/XML.php 第 68 行.
NOTIC: [8] Undefined index: ip /var/www/html/share/Application/Ucenter/Common/XML.php 第 68 行.
NOTIC: [8] Undefined index: viewprourl /var/www/html/share/Application/Ucenter/Common/XML.php 第 68 行.
NOTIC: [8] Undefined index: apifilename /var/www/html/share/Application/Ucenter/Common/XML.php 第 68 行.
NOTIC: [8] Undefined index: charset /var/www/html/share/Application/Ucenter/Common/XML.php 第 68 行.
NOTIC: [8] Undefined index: synlogin /var/www/html/share/Application/Ucenter/Common/XML.php 第 68 行.
NOTIC: [8] Undefined index: extra /var/www/html/share/Application/Ucenter/Common/XML.php 第 68 行.
NOTIC: [8] Undefined index: recvnote /var/www/html/share/Application/Ucenter/Common/XML.php 第 68 行.
NOTIC: [8] Undefined offset: 2 /var/www/html/share/Application/Ucenter/Common/XML.php 第 68 行.
NOTIC: [8] Undefined index: type /var/www/html/share/Application/Ucenter/Common/XML.php 第 68 行.
NOTIC: [8] Undefined index: name /var/www/html/share/Application/Ucenter/Common/XML.php 第 68 行.
NOTIC: [8] Undefined index: url /var/www/html/share/Application/Ucenter/Common/XML.php 第 68 行.
NOTIC: [8] Undefined index: ip /var/www/html/share/Application/Ucenter/Common/XML.php 第 68 行.
NOTIC: [8] Undefined index: viewprourl /var/www/html/share/Application/Ucenter/Common/XML.php 第 68 行.
NOTIC: [8] Undefined index: apifilename /var/www/html/share/Application/Ucenter/Common/XML.php 第 68 行.
NOTIC: [8] Undefined index: charset /var/www/html/share/Application/Ucenter/Common/XML.php 第 68 行.
NOTIC: [8] Undefined index: synlogin /var/www/html/share/Application/Ucenter/Common/XML.php 第 68 行.
NOTIC: [8] Undefined index: extra /var/www/html/share/Application/Ucenter/Common/XML.php 第 68 行.
NOTIC: [8] Undefined index: recvnote /var/www/html/share/Application/Ucenter/Common/XML.php 第 68 行.
NOTIC: [8] Undefined index: UC_API /var/www/html/share/Application/Ucenter/Common/XML.php 第 68 行.
ERR: 非法操作:api

[ 2014-09-05T22:33:39+08:00 ] 172.16.14.146 /share/index.php/home/api/index?code=72baTpE%2BS7pEngpGMlbCD7WIaMoW2sqxr99RbHMQEm4sGly3Kvf7SbWzz%2FNX6tkMZjjYykr%2FeyXNJdwNL0A&__times__=1
INFO: [ app_init ] --START--
INFO: Run Behavior\BuildLiteBehavior [ RunTime:0.000008s ]
INFO: [ app_init ] --END-- [ RunTime:0.000063s ]
INFO: [ app_begin ] --START--
INFO: Run Behavior\ReadHtmlCacheBehavior [ RunTime:0.000031s ]
INFO: [ app_begin ] --END-- [ RunTime:0.000055s ]
NOTIC: [2048] Only variables should be passed by reference /var/www/html/share/Application/Ucenter/Api/Uc.class.php 第 50 行.
NOTIC: [8] Undefined offset: 1 /var/www/html/share/Application/Ucenter/Common/XML.php 第 68 行.
NOTIC: [8] Undefined index: type /var/www/html/share/Application/Ucenter/Common/XML.php 第 68 行.
NOTIC: [8] Undefined index: name /var/www/html/share/Application/Ucenter/Common/XML.php 第 68 行.
NOTIC: [8] Undefined index: url /var/www/html/share/Application/Ucenter/Common/XML.php 第 68 行.
NOTIC: [8] Undefined index: ip /var/www/html/share/Application/Ucenter/Common/XML.php 第 68 行.
NOTIC: [8] Undefined index: viewprourl /var/www/html/share/Application/Ucenter/Common/XML.php 第 68 行.
NOTIC: [8] Undefined index: apifilename /var/www/html/share/Application/Ucenter/Common/XML.php 第 68 行.
NOTIC: [8] Undefined index: charset /var/www/html/share/Application/Ucenter/Common/XML.php 第 68 行.
NOTIC: [8] Undefined index: synlogin /var/www/html/share/Application/Ucenter/Common/XML.php 第 68 行.
NOTIC: [8] Undefined index: extra /var/www/html/share/Application/Ucenter/Common/XML.php 第 68 行.
NOTIC: [8] Undefined index: recvnote /var/www/html/share/Application/Ucenter/Common/XML.php 第 68 行.
NOTIC: [8] Undefined offset: 2 /var/www/html/share/Application/Ucenter/Common/XML.php 第 68 行.
NOTIC: [8] Undefined index: type /var/www/html/share/Application/Ucenter/Common/XML.php 第 68 行.
NOTIC: [8] Undefined index: name /var/www/html/share/Application/Ucenter/Common/XML.php 第 68 行.
NOTIC: [8] Undefined index: url /var/www/html/share/Application/Ucenter/Common/XML.php 第 68 行.
NOTIC: [8] Undefined index: ip /var/www/html/share/Application/Ucenter/Common/XML.php 第 68 行.
NOTIC: [8] Undefined index: viewprourl /var/www/html/share/Application/Ucenter/Common/XML.php 第 68 行.
NOTIC: [8] Undefined index: apifilename /var/www/html/share/Application/Ucenter/Common/XML.php 第 68 行.
NOTIC: [8] Undefined index: charset /var/www/html/share/Application/Ucenter/Common/XML.php 第 68 行.
NOTIC: [8] Undefined index: synlogin /var/www/html/share/Application/Ucenter/Common/XML.php 第 68 行.
NOTIC: [8] Undefined index: extra /var/www/html/share/Application/Ucenter/Common/XML.php 第 68 行.
NOTIC: [8] Undefined index: recvnote /var/www/html/share/Application/Ucenter/Common/XML.php 第 68 行.
NOTIC: [8] Undefined index: UC_API /var/www/html/share/Application/Ucenter/Common/XML.php 第 68 行.
ERR: 非法操作:index

[ 2014-09-05T22:33:39+08:00 ] 172.16.14.146 /share/index.php/home/api/index?code=6ee2kj2TIN2VZRMk5sv%2FzQdXJ3pcIY8x9s%2F1K%2B94E0rgN%2ByCg3hkCJdjamfIFh6vlsBaIsQySJo
INFO: [ app_init ] --START--
INFO: Run Behavior\BuildLiteBehavior [ RunTime:0.000013s ]
INFO: [ app_init ] --END-- [ RunTime:0.000084s ]
INFO: [ app_begin ] --START--
INFO: Run Behavior\ReadHtmlCacheBehavior [ RunTime:0.000049s ]
INFO: [ app_begin ] --END-- [ RunTime:0.000076s ]
NOTIC: [2048] Only variables should be passed by reference /var/www/html/share/Application/Ucenter/Api/Uc.class.php 第 50 行.
ERR: 非法操作:index

[ 2014-09-05T22:33:54+08:00 ] 172.16.14.1 /share/index.php/home/index/api
INFO: [ app_init ] --START--
INFO: Run Behavior\BuildLiteBehavior [ RunTime:0.000012s ]
INFO: [ app_init ] --END-- [ RunTime:0.000106s ]
INFO: [ app_begin ] --START--
INFO: Run Behavior\ReadHtmlCacheBehavior [ RunTime:0.000035s ]
INFO: [ app_begin ] --END-- [ RunTime:0.000062s ]
ERR: 非法操作:api

[ 2014-09-05T22:33:59+08:00 ] 172.16.14.1 /share/index.php/home/index/apia
INFO: [ app_init ] --START--
INFO: Run Behavior\BuildLiteBehavior [ RunTime:0.000017s ]
INFO: [ app_init ] --END-- [ RunTime:0.000130s ]
INFO: [ app_begin ] --START--
INFO: Run Behavior\ReadHtmlCacheBehavior [ RunTime:0.000043s ]
INFO: [ app_begin ] --END-- [ RunTime:0.000072s ]
ERR: 非法操作:apia

[ 2014-09-05T22:34:02+08:00 ] 172.16.14.1 /share/index.php/home/index/api
INFO: [ app_init ] --START--
INFO: Run Behavior\BuildLiteBehavior [ RunTime:0.000016s ]
INFO: [ app_init ] --END-- [ RunTime:0.000114s ]
INFO: [ app_begin ] --START--
INFO: Run Behavior\ReadHtmlCacheBehavior [ RunTime:0.000051s ]
INFO: [ app_begin ] --END-- [ RunTime:0.000096s ]
ERR: 非法操作:api

[ 2014-09-05T22:34:06+08:00 ] 172.16.14.1 /share/index.php/home/index/Api
INFO: [ app_init ] --START--
INFO: Run Behavior\BuildLiteBehavior [ RunTime:0.000015s ]
INFO: [ app_init ] --END-- [ RunTime:0.000107s ]
INFO: [ app_begin ] --START--
INFO: Run Behavior\ReadHtmlCacheBehavior [ RunTime:0.000049s ]
INFO: [ app_begin ] --END-- [ RunTime:0.000091s ]
ERR: 非法操作:Api

[ 2014-09-05T22:34:09+08:00 ] 172.16.14.1 /share/index.php/home/index
INFO: [ app_init ] --START--
INFO: Run Behavior\BuildLiteBehavior [ RunTime:0.000015s ]
INFO: [ app_init ] --END-- [ RunTime:0.000113s ]
INFO: [ app_begin ] --START--
INFO: Run Behavior\ReadHtmlCacheBehavior [ RunTime:0.000051s ]
INFO: [ app_begin ] --END-- [ RunTime:0.000093s ]
INFO: [ view_parse ] --START--
INFO: Run Behavior\ParseTemplateBehavior [ RunTime:0.000173s ]
INFO: [ view_parse ] --END-- [ RunTime:0.000238s ]
INFO: [ view_filter ] --START--
INFO: Run Behavior\WriteHtmlCacheBehavior [ RunTime:0.000061s ]
INFO: [ view_filter ] --END-- [ RunTime:0.000099s ]
INFO: [ app_end ] --START--
INFO: Run Behavior\ShowPageTraceBehavior [ RunTime:0.000067s ]
INFO: [ app_end ] --END-- [ RunTime:0.000103s ]

[ 2014-09-05T22:34:44+08:00 ] 172.16.14.1 /share/index.php/home/api/index
INFO: [ app_init ] --START--
INFO: Run Behavior\BuildLiteBehavior [ RunTime:0.000024s ]
INFO: [ app_init ] --END-- [ RunTime:0.000163s ]
INFO: [ app_begin ] --START--
INFO: Run Behavior\ReadHtmlCacheBehavior [ RunTime:0.000039s ]
INFO: [ app_begin ] --END-- [ RunTime:0.000069s ]
NOTIC: [8] Undefined index: code /var/www/html/share/Application/Ucenter/Api/Uc.class.php 第 33 行.
ERR: 非法操作:index

[ 2014-09-05T22:35:36+08:00 ] 172.16.14.1 /share/index.php/home/api/index
INFO: [ app_init ] --START--
INFO: Run Behavior\BuildLiteBehavior [ RunTime:0.000011s ]
INFO: [ app_init ] --END-- [ RunTime:0.000077s ]
INFO: [ app_begin ] --START--
INFO: Run Behavior\ReadHtmlCacheBehavior [ RunTime:0.000038s ]
INFO: [ app_begin ] --END-- [ RunTime:0.000064s ]
NOTIC: [8] Undefined index: code /var/www/html/share/Application/Ucenter/Api/Uc.class.php 第 33 行.
ERR: 非法操作:index

[ 2014-09-05T22:35:43+08:00 ] 172.16.14.1 /share/index.php/home/Api/index
INFO: [ app_init ] --START--
INFO: Run Behavior\BuildLiteBehavior [ RunTime:0.000017s ]
INFO: [ app_init ] --END-- [ RunTime:0.000116s ]
INFO: [ app_begin ] --START--
INFO: Run Behavior\ReadHtmlCacheBehavior [ RunTime:0.000037s ]
INFO: [ app_begin ] --END-- [ RunTime:0.000069s ]
NOTIC: [8] Undefined index: code /var/www/html/share/Application/Ucenter/Api/Uc.class.php 第 33 行.
ERR: 非法操作:index

[ 2014-09-05T22:35:46+08:00 ] 172.16.14.1 /share/index.php/home/Api/
INFO: [ app_init ] --START--
INFO: Run Behavior\BuildLiteBehavior [ RunTime:0.000015s ]
INFO: [ app_init ] --END-- [ RunTime:0.000108s ]
INFO: [ app_begin ] --START--
INFO: Run Behavior\ReadHtmlCacheBehavior [ RunTime:0.000049s ]
INFO: [ app_begin ] --END-- [ RunTime:0.000093s ]
NOTIC: [8] Undefined index: code /var/www/html/share/Application/Ucenter/Api/Uc.class.php 第 33 行.
ERR: 非法操作:index

[ 2014-09-05T22:35:49+08:00 ] 172.16.14.1 /share/index.php/home/Api
INFO: [ app_init ] --START--
INFO: Run Behavior\BuildLiteBehavior [ RunTime:0.000017s ]
INFO: [ app_init ] --END-- [ RunTime:0.000110s ]
INFO: [ app_begin ] --START--
INFO: Run Behavior\ReadHtmlCacheBehavior [ RunTime:0.000052s ]
INFO: [ app_begin ] --END-- [ RunTime:0.000098s ]
NOTIC: [8] Undefined index: code /var/www/html/share/Application/Ucenter/Api/Uc.class.php 第 33 行.
ERR: 非法操作:index

[ 2014-09-05T22:35:54+08:00 ] 172.16.14.1 /share/index.php/home/
INFO: [ app_init ] --START--
INFO: Run Behavior\BuildLiteBehavior [ RunTime:0.000024s ]
INFO: [ app_init ] --END-- [ RunTime:0.000154s ]
INFO: [ app_begin ] --START--
INFO: Run Behavior\ReadHtmlCacheBehavior [ RunTime:0.000064s ]
INFO: [ app_begin ] --END-- [ RunTime:0.000124s ]
INFO: [ view_parse ] --START--
INFO: Run Behavior\ParseTemplateBehavior [ RunTime:0.000168s ]
INFO: [ view_parse ] --END-- [ RunTime:0.000246s ]
INFO: [ view_filter ] --START--
INFO: Run Behavior\WriteHtmlCacheBehavior [ RunTime:0.000071s ]
INFO: [ view_filter ] --END-- [ RunTime:0.000111s ]
INFO: [ app_end ] --START--
INFO: Run Behavior\ShowPageTraceBehavior [ RunTime:0.000070s ]
INFO: [ app_end ] --END-- [ RunTime:0.000109s ]

[ 2014-09-05T22:35:57+08:00 ] 172.16.14.1 /share/index.php/home/api
INFO: [ app_init ] --START--
INFO: Run Behavior\BuildLiteBehavior [ RunTime:0.000016s ]
INFO: [ app_init ] --END-- [ RunTime:0.000113s ]
INFO: [ app_begin ] --START--
INFO: Run Behavior\ReadHtmlCacheBehavior [ RunTime:0.000055s ]
INFO: [ app_begin ] --END-- [ RunTime:0.000099s ]
NOTIC: [8] Undefined index: code /var/www/html/share/Application/Ucenter/Api/Uc.class.php 第 33 行.
ERR: 非法操作:index

[ 2014-09-05T22:36:00+08:00 ] 172.16.14.1 /share/index.php/home/apii
INFO: [ app_init ] --START--
INFO: Run Behavior\BuildLiteBehavior [ RunTime:0.000015s ]
INFO: [ app_init ] --END-- [ RunTime:0.000110s ]
INFO: [ app_begin ] --START--
INFO: Run Behavior\ReadHtmlCacheBehavior [ RunTime:0.000053s ]
INFO: [ app_begin ] --END-- [ RunTime:0.000100s ]
ERR: 无法加载控制器:Apii

[ 2014-09-05T22:36:04+08:00 ] 172.16.14.1 /share/index.php/home/api
INFO: [ app_init ] --START--
INFO: Run Behavior\BuildLiteBehavior [ RunTime:0.000016s ]
INFO: [ app_init ] --END-- [ RunTime:0.000112s ]
INFO: [ app_begin ] --START--
INFO: Run Behavior\ReadHtmlCacheBehavior [ RunTime:0.000054s ]
INFO: [ app_begin ] --END-- [ RunTime:0.000099s ]
NOTIC: [8] Undefined index: code /var/www/html/share/Application/Ucenter/Api/Uc.class.php 第 33 行.
ERR: 非法操作:index

[ 2014-09-05T22:36:13+08:00 ] 172.16.14.1 /share/index.php/home/api/
INFO: [ app_init ] --START--
INFO: Run Behavior\BuildLiteBehavior [ RunTime:0.000015s ]
INFO: [ app_init ] --END-- [ RunTime:0.000093s ]
INFO: [ app_begin ] --START--
INFO: Run Behavior\ReadHtmlCacheBehavior [ RunTime:0.000053s ]
INFO: [ app_begin ] --END-- [ RunTime:0.000079s ]
NOTIC: [8] Undefined index: code /var/www/html/share/Application/Ucenter/Api/Uc.class.php 第 33 行.
ERR: 非法操作:index

[ 2014-09-05T22:37:40+08:00 ] 172.16.14.146 /share/index.php/home/api/index?code=4416OjSQM%2Fiyp0aEQL1fXMguDbOX7A5bq1GVB2md4zaqqOcJG9C2xI8wKCwqagioAVvqbLqAATaWjHXdZ0Q&__times__=1
INFO: [ app_init ] --START--
INFO: Run Behavior\BuildLiteBehavior [ RunTime:0.000009s ]
INFO: [ app_init ] --END-- [ RunTime:0.000065s ]
INFO: [ app_begin ] --START--
INFO: Run Behavior\ReadHtmlCacheBehavior [ RunTime:0.000028s ]
INFO: [ app_begin ] --END-- [ RunTime:0.000053s ]
NOTIC: [2048] Only variables should be passed by reference /var/www/html/share/Application/Ucenter/Api/Uc.class.php 第 50 行.
NOTIC: [8] Undefined offset: 1 /var/www/html/share/Application/Ucenter/Common/XML.php 第 68 行.
NOTIC: [8] Undefined index: type /var/www/html/share/Application/Ucenter/Common/XML.php 第 68 行.
NOTIC: [8] Undefined index: name /var/www/html/share/Application/Ucenter/Common/XML.php 第 68 行.
NOTIC: [8] Undefined index: url /var/www/html/share/Application/Ucenter/Common/XML.php 第 68 行.
NOTIC: [8] Undefined index: ip /var/www/html/share/Application/Ucenter/Common/XML.php 第 68 行.
NOTIC: [8] Undefined index: viewprourl /var/www/html/share/Application/Ucenter/Common/XML.php 第 68 行.
NOTIC: [8] Undefined index: apifilename /var/www/html/share/Application/Ucenter/Common/XML.php 第 68 行.
NOTIC: [8] Undefined index: charset /var/www/html/share/Application/Ucenter/Common/XML.php 第 68 行.
NOTIC: [8] Undefined index: synlogin /var/www/html/share/Application/Ucenter/Common/XML.php 第 68 行.
NOTIC: [8] Undefined index: extra /var/www/html/share/Application/Ucenter/Common/XML.php 第 68 行.
NOTIC: [8] Undefined index: recvnote /var/www/html/share/Application/Ucenter/Common/XML.php 第 68 行.
NOTIC: [8] Undefined offset: 2 /var/www/html/share/Application/Ucenter/Common/XML.php 第 68 行.
NOTIC: [8] Undefined index: type /var/www/html/share/Application/Ucenter/Common/XML.php 第 68 行.
NOTIC: [8] Undefined index: name /var/www/html/share/Application/Ucenter/Common/XML.php 第 68 行.
NOTIC: [8] Undefined index: url /var/www/html/share/Application/Ucenter/Common/XML.php 第 68 行.
NOTIC: [8] Undefined index: ip /var/www/html/share/Application/Ucenter/Common/XML.php 第 68 行.
NOTIC: [8] Undefined index: viewprourl /var/www/html/share/Application/Ucenter/Common/XML.php 第 68 行.
NOTIC: [8] Undefined index: apifilename /var/www/html/share/Application/Ucenter/Common/XML.php 第 68 行.
NOTIC: [8] Undefined index: charset /var/www/html/share/Application/Ucenter/Common/XML.php 第 68 行.
NOTIC: [8] Undefined index: synlogin /var/www/html/share/Application/Ucenter/Common/XML.php 第 68 行.
NOTIC: [8] Undefined index: extra /var/www/html/share/Application/Ucenter/Common/XML.php 第 68 行.
NOTIC: [8] Undefined index: recvnote /var/www/html/share/Application/Ucenter/Common/XML.php 第 68 行.
NOTIC: [8] Undefined index: UC_API /var/www/html/share/Application/Ucenter/Common/XML.php 第 68 行.
ERR: 非法操作:index

[ 2014-09-05T22:37:54+08:00 ] 172.16.14.146 /share/index.php/home/api/index?code=e6a0wroFA%2BHcyQzLzrFXPptNRCUVLpwjCwcyPXGtHAnV1CStqzHvi%2BgNk2hwnPyUNYXC9gCD1Ng
INFO: [ app_init ] --START--
INFO: Run Behavior\BuildLiteBehavior [ RunTime:0.000017s ]
INFO: [ app_init ] --END-- [ RunTime:0.000130s ]
INFO: [ app_begin ] --START--
INFO: Run Behavior\ReadHtmlCacheBehavior [ RunTime:0.000077s ]
INFO: [ app_begin ] --END-- [ RunTime:0.000137s ]
NOTIC: [2048] Only variables should be passed by reference /var/www/html/share/Application/Ucenter/Api/Uc.class.php 第 50 行.
ERR: 非法操作:index

[ 2014-09-05T22:38:18+08:00 ] 172.16.14.146 /share/index.php/home/api/index?code=4801Ce2uf5Jqjihu%2FJqTqFrwYdiKQJIRoGv3hhw8xROLuYupicE%2Fp06pz%2FOmNI1ISQhH4kqUWJM
INFO: [ app_init ] --START--
INFO: Run Behavior\BuildLiteBehavior [ RunTime:0.000010s ]
INFO: [ app_init ] --END-- [ RunTime:0.000075s ]
INFO: [ app_begin ] --START--
INFO: Run Behavior\ReadHtmlCacheBehavior [ RunTime:0.000038s ]
INFO: [ app_begin ] --END-- [ RunTime:0.000064s ]
NOTIC: [2048] Only variables should be passed by reference /var/www/html/share/Application/Ucenter/Api/Uc.class.php 第 50 行.
ERR: 非法操作:index

[ 2014-09-05T22:38:43+08:00 ] 172.16.14.146 /share/index.php/home/api/index?code=c436o09L1YH4moLJOxubVi%2FPv8KpoJFICKml2i9oou3a6z6qjMMBy5EvNp9s0ZKGb8Rm43nV8Io
INFO: [ app_init ] --START--
INFO: Run Behavior\BuildLiteBehavior [ RunTime:0.000008s ]
INFO: [ app_init ] --END-- [ RunTime:0.000059s ]
INFO: [ app_begin ] --START--
INFO: Run Behavior\ReadHtmlCacheBehavior [ RunTime:0.000038s ]
INFO: [ app_begin ] --END-- [ RunTime:0.000064s ]
NOTIC: [2048] Only variables should be passed by reference /var/www/html/share/Application/Ucenter/Api/Uc.class.php 第 50 行.
ERR: 非法操作:index

[ 2014-09-05T22:38:56+08:00 ] 172.16.14.146 /share/index.php/home/api/index?code=80d21GjWvpFzPwhVQCteGWOACL4tMt4neNd3ZWClSOdfJA7L5TuTgLduxj4rvOqQX8Mnpz8k%2Fpc
INFO: [ app_init ] --START--
INFO: Run Behavior\BuildLiteBehavior [ RunTime:0.000016s ]
INFO: [ app_init ] --END-- [ RunTime:0.000105s ]
INFO: [ app_begin ] --START--
INFO: Run Behavior\ReadHtmlCacheBehavior [ RunTime:0.000036s ]
INFO: [ app_begin ] --END-- [ RunTime:0.000063s ]
NOTIC: [2048] Only variables should be passed by reference /var/www/html/share/Application/Ucenter/Api/Uc.class.php 第 50 行.
ERR: 非法操作:index

[ 2014-09-05T23:09:17+08:00 ] 172.16.14.1 /share/index.php/home/api
INFO: [ app_init ] --START--
INFO: Run Behavior\BuildLiteBehavior [ RunTime:0.000015s ]
INFO: [ app_init ] --END-- [ RunTime:0.000119s ]
INFO: [ app_begin ] --START--
INFO: Run Behavior\ReadHtmlCacheBehavior [ RunTime:0.000065s ]
INFO: [ app_begin ] --END-- [ RunTime:0.000095s ]
NOTIC: [8] Undefined index: code /var/www/html/share/Application/Ucenter/Api/Uc.class.php 第 33 行.
ERR: 非法操作:index

[ 2014-09-05T23:09:25+08:00 ] 172.16.14.1 /share/index.php/home/api/index/a/1
INFO: [ app_init ] --START--
INFO: Run Behavior\BuildLiteBehavior [ RunTime:0.000018s ]
INFO: [ app_init ] --END-- [ RunTime:0.000264s ]
INFO: [ app_begin ] --START--
INFO: Run Behavior\ReadHtmlCacheBehavior [ RunTime:0.000059s ]
INFO: [ app_begin ] --END-- [ RunTime:0.000105s ]
NOTIC: [8] Undefined index: code /var/www/html/share/Application/Ucenter/Api/Uc.class.php 第 33 行.
ERR: 非法操作:index

[ 2014-09-05T23:09:32+08:00 ] 172.16.14.1 /share/index.php/home/api/index/code/1
INFO: [ app_init ] --START--
INFO: Run Behavior\BuildLiteBehavior [ RunTime:0.000016s ]
INFO: [ app_init ] --END-- [ RunTime:0.000132s ]
INFO: [ app_begin ] --START--
INFO: Run Behavior\ReadHtmlCacheBehavior [ RunTime:0.000034s ]
INFO: [ app_begin ] --END-- [ RunTime:0.000061s ]
ERR: 非法操作:index

[ 2014-09-05T23:10:19+08:00 ] 172.16.14.1 /share/index.php/home/api/index/code/1/action/response
INFO: [ app_init ] --START--
INFO: Run Behavior\BuildLiteBehavior [ RunTime:0.000022s ]
INFO: [ app_init ] --END-- [ RunTime:0.000174s ]
INFO: [ app_begin ] --START--
INFO: Run Behavior\ReadHtmlCacheBehavior [ RunTime:0.000094s ]
INFO: [ app_begin ] --END-- [ RunTime:0.000166s ]
ERR: 非法操作:index

[ 2014-09-05T23:12:40+08:00 ] 172.16.14.146 /share/index.php/home/api/index?code=8e83n0uvIZNShZSve7YQW8YQJRH6hjYisrjvmn3rqHlsfyZdeWVqXv4Su%2BuGKb9dblzplgA6zVlExCZovP0&__times__=1
INFO: [ app_init ] --START--
INFO: Run Behavior\BuildLiteBehavior [ RunTime:0.000008s ]
INFO: [ app_init ] --END-- [ RunTime:0.000067s ]
INFO: [ app_begin ] --START--
INFO: Run Behavior\ReadHtmlCacheBehavior [ RunTime:0.000036s ]
INFO: [ app_begin ] --END-- [ RunTime:0.000072s ]
NOTIC: [2048] Only variables should be passed by reference /var/www/html/share/Application/Ucenter/Api/Uc.class.php 第 50 行.
NOTIC: [8] Undefined offset: 1 /var/www/html/share/Application/Ucenter/Common/XML.php 第 68 行.
NOTIC: [8] Undefined index: type /var/www/html/share/Application/Ucenter/Common/XML.php 第 68 行.
NOTIC: [8] Undefined index: name /var/www/html/share/Application/Ucenter/Common/XML.php 第 68 行.
NOTIC: [8] Undefined index: url /var/www/html/share/Application/Ucenter/Common/XML.php 第 68 行.
NOTIC: [8] Undefined index: ip /var/www/html/share/Application/Ucenter/Common/XML.php 第 68 行.
NOTIC: [8] Undefined index: viewprourl /var/www/html/share/Application/Ucenter/Common/XML.php 第 68 行.
NOTIC: [8] Undefined index: apifilename /var/www/html/share/Application/Ucenter/Common/XML.php 第 68 行.
NOTIC: [8] Undefined index: charset /var/www/html/share/Application/Ucenter/Common/XML.php 第 68 行.
NOTIC: [8] Undefined index: synlogin /var/www/html/share/Application/Ucenter/Common/XML.php 第 68 行.
NOTIC: [8] Undefined index: extra /var/www/html/share/Application/Ucenter/Common/XML.php 第 68 行.
NOTIC: [8] Undefined index: recvnote /var/www/html/share/Application/Ucenter/Common/XML.php 第 68 行.
NOTIC: [8] Undefined offset: 2 /var/www/html/share/Application/Ucenter/Common/XML.php 第 68 行.
NOTIC: [8] Undefined index: type /var/www/html/share/Application/Ucenter/Common/XML.php 第 68 行.
NOTIC: [8] Undefined index: name /var/www/html/share/Application/Ucenter/Common/XML.php 第 68 行.
NOTIC: [8] Undefined index: url /var/www/html/share/Application/Ucenter/Common/XML.php 第 68 行.
NOTIC: [8] Undefined index: ip /var/www/html/share/Application/Ucenter/Common/XML.php 第 68 行.
NOTIC: [8] Undefined index: viewprourl /var/www/html/share/Application/Ucenter/Common/XML.php 第 68 行.
NOTIC: [8] Undefined index: apifilename /var/www/html/share/Application/Ucenter/Common/XML.php 第 68 行.
NOTIC: [8] Undefined index: charset /var/www/html/share/Application/Ucenter/Common/XML.php 第 68 行.
NOTIC: [8] Undefined index: synlogin /var/www/html/share/Application/Ucenter/Common/XML.php 第 68 行.
NOTIC: [8] Undefined index: extra /var/www/html/share/Application/Ucenter/Common/XML.php 第 68 行.
NOTIC: [8] Undefined index: recvnote /var/www/html/share/Application/Ucenter/Common/XML.php 第 68 行.
NOTIC: [8] Undefined index: UC_API /var/www/html/share/Application/Ucenter/Common/XML.php 第 68 行.
ERR: 非法操作:index

[ 2014-09-05T23:12:40+08:00 ] 172.16.14.146 /share/index.php/home/api/index?code=779bhFvCU1LAHIcMsZPakjV9XERcM0V2YbZkaTWomzVhhjypMVQ5mwMuTX3hKhbGge50tx3kIZCqxKWWLXw&__times__=1
INFO: [ app_init ] --START--
INFO: Run Behavior\BuildLiteBehavior [ RunTime:0.000008s ]
INFO: [ app_init ] --END-- [ RunTime:0.000059s ]
INFO: [ app_begin ] --START--
INFO: Run Behavior\ReadHtmlCacheBehavior [ RunTime:0.000029s ]
INFO: [ app_begin ] --END-- [ RunTime:0.000055s ]
NOTIC: [2048] Only variables should be passed by reference /var/www/html/share/Application/Ucenter/Api/Uc.class.php 第 50 行.
NOTIC: [8] Undefined offset: 1 /var/www/html/share/Application/Ucenter/Common/XML.php 第 68 行.
NOTIC: [8] Undefined index: type /var/www/html/share/Application/Ucenter/Common/XML.php 第 68 行.
NOTIC: [8] Undefined index: name /var/www/html/share/Application/Ucenter/Common/XML.php 第 68 行.
NOTIC: [8] Undefined index: url /var/www/html/share/Application/Ucenter/Common/XML.php 第 68 行.
NOTIC: [8] Undefined index: ip /var/www/html/share/Application/Ucenter/Common/XML.php 第 68 行.
NOTIC: [8] Undefined index: viewprourl /var/www/html/share/Application/Ucenter/Common/XML.php 第 68 行.
NOTIC: [8] Undefined index: apifilename /var/www/html/share/Application/Ucenter/Common/XML.php 第 68 行.
NOTIC: [8] Undefined index: charset /var/www/html/share/Application/Ucenter/Common/XML.php 第 68 行.
NOTIC: [8] Undefined index: synlogin /var/www/html/share/Application/Ucenter/Common/XML.php 第 68 行.
NOTIC: [8] Undefined index: extra /var/www/html/share/Application/Ucenter/Common/XML.php 第 68 行.
NOTIC: [8] Undefined index: recvnote /var/www/html/share/Application/Ucenter/Common/XML.php 第 68 行.
NOTIC: [8] Undefined offset: 2 /var/www/html/share/Application/Ucenter/Common/XML.php 第 68 行.
NOTIC: [8] Undefined index: type /var/www/html/share/Application/Ucenter/Common/XML.php 第 68 行.
NOTIC: [8] Undefined index: name /var/www/html/share/Application/Ucenter/Common/XML.php 第 68 行.
NOTIC: [8] Undefined index: url /var/www/html/share/Application/Ucenter/Common/XML.php 第 68 行.
NOTIC: [8] Undefined index: ip /var/www/html/share/Application/Ucenter/Common/XML.php 第 68 行.
NOTIC: [8] Undefined index: viewprourl /var/www/html/share/Application/Ucenter/Common/XML.php 第 68 行.
NOTIC: [8] Undefined index: apifilename /var/www/html/share/Application/Ucenter/Common/XML.php 第 68 行.
NOTIC: [8] Undefined index: charset /var/www/html/share/Application/Ucenter/Common/XML.php 第 68 行.
NOTIC: [8] Undefined index: synlogin /var/www/html/share/Application/Ucenter/Common/XML.php 第 68 行.
NOTIC: [8] Undefined index: extra /var/www/html/share/Application/Ucenter/Common/XML.php 第 68 行.
NOTIC: [8] Undefined index: recvnote /var/www/html/share/Application/Ucenter/Common/XML.php 第 68 行.
NOTIC: [8] Undefined index: UC_API /var/www/html/share/Application/Ucenter/Common/XML.php 第 68 行.
ERR: 非法操作:index

[ 2014-09-05T23:13:00+08:00 ] 172.16.14.146 /share/index.php/home/api/index?code=e4f9h9nQzbtywSLyohVro6Cqvw4RV49Vp3I8OFs2f0LsMu48VnEcDupETG1Cwzrkw0ivvtiwXKP42jOmvP4&__times__=1
INFO: [ app_init ] --START--
INFO: Run Behavior\BuildLiteBehavior [ RunTime:0.000017s ]
INFO: [ app_init ] --END-- [ RunTime:0.000109s ]
INFO: [ app_begin ] --START--
INFO: Run Behavior\ReadHtmlCacheBehavior [ RunTime:0.000048s ]
INFO: [ app_begin ] --END-- [ RunTime:0.000095s ]
NOTIC: [2048] Only variables should be passed by reference /var/www/html/share/Application/Ucenter/Api/Uc.class.php 第 50 行.
NOTIC: [8] Undefined offset: 1 /var/www/html/share/Application/Ucenter/Common/XML.php 第 68 行.
NOTIC: [8] Undefined index: type /var/www/html/share/Application/Ucenter/Common/XML.php 第 68 行.
NOTIC: [8] Undefined index: name /var/www/html/share/Application/Ucenter/Common/XML.php 第 68 行.
NOTIC: [8] Undefined index: url /var/www/html/share/Application/Ucenter/Common/XML.php 第 68 行.
NOTIC: [8] Undefined index: ip /var/www/html/share/Application/Ucenter/Common/XML.php 第 68 行.
NOTIC: [8] Undefined index: viewprourl /var/www/html/share/Application/Ucenter/Common/XML.php 第 68 行.
NOTIC: [8] Undefined index: apifilename /var/www/html/share/Application/Ucenter/Common/XML.php 第 68 行.
NOTIC: [8] Undefined index: charset /var/www/html/share/Application/Ucenter/Common/XML.php 第 68 行.
NOTIC: [8] Undefined index: synlogin /var/www/html/share/Application/Ucenter/Common/XML.php 第 68 行.
NOTIC: [8] Undefined index: extra /var/www/html/share/Application/Ucenter/Common/XML.php 第 68 行.
NOTIC: [8] Undefined index: recvnote /var/www/html/share/Application/Ucenter/Common/XML.php 第 68 行.
NOTIC: [8] Undefined offset: 2 /var/www/html/share/Application/Ucenter/Common/XML.php 第 68 行.
NOTIC: [8] Undefined index: type /var/www/html/share/Application/Ucenter/Common/XML.php 第 68 行.
NOTIC: [8] Undefined index: name /var/www/html/share/Application/Ucenter/Common/XML.php 第 68 行.
NOTIC: [8] Undefined index: url /var/www/html/share/Application/Ucenter/Common/XML.php 第 68 行.
NOTIC: [8] Undefined index: ip /var/www/html/share/Application/Ucenter/Common/XML.php 第 68 行.
NOTIC: [8] Undefined index: viewprourl /var/www/html/share/Application/Ucenter/Common/XML.php 第 68 行.
NOTIC: [8] Undefined index: apifilename /var/www/html/share/Application/Ucenter/Common/XML.php 第 68 行.
NOTIC: [8] Undefined index: charset /var/www/html/share/Application/Ucenter/Common/XML.php 第 68 行.
NOTIC: [8] Undefined index: synlogin /var/www/html/share/Application/Ucenter/Common/XML.php 第 68 行.
NOTIC: [8] Undefined index: extra /var/www/html/share/Application/Ucenter/Common/XML.php 第 68 行.
NOTIC: [8] Undefined index: extraurl /var/www/html/share/Application/Ucenter/Common/XML.php 第 68 行.
NOTIC: [8] Undefined index: recvnote /var/www/html/share/Application/Ucenter/Common/XML.php 第 68 行.
NOTIC: [8] Undefined index: UC_API /var/www/html/share/Application/Ucenter/Common/XML.php 第 68 行.
ERR: 非法操作:index

[ 2014-09-05T23:13:00+08:00 ] 172.16.14.146 /share/index.php/home/api/index?code=3508PqaRSe5wBiI2TDhmlxw8IsSVIINsohMoMTXc8df9RmrylLvX66nOkSqJf32BlCTQl5zLABwPcimmEno&__times__=1
INFO: [ app_init ] --START--
INFO: Run Behavior\BuildLiteBehavior [ RunTime:0.000014s ]
INFO: [ app_init ] --END-- [ RunTime:0.000094s ]
INFO: [ app_begin ] --START--
INFO: Run Behavior\ReadHtmlCacheBehavior [ RunTime:0.000040s ]
INFO: [ app_begin ] --END-- [ RunTime:0.000081s ]
NOTIC: [2048] Only variables should be passed by reference /var/www/html/share/Application/Ucenter/Api/Uc.class.php 第 50 行.
NOTIC: [8] Undefined offset: 1 /var/www/html/share/Application/Ucenter/Common/XML.php 第 68 行.
NOTIC: [8] Undefined index: type /var/www/html/share/Application/Ucenter/Common/XML.php 第 68 行.
NOTIC: [8] Undefined index: name /var/www/html/share/Application/Ucenter/Common/XML.php 第 68 行.
NOTIC: [8] Undefined index: url /var/www/html/share/Application/Ucenter/Common/XML.php 第 68 行.
NOTIC: [8] Undefined index: ip /var/www/html/share/Application/Ucenter/Common/XML.php 第 68 行.
NOTIC: [8] Undefined index: viewprourl /var/www/html/share/Application/Ucenter/Common/XML.php 第 68 行.
NOTIC: [8] Undefined index: apifilename /var/www/html/share/Application/Ucenter/Common/XML.php 第 68 行.
NOTIC: [8] Undefined index: charset /var/www/html/share/Application/Ucenter/Common/XML.php 第 68 行.
NOTIC: [8] Undefined index: synlogin /var/www/html/share/Application/Ucenter/Common/XML.php 第 68 行.
NOTIC: [8] Undefined index: extra /var/www/html/share/Application/Ucenter/Common/XML.php 第 68 行.
NOTIC: [8] Undefined index: recvnote /var/www/html/share/Application/Ucenter/Common/XML.php 第 68 行.
NOTIC: [8] Undefined offset: 2 /var/www/html/share/Application/Ucenter/Common/XML.php 第 68 行.
NOTIC: [8] Undefined index: type /var/www/html/share/Application/Ucenter/Common/XML.php 第 68 行.
NOTIC: [8] Undefined index: name /var/www/html/share/Application/Ucenter/Common/XML.php 第 68 行.
NOTIC: [8] Undefined index: url /var/www/html/share/Application/Ucenter/Common/XML.php 第 68 行.
NOTIC: [8] Undefined index: ip /var/www/html/share/Application/Ucenter/Common/XML.php 第 68 行.
NOTIC: [8] Undefined index: viewprourl /var/www/html/share/Application/Ucenter/Common/XML.php 第 68 行.
NOTIC: [8] Undefined index: apifilename /var/www/html/share/Application/Ucenter/Common/XML.php 第 68 行.
NOTIC: [8] Undefined index: charset /var/www/html/share/Application/Ucenter/Common/XML.php 第 68 行.
NOTIC: [8] Undefined index: synlogin /var/www/html/share/Application/Ucenter/Common/XML.php 第 68 行.
NOTIC: [8] Undefined index: extra /var/www/html/share/Application/Ucenter/Common/XML.php 第 68 行.
NOTIC: [8] Undefined index: extraurl /var/www/html/share/Application/Ucenter/Common/XML.php 第 68 行.
NOTIC: [8] Undefined index: recvnote /var/www/html/share/Application/Ucenter/Common/XML.php 第 68 行.
NOTIC: [8] Undefined index: UC_API /var/www/html/share/Application/Ucenter/Common/XML.php 第 68 行.
ERR: 非法操作:index

[ 2014-09-05T23:13:00+08:00 ] 172.16.14.146 /share/index.php/home/api/index?code=5f47d2LbxkAnLrW4qw0c5uq51KA28OaWLQ%2FdKGf4NpPJTZxnSbytQQX6hWhxt9VdC1gVd1rEhPoWkutWLz0&__times__=1
INFO: [ app_init ] --START--
INFO: Run Behavior\BuildLiteBehavior [ RunTime:0.000016s ]
INFO: [ app_init ] --END-- [ RunTime:0.000127s ]
INFO: [ app_begin ] --START--
INFO: Run Behavior\ReadHtmlCacheBehavior [ RunTime:0.000047s ]
INFO: [ app_begin ] --END-- [ RunTime:0.000088s ]
NOTIC: [2048] Only variables should be passed by reference /var/www/html/share/Application/Ucenter/Api/Uc.class.php 第 50 行.
NOTIC: [8] Undefined offset: 1 /var/www/html/share/Application/Ucenter/Common/XML.php 第 68 行.
NOTIC: [8] Undefined index: type /var/www/html/share/Application/Ucenter/Common/XML.php 第 68 行.
NOTIC: [8] Undefined index: name /var/www/html/share/Application/Ucenter/Common/XML.php 第 68 行.
NOTIC: [8] Undefined index: url /var/www/html/share/Application/Ucenter/Common/XML.php 第 68 行.
NOTIC: [8] Undefined index: ip /var/www/html/share/Application/Ucenter/Common/XML.php 第 68 行.
NOTIC: [8] Undefined index: viewprourl /var/www/html/share/Application/Ucenter/Common/XML.php 第 68 行.
NOTIC: [8] Undefined index: apifilename /var/www/html/share/Application/Ucenter/Common/XML.php 第 68 行.
NOTIC: [8] Undefined index: charset /var/www/html/share/Application/Ucenter/Common/XML.php 第 68 行.
NOTIC: [8] Undefined index: synlogin /var/www/html/share/Application/Ucenter/Common/XML.php 第 68 行.
NOTIC: [8] Undefined index: extra /var/www/html/share/Application/Ucenter/Common/XML.php 第 68 行.
NOTIC: [8] Undefined index: recvnote /var/www/html/share/Application/Ucenter/Common/XML.php 第 68 行.
NOTIC: [8] Undefined offset: 2 /var/www/html/share/Application/Ucenter/Common/XML.php 第 68 行.
NOTIC: [8] Undefined index: type /var/www/html/share/Application/Ucenter/Common/XML.php 第 68 行.
NOTIC: [8] Undefined index: name /var/www/html/share/Application/Ucenter/Common/XML.php 第 68 行.
NOTIC: [8] Undefined index: url /var/www/html/share/Application/Ucenter/Common/XML.php 第 68 行.
NOTIC: [8] Undefined index: ip /var/www/html/share/Application/Ucenter/Common/XML.php 第 68 行.
NOTIC: [8] Undefined index: viewprourl /var/www/html/share/Application/Ucenter/Common/XML.php 第 68 行.
NOTIC: [8] Undefined index: apifilename /var/www/html/share/Application/Ucenter/Common/XML.php 第 68 行.
NOTIC: [8] Undefined index: charset /var/www/html/share/Application/Ucenter/Common/XML.php 第 68 行.
NOTIC: [8] Undefined index: synlogin /var/www/html/share/Application/Ucenter/Common/XML.php 第 68 行.
NOTIC: [8] Undefined index: extra /var/www/html/share/Application/Ucenter/Common/XML.php 第 68 行.
NOTIC: [8] Undefined index: extraurl /var/www/html/share/Application/Ucenter/Common/XML.php 第 68 行.
NOTIC: [8] Undefined index: recvnote /var/www/html/share/Application/Ucenter/Common/XML.php 第 68 行.
NOTIC: [8] Undefined index: UC_API /var/www/html/share/Application/Ucenter/Common/XML.php 第 68 行.
ERR: 非法操作:index

[ 2014-09-05T23:13:16+08:00 ] 172.16.14.146 /share/index.php/home/api/index?code=83c0hp8Qi2dbNxjJTLIU%2BTEwHxUcvKiDtcTA%2FR%2Bztc9H9xpBSTz5mO%2F9dvLPFVk9ATlSs9ib2gOkZdvv0KM&__times__=1
INFO: [ app_init ] --START--
INFO: Run Behavior\BuildLiteBehavior [ RunTime:0.000010s ]
INFO: [ app_init ] --END-- [ RunTime:0.000073s ]
INFO: [ app_begin ] --START--
INFO: Run Behavior\ReadHtmlCacheBehavior [ RunTime:0.000034s ]
INFO: [ app_begin ] --END-- [ RunTime:0.000066s ]
NOTIC: [2048] Only variables should be passed by reference /var/www/html/share/Application/Ucenter/Api/Uc.class.php 第 50 行.
NOTIC: [8] Undefined offset: 1 /var/www/html/share/Application/Ucenter/Common/XML.php 第 68 行.
NOTIC: [8] Undefined index: type /var/www/html/share/Application/Ucenter/Common/XML.php 第 68 行.
NOTIC: [8] Undefined index: name /var/www/html/share/Application/Ucenter/Common/XML.php 第 68 行.
NOTIC: [8] Undefined index: url /var/www/html/share/Application/Ucenter/Common/XML.php 第 68 行.
NOTIC: [8] Undefined index: ip /var/www/html/share/Application/Ucenter/Common/XML.php 第 68 行.
NOTIC: [8] Undefined index: viewprourl /var/www/html/share/Application/Ucenter/Common/XML.php 第 68 行.
NOTIC: [8] Undefined index: apifilename /var/www/html/share/Application/Ucenter/Common/XML.php 第 68 行.
NOTIC: [8] Undefined index: charset /var/www/html/share/Application/Ucenter/Common/XML.php 第 68 行.
NOTIC: [8] Undefined index: synlogin /var/www/html/share/Application/Ucenter/Common/XML.php 第 68 行.
NOTIC: [8] Undefined index: extra /var/www/html/share/Application/Ucenter/Common/XML.php 第 68 行.
NOTIC: [8] Undefined index: recvnote /var/www/html/share/Application/Ucenter/Common/XML.php 第 68 行.
NOTIC: [8] Undefined offset: 2 /var/www/html/share/Application/Ucenter/Common/XML.php 第 68 行.
NOTIC: [8] Undefined index: type /var/www/html/share/Application/Ucenter/Common/XML.php 第 68 行.
NOTIC: [8] Undefined index: name /var/www/html/share/Application/Ucenter/Common/XML.php 第 68 行.
NOTIC: [8] Undefined index: url /var/www/html/share/Application/Ucenter/Common/XML.php 第 68 行.
NOTIC: [8] Undefined index: ip /var/www/html/share/Application/Ucenter/Common/XML.php 第 68 行.
NOTIC: [8] Undefined index: viewprourl /var/www/html/share/Application/Ucenter/Common/XML.php 第 68 行.
NOTIC: [8] Undefined index: apifilename /var/www/html/share/Application/Ucenter/Common/XML.php 第 68 行.
NOTIC: [8] Undefined index: charset /var/www/html/share/Application/Ucenter/Common/XML.php 第 68 行.
NOTIC: [8] Undefined index: synlogin /var/www/html/share/Application/Ucenter/Common/XML.php 第 68 行.
NOTIC: [8] Undefined index: extra /var/www/html/share/Application/Ucenter/Common/XML.php 第 68 行.
NOTIC: [8] Undefined index: extraurl /var/www/html/share/Application/Ucenter/Common/XML.php 第 68 行.
NOTIC: [8] Undefined index: recvnote /var/www/html/share/Application/Ucenter/Common/XML.php 第 68 行.
NOTIC: [8] Undefined index: UC_API /var/www/html/share/Application/Ucenter/Common/XML.php 第 68 行.
ERR: 非法操作:index

[ 2014-09-05T23:13:19+08:00 ] 172.16.14.146 /share/index.php/home/api/index?code=9ecfzD0yGP0YTF%2FLHJBhFWZ2CYgjjRAKpRQeo9hwuGquZjWV8Jgi8s16Sowl7YSAYfUOnulbqYE
INFO: [ app_init ] --START--
INFO: Run Behavior\BuildLiteBehavior [ RunTime:0.000008s ]
INFO: [ app_init ] --END-- [ RunTime:0.000067s ]
INFO: [ app_begin ] --START--
INFO: Run Behavior\ReadHtmlCacheBehavior [ RunTime:0.000032s ]
INFO: [ app_begin ] --END-- [ RunTime:0.000057s ]
NOTIC: [2048] Only variables should be passed by reference /var/www/html/share/Application/Ucenter/Api/Uc.class.php 第 50 行.
ERR: 非法操作:index

[ 2014-09-05T23:13:20+08:00 ] 172.16.14.146 /share/index.php/home/api/index?code=5b2a9GkW5MLbqd2RWUKdAkwGeqCl61Cy3XaBE%2BbluhTx2nI2zgh0VxGs13UGC7Swqa%2FRAHqa2uXCoIK9YXs&__times__=1
INFO: [ app_init ] --START--
INFO: Run Behavior\BuildLiteBehavior [ RunTime:0.000008s ]
INFO: [ app_init ] --END-- [ RunTime:0.000057s ]
INFO: [ app_begin ] --START--
INFO: Run Behavior\ReadHtmlCacheBehavior [ RunTime:0.000027s ]
INFO: [ app_begin ] --END-- [ RunTime:0.000051s ]
NOTIC: [2048] Only variables should be passed by reference /var/www/html/share/Application/Ucenter/Api/Uc.class.php 第 50 行.
NOTIC: [8] Undefined offset: 1 /var/www/html/share/Application/Ucenter/Common/XML.php 第 68 行.
NOTIC: [8] Undefined index: type /var/www/html/share/Application/Ucenter/Common/XML.php 第 68 行.
NOTIC: [8] Undefined index: name /var/www/html/share/Application/Ucenter/Common/XML.php 第 68 行.
NOTIC: [8] Undefined index: url /var/www/html/share/Application/Ucenter/Common/XML.php 第 68 行.
NOTIC: [8] Undefined index: ip /var/www/html/share/Application/Ucenter/Common/XML.php 第 68 行.
NOTIC: [8] Undefined index: viewprourl /var/www/html/share/Application/Ucenter/Common/XML.php 第 68 行.
NOTIC: [8] Undefined index: apifilename /var/www/html/share/Application/Ucenter/Common/XML.php 第 68 行.
NOTIC: [8] Undefined index: charset /var/www/html/share/Application/Ucenter/Common/XML.php 第 68 行.
NOTIC: [8] Undefined index: synlogin /var/www/html/share/Application/Ucenter/Common/XML.php 第 68 行.
NOTIC: [8] Undefined index: extra /var/www/html/share/Application/Ucenter/Common/XML.php 第 68 行.
NOTIC: [8] Undefined index: recvnote /var/www/html/share/Application/Ucenter/Common/XML.php 第 68 行.
NOTIC: [8] Undefined offset: 2 /var/www/html/share/Application/Ucenter/Common/XML.php 第 68 行.
NOTIC: [8] Undefined index: type /var/www/html/share/Application/Ucenter/Common/XML.php 第 68 行.
NOTIC: [8] Undefined index: name /var/www/html/share/Application/Ucenter/Common/XML.php 第 68 行.
NOTIC: [8] Undefined index: url /var/www/html/share/Application/Ucenter/Common/XML.php 第 68 行.
NOTIC: [8] Undefined index: ip /var/www/html/share/Application/Ucenter/Common/XML.php 第 68 行.
NOTIC: [8] Undefined index: viewprourl /var/www/html/share/Application/Ucenter/Common/XML.php 第 68 行.
NOTIC: [8] Undefined index: apifilename /var/www/html/share/Application/Ucenter/Common/XML.php 第 68 行.
NOTIC: [8] Undefined index: charset /var/www/html/share/Application/Ucenter/Common/XML.php 第 68 行.
NOTIC: [8] Undefined index: synlogin /var/www/html/share/Application/Ucenter/Common/XML.php 第 68 行.
NOTIC: [8] Undefined index: extra /var/www/html/share/Application/Ucenter/Common/XML.php 第 68 行.
NOTIC: [8] Undefined index: extraurl /var/www/html/share/Application/Ucenter/Common/XML.php 第 68 行.
NOTIC: [8] Undefined index: recvnote /var/www/html/share/Application/Ucenter/Common/XML.php 第 68 行.
NOTIC: [8] Undefined index: UC_API /var/www/html/share/Application/Ucenter/Common/XML.php 第 68 行.
ERR: 非法操作:index

[ 2014-09-05T23:13:36+08:00 ] 172.16.14.146 /share/index.php/home/api/index?code=18a3LbR%2BQNKA1Y22lwg1VOMi3hNjcSNXbqdSXX%2FwoRHnTAN%2B6nu2dG69kHhWDy0dASmEYPuODlc
INFO: [ app_init ] --START--
INFO: Run Behavior\BuildLiteBehavior [ RunTime:0.000009s ]
INFO: [ app_init ] --END-- [ RunTime:0.000077s ]
INFO: [ app_begin ] --START--
INFO: Run Behavior\ReadHtmlCacheBehavior [ RunTime:0.000061s ]
INFO: [ app_begin ] --END-- [ RunTime:0.000105s ]
NOTIC: [2048] Only variables should be passed by reference /var/www/html/share/Application/Ucenter/Api/Uc.class.php 第 50 行.
ERR: 非法操作:index

[ 2014-09-05T23:13:41+08:00 ] 172.16.14.1 /share/index.php/home
INFO: [ app_init ] --START--
INFO: Run Behavior\BuildLiteBehavior [ RunTime:0.000011s ]
INFO: [ app_init ] --END-- [ RunTime:0.000088s ]
INFO: [ app_begin ] --START--
INFO: Run Behavior\ReadHtmlCacheBehavior [ RunTime:0.000061s ]
INFO: [ app_begin ] --END-- [ RunTime:0.000105s ]
INFO: [ view_parse ] --START--
INFO: Run Behavior\ParseTemplateBehavior [ RunTime:0.000087s ]
INFO: [ view_parse ] --END-- [ RunTime:0.000140s ]
INFO: [ view_filter ] --START--
INFO: Run Behavior\WriteHtmlCacheBehavior [ RunTime:0.000068s ]
INFO: [ view_filter ] --END-- [ RunTime:0.000105s ]
INFO: [ app_end ] --START--
INFO: Run Behavior\ShowPageTraceBehavior [ RunTime:0.000040s ]
INFO: [ app_end ] --END-- [ RunTime:0.000064s ]

[ 2014-09-05T23:13:53+08:00 ] 172.16.14.1 /share/index.php/home/api/index
INFO: [ app_init ] --START--
INFO: Run Behavior\BuildLiteBehavior [ RunTime:0.000014s ]
INFO: [ app_init ] --END-- [ RunTime:0.000102s ]
INFO: [ app_begin ] --START--
INFO: Run Behavior\ReadHtmlCacheBehavior [ RunTime:0.000052s ]
INFO: [ app_begin ] --END-- [ RunTime:0.000096s ]
NOTIC: [8] Undefined index: code /var/www/html/share/Application/Ucenter/Api/Uc.class.php 第 33 行.
ERR: 非法操作:index

[ 2014-09-05T23:14:09+08:00 ] 172.16.14.1 /share/index.php/home/api/and%20i%20thought%20we%20could%20be%20you%20could%20onl
INFO: [ app_init ] --START--
INFO: Run Behavior\BuildLiteBehavior [ RunTime:0.000015s ]
INFO: [ app_init ] --END-- [ RunTime:0.000109s ]
INFO: [ app_begin ] --START--
INFO: Run Behavior\ReadHtmlCacheBehavior [ RunTime:0.000054s ]
INFO: [ app_begin ] --END-- [ RunTime:0.000101s ]
NOTIC: [8] Undefined index: code /var/www/html/share/Application/Ucenter/Api/Uc.class.php 第 33 行.
ERR: 非法操作:and i thought we could be you could onl

[ 2014-09-05T23:14:17+08:00 ] 172.16.14.1 /share/index.php/home/api/0
INFO: [ app_init ] --START--
INFO: Run Behavior\BuildLiteBehavior [ RunTime:0.000015s ]
INFO: [ app_init ] --END-- [ RunTime:0.000113s ]
INFO: [ app_begin ] --START--
INFO: Run Behavior\ReadHtmlCacheBehavior [ RunTime:0.000057s ]
INFO: [ app_begin ] --END-- [ RunTime:0.000103s ]
NOTIC: [8] Undefined index: code /var/www/html/share/Application/Ucenter/Api/Uc.class.php 第 33 行.
ERR: 非法操作:index

[ 2014-09-05T23:14:22+08:00 ] 172.16.14.1 /share/index.php/home/api
INFO: [ app_init ] --START--
INFO: Run Behavior\BuildLiteBehavior [ RunTime:0.000015s ]
INFO: [ app_init ] --END-- [ RunTime:0.000116s ]
INFO: [ app_begin ] --START--
INFO: Run Behavior\ReadHtmlCacheBehavior [ RunTime:0.000077s ]
INFO: [ app_begin ] --END-- [ RunTime:0.000125s ]
NOTIC: [8] Undefined index: code /var/www/html/share/Application/Ucenter/Api/Uc.class.php 第 33 行.
ERR: 非法操作:index

[ 2014-09-05T23:14:57+08:00 ] 172.16.14.1 /share/index.php/home/api
INFO: [ app_init ] --START--
INFO: Run Behavior\BuildLiteBehavior [ RunTime:0.000011s ]
INFO: [ app_init ] --END-- [ RunTime:0.000090s ]
INFO: [ app_begin ] --START--
INFO: Run Behavior\ReadHtmlCacheBehavior [ RunTime:0.000032s ]
INFO: [ app_begin ] --END-- [ RunTime:0.000059s ]
NOTIC: [8] Undefined index: code /var/www/html/share/Application/Ucenter/Api/Uc.class.php 第 33 行.
ERR: 非法操作:index

[ 2014-09-05T23:17:12+08:00 ] 172.16.14.1 /share/index.php/home/api/index/code/1/action/response
INFO: [ app_init ] --START--
INFO: Run Behavior\BuildLiteBehavior [ RunTime:0.000017s ]
INFO: [ app_init ] --END-- [ RunTime:0.000124s ]
INFO: [ app_begin ] --START--
INFO: Run Behavior\ReadHtmlCacheBehavior [ RunTime:0.000052s ]
INFO: [ app_begin ] --END-- [ RunTime:0.000089s ]
INFO: [ app_end ] --START--
INFO: Run Behavior\ShowPageTraceBehavior [ RunTime:0.000057s ]
INFO: [ app_end ] --END-- [ RunTime:0.000101s ]

[ 2014-09-05T23:17:23+08:00 ] 172.16.14.146 /share/index.php/home/api/index?code=0cadJluWXPjKx7AuY0nk97DXK3VYyyrbZA5BbqNLF8YxJPaiY10BgSnjGF5GfRhuNNmlEkzx5sSTw7qDH5w&__times__=1
INFO: [ app_init ] --START--
INFO: Run Behavior\BuildLiteBehavior [ RunTime:0.000015s ]
INFO: [ app_init ] --END-- [ RunTime:0.000111s ]
INFO: [ app_begin ] --START--
INFO: Run Behavior\ReadHtmlCacheBehavior [ RunTime:0.000048s ]
INFO: [ app_begin ] --END-- [ RunTime:0.000102s ]
NOTIC: [2048] Only variables should be passed by reference /var/www/html/share/Application/Ucenter/Api/Uc.class.php 第 50 行.
NOTIC: [8] Undefined offset: 1 /var/www/html/share/Application/Ucenter/Common/XML.php 第 68 行.
NOTIC: [8] Undefined index: type /var/www/html/share/Application/Ucenter/Common/XML.php 第 68 行.
NOTIC: [8] Undefined index: name /var/www/html/share/Application/Ucenter/Common/XML.php 第 68 行.
NOTIC: [8] Undefined index: url /var/www/html/share/Application/Ucenter/Common/XML.php 第 68 行.
NOTIC: [8] Undefined index: ip /var/www/html/share/Application/Ucenter/Common/XML.php 第 68 行.
NOTIC: [8] Undefined index: viewprourl /var/www/html/share/Application/Ucenter/Common/XML.php 第 68 行.
NOTIC: [8] Undefined index: apifilename /var/www/html/share/Application/Ucenter/Common/XML.php 第 68 行.
NOTIC: [8] Undefined index: charset /var/www/html/share/Application/Ucenter/Common/XML.php 第 68 行.
NOTIC: [8] Undefined index: synlogin /var/www/html/share/Application/Ucenter/Common/XML.php 第 68 行.
NOTIC: [8] Undefined index: extra /var/www/html/share/Application/Ucenter/Common/XML.php 第 68 行.
NOTIC: [8] Undefined index: extraurl /var/www/html/share/Application/Ucenter/Common/XML.php 第 68 行.
NOTIC: [8] Undefined index: recvnote /var/www/html/share/Application/Ucenter/Common/XML.php 第 68 行.
NOTIC: [8] Undefined offset: 2 /var/www/html/share/Application/Ucenter/Common/XML.php 第 68 行.
NOTIC: [8] Undefined index: type /var/www/html/share/Application/Ucenter/Common/XML.php 第 68 行.
NOTIC: [8] Undefined index: name /var/www/html/share/Application/Ucenter/Common/XML.php 第 68 行.
NOTIC: [8] Undefined index: url /var/www/html/share/Application/Ucenter/Common/XML.php 第 68 行.
NOTIC: [8] Undefined index: ip /var/www/html/share/Application/Ucenter/Common/XML.php 第 68 行.
NOTIC: [8] Undefined index: viewprourl /var/www/html/share/Application/Ucenter/Common/XML.php 第 68 行.
NOTIC: [8] Undefined index: apifilename /var/www/html/share/Application/Ucenter/Common/XML.php 第 68 行.
NOTIC: [8] Undefined index: charset /var/www/html/share/Application/Ucenter/Common/XML.php 第 68 行.
NOTIC: [8] Undefined index: synlogin /var/www/html/share/Application/Ucenter/Common/XML.php 第 68 行.
NOTIC: [8] Undefined index: extra /var/www/html/share/Application/Ucenter/Common/XML.php 第 68 行.
NOTIC: [8] Undefined index: extraurl /var/www/html/share/Application/Ucenter/Common/XML.php 第 68 行.
NOTIC: [8] Undefined index: recvnote /var/www/html/share/Application/Ucenter/Common/XML.php 第 68 行.
NOTIC: [8] Undefined index: UC_API /var/www/html/share/Application/Ucenter/Common/XML.php 第 68 行.
INFO: [ app_end ] --START--
INFO: Run Behavior\ShowPageTraceBehavior [ RunTime:0.000056s ]
INFO: [ app_end ] --END-- [ RunTime:0.000102s ]

[ 2014-09-05T23:17:23+08:00 ] 172.16.14.146 /share/index.php/home/api/index?code=5447ztKt2A7wwFBzM8S3lOvAFIKRJQJwEamgr4WnAuVEv8abcb3FgGTV50a1dAHDrCvOp0KRgMg
INFO: [ app_init ] --START--
INFO: Run Behavior\BuildLiteBehavior [ RunTime:0.000013s ]
INFO: [ app_init ] --END-- [ RunTime:0.000087s ]
INFO: [ app_begin ] --START--
INFO: Run Behavior\ReadHtmlCacheBehavior [ RunTime:0.000043s ]
INFO: [ app_begin ] --END-- [ RunTime:0.000086s ]
NOTIC: [2048] Only variables should be passed by reference /var/www/html/share/Application/Ucenter/Api/Uc.class.php 第 50 行.
INFO: [ app_end ] --START--
INFO: Run Behavior\ShowPageTraceBehavior [ RunTime:0.000064s ]
INFO: [ app_end ] --END-- [ RunTime:0.000176s ]

[ 2014-09-05T23:17:42+08:00 ] 172.16.14.146 /share/index.php/home/api/index?code=199f%2B1RopHZZ0J9L%2BQH084OUGixT1NXceGf9%2FSrO0p0mt6Su5xEJsxmvPGOF2pKXIf4ZJHq5FWc
INFO: [ app_init ] --START--
INFO: Run Behavior\BuildLiteBehavior [ RunTime:0.000012s ]
INFO: [ app_init ] --END-- [ RunTime:0.000094s ]
INFO: [ app_begin ] --START--
INFO: Run Behavior\ReadHtmlCacheBehavior [ RunTime:0.000049s ]
INFO: [ app_begin ] --END-- [ RunTime:0.000089s ]
NOTIC: [2048] Only variables should be passed by reference /var/www/html/share/Application/Ucenter/Api/Uc.class.php 第 50 行.

[ 2014-09-05T23:17:44+08:00 ] 172.16.14.146 /share/index.php/home/api/index?code=ec198tzsZgTAl7WK6CzVhEhVHqH4txjrU4KcyoGM5bLaHsfNtrGu9JKceF%2B%2B3Iht%2F3F8GJu%2Bfzs
INFO: [ app_init ] --START--
INFO: Run Behavior\BuildLiteBehavior [ RunTime:0.000012s ]
INFO: [ app_init ] --END-- [ RunTime:0.000080s ]
INFO: [ app_begin ] --START--
INFO: Run Behavior\ReadHtmlCacheBehavior [ RunTime:0.000052s ]
INFO: [ app_begin ] --END-- [ RunTime:0.000094s ]
NOTIC: [2048] Only variables should be passed by reference /var/www/html/share/Application/Ucenter/Api/Uc.class.php 第 50 行.

[ 2014-09-05T23:17:45+08:00 ] 172.16.14.146 /share/index.php/home/api/index?code=556coJXbzaJSfYbV7ZocsdRgmu9Swc39A3sm73%2BQVbKazm5Wu5rJWSIxVd%2FneRXbyOLw9VVM5FI
INFO: [ app_init ] --START--
INFO: Run Behavior\BuildLiteBehavior [ RunTime:0.000010s ]
INFO: [ app_init ] --END-- [ RunTime:0.000067s ]
INFO: [ app_begin ] --START--
INFO: Run Behavior\ReadHtmlCacheBehavior [ RunTime:0.000030s ]
INFO: [ app_begin ] --END-- [ RunTime:0.000055s ]
NOTIC: [2048] Only variables should be passed by reference /var/www/html/share/Application/Ucenter/Api/Uc.class.php 第 50 行.

[ 2014-09-05T23:17:46+08:00 ] 172.16.14.146 /share/index.php/home/api/index?code=2210v1GkxHTjAab0vgWI3T4GkbHmJO07DviV8Qq8DEnBNZik7e5FLpJ%2FKxgy4g%2BRbhkmq1feAPE
INFO: [ app_init ] --START--
INFO: Run Behavior\BuildLiteBehavior [ RunTime:0.000039s ]
INFO: [ app_init ] --END-- [ RunTime:0.000088s ]
INFO: [ app_begin ] --START--
INFO: Run Behavior\ReadHtmlCacheBehavior [ RunTime:0.000035s ]
INFO: [ app_begin ] --END-- [ RunTime:0.000063s ]
NOTIC: [2048] Only variables should be passed by reference /var/www/html/share/Application/Ucenter/Api/Uc.class.php 第 50 行.

[ 2014-09-05T23:17:46+08:00 ] 172.16.14.146 /share/index.php/home/api/index?code=0a4abb64%2FdjsxqLAx7Ed2dvX9NpnlbXtrQENgZ8iFvaSt6N2TEsfLFjuIR3UWlY8pKYScv7Etas
INFO: [ app_init ] --START--
INFO: Run Behavior\BuildLiteBehavior [ RunTime:0.000013s ]
INFO: [ app_init ] --END-- [ RunTime:0.000087s ]
INFO: [ app_begin ] --START--
INFO: Run Behavior\ReadHtmlCacheBehavior [ RunTime:0.000035s ]
INFO: [ app_begin ] --END-- [ RunTime:0.000068s ]
NOTIC: [2048] Only variables should be passed by reference /var/www/html/share/Application/Ucenter/Api/Uc.class.php 第 50 行.

[ 2014-09-05T23:17:53+08:00 ] 172.16.14.146 /share/index.php/home/api/index?code=cce4SHfvl4%2BX98wA%2B0bvmBq2SecLie07ieiU8N3J9l0esxWP9BDLQHQUNDuhk2orFO0P6%2FNacdw
INFO: [ app_init ] --START--
INFO: Run Behavior\BuildLiteBehavior [ RunTime:0.000013s ]
INFO: [ app_init ] --END-- [ RunTime:0.000102s ]
INFO: [ app_begin ] --START--
INFO: Run Behavior\ReadHtmlCacheBehavior [ RunTime:0.000072s ]
INFO: [ app_begin ] --END-- [ RunTime:0.000121s ]
NOTIC: [2048] Only variables should be passed by reference /var/www/html/share/Application/Ucenter/Api/Uc.class.php 第 50 行.

[ 2014-09-05T23:30:16+08:00 ] 172.16.14.1 /share/index.php/home/api/index/code/1/action/response
INFO: [ app_init ] --START--
INFO: Run Behavior\BuildLiteBehavior [ RunTime:0.000048s ]
INFO: [ app_init ] --END-- [ RunTime:0.000155s ]
INFO: [ app_begin ] --START--
INFO: Run Behavior\ReadHtmlCacheBehavior [ RunTime:0.000035s ]
INFO: [ app_begin ] --END-- [ RunTime:0.000062s ]

[ 2014-09-05T23:30:22+08:00 ] 172.16.14.1 /share/index.php/home/
INFO: [ app_init ] --START--
INFO: Run Behavior\BuildLiteBehavior [ RunTime:0.000011s ]
INFO: [ app_init ] --END-- [ RunTime:0.000081s ]
INFO: [ app_begin ] --START--
INFO: Run Behavior\ReadHtmlCacheBehavior [ RunTime:0.000041s ]
INFO: [ app_begin ] --END-- [ RunTime:0.000068s ]
INFO: [ app_end ] --START--
INFO: Run Behavior\ShowPageTraceBehavior [ RunTime:0.000077s ]
INFO: [ app_end ] --END-- [ RunTime:0.000145s ]

[ 2014-09-05T23:31:41+08:00 ] 172.16.14.1 /share/index.php/home/login
INFO: [ app_init ] --START--
INFO: Run Behavior\BuildLiteBehavior [ RunTime:0.000012s ]
INFO: [ app_init ] --END-- [ RunTime:0.000076s ]
INFO: [ app_begin ] --START--
INFO: Run Behavior\ReadHtmlCacheBehavior [ RunTime:0.000035s ]
INFO: [ app_begin ] --END-- [ RunTime:0.000064s ]
ERR: 无法加载控制器:Login

[ 2014-09-05T23:34:27+08:00 ] 172.16.14.1 /share/index.php/home/login
INFO: [ app_init ] --START--
INFO: Run Behavior\BuildLiteBehavior [ RunTime:0.000010s ]
INFO: [ app_init ] --END-- [ RunTime:0.000110s ]
INFO: [ app_begin ] --START--
INFO: Run Behavior\ReadHtmlCacheBehavior [ RunTime:0.000041s ]
INFO: [ app_begin ] --END-- [ RunTime:0.000071s ]
ERR: 无法加载控制器:Login

[ 2014-09-05T23:34:54+08:00 ] 172.16.14.1 /share/index.php/home/login
INFO: [ app_init ] --START--
INFO: Run Behavior\BuildLiteBehavior [ RunTime:0.000012s ]
INFO: [ app_init ] --END-- [ RunTime:0.000092s ]
INFO: [ app_begin ] --START--
INFO: Run Behavior\ReadHtmlCacheBehavior [ RunTime:0.000160s ]
INFO: [ app_begin ] --END-- [ RunTime:0.000208s ]
ERR: 无法加载控制器:Login

[ 2014-09-05T23:34:59+08:00 ] 172.16.14.1 /share/index.php/home/login
INFO: [ app_init ] --START--
INFO: Run Behavior\BuildLiteBehavior [ RunTime:0.000062s ]
INFO: [ app_init ] --END-- [ RunTime:0.000165s ]
INFO: [ app_begin ] --START--
INFO: Run Behavior\ReadHtmlCacheBehavior [ RunTime:0.000062s ]
INFO: [ app_begin ] --END-- [ RunTime:0.000113s ]
ERR: 无法加载控制器:Login

[ 2014-09-05T23:35:02+08:00 ] 172.16.14.1 /share/index.php/home/login/
INFO: [ app_init ] --START--
INFO: Run Behavior\BuildLiteBehavior [ RunTime:0.000014s ]
INFO: [ app_init ] --END-- [ RunTime:0.000105s ]
INFO: [ app_begin ] --START--
INFO: Run Behavior\ReadHtmlCacheBehavior [ RunTime:0.000049s ]
INFO: [ app_begin ] --END-- [ RunTime:0.000102s ]
ERR: 无法加载控制器:Login

[ 2014-09-05T23:35:09+08:00 ] 172.16.14.1 /share/index.php/home/login/
INFO: [ app_init ] --START--
INFO: Run Behavior\BuildLiteBehavior [ RunTime:0.000014s ]
INFO: [ app_init ] --END-- [ RunTime:0.000107s ]
INFO: [ app_begin ] --START--
INFO: Run Behavior\ReadHtmlCacheBehavior [ RunTime:0.000038s ]
INFO: [ app_begin ] --END-- [ RunTime:0.000067s ]
ERR: 无法加载控制器:Login

[ 2014-09-05T23:35:17+08:00 ] 172.16.14.1 /share/index.php/home/login/
INFO: [ app_init ] --START--
INFO: Run Behavior\BuildLiteBehavior [ RunTime:0.000013s ]
INFO: [ app_init ] --END-- [ RunTime:0.000105s ]
INFO: [ app_begin ] --START--
INFO: Run Behavior\ReadHtmlCacheBehavior [ RunTime:0.000052s ]
INFO: [ app_begin ] --END-- [ RunTime:0.000092s ]
ERR: 无法加载控制器:Login

[ 2014-09-05T23:35:53+08:00 ] 172.16.14.1 /share/index.php/home/
INFO: [ app_init ] --START--
INFO: Run Behavior\BuildLiteBehavior [ RunTime:0.000016s ]
INFO: [ app_init ] --END-- [ RunTime:0.000123s ]
INFO: [ app_begin ] --START--
INFO: Run Behavior\ReadHtmlCacheBehavior [ RunTime:0.000055s ]
INFO: [ app_begin ] --END-- [ RunTime:0.000109s ]
NOTIC: [8192] mysql_connect(): The mysql extension is deprecated and will be removed in the future: use mysqli or PDO instead /var/www/html/share/Application/Ucenter/Client/uc_client/lib/db.class.php 第 41 行.
NOTIC: [8] Undefined offset: 2 /var/www/html/share/Application/Ucenter/Client/uc_client/control/user.php 第 29 行.
INFO: [ app_end ] --START--
INFO: Run Behavior\ShowPageTraceBehavior [ RunTime:0.000228s ]
INFO: [ app_end ] --END-- [ RunTime:0.000351s ]

[ 2014-09-05T23:38:49+08:00 ] 172.16.14.1 /share/index.php/home/
INFO: [ app_init ] --START--
INFO: Run Behavior\BuildLiteBehavior [ RunTime:0.000014s ]
INFO: [ app_init ] --END-- [ RunTime:0.000151s ]
INFO: [ app_begin ] --START--
INFO: Run Behavior\ReadHtmlCacheBehavior [ RunTime:0.000078s ]
INFO: [ app_begin ] --END-- [ RunTime:0.000111s ]
NOTIC: [8192] mysql_connect(): The mysql extension is deprecated and will be removed in the future: use mysqli or PDO instead /var/www/html/share/Application/Ucenter/Client/uc_client/lib/db.class.php 第 41 行.
NOTIC: [8] Undefined offset: 2 /var/www/html/share/Application/Ucenter/Client/uc_client/control/user.php 第 29 行.
INFO: [ app_end ] --START--
INFO: Run Behavior\ShowPageTraceBehavior [ RunTime:0.000126s ]
INFO: [ app_end ] --END-- [ RunTime:0.000217s ]

[ 2014-09-05T23:39:48+08:00 ] 172.16.14.1 /share/index.php/home/
INFO: [ app_init ] --START--
INFO: Run Behavior\BuildLiteBehavior [ RunTime:0.000009s ]
INFO: [ app_init ] --END-- [ RunTime:0.000096s ]
INFO: [ app_begin ] --START--
INFO: Run Behavior\ReadHtmlCacheBehavior [ RunTime:0.000059s ]
INFO: [ app_begin ] --END-- [ RunTime:0.000110s ]
NOTIC: [8192] mysql_connect(): The mysql extension is deprecated and will be removed in the future: use mysqli or PDO instead /var/www/html/share/Application/Ucenter/Client/uc_client/lib/db.class.php 第 41 行.
NOTIC: [8] Undefined offset: 2 /var/www/html/share/Application/Ucenter/Client/uc_client/control/user.php 第 29 行.
INFO: [ app_end ] --START--
INFO: Run Behavior\ShowPageTraceBehavior [ RunTime:0.000043s ]
INFO: [ app_end ] --END-- [ RunTime:0.000071s ]

[ 2014-09-05T23:40:15+08:00 ] 172.16.14.1 /share/index.php/home/
INFO: [ app_init ] --START--
INFO: Run Behavior\BuildLiteBehavior [ RunTime:0.000020s ]
INFO: [ app_init ] --END-- [ RunTime:0.000135s ]
INFO: [ app_begin ] --START--
INFO: Run Behavior\ReadHtmlCacheBehavior [ RunTime:0.000064s ]
INFO: [ app_begin ] --END-- [ RunTime:0.000116s ]
NOTIC: [8192] mysql_connect(): The mysql extension is deprecated and will be removed in the future: use mysqli or PDO instead /var/www/html/share/Application/Ucenter/Client/uc_client/lib/db.class.php 第 41 行.
NOTIC: [8] Undefined offset: 2 /var/www/html/share/Application/Ucenter/Client/uc_client/control/user.php 第 29 行.
INFO: [ app_end ] --START--
INFO: Run Behavior\ShowPageTraceBehavior [ RunTime:0.000075s ]
INFO: [ app_end ] --END-- [ RunTime:0.000121s ]

[ 2014-09-05T23:40:27+08:00 ] 172.16.14.1 /share/index.php/home/
INFO: [ app_init ] --START--
INFO: Run Behavior\BuildLiteBehavior [ RunTime:0.000021s ]
INFO: [ app_init ] --END-- [ RunTime:0.000142s ]
INFO: [ app_begin ] --START--
INFO: Run Behavior\ReadHtmlCacheBehavior [ RunTime:0.000064s ]
INFO: [ app_begin ] --END-- [ RunTime:0.000111s ]
NOTIC: [8192] mysql_connect(): The mysql extension is deprecated and will be removed in the future: use mysqli or PDO instead /var/www/html/share/Application/Ucenter/Client/uc_client/lib/db.class.php 第 41 行.
NOTIC: [8] Undefined offset: 2 /var/www/html/share/Application/Ucenter/Client/uc_client/control/user.php 第 29 行.
INFO: [ app_end ] --START--
INFO: Run Behavior\ShowPageTraceBehavior [ RunTime:0.000082s ]
INFO: [ app_end ] --END-- [ RunTime:0.000134s ]

[ 2014-09-05T23:41:39+08:00 ] 172.16.14.1 /share/index.php/home/
INFO: [ app_init ] --START--
INFO: Run Behavior\BuildLiteBehavior [ RunTime:0.000014s ]
INFO: [ app_init ] --END-- [ RunTime:0.000082s ]
INFO: [ app_begin ] --START--
INFO: Run Behavior\ReadHtmlCacheBehavior [ RunTime:0.000033s ]
INFO: [ app_begin ] --END-- [ RunTime:0.000061s ]
NOTIC: [8192] mysql_connect(): The mysql extension is deprecated and will be removed in the future: use mysqli or PDO instead /var/www/html/share/Application/Ucenter/Client/uc_client/lib/db.class.php 第 41 行.
NOTIC: [8] Undefined offset: 2 /var/www/html/share/Application/Ucenter/Client/uc_client/control/user.php 第 29 行.
INFO: [ app_end ] --START--
INFO: Run Behavior\ShowPageTraceBehavior [ RunTime:0.000051s ]
INFO: [ app_end ] --END-- [ RunTime:0.000087s ]

[ 2014-09-05T23:41:48+08:00 ] 172.16.14.1 /share/index.php/home/
INFO: [ app_init ] --START--
INFO: Run Behavior\BuildLiteBehavior [ RunTime:0.000010s ]
INFO: [ app_init ] --END-- [ RunTime:0.000076s ]
INFO: [ app_begin ] --START--
INFO: Run Behavior\ReadHtmlCacheBehavior [ RunTime:0.000032s ]
INFO: [ app_begin ] --END-- [ RunTime:0.000058s ]
NOTIC: [8192] mysql_connect(): The mysql extension is deprecated and will be removed in the future: use mysqli or PDO instead /var/www/html/share/Application/Ucenter/Client/uc_client/lib/db.class.php 第 41 行.
NOTIC: [8] Undefined offset: 2 /var/www/html/share/Application/Ucenter/Client/uc_client/control/user.php 第 29 行.
INFO: [ app_end ] --START--
INFO: Run Behavior\ShowPageTraceBehavior [ RunTime:0.000050s ]
INFO: [ app_end ] --END-- [ RunTime:0.000087s ]

