[ 2014-11-28T18:47:43+08:00 ] 127.0.0.1 /favicon.ico
INFO: [ app_init ] --START--
INFO: Run Behavior\BuildLiteBehavior [ RunTime:0.000303s ]
INFO: [ app_init ] --END-- [ RunTime:0.019277s ]

[ 2014-11-28T18:47:51+08:00 ] 127.0.0.1 /share/
INFO: [ app_init ] --START--
INFO: Run Behavior\BuildLiteBehavior [ RunTime:0.000024s ]
INFO: [ app_init ] --END-- [ RunTime:0.000196s ]

[ 2014-11-28T18:52:06+08:00 ] 172.16.14.1 /favicon.ico
INFO: [ app_init ] --START--
INFO: Run Behavior\BuildLiteBehavior [ RunTime:0.000014s ]
INFO: [ app_init ] --END-- [ RunTime:0.000134s ]

[ 2014-11-28T19:15:07+08:00 ] 127.0.0.1 /share/
INFO: [ app_init ] --START--
INFO: Run Behavior\BuildLiteBehavior [ RunTime:0.000200s ]
INFO: [ app_init ] --END-- [ RunTime:0.003668s ]

[ 2014-11-28T19:16:22+08:00 ] 127.0.0.1 /share/
INFO: [ app_init ] --START--
INFO: Run Behavior\BuildLiteBehavior [ RunTime:0.000014s ]
INFO: [ app_init ] --END-- [ RunTime:0.000255s ]

[ 2014-11-28T19:16:41+08:00 ] 127.0.0.1 /share/home/user/login?username=xiaohuanshu&password=buzhidao&__hash__=3a3880c87bddc4b379a07f3aabc931e8_379072cb314aee9aceb7f88f298eff88
INFO: [ app_init ] --START--
INFO: Run Behavior\BuildLiteBehavior [ RunTime:0.000116s ]
INFO: [ app_init ] --END-- [ RunTime:0.000671s ]

[ 2014-11-28T19:16:42+08:00 ] 127.0.0.1 /share/home/api/index?time=1417173401&code=14d8Peo0nvjCFZLJ0214LktANqLTnFCWygvC84vzMFLW4xgvemUANuJyNvC5YaJwhwSFyfYSDq3Ddhlo%2Fgjq94EujInDSFf2ZZOzgnUkSWwbKJviNFhXZvqfrSdYeTjAPq8yQms9gvw5qChb4B4p0ai6Wj7xN%2FO6vlwAGempYh1k
INFO: [ app_init ] --START--
INFO: Run Behavior\BuildLiteBehavior [ RunTime:0.000099s ]
INFO: [ app_init ] --END-- [ RunTime:0.000387s ]

[ 2014-11-28T19:16:48+08:00 ] 127.0.0.1 /share/home
INFO: [ app_init ] --START--
INFO: Run Behavior\BuildLiteBehavior [ RunTime:0.000080s ]
INFO: [ app_init ] --END-- [ RunTime:0.000380s ]

[ 2014-11-28T19:16:52+08:00 ] 127.0.0.1 /share/home
INFO: [ app_init ] --START--
INFO: Run Behavior\BuildLiteBehavior [ RunTime:0.000015s ]
INFO: [ app_init ] --END-- [ RunTime:0.000128s ]

[ 2014-11-28T19:16:53+08:00 ] 127.0.0.1 /share/home/movie/mlist
INFO: [ app_init ] --START--
INFO: Run Behavior\BuildLiteBehavior [ RunTime:0.000014s ]
INFO: [ app_init ] --END-- [ RunTime:0.000102s ]
INFO: [ app_begin ] --START--
INFO: Run Behavior\ReadHtmlCacheBehavior [ RunTime:0.000029s ]
INFO: [ app_begin ] --END-- [ RunTime:0.000057s ]
NOTIC: [2048] Declaration of Home\Controller\MovieController::show() should be compatible with Think\Controller::show($content, $charset = '', $contentType = '', $prefix = '') /var/www/html/share/Application/Home/Controller/MovieController.class.php 第 5 行.
NOTIC: [8] Undefined index: name /var/www/html/share/Application/Home/Controller/GlobalAction.class.php 第 11 行.
NOTIC: [8192] mysql_connect(): The mysql extension is deprecated and will be removed in the future: use mysqli or PDO instead /var/www/html/share/Application/Ucenter/Client/uc_client/lib/db.class.php 第 41 行.
NOTIC: [8192] mysql_connect(): The mysql extension is deprecated and will be removed in the future: use mysqli or PDO instead /var/www/html/share/ThinkPHP/Library/Think/Db/Driver/Mysql.class.php 第 52 行.
SQL: SHOW COLUMNS FROM `think_movielist` [ RunTime:0.000573s ]
SQL: SELECT COUNT(*) AS tp_count FROM `think_movielist` WHERE `statue` = 4 LIMIT 1   [ RunTime:0.003046s ]
SQL: SELECT * FROM `think_movielist` WHERE `statue` = 4 ORDER BY updatetime desc LIMIT 0,12   [ RunTime:0.002638s ]
NOTIC: [8] Undefined index: type /var/www/html/share/Application/Home/Controller/MovieController.class.php 第 95 行.
NOTIC: [8] Undefined index: userid /var/www/html/share/Application/Home/Controller/MovieController.class.php 第 96 行.
INFO: [ view_parse ] --START--
INFO: [ template_filter ] --START--
INFO: Run Behavior\ContentReplaceBehavior [ RunTime:0.000055s ]
INFO: [ template_filter ] --END-- [ RunTime:0.000101s ]
SQL: SHOW COLUMNS FROM `think_mvfalist` [ RunTime:0.000652s ]
SQL: SELECT COUNT(*) AS tp_count FROM `think_mvfalist` WHERE ( userid=1 and movieid=1 ) LIMIT 1   [ RunTime:0.000046s ]
SQL: SHOW COLUMNS FROM `think_mvlikelist` [ RunTime:0.000308s ]
SQL: SELECT COUNT(*) AS tp_count FROM `think_mvlikelist` WHERE ( userid=1 and movieid=1 ) LIMIT 1   [ RunTime:0.000040s ]
SQL: SELECT COUNT(*) AS tp_count FROM `think_mvfalist` WHERE ( userid=1 and movieid=2 ) LIMIT 1   [ RunTime:0.000038s ]
SQL: SELECT COUNT(*) AS tp_count FROM `think_mvlikelist` WHERE ( userid=1 and movieid=2 ) LIMIT 1   [ RunTime:0.000037s ]
SQL: SELECT COUNT(*) AS tp_count FROM `think_mvfalist` WHERE ( userid=1 and movieid=3 ) LIMIT 1   [ RunTime:0.000036s ]
SQL: SELECT COUNT(*) AS tp_count FROM `think_mvlikelist` WHERE ( userid=1 and movieid=3 ) LIMIT 1   [ RunTime:0.000214s ]
SQL: SELECT COUNT(*) AS tp_count FROM `think_mvfalist` WHERE ( userid=1 and movieid=4 ) LIMIT 1   [ RunTime:0.000353s ]
SQL: SELECT COUNT(*) AS tp_count FROM `think_mvlikelist` WHERE ( userid=1 and movieid=4 ) LIMIT 1   [ RunTime:0.000039s ]
SQL: SELECT COUNT(*) AS tp_count FROM `think_mvfalist` WHERE ( userid=1 and movieid=5 ) LIMIT 1   [ RunTime:0.000035s ]
SQL: SELECT COUNT(*) AS tp_count FROM `think_mvlikelist` WHERE ( userid=1 and movieid=5 ) LIMIT 1   [ RunTime:0.000466s ]
SQL: SELECT COUNT(*) AS tp_count FROM `think_mvfalist` WHERE ( userid=1 and movieid=6 ) LIMIT 1   [ RunTime:0.000065s ]
SQL: SELECT COUNT(*) AS tp_count FROM `think_mvlikelist` WHERE ( userid=1 and movieid=6 ) LIMIT 1   [ RunTime:0.000867s ]
SQL: SELECT COUNT(*) AS tp_count FROM `think_mvfalist` WHERE ( userid=1 and movieid=7 ) LIMIT 1   [ RunTime:0.000054s ]
SQL: SELECT COUNT(*) AS tp_count FROM `think_mvlikelist` WHERE ( userid=1 and movieid=7 ) LIMIT 1   [ RunTime:0.000054s ]
SQL: SELECT COUNT(*) AS tp_count FROM `think_mvfalist` WHERE ( userid=1 and movieid=8 ) LIMIT 1   [ RunTime:0.000038s ]
SQL: SELECT COUNT(*) AS tp_count FROM `think_mvlikelist` WHERE ( userid=1 and movieid=8 ) LIMIT 1   [ RunTime:0.000036s ]
SQL: SELECT COUNT(*) AS tp_count FROM `think_mvfalist` WHERE ( userid=1 and movieid=9 ) LIMIT 1   [ RunTime:0.001480s ]
SQL: SELECT COUNT(*) AS tp_count FROM `think_mvlikelist` WHERE ( userid=1 and movieid=9 ) LIMIT 1   [ RunTime:0.000058s ]
SQL: SELECT COUNT(*) AS tp_count FROM `think_mvfalist` WHERE ( userid=1 and movieid=10 ) LIMIT 1   [ RunTime:0.000038s ]
SQL: SELECT COUNT(*) AS tp_count FROM `think_mvlikelist` WHERE ( userid=1 and movieid=10 ) LIMIT 1   [ RunTime:0.000039s ]
SQL: SELECT COUNT(*) AS tp_count FROM `think_mvfalist` WHERE ( userid=1 and movieid=11 ) LIMIT 1   [ RunTime:0.000036s ]
SQL: SELECT COUNT(*) AS tp_count FROM `think_mvlikelist` WHERE ( userid=1 and movieid=11 ) LIMIT 1   [ RunTime:0.000067s ]
SQL: SELECT COUNT(*) AS tp_count FROM `think_mvfalist` WHERE ( userid=1 and movieid=12 ) LIMIT 1   [ RunTime:0.000035s ]
SQL: SELECT COUNT(*) AS tp_count FROM `think_mvlikelist` WHERE ( userid=1 and movieid=12 ) LIMIT 1   [ RunTime:0.000035s ]
INFO: Run Behavior\ParseTemplateBehavior [ RunTime:0.042874s ]
INFO: [ view_parse ] --END-- [ RunTime:0.042906s ]
INFO: [ view_filter ] --START--
INFO: Run Behavior\WriteHtmlCacheBehavior [ RunTime:0.000050s ]
INFO: Run Behavior\TokenBuildBehavior [ RunTime:0.000154s ]
INFO: [ view_filter ] --END-- [ RunTime:0.000236s ]
INFO: [ app_end ] --START--
INFO: Run Behavior\ShowPageTraceBehavior [ RunTime:0.000025s ]
INFO: [ app_end ] --END-- [ RunTime:0.000049s ]

[ 2014-11-28T19:16:53+08:00 ] 127.0.0.1 /share/home/movie/mlist
INFO: [ app_init ] --START--
INFO: Run Behavior\BuildLiteBehavior [ RunTime:0.000010s ]
INFO: [ app_init ] --END-- [ RunTime:0.000067s ]
INFO: [ app_begin ] --START--
INFO: Run Behavior\ReadHtmlCacheBehavior [ RunTime:0.000028s ]
INFO: [ app_begin ] --END-- [ RunTime:0.000056s ]
NOTIC: [2048] Declaration of Home\Controller\MovieController::show() should be compatible with Think\Controller::show($content, $charset = '', $contentType = '', $prefix = '') /var/www/html/share/Application/Home/Controller/MovieController.class.php 第 5 行.
NOTIC: [8] Undefined index: name /var/www/html/share/Application/Home/Controller/GlobalAction.class.php 第 11 行.
NOTIC: [8192] mysql_connect(): The mysql extension is deprecated and will be removed in the future: use mysqli or PDO instead /var/www/html/share/Application/Ucenter/Client/uc_client/lib/db.class.php 第 41 行.
NOTIC: [8192] mysql_connect(): The mysql extension is deprecated and will be removed in the future: use mysqli or PDO instead /var/www/html/share/ThinkPHP/Library/Think/Db/Driver/Mysql.class.php 第 52 行.
SQL: SHOW COLUMNS FROM `think_movielist` [ RunTime:0.000573s ]
SQL: SELECT COUNT(*) AS tp_count FROM `think_movielist` WHERE `statue` = 4 LIMIT 1   [ RunTime:0.000056s ]
SQL: SELECT * FROM `think_movielist` WHERE `statue` = 4 ORDER BY updatetime desc LIMIT 0,12   [ RunTime:0.000532s ]
NOTIC: [8] Undefined index: type /var/www/html/share/Application/Home/Controller/MovieController.class.php 第 95 行.
NOTIC: [8] Undefined index: userid /var/www/html/share/Application/Home/Controller/MovieController.class.php 第 96 行.
INFO: [ view_parse ] --START--
INFO: [ template_filter ] --START--
INFO: Run Behavior\ContentReplaceBehavior [ RunTime:0.000073s ]
INFO: [ template_filter ] --END-- [ RunTime:0.000137s ]
SQL: SHOW COLUMNS FROM `think_mvfalist` [ RunTime:0.000551s ]
SQL: SELECT COUNT(*) AS tp_count FROM `think_mvfalist` WHERE ( userid=1 and movieid=1 ) LIMIT 1   [ RunTime:0.000044s ]
SQL: SHOW COLUMNS FROM `think_mvlikelist` [ RunTime:0.000300s ]
SQL: SELECT COUNT(*) AS tp_count FROM `think_mvlikelist` WHERE ( userid=1 and movieid=1 ) LIMIT 1   [ RunTime:0.000043s ]
SQL: SELECT COUNT(*) AS tp_count FROM `think_mvfalist` WHERE ( userid=1 and movieid=2 ) LIMIT 1   [ RunTime:0.003452s ]
SQL: SELECT COUNT(*) AS tp_count FROM `think_mvlikelist` WHERE ( userid=1 and movieid=2 ) LIMIT 1   [ RunTime:0.000875s ]
SQL: SELECT COUNT(*) AS tp_count FROM `think_mvfalist` WHERE ( userid=1 and movieid=3 ) LIMIT 1   [ RunTime:0.002161s ]
SQL: SELECT COUNT(*) AS tp_count FROM `think_mvlikelist` WHERE ( userid=1 and movieid=3 ) LIMIT 1   [ RunTime:0.000073s ]
SQL: SELECT COUNT(*) AS tp_count FROM `think_mvfalist` WHERE ( userid=1 and movieid=4 ) LIMIT 1   [ RunTime:0.000040s ]
SQL: SELECT COUNT(*) AS tp_count FROM `think_mvlikelist` WHERE ( userid=1 and movieid=4 ) LIMIT 1   [ RunTime:0.000038s ]
SQL: SELECT COUNT(*) AS tp_count FROM `think_mvfalist` WHERE ( userid=1 and movieid=5 ) LIMIT 1   [ RunTime:0.000038s ]
SQL: SELECT COUNT(*) AS tp_count FROM `think_mvlikelist` WHERE ( userid=1 and movieid=5 ) LIMIT 1   [ RunTime:0.000038s ]
SQL: SELECT COUNT(*) AS tp_count FROM `think_mvfalist` WHERE ( userid=1 and movieid=6 ) LIMIT 1   [ RunTime:0.000036s ]
SQL: SELECT COUNT(*) AS tp_count FROM `think_mvlikelist` WHERE ( userid=1 and movieid=6 ) LIMIT 1   [ RunTime:0.000038s ]
SQL: SELECT COUNT(*) AS tp_count FROM `think_mvfalist` WHERE ( userid=1 and movieid=7 ) LIMIT 1   [ RunTime:0.000038s ]
SQL: SELECT COUNT(*) AS tp_count FROM `think_mvlikelist` WHERE ( userid=1 and movieid=7 ) LIMIT 1   [ RunTime:0.000037s ]
SQL: SELECT COUNT(*) AS tp_count FROM `think_mvfalist` WHERE ( userid=1 and movieid=8 ) LIMIT 1   [ RunTime:0.000036s ]
SQL: SELECT COUNT(*) AS tp_count FROM `think_mvlikelist` WHERE ( userid=1 and movieid=8 ) LIMIT 1   [ RunTime:0.000037s ]
SQL: SELECT COUNT(*) AS tp_count FROM `think_mvfalist` WHERE ( userid=1 and movieid=9 ) LIMIT 1   [ RunTime:0.000036s ]
SQL: SELECT COUNT(*) AS tp_count FROM `think_mvlikelist` WHERE ( userid=1 and movieid=9 ) LIMIT 1   [ RunTime:0.000036s ]
SQL: SELECT COUNT(*) AS tp_count FROM `think_mvfalist` WHERE ( userid=1 and movieid=10 ) LIMIT 1   [ RunTime:0.000037s ]
SQL: SELECT COUNT(*) AS tp_count FROM `think_mvlikelist` WHERE ( userid=1 and movieid=10 ) LIMIT 1   [ RunTime:0.000035s ]
SQL: SELECT COUNT(*) AS tp_count FROM `think_mvfalist` WHERE ( userid=1 and movieid=11 ) LIMIT 1   [ RunTime:0.000671s ]
SQL: SELECT COUNT(*) AS tp_count FROM `think_mvlikelist` WHERE ( userid=1 and movieid=11 ) LIMIT 1   [ RunTime:0.000039s ]
SQL: SELECT COUNT(*) AS tp_count FROM `think_mvfalist` WHERE ( userid=1 and movieid=12 ) LIMIT 1   [ RunTime:0.000034s ]
SQL: SELECT COUNT(*) AS tp_count FROM `think_mvlikelist` WHERE ( userid=1 and movieid=12 ) LIMIT 1   [ RunTime:0.000034s ]
INFO: Run Behavior\ParseTemplateBehavior [ RunTime:0.033899s ]
INFO: [ view_parse ] --END-- [ RunTime:0.033924s ]
INFO: [ view_filter ] --START--
INFO: Run Behavior\WriteHtmlCacheBehavior [ RunTime:0.000050s ]
INFO: Run Behavior\TokenBuildBehavior [ RunTime:0.000137s ]
INFO: [ view_filter ] --END-- [ RunTime:0.000219s ]
INFO: [ app_end ] --START--
INFO: Run Behavior\ShowPageTraceBehavior [ RunTime:0.000025s ]
INFO: [ app_end ] --END-- [ RunTime:0.000048s ]

[ 2014-11-28T19:17:01+08:00 ] 127.0.0.1 /share/index.php/Home/Movie/mlist/p/2.html
INFO: [ app_init ] --START--
INFO: Run Behavior\BuildLiteBehavior [ RunTime:0.000362s ]
INFO: [ app_init ] --END-- [ RunTime:0.001537s ]

[ 2014-11-28T19:17:09+08:00 ] 127.0.0.1 /share/home/movie/mlist/type/%E5%96%9C%E5%89%A7?name=&userid=
INFO: [ app_init ] --START--
INFO: Run Behavior\BuildLiteBehavior [ RunTime:0.000139s ]
INFO: [ app_init ] --END-- [ RunTime:0.000550s ]

[ 2014-11-28T19:17:10+08:00 ] 127.0.0.1 /share/home/movie/mlist?name=&userid=
INFO: [ app_init ] --START--
INFO: Run Behavior\BuildLiteBehavior [ RunTime:0.000009s ]
INFO: [ app_init ] --END-- [ RunTime:0.000061s ]

[ 2014-11-28T19:17:11+08:00 ] 127.0.0.1 /share/home/movie/mlist/type/%E7%88%B1%E6%83%85?name=&userid=
INFO: [ app_init ] --START--
INFO: Run Behavior\BuildLiteBehavior [ RunTime:0.000009s ]
INFO: [ app_init ] --END-- [ RunTime:0.000058s ]

[ 2014-11-28T19:17:12+08:00 ] 127.0.0.1 /share/home/movie/mlist?name=&userid=
INFO: [ app_init ] --START--
INFO: Run Behavior\BuildLiteBehavior [ RunTime:0.000009s ]
INFO: [ app_init ] --END-- [ RunTime:0.000071s ]

[ 2014-11-28T19:17:26+08:00 ] 172.16.14.1 /share/
INFO: [ app_init ] --START--
INFO: Run Behavior\BuildLiteBehavior [ RunTime:0.000010s ]
INFO: [ app_init ] --END-- [ RunTime:0.000076s ]

[ 2014-11-28T19:17:31+08:00 ] 172.16.14.1 /share/home/movie/mlist?name=%E5%8F%98&__hash__=3a3880c87bddc4b379a07f3aabc931e8_617cc150e1362e12087173768419d25f
INFO: [ app_init ] --START--
INFO: Run Behavior\BuildLiteBehavior [ RunTime:0.000017s ]
INFO: [ app_init ] --END-- [ RunTime:0.000315s ]

[ 2014-11-28T19:17:37+08:00 ] 172.16.14.1 /share/home/movie/mlist?name=4&__hash__=b8e9f33f54b80cd8e258fddd3554cbb1_5863b2c077098d5e2c33638d0664f440
INFO: [ app_init ] --START--
INFO: Run Behavior\BuildLiteBehavior [ RunTime:0.000009s ]
INFO: [ app_init ] --END-- [ RunTime:0.000087s ]

[ 2014-11-28T19:17:40+08:00 ] 172.16.14.1 /share/home/movie/mlist?name=3&__hash__=fb5f22e25555e7c6dfbe42932666ccf9_fb407171856d8efa84255274893342c9
INFO: [ app_init ] --START--
INFO: Run Behavior\BuildLiteBehavior [ RunTime:0.000010s ]
INFO: [ app_init ] --END-- [ RunTime:0.000068s ]

[ 2014-11-28T19:17:41+08:00 ] 172.16.14.1 /share/home/movie/mlist/type/%E5%96%9C%E5%89%A7?name=3&userid=
INFO: [ app_init ] --START--
INFO: Run Behavior\BuildLiteBehavior [ RunTime:0.000015s ]
INFO: [ app_init ] --END-- [ RunTime:0.000092s ]

[ 2014-11-28T19:17:42+08:00 ] 172.16.14.1 /share/home/movie/mlist/type/%E5%8A%A8%E4%BD%9C?name=3&userid=
INFO: [ app_init ] --START--
INFO: Run Behavior\BuildLiteBehavior [ RunTime:0.000008s ]
INFO: [ app_init ] --END-- [ RunTime:0.000059s ]

[ 2014-11-28T19:17:42+08:00 ] 172.16.14.1 /share/home/movie/mlist?name=3&userid=
INFO: [ app_init ] --START--
INFO: Run Behavior\BuildLiteBehavior [ RunTime:0.000008s ]
INFO: [ app_init ] --END-- [ RunTime:0.000061s ]

[ 2014-11-28T19:17:44+08:00 ] 172.16.14.1 /share/home
INFO: [ app_init ] --START--
INFO: Run Behavior\BuildLiteBehavior [ RunTime:0.000009s ]
INFO: [ app_init ] --END-- [ RunTime:0.000067s ]
INFO: [ app_begin ] --START--
INFO: Run Behavior\ReadHtmlCacheBehavior [ RunTime:0.000030s ]
INFO: [ app_begin ] --END-- [ RunTime:0.000054s ]
NOTIC: [8] Undefined index: name /var/www/html/share/Application/Home/Controller/GlobalAction.class.php 第 11 行.
NOTIC: [8192] mysql_connect(): The mysql extension is deprecated and will be removed in the future: use mysqli or PDO instead /var/www/html/share/ThinkPHP/Library/Think/Db/Driver/Mysql.class.php 第 52 行.
SQL: SHOW COLUMNS FROM `think_userinfo` [ RunTime:0.000923s ]
SQL: SELECT * FROM `think_userinfo` ORDER BY registertime desc LIMIT 10   [ RunTime:0.000065s ]
SQL: SHOW COLUMNS FROM `think_movielist` [ RunTime:0.000630s ]
SQL: SELECT * FROM `think_movielist` WHERE ( statue=4 ) ORDER BY updatetime desc LIMIT 12   [ RunTime:0.000051s ]
SQL: SHOW COLUMNS FROM `think_announce` [ RunTime:0.000355s ]
SQL: SELECT * FROM `think_announce` ORDER BY time desc LIMIT 1   [ RunTime:0.000043s ]
SQL: SHOW COLUMNS FROM `think_notice` [ RunTime:0.000323s ]
SQL: SELECT * FROM `think_notice` ORDER BY time desc LIMIT 3   [ RunTime:0.000042s ]
SQL: SELECT * FROM `think_movielist` WHERE ( statue=1 ) ORDER BY wishtime desc LIMIT 8   [ RunTime:0.000042s ]
SQL: SHOW COLUMNS FROM `think_locallist` [ RunTime:0.000418s ]
SQL: SELECT `userid`,COUNT(  `think_locallist`.`id` ) as c FROM `think_locallist` GROUP BY `think_locallist`.`userid` ORDER BY COUNT(`think_locallist`.`id`) desc LIMIT 5   [ RunTime:0.000042s ]
INFO: [ view_parse ] --START--
INFO: [ template_filter ] --START--
INFO: Run Behavior\ContentReplaceBehavior [ RunTime:0.000069s ]
INFO: [ template_filter ] --END-- [ RunTime:0.000123s ]
NOTIC: [8] Undefined variable: uid /var/www/html/share/Application/Runtime/Cache/Home/2a94b8bda04ff446dcedd42276fc99ee.php 第 347 行.
NOTIC: [8] Undefined variable: uid /var/www/html/share/Application/Runtime/Cache/Home/2a94b8bda04ff446dcedd42276fc99ee.php 第 361 行.
NOTIC: [8] Undefined variable: uid /var/www/html/share/Application/Runtime/Cache/Home/2a94b8bda04ff446dcedd42276fc99ee.php 第 347 行.
NOTIC: [8] Undefined variable: uid /var/www/html/share/Application/Runtime/Cache/Home/2a94b8bda04ff446dcedd42276fc99ee.php 第 361 行.
NOTIC: [8] Undefined variable: uid /var/www/html/share/Application/Runtime/Cache/Home/2a94b8bda04ff446dcedd42276fc99ee.php 第 347 行.
NOTIC: [8] Undefined variable: uid /var/www/html/share/Application/Runtime/Cache/Home/2a94b8bda04ff446dcedd42276fc99ee.php 第 361 行.
NOTIC: [8] Undefined variable: uid /var/www/html/share/Application/Runtime/Cache/Home/2a94b8bda04ff446dcedd42276fc99ee.php 第 347 行.
NOTIC: [8] Undefined variable: uid /var/www/html/share/Application/Runtime/Cache/Home/2a94b8bda04ff446dcedd42276fc99ee.php 第 361 行.
NOTIC: [8] Undefined variable: uid /var/www/html/share/Application/Runtime/Cache/Home/2a94b8bda04ff446dcedd42276fc99ee.php 第 347 行.
NOTIC: [8] Undefined variable: uid /var/www/html/share/Application/Runtime/Cache/Home/2a94b8bda04ff446dcedd42276fc99ee.php 第 361 行.
NOTIC: [8] Undefined variable: uid /var/www/html/share/Application/Runtime/Cache/Home/2a94b8bda04ff446dcedd42276fc99ee.php 第 347 行.
NOTIC: [8] Undefined variable: uid /var/www/html/share/Application/Runtime/Cache/Home/2a94b8bda04ff446dcedd42276fc99ee.php 第 361 行.
NOTIC: [8] Undefined variable: uid /var/www/html/share/Application/Runtime/Cache/Home/2a94b8bda04ff446dcedd42276fc99ee.php 第 347 行.
NOTIC: [8] Undefined variable: uid /var/www/html/share/Application/Runtime/Cache/Home/2a94b8bda04ff446dcedd42276fc99ee.php 第 361 行.
NOTIC: [8] Undefined variable: uid /var/www/html/share/Application/Runtime/Cache/Home/2a94b8bda04ff446dcedd42276fc99ee.php 第 347 行.
NOTIC: [8] Undefined variable: uid /var/www/html/share/Application/Runtime/Cache/Home/2a94b8bda04ff446dcedd42276fc99ee.php 第 361 行.
NOTIC: [8] Undefined variable: uid /var/www/html/share/Application/Runtime/Cache/Home/2a94b8bda04ff446dcedd42276fc99ee.php 第 347 行.
NOTIC: [8] Undefined variable: uid /var/www/html/share/Application/Runtime/Cache/Home/2a94b8bda04ff446dcedd42276fc99ee.php 第 361 行.
NOTIC: [8] Undefined variable: uid /var/www/html/share/Application/Runtime/Cache/Home/2a94b8bda04ff446dcedd42276fc99ee.php 第 347 行.
NOTIC: [8] Undefined variable: uid /var/www/html/share/Application/Runtime/Cache/Home/2a94b8bda04ff446dcedd42276fc99ee.php 第 361 行.
NOTIC: [8] Undefined variable: uid /var/www/html/share/Application/Runtime/Cache/Home/2a94b8bda04ff446dcedd42276fc99ee.php 第 347 行.
NOTIC: [8] Undefined variable: uid /var/www/html/share/Application/Runtime/Cache/Home/2a94b8bda04ff446dcedd42276fc99ee.php 第 361 行.
NOTIC: [8] Undefined variable: uid /var/www/html/share/Application/Runtime/Cache/Home/2a94b8bda04ff446dcedd42276fc99ee.php 第 347 行.
NOTIC: [8] Undefined variable: uid /var/www/html/share/Application/Runtime/Cache/Home/2a94b8bda04ff446dcedd42276fc99ee.php 第 361 行.
NOTIC: [8] Undefined variable: uid /var/www/html/share/Application/Runtime/Cache/Home/2a94b8bda04ff446dcedd42276fc99ee.php 第 406 行.
SQL: SELECT * FROM `think_userinfo` WHERE ( userid=1 )  [ RunTime:0.000150s ]
NOTIC: [8] Undefined variable: uid /var/www/html/share/Application/Runtime/Cache/Home/2a94b8bda04ff446dcedd42276fc99ee.php 第 406 行.
SQL: SELECT * FROM `think_userinfo` WHERE ( userid=4 )  [ RunTime:0.000055s ]
NOTIC: [8] Undefined variable: uid /var/www/html/share/Application/Runtime/Cache/Home/2a94b8bda04ff446dcedd42276fc99ee.php 第 406 行.
SQL: SELECT * FROM `think_userinfo` WHERE ( userid=2 )  [ RunTime:0.000058s ]
INFO: Run Behavior\ParseTemplateBehavior [ RunTime:0.018742s ]
INFO: [ view_parse ] --END-- [ RunTime:0.018771s ]
INFO: [ view_filter ] --START--
INFO: Run Behavior\WriteHtmlCacheBehavior [ RunTime:0.000060s ]
INFO: Run Behavior\TokenBuildBehavior [ RunTime:0.000225s ]
INFO: [ view_filter ] --END-- [ RunTime:0.000327s ]
INFO: [ app_end ] --START--
INFO: Run Behavior\ShowPageTraceBehavior [ RunTime:0.000047s ]
INFO: [ app_end ] --END-- [ RunTime:0.000077s ]

[ 2014-11-28T19:17:44+08:00 ] 172.16.14.1 /share/home
INFO: [ app_init ] --START--
INFO: Run Behavior\BuildLiteBehavior [ RunTime:0.000009s ]
INFO: [ app_init ] --END-- [ RunTime:0.000061s ]
INFO: [ app_begin ] --START--
INFO: Run Behavior\ReadHtmlCacheBehavior [ RunTime:0.000025s ]
INFO: [ app_begin ] --END-- [ RunTime:0.000048s ]
NOTIC: [8] Undefined index: name /var/www/html/share/Application/Home/Controller/GlobalAction.class.php 第 11 行.
NOTIC: [8192] mysql_connect(): The mysql extension is deprecated and will be removed in the future: use mysqli or PDO instead /var/www/html/share/ThinkPHP/Library/Think/Db/Driver/Mysql.class.php 第 52 行.
SQL: SHOW COLUMNS FROM `think_userinfo` [ RunTime:0.001640s ]
SQL: SELECT * FROM `think_userinfo` ORDER BY registertime desc LIMIT 10   [ RunTime:0.000081s ]
SQL: SHOW COLUMNS FROM `think_movielist` [ RunTime:0.000910s ]
SQL: SELECT * FROM `think_movielist` WHERE ( statue=4 ) ORDER BY updatetime desc LIMIT 12   [ RunTime:0.000079s ]
SQL: SHOW COLUMNS FROM `think_announce` [ RunTime:0.000518s ]
SQL: SELECT * FROM `think_announce` ORDER BY time desc LIMIT 1   [ RunTime:0.000047s ]
SQL: SHOW COLUMNS FROM `think_notice` [ RunTime:0.000369s ]
SQL: SELECT * FROM `think_notice` ORDER BY time desc LIMIT 3   [ RunTime:0.000040s ]
SQL: SELECT * FROM `think_movielist` WHERE ( statue=1 ) ORDER BY wishtime desc LIMIT 8   [ RunTime:0.000053s ]
SQL: SHOW COLUMNS FROM `think_locallist` [ RunTime:0.000334s ]
SQL: SELECT `userid`,COUNT(  `think_locallist`.`id` ) as c FROM `think_locallist` GROUP BY `think_locallist`.`userid` ORDER BY COUNT(`think_locallist`.`id`) desc LIMIT 5   [ RunTime:0.000039s ]
INFO: [ view_parse ] --START--
INFO: [ template_filter ] --START--
INFO: Run Behavior\ContentReplaceBehavior [ RunTime:0.000158s ]
INFO: [ template_filter ] --END-- [ RunTime:0.000227s ]
NOTIC: [8] Undefined variable: uid /var/www/html/share/Application/Runtime/Cache/Home/2a94b8bda04ff446dcedd42276fc99ee.php 第 347 行.
NOTIC: [8] Undefined variable: uid /var/www/html/share/Application/Runtime/Cache/Home/2a94b8bda04ff446dcedd42276fc99ee.php 第 361 行.
NOTIC: [8] Undefined variable: uid /var/www/html/share/Application/Runtime/Cache/Home/2a94b8bda04ff446dcedd42276fc99ee.php 第 347 行.
NOTIC: [8] Undefined variable: uid /var/www/html/share/Application/Runtime/Cache/Home/2a94b8bda04ff446dcedd42276fc99ee.php 第 361 行.
NOTIC: [8] Undefined variable: uid /var/www/html/share/Application/Runtime/Cache/Home/2a94b8bda04ff446dcedd42276fc99ee.php 第 347 行.
NOTIC: [8] Undefined variable: uid /var/www/html/share/Application/Runtime/Cache/Home/2a94b8bda04ff446dcedd42276fc99ee.php 第 361 行.
NOTIC: [8] Undefined variable: uid /var/www/html/share/Application/Runtime/Cache/Home/2a94b8bda04ff446dcedd42276fc99ee.php 第 347 行.
NOTIC: [8] Undefined variable: uid /var/www/html/share/Application/Runtime/Cache/Home/2a94b8bda04ff446dcedd42276fc99ee.php 第 361 行.
NOTIC: [8] Undefined variable: uid /var/www/html/share/Application/Runtime/Cache/Home/2a94b8bda04ff446dcedd42276fc99ee.php 第 347 行.
NOTIC: [8] Undefined variable: uid /var/www/html/share/Application/Runtime/Cache/Home/2a94b8bda04ff446dcedd42276fc99ee.php 第 361 行.
NOTIC: [8] Undefined variable: uid /var/www/html/share/Application/Runtime/Cache/Home/2a94b8bda04ff446dcedd42276fc99ee.php 第 347 行.
NOTIC: [8] Undefined variable: uid /var/www/html/share/Application/Runtime/Cache/Home/2a94b8bda04ff446dcedd42276fc99ee.php 第 361 行.
NOTIC: [8] Undefined variable: uid /var/www/html/share/Application/Runtime/Cache/Home/2a94b8bda04ff446dcedd42276fc99ee.php 第 347 行.
NOTIC: [8] Undefined variable: uid /var/www/html/share/Application/Runtime/Cache/Home/2a94b8bda04ff446dcedd42276fc99ee.php 第 361 行.
NOTIC: [8] Undefined variable: uid /var/www/html/share/Application/Runtime/Cache/Home/2a94b8bda04ff446dcedd42276fc99ee.php 第 347 行.
NOTIC: [8] Undefined variable: uid /var/www/html/share/Application/Runtime/Cache/Home/2a94b8bda04ff446dcedd42276fc99ee.php 第 361 行.
NOTIC: [8] Undefined variable: uid /var/www/html/share/Application/Runtime/Cache/Home/2a94b8bda04ff446dcedd42276fc99ee.php 第 347 行.
NOTIC: [8] Undefined variable: uid /var/www/html/share/Application/Runtime/Cache/Home/2a94b8bda04ff446dcedd42276fc99ee.php 第 361 行.
NOTIC: [8] Undefined variable: uid /var/www/html/share/Application/Runtime/Cache/Home/2a94b8bda04ff446dcedd42276fc99ee.php 第 347 行.
NOTIC: [8] Undefined variable: uid /var/www/html/share/Application/Runtime/Cache/Home/2a94b8bda04ff446dcedd42276fc99ee.php 第 361 行.
NOTIC: [8] Undefined variable: uid /var/www/html/share/Application/Runtime/Cache/Home/2a94b8bda04ff446dcedd42276fc99ee.php 第 347 行.
NOTIC: [8] Undefined variable: uid /var/www/html/share/Application/Runtime/Cache/Home/2a94b8bda04ff446dcedd42276fc99ee.php 第 361 行.
NOTIC: [8] Undefined variable: uid /var/www/html/share/Application/Runtime/Cache/Home/2a94b8bda04ff446dcedd42276fc99ee.php 第 347 行.
NOTIC: [8] Undefined variable: uid /var/www/html/share/Application/Runtime/Cache/Home/2a94b8bda04ff446dcedd42276fc99ee.php 第 361 行.
NOTIC: [8] Undefined variable: uid /var/www/html/share/Application/Runtime/Cache/Home/2a94b8bda04ff446dcedd42276fc99ee.php 第 406 行.
SQL: SELECT * FROM `think_userinfo` WHERE ( userid=1 )  [ RunTime:0.000124s ]
NOTIC: [8] Undefined variable: uid /var/www/html/share/Application/Runtime/Cache/Home/2a94b8bda04ff446dcedd42276fc99ee.php 第 406 行.
SQL: SELECT * FROM `think_userinfo` WHERE ( userid=4 )  [ RunTime:0.000079s ]
NOTIC: [8] Undefined variable: uid /var/www/html/share/Application/Runtime/Cache/Home/2a94b8bda04ff446dcedd42276fc99ee.php 第 406 行.
SQL: SELECT * FROM `think_userinfo` WHERE ( userid=2 )  [ RunTime:0.000071s ]
INFO: Run Behavior\ParseTemplateBehavior [ RunTime:0.017201s ]
INFO: [ view_parse ] --END-- [ RunTime:0.017239s ]
INFO: [ view_filter ] --START--
INFO: Run Behavior\WriteHtmlCacheBehavior [ RunTime:0.000069s ]
INFO: Run Behavior\TokenBuildBehavior [ RunTime:0.000284s ]
INFO: [ view_filter ] --END-- [ RunTime:0.000420s ]
INFO: [ app_end ] --START--
INFO: Run Behavior\ShowPageTraceBehavior [ RunTime:0.000097s ]
INFO: [ app_end ] --END-- [ RunTime:0.000163s ]

[ 2014-11-28T19:17:52+08:00 ] 172.16.14.1 /share/home
INFO: [ app_init ] --START--
INFO: Run Behavior\BuildLiteBehavior [ RunTime:0.000017s ]
INFO: [ app_init ] --END-- [ RunTime:0.000115s ]

[ 2014-11-28T19:17:53+08:00 ] 172.16.14.1 /share/home/movie/mlist
INFO: [ app_init ] --START--
INFO: Run Behavior\BuildLiteBehavior [ RunTime:0.000026s ]
INFO: [ app_init ] --END-- [ RunTime:0.000213s ]
INFO: [ app_begin ] --START--
INFO: Run Behavior\ReadHtmlCacheBehavior [ RunTime:0.000052s ]
INFO: [ app_begin ] --END-- [ RunTime:0.000103s ]
NOTIC: [2048] Declaration of Home\Controller\MovieController::show() should be compatible with Think\Controller::show($content, $charset = '', $contentType = '', $prefix = '') /var/www/html/share/Application/Home/Controller/MovieController.class.php 第 5 行.
NOTIC: [8] Undefined index: name /var/www/html/share/Application/Home/Controller/GlobalAction.class.php 第 11 行.
NOTIC: [8192] mysql_connect(): The mysql extension is deprecated and will be removed in the future: use mysqli or PDO instead /var/www/html/share/ThinkPHP/Library/Think/Db/Driver/Mysql.class.php 第 52 行.
SQL: SHOW COLUMNS FROM `think_movielist` [ RunTime:0.001122s ]
SQL: SELECT COUNT(*) AS tp_count FROM `think_movielist` WHERE `statue` = 4 LIMIT 1   [ RunTime:0.000080s ]
SQL: SELECT * FROM `think_movielist` WHERE `statue` = 4 ORDER BY updatetime desc LIMIT 0,12   [ RunTime:0.000338s ]
NOTIC: [8] Undefined index: type /var/www/html/share/Application/Home/Controller/MovieController.class.php 第 95 行.
NOTIC: [8] Undefined index: userid /var/www/html/share/Application/Home/Controller/MovieController.class.php 第 96 行.
INFO: [ view_parse ] --START--
INFO: [ template_filter ] --START--
INFO: Run Behavior\ContentReplaceBehavior [ RunTime:0.000058s ]
INFO: [ template_filter ] --END-- [ RunTime:0.000126s ]
NOTIC: [8] Undefined variable: uid /var/www/html/share/Application/Runtime/Cache/Home/e3483a9a82df7007fd8ccec48541137e.php 第 370 行.
NOTIC: [8] Undefined variable: uid /var/www/html/share/Application/Runtime/Cache/Home/e3483a9a82df7007fd8ccec48541137e.php 第 384 行.
NOTIC: [8] Undefined variable: uid /var/www/html/share/Application/Runtime/Cache/Home/e3483a9a82df7007fd8ccec48541137e.php 第 370 行.
NOTIC: [8] Undefined variable: uid /var/www/html/share/Application/Runtime/Cache/Home/e3483a9a82df7007fd8ccec48541137e.php 第 384 行.
NOTIC: [8] Undefined variable: uid /var/www/html/share/Application/Runtime/Cache/Home/e3483a9a82df7007fd8ccec48541137e.php 第 370 行.
NOTIC: [8] Undefined variable: uid /var/www/html/share/Application/Runtime/Cache/Home/e3483a9a82df7007fd8ccec48541137e.php 第 384 行.
NOTIC: [8] Undefined variable: uid /var/www/html/share/Application/Runtime/Cache/Home/e3483a9a82df7007fd8ccec48541137e.php 第 370 行.
NOTIC: [8] Undefined variable: uid /var/www/html/share/Application/Runtime/Cache/Home/e3483a9a82df7007fd8ccec48541137e.php 第 384 行.
NOTIC: [8] Undefined variable: uid /var/www/html/share/Application/Runtime/Cache/Home/e3483a9a82df7007fd8ccec48541137e.php 第 370 行.
NOTIC: [8] Undefined variable: uid /var/www/html/share/Application/Runtime/Cache/Home/e3483a9a82df7007fd8ccec48541137e.php 第 384 行.
NOTIC: [8] Undefined variable: uid /var/www/html/share/Application/Runtime/Cache/Home/e3483a9a82df7007fd8ccec48541137e.php 第 370 行.
NOTIC: [8] Undefined variable: uid /var/www/html/share/Application/Runtime/Cache/Home/e3483a9a82df7007fd8ccec48541137e.php 第 384 行.
NOTIC: [8] Undefined variable: uid /var/www/html/share/Application/Runtime/Cache/Home/e3483a9a82df7007fd8ccec48541137e.php 第 370 行.
NOTIC: [8] Undefined variable: uid /var/www/html/share/Application/Runtime/Cache/Home/e3483a9a82df7007fd8ccec48541137e.php 第 384 行.
NOTIC: [8] Undefined variable: uid /var/www/html/share/Application/Runtime/Cache/Home/e3483a9a82df7007fd8ccec48541137e.php 第 370 行.
NOTIC: [8] Undefined variable: uid /var/www/html/share/Application/Runtime/Cache/Home/e3483a9a82df7007fd8ccec48541137e.php 第 384 行.
NOTIC: [8] Undefined variable: uid /var/www/html/share/Application/Runtime/Cache/Home/e3483a9a82df7007fd8ccec48541137e.php 第 370 行.
NOTIC: [8] Undefined variable: uid /var/www/html/share/Application/Runtime/Cache/Home/e3483a9a82df7007fd8ccec48541137e.php 第 384 行.
NOTIC: [8] Undefined variable: uid /var/www/html/share/Application/Runtime/Cache/Home/e3483a9a82df7007fd8ccec48541137e.php 第 370 行.
NOTIC: [8] Undefined variable: uid /var/www/html/share/Application/Runtime/Cache/Home/e3483a9a82df7007fd8ccec48541137e.php 第 384 行.
NOTIC: [8] Undefined variable: uid /var/www/html/share/Application/Runtime/Cache/Home/e3483a9a82df7007fd8ccec48541137e.php 第 370 行.
NOTIC: [8] Undefined variable: uid /var/www/html/share/Application/Runtime/Cache/Home/e3483a9a82df7007fd8ccec48541137e.php 第 384 行.
NOTIC: [8] Undefined variable: uid /var/www/html/share/Application/Runtime/Cache/Home/e3483a9a82df7007fd8ccec48541137e.php 第 370 行.
NOTIC: [8] Undefined variable: uid /var/www/html/share/Application/Runtime/Cache/Home/e3483a9a82df7007fd8ccec48541137e.php 第 384 行.
INFO: Run Behavior\ParseTemplateBehavior [ RunTime:0.016557s ]
INFO: [ view_parse ] --END-- [ RunTime:0.016587s ]
INFO: [ view_filter ] --START--
INFO: Run Behavior\WriteHtmlCacheBehavior [ RunTime:0.000041s ]
INFO: Run Behavior\TokenBuildBehavior [ RunTime:0.000147s ]
INFO: [ view_filter ] --END-- [ RunTime:0.000222s ]
INFO: [ app_end ] --START--
INFO: Run Behavior\ShowPageTraceBehavior [ RunTime:0.000026s ]
INFO: [ app_end ] --END-- [ RunTime:0.000048s ]

[ 2014-11-28T19:17:53+08:00 ] 172.16.14.1 /share/home/movie/mlist
INFO: [ app_init ] --START--
INFO: Run Behavior\BuildLiteBehavior [ RunTime:0.000009s ]
INFO: [ app_init ] --END-- [ RunTime:0.000061s ]
INFO: [ app_begin ] --START--
INFO: Run Behavior\ReadHtmlCacheBehavior [ RunTime:0.000044s ]
INFO: [ app_begin ] --END-- [ RunTime:0.000088s ]
NOTIC: [2048] Declaration of Home\Controller\MovieController::show() should be compatible with Think\Controller::show($content, $charset = '', $contentType = '', $prefix = '') /var/www/html/share/Application/Home/Controller/MovieController.class.php 第 5 行.
NOTIC: [8] Undefined index: name /var/www/html/share/Application/Home/Controller/GlobalAction.class.php 第 11 行.
NOTIC: [8192] mysql_connect(): The mysql extension is deprecated and will be removed in the future: use mysqli or PDO instead /var/www/html/share/ThinkPHP/Library/Think/Db/Driver/Mysql.class.php 第 52 行.
SQL: SHOW COLUMNS FROM `think_movielist` [ RunTime:0.000988s ]
SQL: SELECT COUNT(*) AS tp_count FROM `think_movielist` WHERE `statue` = 4 LIMIT 1   [ RunTime:0.000060s ]
SQL: SELECT * FROM `think_movielist` WHERE `statue` = 4 ORDER BY updatetime desc LIMIT 0,12   [ RunTime:0.000050s ]
NOTIC: [8] Undefined index: type /var/www/html/share/Application/Home/Controller/MovieController.class.php 第 95 行.
NOTIC: [8] Undefined index: userid /var/www/html/share/Application/Home/Controller/MovieController.class.php 第 96 行.
INFO: [ view_parse ] --START--
INFO: [ template_filter ] --START--
INFO: Run Behavior\ContentReplaceBehavior [ RunTime:0.000153s ]
INFO: [ template_filter ] --END-- [ RunTime:0.000225s ]
NOTIC: [8] Undefined variable: uid /var/www/html/share/Application/Runtime/Cache/Home/e3483a9a82df7007fd8ccec48541137e.php 第 370 行.
NOTIC: [8] Undefined variable: uid /var/www/html/share/Application/Runtime/Cache/Home/e3483a9a82df7007fd8ccec48541137e.php 第 384 行.
NOTIC: [8] Undefined variable: uid /var/www/html/share/Application/Runtime/Cache/Home/e3483a9a82df7007fd8ccec48541137e.php 第 370 行.
NOTIC: [8] Undefined variable: uid /var/www/html/share/Application/Runtime/Cache/Home/e3483a9a82df7007fd8ccec48541137e.php 第 384 行.
NOTIC: [8] Undefined variable: uid /var/www/html/share/Application/Runtime/Cache/Home/e3483a9a82df7007fd8ccec48541137e.php 第 370 行.
NOTIC: [8] Undefined variable: uid /var/www/html/share/Application/Runtime/Cache/Home/e3483a9a82df7007fd8ccec48541137e.php 第 384 行.
NOTIC: [8] Undefined variable: uid /var/www/html/share/Application/Runtime/Cache/Home/e3483a9a82df7007fd8ccec48541137e.php 第 370 行.
NOTIC: [8] Undefined variable: uid /var/www/html/share/Application/Runtime/Cache/Home/e3483a9a82df7007fd8ccec48541137e.php 第 384 行.
NOTIC: [8] Undefined variable: uid /var/www/html/share/Application/Runtime/Cache/Home/e3483a9a82df7007fd8ccec48541137e.php 第 370 行.
NOTIC: [8] Undefined variable: uid /var/www/html/share/Application/Runtime/Cache/Home/e3483a9a82df7007fd8ccec48541137e.php 第 384 行.
NOTIC: [8] Undefined variable: uid /var/www/html/share/Application/Runtime/Cache/Home/e3483a9a82df7007fd8ccec48541137e.php 第 370 行.
NOTIC: [8] Undefined variable: uid /var/www/html/share/Application/Runtime/Cache/Home/e3483a9a82df7007fd8ccec48541137e.php 第 384 行.
NOTIC: [8] Undefined variable: uid /var/www/html/share/Application/Runtime/Cache/Home/e3483a9a82df7007fd8ccec48541137e.php 第 370 行.
NOTIC: [8] Undefined variable: uid /var/www/html/share/Application/Runtime/Cache/Home/e3483a9a82df7007fd8ccec48541137e.php 第 384 行.
NOTIC: [8] Undefined variable: uid /var/www/html/share/Application/Runtime/Cache/Home/e3483a9a82df7007fd8ccec48541137e.php 第 370 行.
NOTIC: [8] Undefined variable: uid /var/www/html/share/Application/Runtime/Cache/Home/e3483a9a82df7007fd8ccec48541137e.php 第 384 行.
NOTIC: [8] Undefined variable: uid /var/www/html/share/Application/Runtime/Cache/Home/e3483a9a82df7007fd8ccec48541137e.php 第 370 行.
NOTIC: [8] Undefined variable: uid /var/www/html/share/Application/Runtime/Cache/Home/e3483a9a82df7007fd8ccec48541137e.php 第 384 行.
NOTIC: [8] Undefined variable: uid /var/www/html/share/Application/Runtime/Cache/Home/e3483a9a82df7007fd8ccec48541137e.php 第 370 行.
NOTIC: [8] Undefined variable: uid /var/www/html/share/Application/Runtime/Cache/Home/e3483a9a82df7007fd8ccec48541137e.php 第 384 行.
NOTIC: [8] Undefined variable: uid /var/www/html/share/Application/Runtime/Cache/Home/e3483a9a82df7007fd8ccec48541137e.php 第 370 行.
NOTIC: [8] Undefined variable: uid /var/www/html/share/Application/Runtime/Cache/Home/e3483a9a82df7007fd8ccec48541137e.php 第 384 行.
NOTIC: [8] Undefined variable: uid /var/www/html/share/Application/Runtime/Cache/Home/e3483a9a82df7007fd8ccec48541137e.php 第 370 行.
NOTIC: [8] Undefined variable: uid /var/www/html/share/Application/Runtime/Cache/Home/e3483a9a82df7007fd8ccec48541137e.php 第 384 行.
INFO: Run Behavior\ParseTemplateBehavior [ RunTime:0.017472s ]
INFO: [ view_parse ] --END-- [ RunTime:0.017506s ]
INFO: [ view_filter ] --START--
INFO: Run Behavior\WriteHtmlCacheBehavior [ RunTime:0.000053s ]
INFO: Run Behavior\TokenBuildBehavior [ RunTime:0.000133s ]
INFO: [ view_filter ] --END-- [ RunTime:0.000219s ]
INFO: [ app_end ] --START--
INFO: Run Behavior\ShowPageTraceBehavior [ RunTime:0.000028s ]
INFO: [ app_end ] --END-- [ RunTime:0.000052s ]

[ 2014-11-28T19:17:56+08:00 ] 172.16.14.1 /share/home/movie/myfa
INFO: [ app_init ] --START--
INFO: Run Behavior\BuildLiteBehavior [ RunTime:0.000015s ]
INFO: [ app_init ] --END-- [ RunTime:0.000116s ]
INFO: [ app_begin ] --START--
INFO: Run Behavior\ReadHtmlCacheBehavior [ RunTime:0.000087s ]
INFO: [ app_begin ] --END-- [ RunTime:0.000136s ]
NOTIC: [2048] Declaration of Home\Controller\MovieController::show() should be compatible with Think\Controller::show($content, $charset = '', $contentType = '', $prefix = '') /var/www/html/share/Application/Home/Controller/MovieController.class.php 第 5 行.
NOTIC: [8] Undefined index: name /var/www/html/share/Application/Home/Controller/GlobalAction.class.php 第 11 行.

[ 2014-11-28T19:17:56+08:00 ] 172.16.14.1 /share/home/movie/myfa
INFO: [ app_init ] --START--
INFO: Run Behavior\BuildLiteBehavior [ RunTime:0.000016s ]
INFO: [ app_init ] --END-- [ RunTime:0.000129s ]
INFO: [ app_begin ] --START--
INFO: Run Behavior\ReadHtmlCacheBehavior [ RunTime:0.000062s ]
INFO: [ app_begin ] --END-- [ RunTime:0.000125s ]
NOTIC: [2048] Declaration of Home\Controller\MovieController::show() should be compatible with Think\Controller::show($content, $charset = '', $contentType = '', $prefix = '') /var/www/html/share/Application/Home/Controller/MovieController.class.php 第 5 行.
NOTIC: [8] Undefined index: name /var/www/html/share/Application/Home/Controller/GlobalAction.class.php 第 11 行.

[ 2014-11-28T19:18:03+08:00 ] 172.16.14.1 /share/home/movie/myfa
INFO: [ app_init ] --START--
INFO: Run Behavior\BuildLiteBehavior [ RunTime:0.000145s ]
INFO: [ app_init ] --END-- [ RunTime:0.000451s ]

[ 2014-11-28T19:18:06+08:00 ] 172.16.14.1 /share/home/movie/myfa
INFO: [ app_init ] --START--
INFO: Run Behavior\BuildLiteBehavior [ RunTime:0.000042s ]
INFO: [ app_init ] --END-- [ RunTime:0.000293s ]

[ 2014-11-28T19:18:09+08:00 ] 172.16.14.1 /share/home/movie/mlist
INFO: [ app_init ] --START--
INFO: Run Behavior\BuildLiteBehavior [ RunTime:0.000013s ]
INFO: [ app_init ] --END-- [ RunTime:0.000097s ]

[ 2014-11-28T19:18:17+08:00 ] 172.16.14.1 /share/home/user/login?username=xiaohuanshu&password=buzhidao&__hash__=693049d49cc3c86327bceac5d89a8c3a_89a05a0a9cd7d1d13a9a6697a401c0fe
INFO: [ app_init ] --START--
INFO: Run Behavior\BuildLiteBehavior [ RunTime:0.000008s ]
INFO: [ app_init ] --END-- [ RunTime:0.000063s ]

[ 2014-11-28T19:18:17+08:00 ] 172.16.14.1 /share/home/api/index?time=1417173497&code=13dbUXDPs%2F5J%2Bf1ZG96NiculgxcuksejuC0bv2lG2Ip7oZ%2F64cGlSfXbq2QQdWlfO62EeRlAPi%2Fe48CjQYzmLOCz3modBDLvf8u0KUTapFhWB44ms87ixfXXT1Z0CuNR7iRKT6bjfLmWW0fNQ44N%2BXzQdqtclgkiZ6xSsKSPznEv
INFO: [ app_init ] --START--
INFO: Run Behavior\BuildLiteBehavior [ RunTime:0.000015s ]
INFO: [ app_init ] --END-- [ RunTime:0.000097s ]

[ 2014-11-28T19:18:22+08:00 ] 172.16.14.1 /share/home
INFO: [ app_init ] --START--
INFO: Run Behavior\BuildLiteBehavior [ RunTime:0.000012s ]
INFO: [ app_init ] --END-- [ RunTime:0.000095s ]

[ 2014-11-28T19:18:54+08:00 ] 172.16.14.1 /share/home
INFO: [ app_init ] --START--
INFO: Run Behavior\BuildLiteBehavior [ RunTime:0.000150s ]
INFO: [ app_init ] --END-- [ RunTime:0.000847s ]

[ 2014-11-28T19:19:00+08:00 ] 172.16.14.1 /share/home/user/profile/uid/1
INFO: [ app_init ] --START--
INFO: Run Behavior\BuildLiteBehavior [ RunTime:0.000032s ]
INFO: [ app_init ] --END-- [ RunTime:0.000140s ]

[ 2014-11-28T19:19:02+08:00 ] 172.16.14.1 /share/home
INFO: [ app_init ] --START--
INFO: Run Behavior\BuildLiteBehavior [ RunTime:0.000009s ]
INFO: [ app_init ] --END-- [ RunTime:0.000061s ]
INFO: [ app_begin ] --START--
INFO: Run Behavior\ReadHtmlCacheBehavior [ RunTime:0.000026s ]
INFO: [ app_begin ] --END-- [ RunTime:0.000048s ]
NOTIC: [8] Undefined index: name /var/www/html/share/Application/Home/Controller/GlobalAction.class.php 第 11 行.
NOTIC: [8192] mysql_connect(): The mysql extension is deprecated and will be removed in the future: use mysqli or PDO instead /var/www/html/share/Application/Ucenter/Client/uc_client/lib/db.class.php 第 41 行.
NOTIC: [8192] mysql_connect(): The mysql extension is deprecated and will be removed in the future: use mysqli or PDO instead /var/www/html/share/ThinkPHP/Library/Think/Db/Driver/Mysql.class.php 第 52 行.
SQL: SHOW COLUMNS FROM `think_userinfo` [ RunTime:0.000712s ]
SQL: SELECT * FROM `think_userinfo` ORDER BY registertime desc LIMIT 10   [ RunTime:0.000066s ]
SQL: SHOW COLUMNS FROM `think_movielist` [ RunTime:0.001497s ]
SQL: SELECT * FROM `think_movielist` WHERE ( statue=4 ) ORDER BY updatetime desc LIMIT 12   [ RunTime:0.000136s ]
SQL: SHOW COLUMNS FROM `think_announce` [ RunTime:0.000919s ]
SQL: SELECT * FROM `think_announce` ORDER BY time desc LIMIT 1   [ RunTime:0.000052s ]
SQL: SHOW COLUMNS FROM `think_notice` [ RunTime:0.000433s ]
SQL: SELECT * FROM `think_notice` ORDER BY time desc LIMIT 3   [ RunTime:0.000044s ]
SQL: SELECT * FROM `think_movielist` WHERE ( statue=1 ) ORDER BY wishtime desc LIMIT 8   [ RunTime:0.000044s ]
SQL: SHOW COLUMNS FROM `think_locallist` [ RunTime:0.000395s ]
SQL: SELECT `userid`,COUNT(  `think_locallist`.`id` ) as c FROM `think_locallist` GROUP BY `think_locallist`.`userid` ORDER BY COUNT(`think_locallist`.`id`) desc LIMIT 5   [ RunTime:0.000042s ]
INFO: [ view_parse ] --START--
INFO: [ template_filter ] --START--
INFO: Run Behavior\ContentReplaceBehavior [ RunTime:0.000065s ]
INFO: [ template_filter ] --END-- [ RunTime:0.000105s ]
SQL: SHOW COLUMNS FROM `think_mvfalist` [ RunTime:0.000818s ]
SQL: SELECT COUNT(*) AS tp_count FROM `think_mvfalist` WHERE ( userid=1 and movieid=1 ) LIMIT 1   [ RunTime:0.000063s ]
SQL: SHOW COLUMNS FROM `think_mvlikelist` [ RunTime:0.000513s ]
SQL: SELECT COUNT(*) AS tp_count FROM `think_mvlikelist` WHERE ( userid=1 and movieid=1 ) LIMIT 1   [ RunTime:0.000046s ]
SQL: SELECT COUNT(*) AS tp_count FROM `think_mvfalist` WHERE ( userid=1 and movieid=2 ) LIMIT 1   [ RunTime:0.000040s ]
SQL: SELECT COUNT(*) AS tp_count FROM `think_mvlikelist` WHERE ( userid=1 and movieid=2 ) LIMIT 1   [ RunTime:0.000037s ]
SQL: SELECT COUNT(*) AS tp_count FROM `think_mvfalist` WHERE ( userid=1 and movieid=3 ) LIMIT 1   [ RunTime:0.000036s ]
SQL: SELECT COUNT(*) AS tp_count FROM `think_mvlikelist` WHERE ( userid=1 and movieid=3 ) LIMIT 1   [ RunTime:0.000037s ]
SQL: SELECT COUNT(*) AS tp_count FROM `think_mvfalist` WHERE ( userid=1 and movieid=4 ) LIMIT 1   [ RunTime:0.000035s ]
SQL: SELECT COUNT(*) AS tp_count FROM `think_mvlikelist` WHERE ( userid=1 and movieid=4 ) LIMIT 1   [ RunTime:0.000035s ]
SQL: SELECT COUNT(*) AS tp_count FROM `think_mvfalist` WHERE ( userid=1 and movieid=5 ) LIMIT 1   [ RunTime:0.000035s ]
SQL: SELECT COUNT(*) AS tp_count FROM `think_mvlikelist` WHERE ( userid=1 and movieid=5 ) LIMIT 1   [ RunTime:0.000035s ]
SQL: SELECT COUNT(*) AS tp_count FROM `think_mvfalist` WHERE ( userid=1 and movieid=6 ) LIMIT 1   [ RunTime:0.000034s ]
SQL: SELECT COUNT(*) AS tp_count FROM `think_mvlikelist` WHERE ( userid=1 and movieid=6 ) LIMIT 1   [ RunTime:0.000037s ]
SQL: SELECT COUNT(*) AS tp_count FROM `think_mvfalist` WHERE ( userid=1 and movieid=7 ) LIMIT 1   [ RunTime:0.000038s ]
SQL: SELECT COUNT(*) AS tp_count FROM `think_mvlikelist` WHERE ( userid=1 and movieid=7 ) LIMIT 1   [ RunTime:0.000034s ]
SQL: SELECT COUNT(*) AS tp_count FROM `think_mvfalist` WHERE ( userid=1 and movieid=8 ) LIMIT 1   [ RunTime:0.000035s ]
SQL: SELECT COUNT(*) AS tp_count FROM `think_mvlikelist` WHERE ( userid=1 and movieid=8 ) LIMIT 1   [ RunTime:0.000033s ]
SQL: SELECT COUNT(*) AS tp_count FROM `think_mvfalist` WHERE ( userid=1 and movieid=9 ) LIMIT 1   [ RunTime:0.000033s ]
SQL: SELECT COUNT(*) AS tp_count FROM `think_mvlikelist` WHERE ( userid=1 and movieid=9 ) LIMIT 1   [ RunTime:0.000033s ]
SQL: SELECT COUNT(*) AS tp_count FROM `think_mvfalist` WHERE ( userid=1 and movieid=10 ) LIMIT 1   [ RunTime:0.000036s ]
SQL: SELECT COUNT(*) AS tp_count FROM `think_mvlikelist` WHERE ( userid=1 and movieid=10 ) LIMIT 1   [ RunTime:0.000036s ]
SQL: SELECT COUNT(*) AS tp_count FROM `think_mvfalist` WHERE ( userid=1 and movieid=11 ) LIMIT 1   [ RunTime:0.000036s ]
SQL: SELECT COUNT(*) AS tp_count FROM `think_mvlikelist` WHERE ( userid=1 and movieid=11 ) LIMIT 1   [ RunTime:0.000034s ]
SQL: SELECT COUNT(*) AS tp_count FROM `think_mvfalist` WHERE ( userid=1 and movieid=12 ) LIMIT 1   [ RunTime:0.000034s ]
SQL: SELECT COUNT(*) AS tp_count FROM `think_mvlikelist` WHERE ( userid=1 and movieid=12 ) LIMIT 1   [ RunTime:0.000035s ]
SQL: SELECT * FROM `think_userinfo` WHERE ( userid=1 )  [ RunTime:0.000041s ]
SQL: SELECT * FROM `think_userinfo` WHERE ( userid=4 )  [ RunTime:0.000039s ]
SQL: SELECT * FROM `think_userinfo` WHERE ( userid=2 )  [ RunTime:0.000038s ]
INFO: Run Behavior\ParseTemplateBehavior [ RunTime:0.022430s ]
INFO: [ view_parse ] --END-- [ RunTime:0.022456s ]
INFO: [ view_filter ] --START--
INFO: Run Behavior\WriteHtmlCacheBehavior [ RunTime:0.000045s ]
INFO: Run Behavior\TokenBuildBehavior [ RunTime:0.000180s ]
INFO: [ view_filter ] --END-- [ RunTime:0.000258s ]
INFO: [ app_end ] --START--
INFO: Run Behavior\ShowPageTraceBehavior [ RunTime:0.000026s ]
INFO: [ app_end ] --END-- [ RunTime:0.000049s ]

[ 2014-11-28T19:19:03+08:00 ] 172.16.14.1 /share/home
INFO: [ app_init ] --START--
INFO: Run Behavior\BuildLiteBehavior [ RunTime:0.000009s ]
INFO: [ app_init ] --END-- [ RunTime:0.000060s ]
INFO: [ app_begin ] --START--
INFO: Run Behavior\ReadHtmlCacheBehavior [ RunTime:0.000025s ]
INFO: [ app_begin ] --END-- [ RunTime:0.000047s ]
NOTIC: [8] Undefined index: name /var/www/html/share/Application/Home/Controller/GlobalAction.class.php 第 11 行.
NOTIC: [8192] mysql_connect(): The mysql extension is deprecated and will be removed in the future: use mysqli or PDO instead /var/www/html/share/Application/Ucenter/Client/uc_client/lib/db.class.php 第 41 行.
NOTIC: [8192] mysql_connect(): The mysql extension is deprecated and will be removed in the future: use mysqli or PDO instead /var/www/html/share/ThinkPHP/Library/Think/Db/Driver/Mysql.class.php 第 52 行.
SQL: SHOW COLUMNS FROM `think_userinfo` [ RunTime:0.001099s ]
SQL: SELECT * FROM `think_userinfo` ORDER BY registertime desc LIMIT 10   [ RunTime:0.000097s ]
SQL: SHOW COLUMNS FROM `think_movielist` [ RunTime:0.001027s ]
SQL: SELECT * FROM `think_movielist` WHERE ( statue=4 ) ORDER BY updatetime desc LIMIT 12   [ RunTime:0.000109s ]
SQL: SHOW COLUMNS FROM `think_announce` [ RunTime:0.000675s ]
SQL: SELECT * FROM `think_announce` ORDER BY time desc LIMIT 1   [ RunTime:0.000084s ]
SQL: SHOW COLUMNS FROM `think_notice` [ RunTime:0.000818s ]
SQL: SELECT * FROM `think_notice` ORDER BY time desc LIMIT 3   [ RunTime:0.000058s ]
SQL: SELECT * FROM `think_movielist` WHERE ( statue=1 ) ORDER BY wishtime desc LIMIT 8   [ RunTime:0.000045s ]
SQL: SHOW COLUMNS FROM `think_locallist` [ RunTime:0.000890s ]
SQL: SELECT `userid`,COUNT(  `think_locallist`.`id` ) as c FROM `think_locallist` GROUP BY `think_locallist`.`userid` ORDER BY COUNT(`think_locallist`.`id`) desc LIMIT 5   [ RunTime:0.000075s ]
INFO: [ view_parse ] --START--
INFO: [ template_filter ] --START--
INFO: Run Behavior\ContentReplaceBehavior [ RunTime:0.000065s ]
INFO: [ template_filter ] --END-- [ RunTime:0.000107s ]
SQL: SHOW COLUMNS FROM `think_mvfalist` [ RunTime:0.000526s ]
SQL: SELECT COUNT(*) AS tp_count FROM `think_mvfalist` WHERE ( userid=1 and movieid=1 ) LIMIT 1   [ RunTime:0.000044s ]
SQL: SHOW COLUMNS FROM `think_mvlikelist` [ RunTime:0.000291s ]
SQL: SELECT COUNT(*) AS tp_count FROM `think_mvlikelist` WHERE ( userid=1 and movieid=1 ) LIMIT 1   [ RunTime:0.000056s ]
SQL: SELECT COUNT(*) AS tp_count FROM `think_mvfalist` WHERE ( userid=1 and movieid=2 ) LIMIT 1   [ RunTime:0.000047s ]
SQL: SELECT COUNT(*) AS tp_count FROM `think_mvlikelist` WHERE ( userid=1 and movieid=2 ) LIMIT 1   [ RunTime:0.000036s ]
SQL: SELECT COUNT(*) AS tp_count FROM `think_mvfalist` WHERE ( userid=1 and movieid=3 ) LIMIT 1   [ RunTime:0.000035s ]
SQL: SELECT COUNT(*) AS tp_count FROM `think_mvlikelist` WHERE ( userid=1 and movieid=3 ) LIMIT 1   [ RunTime:0.000035s ]
SQL: SELECT COUNT(*) AS tp_count FROM `think_mvfalist` WHERE ( userid=1 and movieid=4 ) LIMIT 1   [ RunTime:0.000035s ]
SQL: SELECT COUNT(*) AS tp_count FROM `think_mvlikelist` WHERE ( userid=1 and movieid=4 ) LIMIT 1   [ RunTime:0.000035s ]
SQL: SELECT COUNT(*) AS tp_count FROM `think_mvfalist` WHERE ( userid=1 and movieid=5 ) LIMIT 1   [ RunTime:0.000044s ]
SQL: SELECT COUNT(*) AS tp_count FROM `think_mvlikelist` WHERE ( userid=1 and movieid=5 ) LIMIT 1   [ RunTime:0.000034s ]
SQL: SELECT COUNT(*) AS tp_count FROM `think_mvfalist` WHERE ( userid=1 and movieid=6 ) LIMIT 1   [ RunTime:0.000033s ]
SQL: SELECT COUNT(*) AS tp_count FROM `think_mvlikelist` WHERE ( userid=1 and movieid=6 ) LIMIT 1   [ RunTime:0.000035s ]
SQL: SELECT COUNT(*) AS tp_count FROM `think_mvfalist` WHERE ( userid=1 and movieid=7 ) LIMIT 1   [ RunTime:0.000034s ]
SQL: SELECT COUNT(*) AS tp_count FROM `think_mvlikelist` WHERE ( userid=1 and movieid=7 ) LIMIT 1   [ RunTime:0.000034s ]
SQL: SELECT COUNT(*) AS tp_count FROM `think_mvfalist` WHERE ( userid=1 and movieid=8 ) LIMIT 1   [ RunTime:0.000034s ]
SQL: SELECT COUNT(*) AS tp_count FROM `think_mvlikelist` WHERE ( userid=1 and movieid=8 ) LIMIT 1   [ RunTime:0.000033s ]
SQL: SELECT COUNT(*) AS tp_count FROM `think_mvfalist` WHERE ( userid=1 and movieid=9 ) LIMIT 1   [ RunTime:0.000033s ]
SQL: SELECT COUNT(*) AS tp_count FROM `think_mvlikelist` WHERE ( userid=1 and movieid=9 ) LIMIT 1   [ RunTime:0.000034s ]
SQL: SELECT COUNT(*) AS tp_count FROM `think_mvfalist` WHERE ( userid=1 and movieid=10 ) LIMIT 1   [ RunTime:0.000035s ]
SQL: SELECT COUNT(*) AS tp_count FROM `think_mvlikelist` WHERE ( userid=1 and movieid=10 ) LIMIT 1   [ RunTime:0.000036s ]
SQL: SELECT COUNT(*) AS tp_count FROM `think_mvfalist` WHERE ( userid=1 and movieid=11 ) LIMIT 1   [ RunTime:0.000036s ]
SQL: SELECT COUNT(*) AS tp_count FROM `think_mvlikelist` WHERE ( userid=1 and movieid=11 ) LIMIT 1   [ RunTime:0.000034s ]
SQL: SELECT COUNT(*) AS tp_count FROM `think_mvfalist` WHERE ( userid=1 and movieid=12 ) LIMIT 1   [ RunTime:0.000034s ]
SQL: SELECT COUNT(*) AS tp_count FROM `think_mvlikelist` WHERE ( userid=1 and movieid=12 ) LIMIT 1   [ RunTime:0.000034s ]
SQL: SELECT * FROM `think_userinfo` WHERE ( userid=1 )  [ RunTime:0.000040s ]
SQL: SELECT * FROM `think_userinfo` WHERE ( userid=4 )  [ RunTime:0.000039s ]
SQL: SELECT * FROM `think_userinfo` WHERE ( userid=2 )  [ RunTime:0.000038s ]
INFO: Run Behavior\ParseTemplateBehavior [ RunTime:0.024809s ]
INFO: [ view_parse ] --END-- [ RunTime:0.024849s ]
INFO: [ view_filter ] --START--
INFO: Run Behavior\WriteHtmlCacheBehavior [ RunTime:0.000048s ]
INFO: Run Behavior\TokenBuildBehavior [ RunTime:0.000187s ]
INFO: [ view_filter ] --END-- [ RunTime:0.000268s ]
INFO: [ app_end ] --START--
INFO: Run Behavior\ShowPageTraceBehavior [ RunTime:0.000034s ]
INFO: [ app_end ] --END-- [ RunTime:0.000062s ]

[ 2014-11-28T19:19:09+08:00 ] 172.16.14.1 /share/home
INFO: [ app_init ] --START--
INFO: Run Behavior\BuildLiteBehavior [ RunTime:0.000009s ]
INFO: [ app_init ] --END-- [ RunTime:0.000057s ]

[ 2014-11-28T19:19:15+08:00 ] 172.16.14.1 /share/home/movie/show?id=1
INFO: [ app_init ] --START--
INFO: Run Behavior\BuildLiteBehavior [ RunTime:0.000010s ]
INFO: [ app_init ] --END-- [ RunTime:0.000073s ]

[ 2014-11-28T19:19:27+08:00 ] 172.16.14.1 /share/home/movie/addcomment/id/1
INFO: [ app_init ] --START--
INFO: Run Behavior\BuildLiteBehavior [ RunTime:0.000014s ]
INFO: [ app_init ] --END-- [ RunTime:0.000109s ]

[ 2014-11-28T19:19:27+08:00 ] 172.16.14.1 /share/home/movie/show?id=1
INFO: [ app_init ] --START--
INFO: Run Behavior\BuildLiteBehavior [ RunTime:0.000009s ]
INFO: [ app_init ] --END-- [ RunTime:0.000064s ]

[ 2014-11-28T19:19:32+08:00 ] 172.16.14.1 /share/home/movie/addcomment/id/1
INFO: [ app_init ] --START--
INFO: Run Behavior\BuildLiteBehavior [ RunTime:0.000009s ]
INFO: [ app_init ] --END-- [ RunTime:0.000068s ]

[ 2014-11-28T19:19:32+08:00 ] 172.16.14.1 /share/home/movie/show?id=1
INFO: [ app_init ] --START--
INFO: Run Behavior\BuildLiteBehavior [ RunTime:0.000019s ]
INFO: [ app_init ] --END-- [ RunTime:0.000117s ]

[ 2014-11-28T19:19:36+08:00 ] 172.16.14.1 /share/home/movie/addcomment/id/1
INFO: [ app_init ] --START--
INFO: Run Behavior\BuildLiteBehavior [ RunTime:0.000009s ]
INFO: [ app_init ] --END-- [ RunTime:0.000076s ]

[ 2014-11-28T19:19:36+08:00 ] 172.16.14.1 /share/home/movie/show?id=1
INFO: [ app_init ] --START--
INFO: Run Behavior\BuildLiteBehavior [ RunTime:0.000016s ]
INFO: [ app_init ] --END-- [ RunTime:0.000143s ]

[ 2014-11-28T19:20:03+08:00 ] 172.16.14.1 /share/home/movie/show/id/1/playid/2
INFO: [ app_init ] --START--
INFO: Run Behavior\BuildLiteBehavior [ RunTime:0.000010s ]
INFO: [ app_init ] --END-- [ RunTime:0.000081s ]

[ 2014-11-28T19:20:09+08:00 ] 172.16.14.1 /share/home/movie/show/id/1/playid/1
INFO: [ app_init ] --START--
INFO: Run Behavior\BuildLiteBehavior [ RunTime:0.000143s ]
INFO: [ app_init ] --END-- [ RunTime:0.000451s ]

[ 2014-11-28T19:20:10+08:00 ] 172.16.14.1 /share/home/movie/show/id/1/playid/123.mp4
INFO: [ app_init ] --START--
INFO: Run Behavior\BuildLiteBehavior [ RunTime:0.000015s ]
INFO: [ app_init ] --END-- [ RunTime:0.000103s ]

[ 2014-11-28T19:20:33+08:00 ] 172.16.14.1 /share/home/index/about
INFO: [ app_init ] --START--
INFO: Run Behavior\BuildLiteBehavior [ RunTime:0.000019s ]
INFO: [ app_init ] --END-- [ RunTime:0.000139s ]
INFO: [ app_begin ] --START--
INFO: Run Behavior\ReadHtmlCacheBehavior [ RunTime:0.000058s ]
INFO: [ app_begin ] --END-- [ RunTime:0.000099s ]
NOTIC: [8] Undefined index: name /var/www/html/share/Application/Home/Controller/GlobalAction.class.php 第 11 行.
NOTIC: [8192] mysql_connect(): The mysql extension is deprecated and will be removed in the future: use mysqli or PDO instead /var/www/html/share/Application/Ucenter/Client/uc_client/lib/db.class.php 第 41 行.
INFO: [ view_parse ] --START--
INFO: [ template_filter ] --START--
INFO: Run Behavior\ContentReplaceBehavior [ RunTime:0.000052s ]
INFO: [ template_filter ] --END-- [ RunTime:0.000103s ]
INFO: Run Behavior\ParseTemplateBehavior [ RunTime:0.062476s ]
INFO: [ view_parse ] --END-- [ RunTime:0.062527s ]
INFO: [ view_filter ] --START--
INFO: Run Behavior\WriteHtmlCacheBehavior [ RunTime:0.000054s ]
INFO: Run Behavior\TokenBuildBehavior [ RunTime:0.000154s ]
INFO: [ view_filter ] --END-- [ RunTime:0.000251s ]
INFO: [ app_end ] --START--
INFO: Run Behavior\ShowPageTraceBehavior [ RunTime:0.000042s ]
INFO: [ app_end ] --END-- [ RunTime:0.000070s ]

[ 2014-11-28T19:20:33+08:00 ] 172.16.14.1 /share/home/index/about
INFO: [ app_init ] --START--
INFO: Run Behavior\BuildLiteBehavior [ RunTime:0.000009s ]
INFO: [ app_init ] --END-- [ RunTime:0.000061s ]
INFO: [ app_begin ] --START--
INFO: Run Behavior\ReadHtmlCacheBehavior [ RunTime:0.000025s ]
INFO: [ app_begin ] --END-- [ RunTime:0.000048s ]
NOTIC: [8] Undefined index: name /var/www/html/share/Application/Home/Controller/GlobalAction.class.php 第 11 行.
NOTIC: [8192] mysql_connect(): The mysql extension is deprecated and will be removed in the future: use mysqli or PDO instead /var/www/html/share/Application/Ucenter/Client/uc_client/lib/db.class.php 第 41 行.
INFO: [ view_parse ] --START--
INFO: [ template_filter ] --START--
INFO: Run Behavior\ContentReplaceBehavior [ RunTime:0.000045s ]
INFO: [ template_filter ] --END-- [ RunTime:0.000086s ]
INFO: Run Behavior\ParseTemplateBehavior [ RunTime:0.007332s ]
INFO: [ view_parse ] --END-- [ RunTime:0.007379s ]
INFO: [ view_filter ] --START--
INFO: Run Behavior\WriteHtmlCacheBehavior [ RunTime:0.000033s ]
INFO: Run Behavior\TokenBuildBehavior [ RunTime:0.000090s ]
INFO: [ view_filter ] --END-- [ RunTime:0.000156s ]
INFO: [ app_end ] --START--
INFO: Run Behavior\ShowPageTraceBehavior [ RunTime:0.000024s ]
INFO: [ app_end ] --END-- [ RunTime:0.000046s ]

[ 2014-11-28T19:21:25+08:00 ] 172.16.14.1 /share/home/index/about
INFO: [ app_init ] --START--
INFO: Run Behavior\BuildLiteBehavior [ RunTime:0.000011s ]
INFO: [ app_init ] --END-- [ RunTime:0.000092s ]

[ 2014-11-28T19:26:06+08:00 ] 127.0.0.1 /share/home/user/logout
INFO: [ app_init ] --START--
INFO: Run Behavior\BuildLiteBehavior [ RunTime:0.000012s ]
INFO: [ app_init ] --END-- [ RunTime:0.000081s ]

[ 2014-11-28T19:26:06+08:00 ] 127.0.0.1 /share/home/api/index?time=1417173966&code=c598UECW8oCaXTU4zOhvtfU76aJGZFNCQeuDaq5xvLPTPmKDfAPocub5MNDSuy2lgK2BWPMlm4hOPJ6HHg
INFO: [ app_init ] --START--
INFO: Run Behavior\BuildLiteBehavior [ RunTime:0.000015s ]
INFO: [ app_init ] --END-- [ RunTime:0.000101s ]

[ 2014-11-28T19:26:09+08:00 ] 127.0.0.1 /share/home
INFO: [ app_init ] --START--
INFO: Run Behavior\BuildLiteBehavior [ RunTime:0.000009s ]
INFO: [ app_init ] --END-- [ RunTime:0.000068s ]

[ 2014-11-28T19:26:10+08:00 ] 127.0.0.1 /share/home/register
INFO: [ app_init ] --START--
INFO: Run Behavior\BuildLiteBehavior [ RunTime:0.000023s ]
INFO: [ app_init ] --END-- [ RunTime:0.000076s ]

[ 2014-11-28T19:36:51+08:00 ] 127.0.0.1 /share/home/register
INFO: [ app_init ] --START--
INFO: Run Behavior\BuildLiteBehavior [ RunTime:0.000258s ]
INFO: [ app_init ] --END-- [ RunTime:0.001084s ]

[ 2014-11-28T19:37:33+08:00 ] 127.0.0.1 /share/home/register
INFO: [ app_init ] --START--
INFO: Run Behavior\BuildLiteBehavior [ RunTime:0.000157s ]
INFO: [ app_init ] --END-- [ RunTime:0.000657s ]

[ 2014-11-28T19:43:47+08:00 ] 172.16.14.1 /share/
INFO: [ app_init ] --START--
INFO: Run Behavior\BuildLiteBehavior [ RunTime:0.000158s ]
INFO: [ app_init ] --END-- [ RunTime:0.000594s ]

[ 2014-11-28T19:43:57+08:00 ] 172.16.14.1 /share/home/movie/mlist
INFO: [ app_init ] --START--
INFO: Run Behavior\BuildLiteBehavior [ RunTime:0.000016s ]
INFO: [ app_init ] --END-- [ RunTime:0.000168s ]
INFO: [ app_begin ] --START--
INFO: Run Behavior\ReadHtmlCacheBehavior [ RunTime:0.000041s ]
INFO: [ app_begin ] --END-- [ RunTime:0.000068s ]
NOTIC: [2048] Declaration of Home\Controller\MovieController::show() should be compatible with Think\Controller::show($content, $charset = '', $contentType = '', $prefix = '') /var/www/html/share/Application/Home/Controller/MovieController.class.php 第 5 行.
NOTIC: [8] Undefined index: name /var/www/html/share/Application/Home/Controller/GlobalAction.class.php 第 11 行.
NOTIC: [8192] mysql_connect(): The mysql extension is deprecated and will be removed in the future: use mysqli or PDO instead /var/www/html/share/Application/Ucenter/Client/uc_client/lib/db.class.php 第 41 行.
NOTIC: [8192] mysql_connect(): The mysql extension is deprecated and will be removed in the future: use mysqli or PDO instead /var/www/html/share/ThinkPHP/Library/Think/Db/Driver/Mysql.class.php 第 52 行.
SQL: SHOW COLUMNS FROM `think_movielist` [ RunTime:0.000863s ]
SQL: SELECT COUNT(*) AS tp_count FROM `think_movielist` WHERE `statue` = 4 LIMIT 1   [ RunTime:0.000185s ]
SQL: SELECT * FROM `think_movielist` WHERE `statue` = 4 ORDER BY updatetime desc LIMIT 0,12   [ RunTime:0.000203s ]
NOTIC: [8] Undefined index: type /var/www/html/share/Application/Home/Controller/MovieController.class.php 第 95 行.
NOTIC: [8] Undefined index: userid /var/www/html/share/Application/Home/Controller/MovieController.class.php 第 96 行.
INFO: [ view_parse ] --START--
INFO: [ template_filter ] --START--
INFO: Run Behavior\ContentReplaceBehavior [ RunTime:0.000052s ]
INFO: [ template_filter ] --END-- [ RunTime:0.000089s ]
SQL: SHOW COLUMNS FROM `think_mvfalist` [ RunTime:0.000550s ]
SQL: SELECT COUNT(*) AS tp_count FROM `think_mvfalist` WHERE ( userid=1 and movieid=1 ) LIMIT 1   [ RunTime:0.000050s ]
SQL: SHOW COLUMNS FROM `think_mvlikelist` [ RunTime:0.000317s ]
SQL: SELECT COUNT(*) AS tp_count FROM `think_mvlikelist` WHERE ( userid=1 and movieid=1 ) LIMIT 1   [ RunTime:0.000052s ]
SQL: SELECT COUNT(*) AS tp_count FROM `think_mvfalist` WHERE ( userid=1 and movieid=2 ) LIMIT 1   [ RunTime:0.000047s ]
SQL: SELECT COUNT(*) AS tp_count FROM `think_mvlikelist` WHERE ( userid=1 and movieid=2 ) LIMIT 1   [ RunTime:0.000036s ]
SQL: SELECT COUNT(*) AS tp_count FROM `think_mvfalist` WHERE ( userid=1 and movieid=3 ) LIMIT 1   [ RunTime:0.000036s ]
SQL: SELECT COUNT(*) AS tp_count FROM `think_mvlikelist` WHERE ( userid=1 and movieid=3 ) LIMIT 1   [ RunTime:0.000036s ]
SQL: SELECT COUNT(*) AS tp_count FROM `think_mvfalist` WHERE ( userid=1 and movieid=4 ) LIMIT 1   [ RunTime:0.000034s ]
SQL: SELECT COUNT(*) AS tp_count FROM `think_mvlikelist` WHERE ( userid=1 and movieid=4 ) LIMIT 1   [ RunTime:0.000045s ]
SQL: SELECT COUNT(*) AS tp_count FROM `think_mvfalist` WHERE ( userid=1 and movieid=5 ) LIMIT 1   [ RunTime:0.000037s ]
SQL: SELECT COUNT(*) AS tp_count FROM `think_mvlikelist` WHERE ( userid=1 and movieid=5 ) LIMIT 1   [ RunTime:0.000034s ]
SQL: SELECT COUNT(*) AS tp_count FROM `think_mvfalist` WHERE ( userid=1 and movieid=6 ) LIMIT 1   [ RunTime:0.000035s ]
SQL: SELECT COUNT(*) AS tp_count FROM `think_mvlikelist` WHERE ( userid=1 and movieid=6 ) LIMIT 1   [ RunTime:0.000034s ]
SQL: SELECT COUNT(*) AS tp_count FROM `think_mvfalist` WHERE ( userid=1 and movieid=7 ) LIMIT 1   [ RunTime:0.000117s ]
SQL: SELECT COUNT(*) AS tp_count FROM `think_mvlikelist` WHERE ( userid=1 and movieid=7 ) LIMIT 1   [ RunTime:0.000048s ]
SQL: SELECT COUNT(*) AS tp_count FROM `think_mvfalist` WHERE ( userid=1 and movieid=8 ) LIMIT 1   [ RunTime:0.000039s ]
SQL: SELECT COUNT(*) AS tp_count FROM `think_mvlikelist` WHERE ( userid=1 and movieid=8 ) LIMIT 1   [ RunTime:0.000037s ]
SQL: SELECT COUNT(*) AS tp_count FROM `think_mvfalist` WHERE ( userid=1 and movieid=9 ) LIMIT 1   [ RunTime:0.000043s ]
SQL: SELECT COUNT(*) AS tp_count FROM `think_mvlikelist` WHERE ( userid=1 and movieid=9 ) LIMIT 1   [ RunTime:0.000036s ]
SQL: SELECT COUNT(*) AS tp_count FROM `think_mvfalist` WHERE ( userid=1 and movieid=10 ) LIMIT 1   [ RunTime:0.000036s ]
SQL: SELECT COUNT(*) AS tp_count FROM `think_mvlikelist` WHERE ( userid=1 and movieid=10 ) LIMIT 1   [ RunTime:0.000037s ]
SQL: SELECT COUNT(*) AS tp_count FROM `think_mvfalist` WHERE ( userid=1 and movieid=11 ) LIMIT 1   [ RunTime:0.000036s ]
SQL: SELECT COUNT(*) AS tp_count FROM `think_mvlikelist` WHERE ( userid=1 and movieid=11 ) LIMIT 1   [ RunTime:0.000034s ]
SQL: SELECT COUNT(*) AS tp_count FROM `think_mvfalist` WHERE ( userid=1 and movieid=12 ) LIMIT 1   [ RunTime:0.000034s ]
SQL: SELECT COUNT(*) AS tp_count FROM `think_mvlikelist` WHERE ( userid=1 and movieid=12 ) LIMIT 1   [ RunTime:0.000035s ]
INFO: Run Behavior\ParseTemplateBehavior [ RunTime:0.023975s ]
INFO: [ view_parse ] --END-- [ RunTime:0.024022s ]
INFO: [ view_filter ] --START--
INFO: Run Behavior\WriteHtmlCacheBehavior [ RunTime:0.000055s ]
INFO: Run Behavior\TokenBuildBehavior [ RunTime:0.000142s ]
INFO: [ view_filter ] --END-- [ RunTime:0.000230s ]
INFO: [ app_end ] --START--
INFO: Run Behavior\ShowPageTraceBehavior [ RunTime:0.000038s ]
INFO: [ app_end ] --END-- [ RunTime:0.000062s ]

[ 2014-11-28T19:43:57+08:00 ] 172.16.14.1 /share/home/movie/mlist
INFO: [ app_init ] --START--
INFO: Run Behavior\BuildLiteBehavior [ RunTime:0.000014s ]
INFO: [ app_init ] --END-- [ RunTime:0.000096s ]
INFO: [ app_begin ] --START--
INFO: Run Behavior\ReadHtmlCacheBehavior [ RunTime:0.000052s ]
INFO: [ app_begin ] --END-- [ RunTime:0.000105s ]
NOTIC: [2048] Declaration of Home\Controller\MovieController::show() should be compatible with Think\Controller::show($content, $charset = '', $contentType = '', $prefix = '') /var/www/html/share/Application/Home/Controller/MovieController.class.php 第 5 行.
NOTIC: [8] Undefined index: name /var/www/html/share/Application/Home/Controller/GlobalAction.class.php 第 11 行.
NOTIC: [8192] mysql_connect(): The mysql extension is deprecated and will be removed in the future: use mysqli or PDO instead /var/www/html/share/Application/Ucenter/Client/uc_client/lib/db.class.php 第 41 行.
NOTIC: [8192] mysql_connect(): The mysql extension is deprecated and will be removed in the future: use mysqli or PDO instead /var/www/html/share/ThinkPHP/Library/Think/Db/Driver/Mysql.class.php 第 52 行.
SQL: SHOW COLUMNS FROM `think_movielist` [ RunTime:0.001445s ]
SQL: SELECT COUNT(*) AS tp_count FROM `think_movielist` WHERE `statue` = 4 LIMIT 1   [ RunTime:0.000081s ]
SQL: SELECT * FROM `think_movielist` WHERE `statue` = 4 ORDER BY updatetime desc LIMIT 0,12   [ RunTime:0.000058s ]
NOTIC: [8] Undefined index: type /var/www/html/share/Application/Home/Controller/MovieController.class.php 第 95 行.
NOTIC: [8] Undefined index: userid /var/www/html/share/Application/Home/Controller/MovieController.class.php 第 96 行.
INFO: [ view_parse ] --START--
INFO: [ template_filter ] --START--
INFO: Run Behavior\ContentReplaceBehavior [ RunTime:0.000059s ]
INFO: [ template_filter ] --END-- [ RunTime:0.000110s ]
SQL: SHOW COLUMNS FROM `think_mvfalist` [ RunTime:0.000605s ]
SQL: SELECT COUNT(*) AS tp_count FROM `think_mvfalist` WHERE ( userid=1 and movieid=1 ) LIMIT 1   [ RunTime:0.000077s ]
SQL: SHOW COLUMNS FROM `think_mvlikelist` [ RunTime:0.000777s ]
SQL: SELECT COUNT(*) AS tp_count FROM `think_mvlikelist` WHERE ( userid=1 and movieid=1 ) LIMIT 1   [ RunTime:0.000062s ]
SQL: SELECT COUNT(*) AS tp_count FROM `think_mvfalist` WHERE ( userid=1 and movieid=2 ) LIMIT 1   [ RunTime:0.000047s ]
SQL: SELECT COUNT(*) AS tp_count FROM `think_mvlikelist` WHERE ( userid=1 and movieid=2 ) LIMIT 1   [ RunTime:0.000065s ]
SQL: SELECT COUNT(*) AS tp_count FROM `think_mvfalist` WHERE ( userid=1 and movieid=3 ) LIMIT 1   [ RunTime:0.000053s ]
SQL: SELECT COUNT(*) AS tp_count FROM `think_mvlikelist` WHERE ( userid=1 and movieid=3 ) LIMIT 1   [ RunTime:0.000060s ]
SQL: SELECT COUNT(*) AS tp_count FROM `think_mvfalist` WHERE ( userid=1 and movieid=4 ) LIMIT 1   [ RunTime:0.000064s ]
SQL: SELECT COUNT(*) AS tp_count FROM `think_mvlikelist` WHERE ( userid=1 and movieid=4 ) LIMIT 1   [ RunTime:0.000060s ]
SQL: SELECT COUNT(*) AS tp_count FROM `think_mvfalist` WHERE ( userid=1 and movieid=5 ) LIMIT 1   [ RunTime:0.000060s ]
SQL: SELECT COUNT(*) AS tp_count FROM `think_mvlikelist` WHERE ( userid=1 and movieid=5 ) LIMIT 1   [ RunTime:0.000058s ]
SQL: SELECT COUNT(*) AS tp_count FROM `think_mvfalist` WHERE ( userid=1 and movieid=6 ) LIMIT 1   [ RunTime:0.000043s ]
SQL: SELECT COUNT(*) AS tp_count FROM `think_mvlikelist` WHERE ( userid=1 and movieid=6 ) LIMIT 1   [ RunTime:0.000039s ]
SQL: SELECT COUNT(*) AS tp_count FROM `think_mvfalist` WHERE ( userid=1 and movieid=7 ) LIMIT 1   [ RunTime:0.000058s ]
SQL: SELECT COUNT(*) AS tp_count FROM `think_mvlikelist` WHERE ( userid=1 and movieid=7 ) LIMIT 1   [ RunTime:0.000058s ]
SQL: SELECT COUNT(*) AS tp_count FROM `think_mvfalist` WHERE ( userid=1 and movieid=8 ) LIMIT 1   [ RunTime:0.000051s ]
SQL: SELECT COUNT(*) AS tp_count FROM `think_mvlikelist` WHERE ( userid=1 and movieid=8 ) LIMIT 1   [ RunTime:0.000058s ]
SQL: SELECT COUNT(*) AS tp_count FROM `think_mvfalist` WHERE ( userid=1 and movieid=9 ) LIMIT 1   [ RunTime:0.000060s ]
SQL: SELECT COUNT(*) AS tp_count FROM `think_mvlikelist` WHERE ( userid=1 and movieid=9 ) LIMIT 1   [ RunTime:0.000057s ]
SQL: SELECT COUNT(*) AS tp_count FROM `think_mvfalist` WHERE ( userid=1 and movieid=10 ) LIMIT 1   [ RunTime:0.000067s ]
SQL: SELECT COUNT(*) AS tp_count FROM `think_mvlikelist` WHERE ( userid=1 and movieid=10 ) LIMIT 1   [ RunTime:0.000045s ]
SQL: SELECT COUNT(*) AS tp_count FROM `think_mvfalist` WHERE ( userid=1 and movieid=11 ) LIMIT 1   [ RunTime:0.000040s ]
SQL: SELECT COUNT(*) AS tp_count FROM `think_mvlikelist` WHERE ( userid=1 and movieid=11 ) LIMIT 1   [ RunTime:0.000037s ]
SQL: SELECT COUNT(*) AS tp_count FROM `think_mvfalist` WHERE ( userid=1 and movieid=12 ) LIMIT 1   [ RunTime:0.000057s ]
SQL: SELECT COUNT(*) AS tp_count FROM `think_mvlikelist` WHERE ( userid=1 and movieid=12 ) LIMIT 1   [ RunTime:0.000040s ]
INFO: Run Behavior\ParseTemplateBehavior [ RunTime:0.018193s ]
INFO: [ view_parse ] --END-- [ RunTime:0.018223s ]
INFO: [ view_filter ] --START--
INFO: Run Behavior\WriteHtmlCacheBehavior [ RunTime:0.000054s ]
INFO: Run Behavior\TokenBuildBehavior [ RunTime:0.000145s ]
INFO: [ view_filter ] --END-- [ RunTime:0.000239s ]
INFO: [ app_end ] --START--
INFO: Run Behavior\ShowPageTraceBehavior [ RunTime:0.000031s ]
INFO: [ app_end ] --END-- [ RunTime:0.000059s ]

[ 2014-11-28T19:44:39+08:00 ] 172.16.14.1 /share/home/movie/mlist/type/%E5%96%9C%E5%89%A7?name=&userid=
INFO: [ app_init ] --START--
INFO: Run Behavior\BuildLiteBehavior [ RunTime:0.000025s ]
INFO: [ app_init ] --END-- [ RunTime:0.000706s ]

[ 2014-11-28T19:44:40+08:00 ] 172.16.14.1 /share/home/movie/mlist?name=&userid=
INFO: [ app_init ] --START--
INFO: Run Behavior\BuildLiteBehavior [ RunTime:0.000009s ]
INFO: [ app_init ] --END-- [ RunTime:0.000057s ]

[ 2014-11-28T19:44:42+08:00 ] 172.16.14.1 /share/home/movie/show?id=1
INFO: [ app_init ] --START--
INFO: Run Behavior\BuildLiteBehavior [ RunTime:0.000009s ]
INFO: [ app_init ] --END-- [ RunTime:0.000071s ]

[ 2014-11-28T19:44:49+08:00 ] 172.16.14.1 /share/home/movie/iwish?movieid=1
INFO: [ app_init ] --START--
INFO: Run Behavior\BuildLiteBehavior [ RunTime:0.000190s ]
INFO: [ app_init ] --END-- [ RunTime:0.000426s ]
INFO: [ app_begin ] --START--
INFO: Run Behavior\ReadHtmlCacheBehavior [ RunTime:0.000049s ]
INFO: [ app_begin ] --END-- [ RunTime:0.000150s ]
NOTIC: [2048] Declaration of Home\Controller\MovieController::show() should be compatible with Think\Controller::show($content, $charset = '', $contentType = '', $prefix = '') /var/www/html/share/Application/Home/Controller/MovieController.class.php 第 5 行.
NOTIC: [8] Undefined index: name /var/www/html/share/Application/Home/Controller/GlobalAction.class.php 第 11 行.
NOTIC: [8192] mysql_connect(): The mysql extension is deprecated and will be removed in the future: use mysqli or PDO instead /var/www/html/share/Application/Ucenter/Client/uc_client/lib/db.class.php 第 41 行.
NOTIC: [8192] mysql_connect(): The mysql extension is deprecated and will be removed in the future: use mysqli or PDO instead /var/www/html/share/ThinkPHP/Library/Think/Db/Driver/Mysql.class.php 第 52 行.
SQL: SHOW COLUMNS FROM `think_wishlist` [ RunTime:0.000670s ]
SQL: SELECT COUNT(*) AS tp_count FROM `think_wishlist` WHERE ( userid=1 and movieid=1 ) LIMIT 1   [ RunTime:0.000066s ]
SQL: DELETE FROM `think_wishlist` WHERE ( userid=1 and movieid=1 ) [ RunTime:0.017264s ]
INFO: [ app_end ] --START--
INFO: Run Behavior\ShowPageTraceBehavior [ RunTime:0.000380s ]
INFO: [ app_end ] --END-- [ RunTime:0.000412s ]

[ 2014-11-28T19:44:49+08:00 ] 172.16.14.1 /share/home/movie/iwish?movieid=1
INFO: [ app_init ] --START--
INFO: Run Behavior\BuildLiteBehavior [ RunTime:0.000019s ]
INFO: [ app_init ] --END-- [ RunTime:0.000131s ]
INFO: [ app_begin ] --START--
INFO: Run Behavior\ReadHtmlCacheBehavior [ RunTime:0.000062s ]
INFO: [ app_begin ] --END-- [ RunTime:0.000126s ]
NOTIC: [2048] Declaration of Home\Controller\MovieController::show() should be compatible with Think\Controller::show($content, $charset = '', $contentType = '', $prefix = '') /var/www/html/share/Application/Home/Controller/MovieController.class.php 第 5 行.
NOTIC: [8] Undefined index: name /var/www/html/share/Application/Home/Controller/GlobalAction.class.php 第 11 行.
NOTIC: [8192] mysql_connect(): The mysql extension is deprecated and will be removed in the future: use mysqli or PDO instead /var/www/html/share/Application/Ucenter/Client/uc_client/lib/db.class.php 第 41 行.
NOTIC: [8192] mysql_connect(): The mysql extension is deprecated and will be removed in the future: use mysqli or PDO instead /var/www/html/share/ThinkPHP/Library/Think/Db/Driver/Mysql.class.php 第 52 行.
SQL: SHOW COLUMNS FROM `think_wishlist` [ RunTime:0.000798s ]
SQL: SELECT COUNT(*) AS tp_count FROM `think_wishlist` WHERE ( userid=1 and movieid=1 ) LIMIT 1   [ RunTime:0.001489s ]
SQL: INSERT INTO `think_wishlist` (`userid`,`movieid`,`time`) VALUES (1,1,'2014-11-28 19:44:49') [ RunTime:0.001864s ]
INFO: [ app_end ] --START--
INFO: Run Behavior\ShowPageTraceBehavior [ RunTime:0.000066s ]
INFO: [ app_end ] --END-- [ RunTime:0.000097s ]

[ 2014-11-28T19:44:52+08:00 ] 172.16.14.1 /share/home/movie/iwish?movieid=1
INFO: [ app_init ] --START--
INFO: Run Behavior\BuildLiteBehavior [ RunTime:0.000013s ]
INFO: [ app_init ] --END-- [ RunTime:0.000093s ]
INFO: [ app_begin ] --START--
INFO: Run Behavior\ReadHtmlCacheBehavior [ RunTime:0.000039s ]
INFO: [ app_begin ] --END-- [ RunTime:0.000068s ]
NOTIC: [2048] Declaration of Home\Controller\MovieController::show() should be compatible with Think\Controller::show($content, $charset = '', $contentType = '', $prefix = '') /var/www/html/share/Application/Home/Controller/MovieController.class.php 第 5 行.
NOTIC: [8] Undefined index: name /var/www/html/share/Application/Home/Controller/GlobalAction.class.php 第 11 行.
NOTIC: [8192] mysql_connect(): The mysql extension is deprecated and will be removed in the future: use mysqli or PDO instead /var/www/html/share/Application/Ucenter/Client/uc_client/lib/db.class.php 第 41 行.
NOTIC: [8192] mysql_connect(): The mysql extension is deprecated and will be removed in the future: use mysqli or PDO instead /var/www/html/share/ThinkPHP/Library/Think/Db/Driver/Mysql.class.php 第 52 行.
SQL: SHOW COLUMNS FROM `think_wishlist` [ RunTime:0.000533s ]
SQL: SELECT COUNT(*) AS tp_count FROM `think_wishlist` WHERE ( userid=1 and movieid=1 ) LIMIT 1   [ RunTime:0.000186s ]
SQL: DELETE FROM `think_wishlist` WHERE ( userid=1 and movieid=1 ) [ RunTime:0.046218s ]
INFO: [ app_end ] --START--
INFO: Run Behavior\ShowPageTraceBehavior [ RunTime:0.000079s ]
INFO: [ app_end ] --END-- [ RunTime:0.000107s ]

[ 2014-11-28T19:45:36+08:00 ] 172.16.14.1 /share/home/movie/show/id/1/playid/4
INFO: [ app_init ] --START--
INFO: Run Behavior\BuildLiteBehavior [ RunTime:0.000018s ]
INFO: [ app_init ] --END-- [ RunTime:0.000348s ]

[ 2014-11-28T19:47:11+08:00 ] 172.16.14.1 /share/home
INFO: [ app_init ] --START--
INFO: Run Behavior\BuildLiteBehavior [ RunTime:0.000017s ]
INFO: [ app_init ] --END-- [ RunTime:0.000093s ]
INFO: [ app_begin ] --START--
INFO: Run Behavior\ReadHtmlCacheBehavior [ RunTime:0.000037s ]
INFO: [ app_begin ] --END-- [ RunTime:0.000060s ]
NOTIC: [8] Undefined index: name /var/www/html/share/Application/Home/Controller/GlobalAction.class.php 第 11 行.
NOTIC: [8192] mysql_connect(): The mysql extension is deprecated and will be removed in the future: use mysqli or PDO instead /var/www/html/share/Application/Ucenter/Client/uc_client/lib/db.class.php 第 41 行.
NOTIC: [8192] mysql_connect(): The mysql extension is deprecated and will be removed in the future: use mysqli or PDO instead /var/www/html/share/ThinkPHP/Library/Think/Db/Driver/Mysql.class.php 第 52 行.
SQL: SHOW COLUMNS FROM `think_userinfo` [ RunTime:0.001198s ]
SQL: SELECT * FROM `think_userinfo` ORDER BY registertime desc LIMIT 10   [ RunTime:0.000098s ]
SQL: SHOW COLUMNS FROM `think_movielist` [ RunTime:0.000636s ]
SQL: SELECT * FROM `think_movielist` WHERE ( statue=4 ) ORDER BY updatetime desc LIMIT 12   [ RunTime:0.000094s ]
SQL: SHOW COLUMNS FROM `think_announce` [ RunTime:0.000794s ]
SQL: SELECT * FROM `think_announce` ORDER BY time desc LIMIT 1   [ RunTime:0.000076s ]
SQL: SHOW COLUMNS FROM `think_notice` [ RunTime:0.000895s ]
SQL: SELECT * FROM `think_notice` ORDER BY time desc LIMIT 3   [ RunTime:0.000166s ]
SQL: SELECT * FROM `think_movielist` WHERE ( statue=1 ) ORDER BY wishtime desc LIMIT 8   [ RunTime:0.000158s ]
SQL: SHOW COLUMNS FROM `think_locallist` [ RunTime:0.000736s ]
SQL: SELECT `userid`,COUNT(  `think_locallist`.`id` ) as c FROM `think_locallist` GROUP BY `think_locallist`.`userid` ORDER BY COUNT(`think_locallist`.`id`) desc LIMIT 5   [ RunTime:0.000061s ]
INFO: [ view_parse ] --START--
INFO: [ template_filter ] --START--
INFO: Run Behavior\ContentReplaceBehavior [ RunTime:0.000111s ]
INFO: [ template_filter ] --END-- [ RunTime:0.000188s ]
SQL: SHOW COLUMNS FROM `think_mvfalist` [ RunTime:0.000617s ]
SQL: SELECT COUNT(*) AS tp_count FROM `think_mvfalist` WHERE ( userid=1 and movieid=1 ) LIMIT 1   [ RunTime:0.000053s ]
SQL: SHOW COLUMNS FROM `think_mvlikelist` [ RunTime:0.000336s ]
SQL: SELECT COUNT(*) AS tp_count FROM `think_mvlikelist` WHERE ( userid=1 and movieid=1 ) LIMIT 1   [ RunTime:0.000040s ]
SQL: SELECT COUNT(*) AS tp_count FROM `think_mvfalist` WHERE ( userid=1 and movieid=2 ) LIMIT 1   [ RunTime:0.000038s ]
SQL: SELECT COUNT(*) AS tp_count FROM `think_mvlikelist` WHERE ( userid=1 and movieid=2 ) LIMIT 1   [ RunTime:0.000037s ]
SQL: SELECT COUNT(*) AS tp_count FROM `think_mvfalist` WHERE ( userid=1 and movieid=3 ) LIMIT 1   [ RunTime:0.000036s ]
SQL: SELECT COUNT(*) AS tp_count FROM `think_mvlikelist` WHERE ( userid=1 and movieid=3 ) LIMIT 1   [ RunTime:0.000036s ]
SQL: SELECT COUNT(*) AS tp_count FROM `think_mvfalist` WHERE ( userid=1 and movieid=4 ) LIMIT 1   [ RunTime:0.000046s ]
SQL: SELECT COUNT(*) AS tp_count FROM `think_mvlikelist` WHERE ( userid=1 and movieid=4 ) LIMIT 1   [ RunTime:0.000048s ]
SQL: SELECT COUNT(*) AS tp_count FROM `think_mvfalist` WHERE ( userid=1 and movieid=5 ) LIMIT 1   [ RunTime:0.000036s ]
SQL: SELECT COUNT(*) AS tp_count FROM `think_mvlikelist` WHERE ( userid=1 and movieid=5 ) LIMIT 1   [ RunTime:0.000034s ]
SQL: SELECT COUNT(*) AS tp_count FROM `think_mvfalist` WHERE ( userid=1 and movieid=6 ) LIMIT 1   [ RunTime:0.000035s ]
SQL: SELECT COUNT(*) AS tp_count FROM `think_mvlikelist` WHERE ( userid=1 and movieid=6 ) LIMIT 1   [ RunTime:0.000035s ]
SQL: SELECT COUNT(*) AS tp_count FROM `think_mvfalist` WHERE ( userid=1 and movieid=7 ) LIMIT 1   [ RunTime:0.000034s ]
SQL: SELECT COUNT(*) AS tp_count FROM `think_mvlikelist` WHERE ( userid=1 and movieid=7 ) LIMIT 1   [ RunTime:0.000034s ]
SQL: SELECT COUNT(*) AS tp_count FROM `think_mvfalist` WHERE ( userid=1 and movieid=8 ) LIMIT 1   [ RunTime:0.000034s ]
SQL: SELECT COUNT(*) AS tp_count FROM `think_mvlikelist` WHERE ( userid=1 and movieid=8 ) LIMIT 1   [ RunTime:0.000033s ]
SQL: SELECT COUNT(*) AS tp_count FROM `think_mvfalist` WHERE ( userid=1 and movieid=9 ) LIMIT 1   [ RunTime:0.000045s ]
SQL: SELECT COUNT(*) AS tp_count FROM `think_mvlikelist` WHERE ( userid=1 and movieid=9 ) LIMIT 1   [ RunTime:0.000035s ]
SQL: SELECT COUNT(*) AS tp_count FROM `think_mvfalist` WHERE ( userid=1 and movieid=10 ) LIMIT 1   [ RunTime:0.000034s ]
SQL: SELECT COUNT(*) AS tp_count FROM `think_mvlikelist` WHERE ( userid=1 and movieid=10 ) LIMIT 1   [ RunTime:0.000117s ]
SQL: SELECT COUNT(*) AS tp_count FROM `think_mvfalist` WHERE ( userid=1 and movieid=11 ) LIMIT 1   [ RunTime:0.000038s ]
SQL: SELECT COUNT(*) AS tp_count FROM `think_mvlikelist` WHERE ( userid=1 and movieid=11 ) LIMIT 1   [ RunTime:0.000035s ]
SQL: SELECT COUNT(*) AS tp_count FROM `think_mvfalist` WHERE ( userid=1 and movieid=12 ) LIMIT 1   [ RunTime:0.000034s ]
SQL: SELECT COUNT(*) AS tp_count FROM `think_mvlikelist` WHERE ( userid=1 and movieid=12 ) LIMIT 1   [ RunTime:0.000035s ]
SQL: SELECT * FROM `think_userinfo` WHERE ( userid=1 )  [ RunTime:0.000040s ]
SQL: SELECT * FROM `think_userinfo` WHERE ( userid=4 )  [ RunTime:0.000049s ]
SQL: SELECT * FROM `think_userinfo` WHERE ( userid=2 )  [ RunTime:0.000039s ]
INFO: Run Behavior\ParseTemplateBehavior [ RunTime:0.021527s ]
INFO: [ view_parse ] --END-- [ RunTime:0.021554s ]
INFO: [ view_filter ] --START--
INFO: Run Behavior\WriteHtmlCacheBehavior [ RunTime:0.000055s ]
INFO: Run Behavior\TokenBuildBehavior [ RunTime:0.000185s ]
INFO: [ view_filter ] --END-- [ RunTime:0.000274s ]
INFO: [ app_end ] --START--
INFO: Run Behavior\ShowPageTraceBehavior [ RunTime:0.000034s ]
INFO: [ app_end ] --END-- [ RunTime:0.000057s ]

[ 2014-11-28T19:47:11+08:00 ] 172.16.14.1 /share/home
INFO: [ app_init ] --START--
INFO: Run Behavior\BuildLiteBehavior [ RunTime:0.000008s ]
INFO: [ app_init ] --END-- [ RunTime:0.000059s ]
INFO: [ app_begin ] --START--
INFO: Run Behavior\ReadHtmlCacheBehavior [ RunTime:0.000024s ]
INFO: [ app_begin ] --END-- [ RunTime:0.000048s ]
NOTIC: [8] Undefined index: name /var/www/html/share/Application/Home/Controller/GlobalAction.class.php 第 11 行.
NOTIC: [8192] mysql_connect(): The mysql extension is deprecated and will be removed in the future: use mysqli or PDO instead /var/www/html/share/Application/Ucenter/Client/uc_client/lib/db.class.php 第 41 行.
NOTIC: [8192] mysql_connect(): The mysql extension is deprecated and will be removed in the future: use mysqli or PDO instead /var/www/html/share/ThinkPHP/Library/Think/Db/Driver/Mysql.class.php 第 52 行.
SQL: SHOW COLUMNS FROM `think_userinfo` [ RunTime:0.000719s ]
SQL: SELECT * FROM `think_userinfo` ORDER BY registertime desc LIMIT 10   [ RunTime:0.000065s ]
SQL: SHOW COLUMNS FROM `think_movielist` [ RunTime:0.000528s ]
SQL: SELECT * FROM `think_movielist` WHERE ( statue=4 ) ORDER BY updatetime desc LIMIT 12   [ RunTime:0.000070s ]
SQL: SHOW COLUMNS FROM `think_announce` [ RunTime:0.000428s ]
SQL: SELECT * FROM `think_announce` ORDER BY time desc LIMIT 1   [ RunTime:0.000042s ]
SQL: SHOW COLUMNS FROM `think_notice` [ RunTime:0.000554s ]
SQL: SELECT * FROM `think_notice` ORDER BY time desc LIMIT 3   [ RunTime:0.000047s ]
SQL: SELECT * FROM `think_movielist` WHERE ( statue=1 ) ORDER BY wishtime desc LIMIT 8   [ RunTime:0.000050s ]
SQL: SHOW COLUMNS FROM `think_locallist` [ RunTime:0.000554s ]
SQL: SELECT `userid`,COUNT(  `think_locallist`.`id` ) as c FROM `think_locallist` GROUP BY `think_locallist`.`userid` ORDER BY COUNT(`think_locallist`.`id`) desc LIMIT 5   [ RunTime:0.000054s ]
INFO: [ view_parse ] --START--
INFO: [ template_filter ] --START--
INFO: Run Behavior\ContentReplaceBehavior [ RunTime:0.000110s ]
INFO: [ template_filter ] --END-- [ RunTime:0.000196s ]
SQL: SHOW COLUMNS FROM `think_mvfalist` [ RunTime:0.000613s ]
SQL: SELECT COUNT(*) AS tp_count FROM `think_mvfalist` WHERE ( userid=1 and movieid=1 ) LIMIT 1   [ RunTime:0.000049s ]
SQL: SHOW COLUMNS FROM `think_mvlikelist` [ RunTime:0.000322s ]
SQL: SELECT COUNT(*) AS tp_count FROM `think_mvlikelist` WHERE ( userid=1 and movieid=1 ) LIMIT 1   [ RunTime:0.000043s ]
SQL: SELECT COUNT(*) AS tp_count FROM `think_mvfalist` WHERE ( userid=1 and movieid=2 ) LIMIT 1   [ RunTime:0.000046s ]
SQL: SELECT COUNT(*) AS tp_count FROM `think_mvlikelist` WHERE ( userid=1 and movieid=2 ) LIMIT 1   [ RunTime:0.000039s ]
SQL: SELECT COUNT(*) AS tp_count FROM `think_mvfalist` WHERE ( userid=1 and movieid=3 ) LIMIT 1   [ RunTime:0.000037s ]
SQL: SELECT COUNT(*) AS tp_count FROM `think_mvlikelist` WHERE ( userid=1 and movieid=3 ) LIMIT 1   [ RunTime:0.000039s ]
SQL: SELECT COUNT(*) AS tp_count FROM `think_mvfalist` WHERE ( userid=1 and movieid=4 ) LIMIT 1   [ RunTime:0.000037s ]
SQL: SELECT COUNT(*) AS tp_count FROM `think_mvlikelist` WHERE ( userid=1 and movieid=4 ) LIMIT 1   [ RunTime:0.000038s ]
SQL: SELECT COUNT(*) AS tp_count FROM `think_mvfalist` WHERE ( userid=1 and movieid=5 ) LIMIT 1   [ RunTime:0.000037s ]
SQL: SELECT COUNT(*) AS tp_count FROM `think_mvlikelist` WHERE ( userid=1 and movieid=5 ) LIMIT 1   [ RunTime:0.000042s ]
SQL: SELECT COUNT(*) AS tp_count FROM `think_mvfalist` WHERE ( userid=1 and movieid=6 ) LIMIT 1   [ RunTime:0.000036s ]
SQL: SELECT COUNT(*) AS tp_count FROM `think_mvlikelist` WHERE ( userid=1 and movieid=6 ) LIMIT 1   [ RunTime:0.000035s ]
SQL: SELECT COUNT(*) AS tp_count FROM `think_mvfalist` WHERE ( userid=1 and movieid=7 ) LIMIT 1   [ RunTime:0.000034s ]
SQL: SELECT COUNT(*) AS tp_count FROM `think_mvlikelist` WHERE ( userid=1 and movieid=7 ) LIMIT 1   [ RunTime:0.000035s ]
SQL: SELECT COUNT(*) AS tp_count FROM `think_mvfalist` WHERE ( userid=1 and movieid=8 ) LIMIT 1   [ RunTime:0.000034s ]
SQL: SELECT COUNT(*) AS tp_count FROM `think_mvlikelist` WHERE ( userid=1 and movieid=8 ) LIMIT 1   [ RunTime:0.000033s ]
SQL: SELECT COUNT(*) AS tp_count FROM `think_mvfalist` WHERE ( userid=1 and movieid=9 ) LIMIT 1   [ RunTime:0.000033s ]
SQL: SELECT COUNT(*) AS tp_count FROM `think_mvlikelist` WHERE ( userid=1 and movieid=9 ) LIMIT 1   [ RunTime:0.000034s ]
SQL: SELECT COUNT(*) AS tp_count FROM `think_mvfalist` WHERE ( userid=1 and movieid=10 ) LIMIT 1   [ RunTime:0.000035s ]
SQL: SELECT COUNT(*) AS tp_count FROM `think_mvlikelist` WHERE ( userid=1 and movieid=10 ) LIMIT 1   [ RunTime:0.000037s ]
SQL: SELECT COUNT(*) AS tp_count FROM `think_mvfalist` WHERE ( userid=1 and movieid=11 ) LIMIT 1   [ RunTime:0.000036s ]
SQL: SELECT COUNT(*) AS tp_count FROM `think_mvlikelist` WHERE ( userid=1 and movieid=11 ) LIMIT 1   [ RunTime:0.000034s ]
SQL: SELECT COUNT(*) AS tp_count FROM `think_mvfalist` WHERE ( userid=1 and movieid=12 ) LIMIT 1   [ RunTime:0.000034s ]
SQL: SELECT COUNT(*) AS tp_count FROM `think_mvlikelist` WHERE ( userid=1 and movieid=12 ) LIMIT 1   [ RunTime:0.000035s ]
SQL: SELECT * FROM `think_userinfo` WHERE ( userid=1 )  [ RunTime:0.000039s ]
SQL: SELECT * FROM `think_userinfo` WHERE ( userid=4 )  [ RunTime:0.000040s ]
SQL: SELECT * FROM `think_userinfo` WHERE ( userid=2 )  [ RunTime:0.000050s ]
INFO: Run Behavior\ParseTemplateBehavior [ RunTime:0.023897s ]
INFO: [ view_parse ] --END-- [ RunTime:0.023924s ]
INFO: [ view_filter ] --START--
INFO: Run Behavior\WriteHtmlCacheBehavior [ RunTime:0.000042s ]
INFO: Run Behavior\TokenBuildBehavior [ RunTime:0.000176s ]
INFO: [ view_filter ] --END-- [ RunTime:0.000250s ]
INFO: [ app_end ] --START--
INFO: Run Behavior\ShowPageTraceBehavior [ RunTime:0.000050s ]
INFO: [ app_end ] --END-- [ RunTime:0.000092s ]

