[ 2014-12-17T16:13:13+08:00 ] 172.16.14.1 /share/
INFO: [ app_init ] --START--
INFO: Run Behavior\BuildLiteBehavior [ RunTime:0.000087s ]
INFO: [ app_init ] --END-- [ RunTime:0.000700s ]

[ 2014-12-17T16:13:13+08:00 ] 172.16.14.1 /favicon.ico
INFO: [ app_init ] --START--
INFO: Run Behavior\BuildLiteBehavior [ RunTime:0.000052s ]
INFO: [ app_init ] --END-- [ RunTime:0.000267s ]

[ 2014-12-17T16:32:03+08:00 ] 172.16.14.1 /share/
INFO: [ app_init ] --START--
INFO: Run Behavior\BuildLiteBehavior [ RunTime:0.000038s ]
INFO: [ app_init ] --END-- [ RunTime:0.000231s ]

[ 2014-12-17T16:32:03+08:00 ] 172.16.14.1 /favicon.ico
INFO: [ app_init ] --START--
INFO: Run Behavior\BuildLiteBehavior [ RunTime:0.000013s ]
INFO: [ app_init ] --END-- [ RunTime:0.000090s ]

[ 2014-12-17T16:32:15+08:00 ] 172.16.14.1 /share/home/movie/mylike
INFO: [ app_init ] --START--
INFO: Run Behavior\BuildLiteBehavior [ RunTime:0.000011s ]
INFO: [ app_init ] --END-- [ RunTime:0.000097s ]
INFO: [ app_begin ] --START--
INFO: Run Behavior\ReadHtmlCacheBehavior [ RunTime:0.000086s ]
INFO: [ app_begin ] --END-- [ RunTime:0.000130s ]
NOTIC: [2048] Declaration of Home\Controller\MovieController::show() should be compatible with Think\Controller::show($content, $charset = '', $contentType = '', $prefix = '') /var/www/html/share/Application/Home/Controller/MovieController.class.php 第 5 行.
NOTIC: [8] Undefined index: name /var/www/html/share/Application/Home/Controller/GlobalAction.class.php 第 11 行.
NOTIC: [8192] mysql_connect(): The mysql extension is deprecated and will be removed in the future: use mysqli or PDO instead /var/www/html/share/ThinkPHP/Library/Think/Db/Driver/Mysql.class.php 第 52 行.
SQL: SHOW COLUMNS FROM `think_movielist` [ RunTime:0.000952s ]

[ 2014-12-17T16:32:15+08:00 ] 172.16.14.1 /share/home/movie/mylike
INFO: [ app_init ] --START--
INFO: Run Behavior\BuildLiteBehavior [ RunTime:0.000020s ]
INFO: [ app_init ] --END-- [ RunTime:0.000134s ]
INFO: [ app_begin ] --START--
INFO: Run Behavior\ReadHtmlCacheBehavior [ RunTime:0.000081s ]
INFO: [ app_begin ] --END-- [ RunTime:0.000153s ]
NOTIC: [2048] Declaration of Home\Controller\MovieController::show() should be compatible with Think\Controller::show($content, $charset = '', $contentType = '', $prefix = '') /var/www/html/share/Application/Home/Controller/MovieController.class.php 第 5 行.
NOTIC: [8] Undefined index: name /var/www/html/share/Application/Home/Controller/GlobalAction.class.php 第 11 行.
NOTIC: [8192] mysql_connect(): The mysql extension is deprecated and will be removed in the future: use mysqli or PDO instead /var/www/html/share/ThinkPHP/Library/Think/Db/Driver/Mysql.class.php 第 52 行.
SQL: SHOW COLUMNS FROM `think_movielist` [ RunTime:0.001669s ]

[ 2014-12-17T16:32:17+08:00 ] 172.16.14.1 /share/home/movie/mylike
INFO: [ app_init ] --START--
INFO: Run Behavior\BuildLiteBehavior [ RunTime:0.000011s ]
INFO: [ app_init ] --END-- [ RunTime:0.000071s ]

[ 2014-12-17T16:32:19+08:00 ] 172.16.14.1 /share/home/movie/mylike
INFO: [ app_init ] --START--
INFO: Run Behavior\BuildLiteBehavior [ RunTime:0.000012s ]
INFO: [ app_init ] --END-- [ RunTime:0.000173s ]

[ 2014-12-17T16:32:29+08:00 ] 172.16.14.1 /share/
INFO: [ app_init ] --START--
INFO: Run Behavior\BuildLiteBehavior [ RunTime:0.000010s ]
INFO: [ app_init ] --END-- [ RunTime:0.000075s ]

[ 2014-12-17T16:32:35+08:00 ] 172.16.14.1 /share/home/user/login?username=xiaohuanshu&password=buzhidao&__hash__=3a3880c87bddc4b379a07f3aabc931e8_3d97c6034a4c37e98442fa9ad485f9b6
INFO: [ app_init ] --START--
INFO: Run Behavior\BuildLiteBehavior [ RunTime:0.000010s ]
INFO: [ app_init ] --END-- [ RunTime:0.000154s ]

[ 2014-12-17T16:32:35+08:00 ] 172.16.14.1 /share/home/api/index?time=1418805155&code=7fc1OQsVMq3JuhWO8DlDL%2F%2Fcd8OUWzHkwOzLATVi0i8wBouD2EYUtwawy4%2Fj4WKkiICQz3QOg7X2SE6OL%2BfGfZo7XLyEMb80k4K6y6pMFhEvoqHKw4w08KGF0Kx1Wv1Ux1goKFZ7HhKudgdhpRWmE7uRubX88XpXgpJT4P0IOCoo
INFO: [ app_init ] --START--
INFO: Run Behavior\BuildLiteBehavior [ RunTime:0.000015s ]
INFO: [ app_init ] --END-- [ RunTime:0.000121s ]

[ 2014-12-17T16:32:37+08:00 ] 172.16.14.1 /share/home
INFO: [ app_init ] --START--
INFO: Run Behavior\BuildLiteBehavior [ RunTime:0.000009s ]
INFO: [ app_init ] --END-- [ RunTime:0.000074s ]

[ 2014-12-17T16:32:40+08:00 ] 172.16.14.1 /share/home/movie/mylike
INFO: [ app_init ] --START--
INFO: Run Behavior\BuildLiteBehavior [ RunTime:0.000012s ]
INFO: [ app_init ] --END-- [ RunTime:0.000080s ]
INFO: [ app_begin ] --START--
INFO: Run Behavior\ReadHtmlCacheBehavior [ RunTime:0.000036s ]
INFO: [ app_begin ] --END-- [ RunTime:0.000061s ]
NOTIC: [2048] Declaration of Home\Controller\MovieController::show() should be compatible with Think\Controller::show($content, $charset = '', $contentType = '', $prefix = '') /var/www/html/share/Application/Home/Controller/MovieController.class.php 第 5 行.
NOTIC: [8] Undefined index: name /var/www/html/share/Application/Home/Controller/GlobalAction.class.php 第 11 行.
NOTIC: [8192] mysql_connect(): The mysql extension is deprecated and will be removed in the future: use mysqli or PDO instead /var/www/html/share/Application/Ucenter/Client/uc_client/lib/db.class.php 第 41 行.
NOTIC: [8192] mysql_connect(): The mysql extension is deprecated and will be removed in the future: use mysqli or PDO instead /var/www/html/share/ThinkPHP/Library/Think/Db/Driver/Mysql.class.php 第 52 行.
SQL: SHOW COLUMNS FROM `think_mvfalist` [ RunTime:0.000565s ]
SQL: SELECT COUNT(*) AS tp_count FROM `think_mvfalist` WHERE ( userid=1 ) LIMIT 1   [ RunTime:0.000070s ]
SQL: SHOW COLUMNS FROM `think_mvlikelist` [ RunTime:0.000485s ]
SQL: SELECT COUNT(*) AS tp_count FROM `think_mvlikelist` WHERE ( userid=1 ) LIMIT 1   [ RunTime:0.000050s ]
SQL: SHOW COLUMNS FROM `think_movielist` [ RunTime:0.000577s ]
SQL: SELECT COUNT(*) AS tp_count FROM `think_movielist` INNER JOIN `think_mvlikelist` on  `think_mvlikelist`.`userid`=1 and `think_movielist`.`id`=`think_mvlikelist`.`movieid`  LIMIT 1   [ RunTime:0.001363s ]
SQL: SELECT * FROM `think_movielist` INNER JOIN `think_mvlikelist` on  `think_mvlikelist`.`userid`=1 and `think_movielist`.`id`=`think_mvlikelist`.`movieid`  LIMIT 0,12   [ RunTime:0.000379s ]
INFO: [ view_parse ] --START--
INFO: [ template_filter ] --START--
INFO: Run Behavior\ContentReplaceBehavior [ RunTime:0.000056s ]
INFO: [ template_filter ] --END-- [ RunTime:0.000103s ]
INFO: Run Behavior\ParseTemplateBehavior [ RunTime:0.066936s ]
INFO: [ view_parse ] --END-- [ RunTime:0.066994s ]
INFO: [ view_filter ] --START--
INFO: Run Behavior\WriteHtmlCacheBehavior [ RunTime:0.000063s ]
INFO: Run Behavior\TokenBuildBehavior [ RunTime:0.000115s ]
INFO: [ view_filter ] --END-- [ RunTime:0.000216s ]
INFO: [ app_end ] --START--
INFO: Run Behavior\ShowPageTraceBehavior [ RunTime:0.000040s ]
INFO: [ app_end ] --END-- [ RunTime:0.000067s ]

[ 2014-12-17T16:32:40+08:00 ] 172.16.14.1 /share/home/movie/mylike
INFO: [ app_init ] --START--
INFO: Run Behavior\BuildLiteBehavior [ RunTime:0.000010s ]
INFO: [ app_init ] --END-- [ RunTime:0.000065s ]
INFO: [ app_begin ] --START--
INFO: Run Behavior\ReadHtmlCacheBehavior [ RunTime:0.000028s ]
INFO: [ app_begin ] --END-- [ RunTime:0.000054s ]
NOTIC: [2048] Declaration of Home\Controller\MovieController::show() should be compatible with Think\Controller::show($content, $charset = '', $contentType = '', $prefix = '') /var/www/html/share/Application/Home/Controller/MovieController.class.php 第 5 行.
NOTIC: [8] Undefined index: name /var/www/html/share/Application/Home/Controller/GlobalAction.class.php 第 11 行.
NOTIC: [8192] mysql_connect(): The mysql extension is deprecated and will be removed in the future: use mysqli or PDO instead /var/www/html/share/Application/Ucenter/Client/uc_client/lib/db.class.php 第 41 行.
NOTIC: [8192] mysql_connect(): The mysql extension is deprecated and will be removed in the future: use mysqli or PDO instead /var/www/html/share/ThinkPHP/Library/Think/Db/Driver/Mysql.class.php 第 52 行.
SQL: SHOW COLUMNS FROM `think_mvfalist` [ RunTime:0.000829s ]
SQL: SELECT COUNT(*) AS tp_count FROM `think_mvfalist` WHERE ( userid=1 ) LIMIT 1   [ RunTime:0.000072s ]
SQL: SHOW COLUMNS FROM `think_mvlikelist` [ RunTime:0.000484s ]
SQL: SELECT COUNT(*) AS tp_count FROM `think_mvlikelist` WHERE ( userid=1 ) LIMIT 1   [ RunTime:0.000043s ]
SQL: SHOW COLUMNS FROM `think_movielist` [ RunTime:0.000450s ]
SQL: SELECT COUNT(*) AS tp_count FROM `think_movielist` INNER JOIN `think_mvlikelist` on  `think_mvlikelist`.`userid`=1 and `think_movielist`.`id`=`think_mvlikelist`.`movieid`  LIMIT 1   [ RunTime:0.000057s ]
SQL: SELECT * FROM `think_movielist` INNER JOIN `think_mvlikelist` on  `think_mvlikelist`.`userid`=1 and `think_movielist`.`id`=`think_mvlikelist`.`movieid`  LIMIT 0,12   [ RunTime:0.000045s ]
INFO: [ view_parse ] --START--
INFO: [ template_filter ] --START--
INFO: Run Behavior\ContentReplaceBehavior [ RunTime:0.000053s ]
INFO: [ template_filter ] --END-- [ RunTime:0.000098s ]
INFO: Run Behavior\ParseTemplateBehavior [ RunTime:0.010371s ]
INFO: [ view_parse ] --END-- [ RunTime:0.010434s ]
INFO: [ view_filter ] --START--
INFO: Run Behavior\WriteHtmlCacheBehavior [ RunTime:0.000123s ]
INFO: Run Behavior\TokenBuildBehavior [ RunTime:0.000148s ]
INFO: [ view_filter ] --END-- [ RunTime:0.000340s ]
INFO: [ app_end ] --START--
INFO: Run Behavior\ShowPageTraceBehavior [ RunTime:0.000055s ]
INFO: [ app_end ] --END-- [ RunTime:0.000108s ]

[ 2014-12-17T16:32:45+08:00 ] 172.16.14.1 /share/home
INFO: [ app_init ] --START--
INFO: Run Behavior\BuildLiteBehavior [ RunTime:0.000014s ]
INFO: [ app_init ] --END-- [ RunTime:0.000114s ]
INFO: [ app_begin ] --START--
INFO: Run Behavior\ReadHtmlCacheBehavior [ RunTime:0.000053s ]
INFO: [ app_begin ] --END-- [ RunTime:0.000092s ]
NOTIC: [8] Undefined index: name /var/www/html/share/Application/Home/Controller/GlobalAction.class.php 第 11 行.
NOTIC: [8192] mysql_connect(): The mysql extension is deprecated and will be removed in the future: use mysqli or PDO instead /var/www/html/share/Application/Ucenter/Client/uc_client/lib/db.class.php 第 41 行.
NOTIC: [8192] mysql_connect(): The mysql extension is deprecated and will be removed in the future: use mysqli or PDO instead /var/www/html/share/ThinkPHP/Library/Think/Db/Driver/Mysql.class.php 第 52 行.
SQL: SHOW COLUMNS FROM `think_mvfalist` [ RunTime:0.000599s ]
SQL: SELECT COUNT(*) AS tp_count FROM `think_mvfalist` WHERE ( userid=1 ) LIMIT 1   [ RunTime:0.000128s ]
SQL: SHOW COLUMNS FROM `think_mvlikelist` [ RunTime:0.000894s ]
SQL: SELECT COUNT(*) AS tp_count FROM `think_mvlikelist` WHERE ( userid=1 ) LIMIT 1   [ RunTime:0.000073s ]
SQL: SHOW COLUMNS FROM `think_movielist` [ RunTime:0.000688s ]
SQL: SHOW COLUMNS FROM `think_userinfo` [ RunTime:0.000555s ]
SQL: SELECT * FROM `think_userinfo` ORDER BY registertime desc LIMIT 10   [ RunTime:0.000052s ]
SQL: SELECT * FROM `think_movielist` WHERE ( statue=4 ) ORDER BY updatetime desc LIMIT 12   [ RunTime:0.000043s ]
SQL: SHOW COLUMNS FROM `think_announce` [ RunTime:0.000310s ]
SQL: SELECT * FROM `think_announce` ORDER BY time desc LIMIT 1   [ RunTime:0.000042s ]
SQL: SHOW COLUMNS FROM `think_notice` [ RunTime:0.000300s ]
SQL: SELECT * FROM `think_notice` ORDER BY time desc LIMIT 3   [ RunTime:0.000040s ]
SQL: SELECT * FROM `think_movielist` WHERE ( statue=1 ) ORDER BY wishtime desc LIMIT 8   [ RunTime:0.000041s ]
SQL: SHOW COLUMNS FROM `think_locallist` [ RunTime:0.000454s ]
SQL: SELECT `userid`,COUNT(  `think_locallist`.`id` ) as c FROM `think_locallist` GROUP BY `think_locallist`.`userid` ORDER BY COUNT(`think_locallist`.`id`) desc LIMIT 5   [ RunTime:0.000047s ]
INFO: [ view_parse ] --START--
INFO: [ template_filter ] --START--
INFO: Run Behavior\ContentReplaceBehavior [ RunTime:0.000066s ]
INFO: [ template_filter ] --END-- [ RunTime:0.000108s ]
SQL: SELECT COUNT(*) AS tp_count FROM `think_mvfalist` WHERE ( userid=1 and movieid=1 ) LIMIT 1   [ RunTime:0.000090s ]
SQL: SELECT COUNT(*) AS tp_count FROM `think_mvlikelist` WHERE ( userid=1 and movieid=1 ) LIMIT 1   [ RunTime:0.000102s ]
SQL: SELECT COUNT(*) AS tp_count FROM `think_mvfalist` WHERE ( userid=1 and movieid=34 ) LIMIT 1   [ RunTime:0.000040s ]
SQL: SELECT COUNT(*) AS tp_count FROM `think_mvlikelist` WHERE ( userid=1 and movieid=34 ) LIMIT 1   [ RunTime:0.000040s ]
SQL: SELECT * FROM `think_userinfo` WHERE ( userid=1 )  [ RunTime:0.000044s ]
INFO: Run Behavior\ParseTemplateBehavior [ RunTime:0.017248s ]
INFO: [ view_parse ] --END-- [ RunTime:0.017274s ]
INFO: [ view_filter ] --START--
INFO: Run Behavior\WriteHtmlCacheBehavior [ RunTime:0.000047s ]
INFO: Run Behavior\TokenBuildBehavior [ RunTime:0.000132s ]
INFO: [ view_filter ] --END-- [ RunTime:0.000212s ]
INFO: [ app_end ] --START--
INFO: Run Behavior\ShowPageTraceBehavior [ RunTime:0.000085s ]
INFO: [ app_end ] --END-- [ RunTime:0.000200s ]

[ 2014-12-17T16:32:45+08:00 ] 172.16.14.1 /share/home
INFO: [ app_init ] --START--
INFO: Run Behavior\BuildLiteBehavior [ RunTime:0.000016s ]
INFO: [ app_init ] --END-- [ RunTime:0.000105s ]
INFO: [ app_begin ] --START--
INFO: Run Behavior\ReadHtmlCacheBehavior [ RunTime:0.000045s ]
INFO: [ app_begin ] --END-- [ RunTime:0.000084s ]
NOTIC: [8] Undefined index: name /var/www/html/share/Application/Home/Controller/GlobalAction.class.php 第 11 行.
NOTIC: [8192] mysql_connect(): The mysql extension is deprecated and will be removed in the future: use mysqli or PDO instead /var/www/html/share/Application/Ucenter/Client/uc_client/lib/db.class.php 第 41 行.
NOTIC: [8192] mysql_connect(): The mysql extension is deprecated and will be removed in the future: use mysqli or PDO instead /var/www/html/share/ThinkPHP/Library/Think/Db/Driver/Mysql.class.php 第 52 行.
SQL: SHOW COLUMNS FROM `think_mvfalist` [ RunTime:0.000463s ]
SQL: SELECT COUNT(*) AS tp_count FROM `think_mvfalist` WHERE ( userid=1 ) LIMIT 1   [ RunTime:0.000049s ]
SQL: SHOW COLUMNS FROM `think_mvlikelist` [ RunTime:0.000406s ]
SQL: SELECT COUNT(*) AS tp_count FROM `think_mvlikelist` WHERE ( userid=1 ) LIMIT 1   [ RunTime:0.000041s ]
SQL: SHOW COLUMNS FROM `think_movielist` [ RunTime:0.000514s ]
SQL: SHOW COLUMNS FROM `think_userinfo` [ RunTime:0.000459s ]
SQL: SELECT * FROM `think_userinfo` ORDER BY registertime desc LIMIT 10   [ RunTime:0.000048s ]
SQL: SELECT * FROM `think_movielist` WHERE ( statue=4 ) ORDER BY updatetime desc LIMIT 12   [ RunTime:0.000040s ]
SQL: SHOW COLUMNS FROM `think_announce` [ RunTime:0.000289s ]
SQL: SELECT * FROM `think_announce` ORDER BY time desc LIMIT 1   [ RunTime:0.000049s ]
SQL: SHOW COLUMNS FROM `think_notice` [ RunTime:0.000286s ]
SQL: SELECT * FROM `think_notice` ORDER BY time desc LIMIT 3   [ RunTime:0.000038s ]
SQL: SELECT * FROM `think_movielist` WHERE ( statue=1 ) ORDER BY wishtime desc LIMIT 8   [ RunTime:0.000039s ]
SQL: SHOW COLUMNS FROM `think_locallist` [ RunTime:0.000329s ]
SQL: SELECT `userid`,COUNT(  `think_locallist`.`id` ) as c FROM `think_locallist` GROUP BY `think_locallist`.`userid` ORDER BY COUNT(`think_locallist`.`id`) desc LIMIT 5   [ RunTime:0.000046s ]
INFO: [ view_parse ] --START--
INFO: [ template_filter ] --START--
INFO: Run Behavior\ContentReplaceBehavior [ RunTime:0.000072s ]
INFO: [ template_filter ] --END-- [ RunTime:0.000115s ]
SQL: SELECT COUNT(*) AS tp_count FROM `think_mvfalist` WHERE ( userid=1 and movieid=1 ) LIMIT 1   [ RunTime:0.000212s ]
SQL: SELECT COUNT(*) AS tp_count FROM `think_mvlikelist` WHERE ( userid=1 and movieid=1 ) LIMIT 1   [ RunTime:0.000071s ]
SQL: SELECT COUNT(*) AS tp_count FROM `think_mvfalist` WHERE ( userid=1 and movieid=34 ) LIMIT 1   [ RunTime:0.000062s ]
SQL: SELECT COUNT(*) AS tp_count FROM `think_mvlikelist` WHERE ( userid=1 and movieid=34 ) LIMIT 1   [ RunTime:0.000060s ]
SQL: SELECT * FROM `think_userinfo` WHERE ( userid=1 )  [ RunTime:0.000047s ]
INFO: Run Behavior\ParseTemplateBehavior [ RunTime:0.022921s ]
INFO: [ view_parse ] --END-- [ RunTime:0.022956s ]
INFO: [ view_filter ] --START--
INFO: Run Behavior\WriteHtmlCacheBehavior [ RunTime:0.000147s ]
INFO: Run Behavior\TokenBuildBehavior [ RunTime:0.000250s ]
INFO: [ view_filter ] --END-- [ RunTime:0.000460s ]
INFO: [ app_end ] --START--
INFO: Run Behavior\ShowPageTraceBehavior [ RunTime:0.000088s ]
INFO: [ app_end ] --END-- [ RunTime:0.000165s ]

[ 2014-12-17T16:32:47+08:00 ] 172.16.14.1 /share/home/movie/ilike?movieid=1
INFO: [ app_init ] --START--
INFO: Run Behavior\BuildLiteBehavior [ RunTime:0.000015s ]
INFO: [ app_init ] --END-- [ RunTime:0.000105s ]
INFO: [ app_begin ] --START--
INFO: Run Behavior\ReadHtmlCacheBehavior [ RunTime:0.000043s ]
INFO: [ app_begin ] --END-- [ RunTime:0.000085s ]
NOTIC: [2048] Declaration of Home\Controller\MovieController::show() should be compatible with Think\Controller::show($content, $charset = '', $contentType = '', $prefix = '') /var/www/html/share/Application/Home/Controller/MovieController.class.php 第 5 行.
NOTIC: [8] Undefined index: name /var/www/html/share/Application/Home/Controller/GlobalAction.class.php 第 11 行.
NOTIC: [8192] mysql_connect(): The mysql extension is deprecated and will be removed in the future: use mysqli or PDO instead /var/www/html/share/Application/Ucenter/Client/uc_client/lib/db.class.php 第 41 行.
NOTIC: [8192] mysql_connect(): The mysql extension is deprecated and will be removed in the future: use mysqli or PDO instead /var/www/html/share/ThinkPHP/Library/Think/Db/Driver/Mysql.class.php 第 52 行.
SQL: SHOW COLUMNS FROM `think_mvfalist` [ RunTime:0.000729s ]
SQL: SELECT COUNT(*) AS tp_count FROM `think_mvfalist` WHERE ( userid=1 ) LIMIT 1   [ RunTime:0.000080s ]
SQL: SHOW COLUMNS FROM `think_mvlikelist` [ RunTime:0.000604s ]
SQL: SELECT COUNT(*) AS tp_count FROM `think_mvlikelist` WHERE ( userid=1 ) LIMIT 1   [ RunTime:0.000077s ]
SQL: SHOW COLUMNS FROM `think_movielist` [ RunTime:0.000523s ]
SQL: SELECT COUNT(*) AS tp_count FROM `think_mvlikelist` WHERE ( movieid=1 and userid=1 ) LIMIT 1   [ RunTime:0.000256s ]
SQL: INSERT INTO `think_mvlikelist` (`userid`,`movieid`) VALUES (1,1) [ RunTime:0.052941s ]
INFO: [ app_end ] --START--
INFO: Run Behavior\ShowPageTraceBehavior [ RunTime:0.000079s ]
INFO: [ app_end ] --END-- [ RunTime:0.000122s ]

[ 2014-12-17T16:32:49+08:00 ] 172.16.14.1 /share/home/movie/mylike
INFO: [ app_init ] --START--
INFO: Run Behavior\BuildLiteBehavior [ RunTime:0.000016s ]
INFO: [ app_init ] --END-- [ RunTime:0.000116s ]
INFO: [ app_begin ] --START--
INFO: Run Behavior\ReadHtmlCacheBehavior [ RunTime:0.000084s ]
INFO: [ app_begin ] --END-- [ RunTime:0.000146s ]
NOTIC: [2048] Declaration of Home\Controller\MovieController::show() should be compatible with Think\Controller::show($content, $charset = '', $contentType = '', $prefix = '') /var/www/html/share/Application/Home/Controller/MovieController.class.php 第 5 行.
NOTIC: [8] Undefined index: name /var/www/html/share/Application/Home/Controller/GlobalAction.class.php 第 11 行.
NOTIC: [8192] mysql_connect(): The mysql extension is deprecated and will be removed in the future: use mysqli or PDO instead /var/www/html/share/Application/Ucenter/Client/uc_client/lib/db.class.php 第 41 行.
NOTIC: [8192] mysql_connect(): The mysql extension is deprecated and will be removed in the future: use mysqli or PDO instead /var/www/html/share/ThinkPHP/Library/Think/Db/Driver/Mysql.class.php 第 52 行.
SQL: SHOW COLUMNS FROM `think_mvfalist` [ RunTime:0.000562s ]
SQL: SELECT COUNT(*) AS tp_count FROM `think_mvfalist` WHERE ( userid=1 ) LIMIT 1   [ RunTime:0.000057s ]
SQL: SHOW COLUMNS FROM `think_mvlikelist` [ RunTime:0.000369s ]
SQL: SELECT COUNT(*) AS tp_count FROM `think_mvlikelist` WHERE ( userid=1 ) LIMIT 1   [ RunTime:0.000157s ]
SQL: SHOW COLUMNS FROM `think_movielist` [ RunTime:0.000472s ]
SQL: SELECT COUNT(*) AS tp_count FROM `think_movielist` INNER JOIN `think_mvlikelist` on  `think_mvlikelist`.`userid`=1 and `think_movielist`.`id`=`think_mvlikelist`.`movieid`  LIMIT 1   [ RunTime:0.000259s ]
SQL: SELECT * FROM `think_movielist` INNER JOIN `think_mvlikelist` on  `think_mvlikelist`.`userid`=1 and `think_movielist`.`id`=`think_mvlikelist`.`movieid`  LIMIT 0,12   [ RunTime:0.000386s ]
INFO: [ view_parse ] --START--
INFO: [ template_filter ] --START--
INFO: Run Behavior\ContentReplaceBehavior [ RunTime:0.000078s ]
INFO: [ template_filter ] --END-- [ RunTime:0.000146s ]
SQL: SELECT COUNT(*) AS tp_count FROM `think_mvfalist` WHERE ( userid=1 and movieid=39 ) LIMIT 1   [ RunTime:0.000446s ]
INFO: Run Behavior\ParseTemplateBehavior [ RunTime:0.010762s ]
INFO: [ view_parse ] --END-- [ RunTime:0.010855s ]
INFO: [ view_filter ] --START--
INFO: Run Behavior\WriteHtmlCacheBehavior [ RunTime:0.000051s ]
INFO: Run Behavior\TokenBuildBehavior [ RunTime:0.000099s ]
INFO: [ view_filter ] --END-- [ RunTime:0.000183s ]
INFO: [ app_end ] --START--
INFO: Run Behavior\ShowPageTraceBehavior [ RunTime:0.000037s ]
INFO: [ app_end ] --END-- [ RunTime:0.000060s ]

[ 2014-12-17T16:32:49+08:00 ] 172.16.14.1 /share/home/movie/mylike
INFO: [ app_init ] --START--
INFO: Run Behavior\BuildLiteBehavior [ RunTime:0.000024s ]
INFO: [ app_init ] --END-- [ RunTime:0.000190s ]
INFO: [ app_begin ] --START--
INFO: Run Behavior\ReadHtmlCacheBehavior [ RunTime:0.000054s ]
INFO: [ app_begin ] --END-- [ RunTime:0.000109s ]
NOTIC: [2048] Declaration of Home\Controller\MovieController::show() should be compatible with Think\Controller::show($content, $charset = '', $contentType = '', $prefix = '') /var/www/html/share/Application/Home/Controller/MovieController.class.php 第 5 行.
NOTIC: [8] Undefined index: name /var/www/html/share/Application/Home/Controller/GlobalAction.class.php 第 11 行.
NOTIC: [8192] mysql_connect(): The mysql extension is deprecated and will be removed in the future: use mysqli or PDO instead /var/www/html/share/Application/Ucenter/Client/uc_client/lib/db.class.php 第 41 行.
NOTIC: [8192] mysql_connect(): The mysql extension is deprecated and will be removed in the future: use mysqli or PDO instead /var/www/html/share/ThinkPHP/Library/Think/Db/Driver/Mysql.class.php 第 52 行.
SQL: SHOW COLUMNS FROM `think_mvfalist` [ RunTime:0.000477s ]
SQL: SELECT COUNT(*) AS tp_count FROM `think_mvfalist` WHERE ( userid=1 ) LIMIT 1   [ RunTime:0.000058s ]
SQL: SHOW COLUMNS FROM `think_mvlikelist` [ RunTime:0.000304s ]
SQL: SELECT COUNT(*) AS tp_count FROM `think_mvlikelist` WHERE ( userid=1 ) LIMIT 1   [ RunTime:0.000041s ]
SQL: SHOW COLUMNS FROM `think_movielist` [ RunTime:0.000430s ]
SQL: SELECT COUNT(*) AS tp_count FROM `think_movielist` INNER JOIN `think_mvlikelist` on  `think_mvlikelist`.`userid`=1 and `think_movielist`.`id`=`think_mvlikelist`.`movieid`  LIMIT 1   [ RunTime:0.000042s ]
SQL: SELECT * FROM `think_movielist` INNER JOIN `think_mvlikelist` on  `think_mvlikelist`.`userid`=1 and `think_movielist`.`id`=`think_mvlikelist`.`movieid`  LIMIT 0,12   [ RunTime:0.000042s ]
INFO: [ view_parse ] --START--
INFO: [ template_filter ] --START--
INFO: Run Behavior\ContentReplaceBehavior [ RunTime:0.000057s ]
INFO: [ template_filter ] --END-- [ RunTime:0.000106s ]
SQL: SELECT COUNT(*) AS tp_count FROM `think_mvfalist` WHERE ( userid=1 and movieid=39 ) LIMIT 1   [ RunTime:0.000100s ]
INFO: Run Behavior\ParseTemplateBehavior [ RunTime:0.014160s ]
INFO: [ view_parse ] --END-- [ RunTime:0.014187s ]
INFO: [ view_filter ] --START--
INFO: Run Behavior\WriteHtmlCacheBehavior [ RunTime:0.000043s ]
INFO: Run Behavior\TokenBuildBehavior [ RunTime:0.000094s ]
INFO: [ view_filter ] --END-- [ RunTime:0.000171s ]
INFO: [ app_end ] --START--
INFO: Run Behavior\ShowPageTraceBehavior [ RunTime:0.000029s ]
INFO: [ app_end ] --END-- [ RunTime:0.000055s ]

[ 2014-12-17T16:32:54+08:00 ] 172.16.14.1 /share/home/movie/mylike
INFO: [ app_init ] --START--
INFO: Run Behavior\BuildLiteBehavior [ RunTime:0.000011s ]
INFO: [ app_init ] --END-- [ RunTime:0.000136s ]

[ 2014-12-17T16:32:55+08:00 ] 172.16.14.1 /share/home/movie/mylike
INFO: [ app_init ] --START--
INFO: Run Behavior\BuildLiteBehavior [ RunTime:0.000017s ]
INFO: [ app_init ] --END-- [ RunTime:0.000159s ]

[ 2014-12-17T16:33:03+08:00 ] 172.16.14.1 /share/home/movie/show?id=39
INFO: [ app_init ] --START--
INFO: Run Behavior\BuildLiteBehavior [ RunTime:0.000009s ]
INFO: [ app_init ] --END-- [ RunTime:0.000074s ]

[ 2014-12-17T16:33:09+08:00 ] 172.16.14.1 /share/home/movie/show?id=34
INFO: [ app_init ] --START--
INFO: Run Behavior\BuildLiteBehavior [ RunTime:0.000031s ]
INFO: [ app_init ] --END-- [ RunTime:0.000181s ]

[ 2014-12-17T16:38:01+08:00 ] 172.16.14.1 /share/home/movie/mylike
INFO: [ app_init ] --START--
INFO: Run Behavior\BuildLiteBehavior [ RunTime:0.000014s ]
INFO: [ app_init ] --END-- [ RunTime:0.000093s ]

[ 2014-12-17T16:45:06+08:00 ] 172.16.14.1 /share/home/movie/wish
INFO: [ app_init ] --START--
INFO: Run Behavior\BuildLiteBehavior [ RunTime:0.000010s ]
INFO: [ app_init ] --END-- [ RunTime:0.000077s ]

[ 2014-12-17T16:45:09+08:00 ] 172.16.14.1 /share/home/movie/wish
INFO: [ app_init ] --START--
INFO: Run Behavior\BuildLiteBehavior [ RunTime:0.000010s ]
INFO: [ app_init ] --END-- [ RunTime:0.000094s ]

[ 2014-12-17T16:45:31+08:00 ] 172.16.14.1 /share/home/movie/wish
INFO: [ app_init ] --START--
INFO: Run Behavior\BuildLiteBehavior [ RunTime:0.000010s ]
INFO: [ app_init ] --END-- [ RunTime:0.000089s ]

[ 2014-12-17T16:46:22+08:00 ] 172.16.14.1 /share/home
INFO: [ app_init ] --START--
INFO: Run Behavior\BuildLiteBehavior [ RunTime:0.000017s ]
INFO: [ app_init ] --END-- [ RunTime:0.000122s ]

[ 2014-12-17T17:13:23+08:00 ] 172.16.14.1 /share/home/movie/wish
INFO: [ app_init ] --START--
INFO: Run Behavior\BuildLiteBehavior [ RunTime:0.000013s ]
INFO: [ app_init ] --END-- [ RunTime:0.000124s ]

[ 2014-12-17T17:30:10+08:00 ] 172.16.14.1 /share/home/movie/wish
INFO: [ app_init ] --START--
INFO: Run Behavior\BuildLiteBehavior [ RunTime:0.000013s ]
INFO: [ app_init ] --END-- [ RunTime:0.000081s ]

[ 2014-12-17T17:48:34+08:00 ] 172.16.14.1 /share/home/movie/wish
INFO: [ app_init ] --START--
INFO: Run Behavior\BuildLiteBehavior [ RunTime:0.000023s ]
INFO: [ app_init ] --END-- [ RunTime:0.006290s ]

[ 2014-12-17T17:49:32+08:00 ] 172.16.14.1 /share/home/movie/wish
INFO: [ app_init ] --START--
INFO: Run Behavior\BuildLiteBehavior [ RunTime:0.000012s ]
INFO: [ app_init ] --END-- [ RunTime:0.000092s ]

[ 2014-12-17T17:54:04+08:00 ] 172.16.14.1 /share/home/movie/wish
INFO: [ app_init ] --START--
INFO: Run Behavior\BuildLiteBehavior [ RunTime:0.000017s ]
INFO: [ app_init ] --END-- [ RunTime:0.000094s ]

[ 2014-12-17T17:59:07+08:00 ] 172.16.14.1 /share/home/movie/wish
INFO: [ app_init ] --START--
INFO: Run Behavior\BuildLiteBehavior [ RunTime:0.000024s ]
INFO: [ app_init ] --END-- [ RunTime:0.000253s ]

[ 2014-12-17T17:59:30+08:00 ] 172.16.14.1 /share/home/movie/wish
INFO: [ app_init ] --START--
INFO: Run Behavior\BuildLiteBehavior [ RunTime:0.000012s ]
INFO: [ app_init ] --END-- [ RunTime:0.000120s ]

[ 2014-12-17T20:15:44+08:00 ] 172.16.14.1 /share/home/movie/mylike
INFO: [ app_init ] --START--
INFO: Run Behavior\BuildLiteBehavior [ RunTime:0.000009s ]
INFO: [ app_init ] --END-- [ RunTime:0.000073s ]

[ 2014-12-17T20:18:50+08:00 ] 172.16.14.1 /share/home/movie/wish
INFO: [ app_init ] --START--
INFO: Run Behavior\BuildLiteBehavior [ RunTime:0.000011s ]
INFO: [ app_init ] --END-- [ RunTime:0.000101s ]

[ 2014-12-17T20:20:45+08:00 ] 172.16.14.1 /share/home
INFO: [ app_init ] --START--
INFO: Run Behavior\BuildLiteBehavior [ RunTime:0.000010s ]
INFO: [ app_init ] --END-- [ RunTime:0.000076s ]

[ 2014-12-17T20:25:10+08:00 ] 172.16.14.1 /share/home
INFO: [ app_init ] --START--
INFO: Run Behavior\BuildLiteBehavior [ RunTime:0.000012s ]
INFO: [ app_init ] --END-- [ RunTime:0.000097s ]

[ 2014-12-17T20:31:29+08:00 ] 172.16.14.1 /share/home/movie/show?id=34
INFO: [ app_init ] --START--
INFO: Run Behavior\BuildLiteBehavior [ RunTime:0.000015s ]
INFO: [ app_init ] --END-- [ RunTime:0.000194s ]

[ 2014-12-17T20:31:29+08:00 ] 172.16.14.1 /share/home
INFO: [ app_init ] --START--
INFO: Run Behavior\BuildLiteBehavior [ RunTime:0.000055s ]
INFO: [ app_init ] --END-- [ RunTime:0.000200s ]

[ 2014-12-17T20:31:29+08:00 ] 172.16.14.1 /share/home
INFO: [ app_init ] --START--
INFO: Run Behavior\BuildLiteBehavior [ RunTime:0.000014s ]
INFO: [ app_init ] --END-- [ RunTime:0.000093s ]

[ 2014-12-17T20:31:31+08:00 ] 172.16.14.1 /favicon.ico
INFO: [ app_init ] --START--
INFO: Run Behavior\BuildLiteBehavior [ RunTime:0.000015s ]
INFO: [ app_init ] --END-- [ RunTime:0.000105s ]

[ 2014-12-17T22:15:55+08:00 ] 172.16.14.1 /share/home/movie/show?id=34
INFO: [ app_init ] --START--
INFO: Run Behavior\BuildLiteBehavior [ RunTime:0.000108s ]
INFO: [ app_init ] --END-- [ RunTime:0.000667s ]

[ 2014-12-17T22:15:56+08:00 ] 172.16.14.1 /share/home/movie/mlist
INFO: [ app_init ] --START--
INFO: Run Behavior\BuildLiteBehavior [ RunTime:0.000015s ]
INFO: [ app_init ] --END-- [ RunTime:0.000115s ]
INFO: [ app_begin ] --START--
INFO: Run Behavior\ReadHtmlCacheBehavior [ RunTime:0.000034s ]
INFO: [ app_begin ] --END-- [ RunTime:0.000061s ]
NOTIC: [2048] Declaration of Home\Controller\MovieController::show() should be compatible with Think\Controller::show($content, $charset = '', $contentType = '', $prefix = '') /var/www/html/share/Application/Home/Controller/MovieController.class.php 第 5 行.
NOTIC: [8] Undefined index: name /var/www/html/share/Application/Home/Controller/GlobalAction.class.php 第 11 行.
NOTIC: [8192] mysql_connect(): The mysql extension is deprecated and will be removed in the future: use mysqli or PDO instead /var/www/html/share/Application/Ucenter/Client/uc_client/lib/db.class.php 第 41 行.
NOTIC: [8192] mysql_connect(): The mysql extension is deprecated and will be removed in the future: use mysqli or PDO instead /var/www/html/share/ThinkPHP/Library/Think/Db/Driver/Mysql.class.php 第 52 行.
SQL: SHOW COLUMNS FROM `think_mvfalist` [ RunTime:0.000880s ]
SQL: SELECT COUNT(*) AS tp_count FROM `think_mvfalist` WHERE ( userid=1 ) LIMIT 1   [ RunTime:0.000070s ]
SQL: SHOW COLUMNS FROM `think_mvlikelist` [ RunTime:0.000439s ]
SQL: SELECT COUNT(*) AS tp_count FROM `think_mvlikelist` WHERE ( userid=1 ) LIMIT 1   [ RunTime:0.000047s ]
SQL: SHOW COLUMNS FROM `think_movielist` [ RunTime:0.000892s ]
SQL: SELECT COUNT(*) AS tp_count FROM `think_movielist` WHERE `statue` = 4 LIMIT 1   [ RunTime:0.001455s ]
SQL: SELECT * FROM `think_movielist` WHERE `statue` = 4 ORDER BY updatetime desc LIMIT 0,12   [ RunTime:0.000805s ]
NOTIC: [8] Undefined index: type /var/www/html/share/Application/Home/Controller/MovieController.class.php 第 94 行.
NOTIC: [8] Undefined index: userid /var/www/html/share/Application/Home/Controller/MovieController.class.php 第 95 行.
INFO: [ view_parse ] --START--
INFO: [ template_filter ] --START--
INFO: Run Behavior\ContentReplaceBehavior [ RunTime:0.000062s ]
INFO: [ template_filter ] --END-- [ RunTime:0.000109s ]
SQL: SELECT COUNT(*) AS tp_count FROM `think_mvfalist` WHERE ( userid=1 and movieid=1 ) LIMIT 1   [ RunTime:0.000100s ]
SQL: SELECT COUNT(*) AS tp_count FROM `think_mvlikelist` WHERE ( userid=1 and movieid=1 ) LIMIT 1   [ RunTime:0.000048s ]
SQL: SELECT COUNT(*) AS tp_count FROM `think_mvfalist` WHERE ( userid=1 and movieid=34 ) LIMIT 1   [ RunTime:0.000040s ]
SQL: SELECT COUNT(*) AS tp_count FROM `think_mvlikelist` WHERE ( userid=1 and movieid=34 ) LIMIT 1   [ RunTime:0.000040s ]
INFO: Run Behavior\ParseTemplateBehavior [ RunTime:0.014902s ]
INFO: [ view_parse ] --END-- [ RunTime:0.014944s ]
INFO: [ view_filter ] --START--
INFO: Run Behavior\WriteHtmlCacheBehavior [ RunTime:0.000038s ]
INFO: Run Behavior\TokenBuildBehavior [ RunTime:0.000190s ]
INFO: [ view_filter ] --END-- [ RunTime:0.000264s ]
INFO: [ app_end ] --START--
INFO: Run Behavior\ShowPageTraceBehavior [ RunTime:0.000032s ]
INFO: [ app_end ] --END-- [ RunTime:0.000056s ]

[ 2014-12-17T22:15:56+08:00 ] 172.16.14.1 /share/home/movie/mlist
INFO: [ app_init ] --START--
INFO: Run Behavior\BuildLiteBehavior [ RunTime:0.000016s ]
INFO: [ app_init ] --END-- [ RunTime:0.000097s ]
INFO: [ app_begin ] --START--
INFO: Run Behavior\ReadHtmlCacheBehavior [ RunTime:0.000034s ]
INFO: [ app_begin ] --END-- [ RunTime:0.000067s ]
NOTIC: [2048] Declaration of Home\Controller\MovieController::show() should be compatible with Think\Controller::show($content, $charset = '', $contentType = '', $prefix = '') /var/www/html/share/Application/Home/Controller/MovieController.class.php 第 5 行.
NOTIC: [8] Undefined index: name /var/www/html/share/Application/Home/Controller/GlobalAction.class.php 第 11 行.
NOTIC: [8192] mysql_connect(): The mysql extension is deprecated and will be removed in the future: use mysqli or PDO instead /var/www/html/share/Application/Ucenter/Client/uc_client/lib/db.class.php 第 41 行.
NOTIC: [8192] mysql_connect(): The mysql extension is deprecated and will be removed in the future: use mysqli or PDO instead /var/www/html/share/ThinkPHP/Library/Think/Db/Driver/Mysql.class.php 第 52 行.
SQL: SHOW COLUMNS FROM `think_mvfalist` [ RunTime:0.001038s ]
SQL: SELECT COUNT(*) AS tp_count FROM `think_mvfalist` WHERE ( userid=1 ) LIMIT 1   [ RunTime:0.000060s ]
SQL: SHOW COLUMNS FROM `think_mvlikelist` [ RunTime:0.000530s ]
SQL: SELECT COUNT(*) AS tp_count FROM `think_mvlikelist` WHERE ( userid=1 ) LIMIT 1   [ RunTime:0.000044s ]
SQL: SHOW COLUMNS FROM `think_movielist` [ RunTime:0.000671s ]
SQL: SELECT COUNT(*) AS tp_count FROM `think_movielist` WHERE `statue` = 4 LIMIT 1   [ RunTime:0.000046s ]
SQL: SELECT * FROM `think_movielist` WHERE `statue` = 4 ORDER BY updatetime desc LIMIT 0,12   [ RunTime:0.000042s ]
NOTIC: [8] Undefined index: type /var/www/html/share/Application/Home/Controller/MovieController.class.php 第 94 行.
NOTIC: [8] Undefined index: userid /var/www/html/share/Application/Home/Controller/MovieController.class.php 第 95 行.
INFO: [ view_parse ] --START--
INFO: [ template_filter ] --START--
INFO: Run Behavior\ContentReplaceBehavior [ RunTime:0.000092s ]
INFO: [ template_filter ] --END-- [ RunTime:0.000162s ]
SQL: SELECT COUNT(*) AS tp_count FROM `think_mvfalist` WHERE ( userid=1 and movieid=1 ) LIMIT 1   [ RunTime:0.000123s ]
SQL: SELECT COUNT(*) AS tp_count FROM `think_mvlikelist` WHERE ( userid=1 and movieid=1 ) LIMIT 1   [ RunTime:0.000045s ]
SQL: SELECT COUNT(*) AS tp_count FROM `think_mvfalist` WHERE ( userid=1 and movieid=34 ) LIMIT 1   [ RunTime:0.000041s ]
SQL: SELECT COUNT(*) AS tp_count FROM `think_mvlikelist` WHERE ( userid=1 and movieid=34 ) LIMIT 1   [ RunTime:0.000082s ]
INFO: Run Behavior\ParseTemplateBehavior [ RunTime:0.018049s ]
INFO: [ view_parse ] --END-- [ RunTime:0.018084s ]
INFO: [ view_filter ] --START--
INFO: Run Behavior\WriteHtmlCacheBehavior [ RunTime:0.000053s ]
INFO: Run Behavior\TokenBuildBehavior [ RunTime:0.000100s ]
INFO: [ view_filter ] --END-- [ RunTime:0.000192s ]
INFO: [ app_end ] --START--
INFO: Run Behavior\ShowPageTraceBehavior [ RunTime:0.000028s ]
INFO: [ app_end ] --END-- [ RunTime:0.000053s ]

[ 2014-12-17T22:16:04+08:00 ] 172.16.14.1 /share/home/movie/mlist?name=%E8%BE%B9&__hash__=693049d49cc3c86327bceac5d89a8c3a_cce4a7a63aad64165fa583e0b14f0a69
INFO: [ app_init ] --START--
INFO: Run Behavior\BuildLiteBehavior [ RunTime:0.000008s ]
INFO: [ app_init ] --END-- [ RunTime:0.000068s ]

[ 2014-12-17T22:19:00+08:00 ] 172.16.14.1 /share/home/movie/mlist?name=%E8%BE%B9&__hash__=693049d49cc3c86327bceac5d89a8c3a_cce4a7a63aad64165fa583e0b14f0a69
INFO: [ app_init ] --START--
INFO: Run Behavior\BuildLiteBehavior [ RunTime:0.000071s ]
INFO: [ app_init ] --END-- [ RunTime:0.000314s ]

[ 2014-12-17T22:21:37+08:00 ] 172.16.14.1 /share/home
INFO: [ app_init ] --START--
INFO: Run Behavior\BuildLiteBehavior [ RunTime:0.000093s ]
INFO: [ app_init ] --END-- [ RunTime:0.000345s ]

[ 2014-12-17T22:21:41+08:00 ] 172.16.14.1 /share/home/movie/mlist?name=%E8%BE%B9&__hash__=693049d49cc3c86327bceac5d89a8c3a_cce4a7a63aad64165fa583e0b14f0a69
INFO: [ app_init ] --START--
INFO: Run Behavior\BuildLiteBehavior [ RunTime:0.000010s ]
INFO: [ app_init ] --END-- [ RunTime:0.000122s ]

[ 2014-12-17T22:21:44+08:00 ] 172.16.14.1 /share/home/movie/mlist?name=%E8%BE%B9&__hash__=747c0439052b6df9d3f9bacecf354dcb_72bdea3acd82d287fc48a02339ced0ac
INFO: [ app_init ] --START--
INFO: Run Behavior\BuildLiteBehavior [ RunTime:0.000011s ]
INFO: [ app_init ] --END-- [ RunTime:0.000077s ]

[ 2014-12-17T22:22:05+08:00 ] 172.16.14.1 /share/home/movie/mlist?name=%3Cscript%3Ealert%28%22hello%22%29%3C%2Fscript%3E&__hash__=362588b741fb1367147c75fddd0c527d_518ffda9994e94818572aa75dda6e593
INFO: [ app_init ] --START--
INFO: Run Behavior\BuildLiteBehavior [ RunTime:0.000012s ]
INFO: [ app_init ] --END-- [ RunTime:0.000193s ]

[ 2014-12-17T22:22:27+08:00 ] 172.16.14.1 /share/home/movie/mlist?name=%3Cscript%3Ealert%28%27hello%27%29%3C%2Fscript%3E&__hash__=b9aa07663e9f16636e324c56e645a8de_71d08eed37e6458d941293fd9b43bfd2
INFO: [ app_init ] --START--
INFO: Run Behavior\BuildLiteBehavior [ RunTime:0.000018s ]
INFO: [ app_init ] --END-- [ RunTime:0.000139s ]

