[ 2014-11-29T13:44:51+08:00 ] 172.16.14.1 /share/home
INFO: [ app_init ] --START--
INFO: Run Behavior\BuildLiteBehavior [ RunTime:0.000497s ]
INFO: [ app_init ] --END-- [ RunTime:0.060816s ]

[ 2014-11-29T13:44:55+08:00 ] 172.16.14.1 /favicon.ico
INFO: [ app_init ] --START--
INFO: Run Behavior\BuildLiteBehavior [ RunTime:0.000150s ]
INFO: [ app_init ] --END-- [ RunTime:0.001006s ]

[ 2014-11-29T14:31:12+08:00 ] 172.16.14.1 /share/home
INFO: [ app_init ] --START--
INFO: Run Behavior\BuildLiteBehavior [ RunTime:0.024422s ]
INFO: [ app_init ] --END-- [ RunTime:0.159451s ]

[ 2014-11-29T14:46:58+08:00 ] 172.16.14.1 /share/home/movie/mlist
INFO: [ app_init ] --START--
INFO: Run Behavior\BuildLiteBehavior [ RunTime:0.010077s ]
INFO: [ app_init ] --END-- [ RunTime:0.060891s ]
INFO: [ app_begin ] --START--
INFO: Run Behavior\ReadHtmlCacheBehavior [ RunTime:0.000085s ]
INFO: [ app_begin ] --END-- [ RunTime:0.000368s ]
NOTIC: [2048] Declaration of Home\Controller\MovieController::show() should be compatible with Think\Controller::show($content, $charset = '', $contentType = '', $prefix = '') /var/www/html/share/Application/Home/Controller/MovieController.class.php 第 5 行.
NOTIC: [8] Undefined index: name /var/www/html/share/Application/Home/Controller/GlobalAction.class.php 第 11 行.
NOTIC: [8192] mysql_connect(): The mysql extension is deprecated and will be removed in the future: use mysqli or PDO instead /var/www/html/share/ThinkPHP/Library/Think/Db/Driver/Mysql.class.php 第 52 行.
SQL: SHOW COLUMNS FROM `think_movielist` [ RunTime:0.061017s ]
SQL: SELECT COUNT(*) AS tp_count FROM `think_movielist` WHERE `statue` = 4 LIMIT 1   [ RunTime:0.005388s ]
SQL: SELECT * FROM `think_movielist` WHERE `statue` = 4 ORDER BY updatetime desc LIMIT 0,12   [ RunTime:0.014076s ]
NOTIC: [8] Undefined index: type /var/www/html/share/Application/Home/Controller/MovieController.class.php 第 95 行.
NOTIC: [8] Undefined index: userid /var/www/html/share/Application/Home/Controller/MovieController.class.php 第 96 行.
INFO: [ view_parse ] --START--
INFO: [ template_filter ] --START--
INFO: Run Behavior\ContentReplaceBehavior [ RunTime:0.024442s ]
INFO: [ template_filter ] --END-- [ RunTime:0.024535s ]
NOTIC: [8] Undefined variable: uid /var/www/html/share/Application/Runtime/Cache/Home/e3483a9a82df7007fd8ccec48541137e.php 第 370 行.
NOTIC: [8] Undefined variable: uid /var/www/html/share/Application/Runtime/Cache/Home/e3483a9a82df7007fd8ccec48541137e.php 第 384 行.
NOTIC: [8] Undefined variable: uid /var/www/html/share/Application/Runtime/Cache/Home/e3483a9a82df7007fd8ccec48541137e.php 第 370 行.
NOTIC: [8] Undefined variable: uid /var/www/html/share/Application/Runtime/Cache/Home/e3483a9a82df7007fd8ccec48541137e.php 第 384 行.
NOTIC: [8] Undefined variable: uid /var/www/html/share/Application/Runtime/Cache/Home/e3483a9a82df7007fd8ccec48541137e.php 第 370 行.
NOTIC: [8] Undefined variable: uid /var/www/html/share/Application/Runtime/Cache/Home/e3483a9a82df7007fd8ccec48541137e.php 第 384 行.
NOTIC: [8] Undefined variable: uid /var/www/html/share/Application/Runtime/Cache/Home/e3483a9a82df7007fd8ccec48541137e.php 第 370 行.
NOTIC: [8] Undefined variable: uid /var/www/html/share/Application/Runtime/Cache/Home/e3483a9a82df7007fd8ccec48541137e.php 第 384 行.
NOTIC: [8] Undefined variable: uid /var/www/html/share/Application/Runtime/Cache/Home/e3483a9a82df7007fd8ccec48541137e.php 第 370 行.
NOTIC: [8] Undefined variable: uid /var/www/html/share/Application/Runtime/Cache/Home/e3483a9a82df7007fd8ccec48541137e.php 第 384 行.
NOTIC: [8] Undefined variable: uid /var/www/html/share/Application/Runtime/Cache/Home/e3483a9a82df7007fd8ccec48541137e.php 第 370 行.
NOTIC: [8] Undefined variable: uid /var/www/html/share/Application/Runtime/Cache/Home/e3483a9a82df7007fd8ccec48541137e.php 第 384 行.
NOTIC: [8] Undefined variable: uid /var/www/html/share/Application/Runtime/Cache/Home/e3483a9a82df7007fd8ccec48541137e.php 第 370 行.
NOTIC: [8] Undefined variable: uid /var/www/html/share/Application/Runtime/Cache/Home/e3483a9a82df7007fd8ccec48541137e.php 第 384 行.
NOTIC: [8] Undefined variable: uid /var/www/html/share/Application/Runtime/Cache/Home/e3483a9a82df7007fd8ccec48541137e.php 第 370 行.
NOTIC: [8] Undefined variable: uid /var/www/html/share/Application/Runtime/Cache/Home/e3483a9a82df7007fd8ccec48541137e.php 第 384 行.
NOTIC: [8] Undefined variable: uid /var/www/html/share/Application/Runtime/Cache/Home/e3483a9a82df7007fd8ccec48541137e.php 第 370 行.
NOTIC: [8] Undefined variable: uid /var/www/html/share/Application/Runtime/Cache/Home/e3483a9a82df7007fd8ccec48541137e.php 第 384 行.
NOTIC: [8] Undefined variable: uid /var/www/html/share/Application/Runtime/Cache/Home/e3483a9a82df7007fd8ccec48541137e.php 第 370 行.
NOTIC: [8] Undefined variable: uid /var/www/html/share/Application/Runtime/Cache/Home/e3483a9a82df7007fd8ccec48541137e.php 第 384 行.
NOTIC: [8] Undefined variable: uid /var/www/html/share/Application/Runtime/Cache/Home/e3483a9a82df7007fd8ccec48541137e.php 第 370 行.
NOTIC: [8] Undefined variable: uid /var/www/html/share/Application/Runtime/Cache/Home/e3483a9a82df7007fd8ccec48541137e.php 第 384 行.
NOTIC: [8] Undefined variable: uid /var/www/html/share/Application/Runtime/Cache/Home/e3483a9a82df7007fd8ccec48541137e.php 第 370 行.
NOTIC: [8] Undefined variable: uid /var/www/html/share/Application/Runtime/Cache/Home/e3483a9a82df7007fd8ccec48541137e.php 第 384 行.
INFO: Run Behavior\ParseTemplateBehavior [ RunTime:0.631961s ]
INFO: [ view_parse ] --END-- [ RunTime:0.632334s ]
INFO: [ view_filter ] --START--
INFO: Run Behavior\WriteHtmlCacheBehavior [ RunTime:0.000071s ]
INFO: Run Behavior\TokenBuildBehavior [ RunTime:0.006984s ]
INFO: [ view_filter ] --END-- [ RunTime:0.007112s ]
INFO: [ app_end ] --START--
INFO: Run Behavior\ShowPageTraceBehavior [ RunTime:0.000257s ]
INFO: [ app_end ] --END-- [ RunTime:0.000332s ]

[ 2014-11-29T14:46:58+08:00 ] 172.16.14.1 /share/home/movie/mlist
INFO: [ app_init ] --START--
INFO: Run Behavior\BuildLiteBehavior [ RunTime:0.000018s ]
INFO: [ app_init ] --END-- [ RunTime:0.000125s ]
INFO: [ app_begin ] --START--
INFO: Run Behavior\ReadHtmlCacheBehavior [ RunTime:0.000038s ]
INFO: [ app_begin ] --END-- [ RunTime:0.000065s ]
NOTIC: [2048] Declaration of Home\Controller\MovieController::show() should be compatible with Think\Controller::show($content, $charset = '', $contentType = '', $prefix = '') /var/www/html/share/Application/Home/Controller/MovieController.class.php 第 5 行.
NOTIC: [8] Undefined index: name /var/www/html/share/Application/Home/Controller/GlobalAction.class.php 第 11 行.
NOTIC: [8192] mysql_connect(): The mysql extension is deprecated and will be removed in the future: use mysqli or PDO instead /var/www/html/share/ThinkPHP/Library/Think/Db/Driver/Mysql.class.php 第 52 行.
SQL: SHOW COLUMNS FROM `think_movielist` [ RunTime:0.006599s ]
SQL: SELECT COUNT(*) AS tp_count FROM `think_movielist` WHERE `statue` = 4 LIMIT 1   [ RunTime:0.000078s ]
SQL: SELECT * FROM `think_movielist` WHERE `statue` = 4 ORDER BY updatetime desc LIMIT 0,12   [ RunTime:0.000048s ]
NOTIC: [8] Undefined index: type /var/www/html/share/Application/Home/Controller/MovieController.class.php 第 95 行.
NOTIC: [8] Undefined index: userid /var/www/html/share/Application/Home/Controller/MovieController.class.php 第 96 行.
INFO: [ view_parse ] --START--
INFO: [ template_filter ] --START--
INFO: Run Behavior\ContentReplaceBehavior [ RunTime:0.000062s ]
INFO: [ template_filter ] --END-- [ RunTime:0.000115s ]
NOTIC: [8] Undefined variable: uid /var/www/html/share/Application/Runtime/Cache/Home/e3483a9a82df7007fd8ccec48541137e.php 第 370 行.
NOTIC: [8] Undefined variable: uid /var/www/html/share/Application/Runtime/Cache/Home/e3483a9a82df7007fd8ccec48541137e.php 第 384 行.
NOTIC: [8] Undefined variable: uid /var/www/html/share/Application/Runtime/Cache/Home/e3483a9a82df7007fd8ccec48541137e.php 第 370 行.
NOTIC: [8] Undefined variable: uid /var/www/html/share/Application/Runtime/Cache/Home/e3483a9a82df7007fd8ccec48541137e.php 第 384 行.
NOTIC: [8] Undefined variable: uid /var/www/html/share/Application/Runtime/Cache/Home/e3483a9a82df7007fd8ccec48541137e.php 第 370 行.
NOTIC: [8] Undefined variable: uid /var/www/html/share/Application/Runtime/Cache/Home/e3483a9a82df7007fd8ccec48541137e.php 第 384 行.
NOTIC: [8] Undefined variable: uid /var/www/html/share/Application/Runtime/Cache/Home/e3483a9a82df7007fd8ccec48541137e.php 第 370 行.
NOTIC: [8] Undefined variable: uid /var/www/html/share/Application/Runtime/Cache/Home/e3483a9a82df7007fd8ccec48541137e.php 第 384 行.
NOTIC: [8] Undefined variable: uid /var/www/html/share/Application/Runtime/Cache/Home/e3483a9a82df7007fd8ccec48541137e.php 第 370 行.
NOTIC: [8] Undefined variable: uid /var/www/html/share/Application/Runtime/Cache/Home/e3483a9a82df7007fd8ccec48541137e.php 第 384 行.
NOTIC: [8] Undefined variable: uid /var/www/html/share/Application/Runtime/Cache/Home/e3483a9a82df7007fd8ccec48541137e.php 第 370 行.
NOTIC: [8] Undefined variable: uid /var/www/html/share/Application/Runtime/Cache/Home/e3483a9a82df7007fd8ccec48541137e.php 第 384 行.
NOTIC: [8] Undefined variable: uid /var/www/html/share/Application/Runtime/Cache/Home/e3483a9a82df7007fd8ccec48541137e.php 第 370 行.
NOTIC: [8] Undefined variable: uid /var/www/html/share/Application/Runtime/Cache/Home/e3483a9a82df7007fd8ccec48541137e.php 第 384 行.
NOTIC: [8] Undefined variable: uid /var/www/html/share/Application/Runtime/Cache/Home/e3483a9a82df7007fd8ccec48541137e.php 第 370 行.
NOTIC: [8] Undefined variable: uid /var/www/html/share/Application/Runtime/Cache/Home/e3483a9a82df7007fd8ccec48541137e.php 第 384 行.
NOTIC: [8] Undefined variable: uid /var/www/html/share/Application/Runtime/Cache/Home/e3483a9a82df7007fd8ccec48541137e.php 第 370 行.
NOTIC: [8] Undefined variable: uid /var/www/html/share/Application/Runtime/Cache/Home/e3483a9a82df7007fd8ccec48541137e.php 第 384 行.
NOTIC: [8] Undefined variable: uid /var/www/html/share/Application/Runtime/Cache/Home/e3483a9a82df7007fd8ccec48541137e.php 第 370 行.
NOTIC: [8] Undefined variable: uid /var/www/html/share/Application/Runtime/Cache/Home/e3483a9a82df7007fd8ccec48541137e.php 第 384 行.
NOTIC: [8] Undefined variable: uid /var/www/html/share/Application/Runtime/Cache/Home/e3483a9a82df7007fd8ccec48541137e.php 第 370 行.
NOTIC: [8] Undefined variable: uid /var/www/html/share/Application/Runtime/Cache/Home/e3483a9a82df7007fd8ccec48541137e.php 第 384 行.
NOTIC: [8] Undefined variable: uid /var/www/html/share/Application/Runtime/Cache/Home/e3483a9a82df7007fd8ccec48541137e.php 第 370 行.
NOTIC: [8] Undefined variable: uid /var/www/html/share/Application/Runtime/Cache/Home/e3483a9a82df7007fd8ccec48541137e.php 第 384 行.
INFO: Run Behavior\ParseTemplateBehavior [ RunTime:0.028509s ]
INFO: [ view_parse ] --END-- [ RunTime:0.028551s ]
INFO: [ view_filter ] --START--
INFO: Run Behavior\WriteHtmlCacheBehavior [ RunTime:0.000048s ]
INFO: Run Behavior\TokenBuildBehavior [ RunTime:0.000147s ]
INFO: [ view_filter ] --END-- [ RunTime:0.000231s ]
INFO: [ app_end ] --START--
INFO: Run Behavior\ShowPageTraceBehavior [ RunTime:0.000098s ]
INFO: [ app_end ] --END-- [ RunTime:0.000163s ]

[ 2014-11-29T14:47:01+08:00 ] 172.16.14.1 /share/home
INFO: [ app_init ] --START--
INFO: Run Behavior\BuildLiteBehavior [ RunTime:0.000019s ]
INFO: [ app_init ] --END-- [ RunTime:0.000136s ]
INFO: [ app_begin ] --START--
INFO: Run Behavior\ReadHtmlCacheBehavior [ RunTime:0.000063s ]
INFO: [ app_begin ] --END-- [ RunTime:0.000106s ]
NOTIC: [8] Undefined index: name /var/www/html/share/Application/Home/Controller/GlobalAction.class.php 第 11 行.
NOTIC: [8192] mysql_connect(): The mysql extension is deprecated and will be removed in the future: use mysqli or PDO instead /var/www/html/share/ThinkPHP/Library/Think/Db/Driver/Mysql.class.php 第 52 行.
SQL: SHOW COLUMNS FROM `think_userinfo` [ RunTime:0.062015s ]
SQL: SELECT * FROM `think_userinfo` ORDER BY registertime desc LIMIT 10   [ RunTime:0.000597s ]
SQL: SHOW COLUMNS FROM `think_movielist` [ RunTime:0.000774s ]
SQL: SELECT * FROM `think_movielist` WHERE ( statue=4 ) ORDER BY updatetime desc LIMIT 12   [ RunTime:0.000059s ]
SQL: SHOW COLUMNS FROM `think_announce` [ RunTime:0.000566s ]
SQL: SELECT * FROM `think_announce` ORDER BY time desc LIMIT 1   [ RunTime:0.000048s ]
SQL: SHOW COLUMNS FROM `think_notice` [ RunTime:0.000476s ]
SQL: SELECT * FROM `think_notice` ORDER BY time desc LIMIT 3   [ RunTime:0.000044s ]
SQL: SELECT * FROM `think_movielist` WHERE ( statue=1 ) ORDER BY wishtime desc LIMIT 8   [ RunTime:0.000040s ]
SQL: SHOW COLUMNS FROM `think_locallist` [ RunTime:0.026122s ]
SQL: SELECT `userid`,COUNT(  `think_locallist`.`id` ) as c FROM `think_locallist` GROUP BY `think_locallist`.`userid` ORDER BY COUNT(`think_locallist`.`id`) desc LIMIT 5   [ RunTime:0.000059s ]
INFO: [ view_parse ] --START--
INFO: [ template_filter ] --START--
INFO: Run Behavior\ContentReplaceBehavior [ RunTime:0.000069s ]
INFO: [ template_filter ] --END-- [ RunTime:0.000124s ]
NOTIC: [8] Undefined variable: uid /var/www/html/share/Application/Runtime/Cache/Home/2a94b8bda04ff446dcedd42276fc99ee.php 第 347 行.
NOTIC: [8] Undefined variable: uid /var/www/html/share/Application/Runtime/Cache/Home/2a94b8bda04ff446dcedd42276fc99ee.php 第 361 行.
NOTIC: [8] Undefined variable: uid /var/www/html/share/Application/Runtime/Cache/Home/2a94b8bda04ff446dcedd42276fc99ee.php 第 347 行.
NOTIC: [8] Undefined variable: uid /var/www/html/share/Application/Runtime/Cache/Home/2a94b8bda04ff446dcedd42276fc99ee.php 第 361 行.
NOTIC: [8] Undefined variable: uid /var/www/html/share/Application/Runtime/Cache/Home/2a94b8bda04ff446dcedd42276fc99ee.php 第 347 行.
NOTIC: [8] Undefined variable: uid /var/www/html/share/Application/Runtime/Cache/Home/2a94b8bda04ff446dcedd42276fc99ee.php 第 361 行.
NOTIC: [8] Undefined variable: uid /var/www/html/share/Application/Runtime/Cache/Home/2a94b8bda04ff446dcedd42276fc99ee.php 第 347 行.
NOTIC: [8] Undefined variable: uid /var/www/html/share/Application/Runtime/Cache/Home/2a94b8bda04ff446dcedd42276fc99ee.php 第 361 行.
NOTIC: [8] Undefined variable: uid /var/www/html/share/Application/Runtime/Cache/Home/2a94b8bda04ff446dcedd42276fc99ee.php 第 347 行.
NOTIC: [8] Undefined variable: uid /var/www/html/share/Application/Runtime/Cache/Home/2a94b8bda04ff446dcedd42276fc99ee.php 第 361 行.
NOTIC: [8] Undefined variable: uid /var/www/html/share/Application/Runtime/Cache/Home/2a94b8bda04ff446dcedd42276fc99ee.php 第 347 行.
NOTIC: [8] Undefined variable: uid /var/www/html/share/Application/Runtime/Cache/Home/2a94b8bda04ff446dcedd42276fc99ee.php 第 361 行.
NOTIC: [8] Undefined variable: uid /var/www/html/share/Application/Runtime/Cache/Home/2a94b8bda04ff446dcedd42276fc99ee.php 第 347 行.
NOTIC: [8] Undefined variable: uid /var/www/html/share/Application/Runtime/Cache/Home/2a94b8bda04ff446dcedd42276fc99ee.php 第 361 行.
NOTIC: [8] Undefined variable: uid /var/www/html/share/Application/Runtime/Cache/Home/2a94b8bda04ff446dcedd42276fc99ee.php 第 347 行.
NOTIC: [8] Undefined variable: uid /var/www/html/share/Application/Runtime/Cache/Home/2a94b8bda04ff446dcedd42276fc99ee.php 第 361 行.
NOTIC: [8] Undefined variable: uid /var/www/html/share/Application/Runtime/Cache/Home/2a94b8bda04ff446dcedd42276fc99ee.php 第 347 行.
NOTIC: [8] Undefined variable: uid /var/www/html/share/Application/Runtime/Cache/Home/2a94b8bda04ff446dcedd42276fc99ee.php 第 361 行.
NOTIC: [8] Undefined variable: uid /var/www/html/share/Application/Runtime/Cache/Home/2a94b8bda04ff446dcedd42276fc99ee.php 第 347 行.
NOTIC: [8] Undefined variable: uid /var/www/html/share/Application/Runtime/Cache/Home/2a94b8bda04ff446dcedd42276fc99ee.php 第 361 行.
NOTIC: [8] Undefined variable: uid /var/www/html/share/Application/Runtime/Cache/Home/2a94b8bda04ff446dcedd42276fc99ee.php 第 347 行.
NOTIC: [8] Undefined variable: uid /var/www/html/share/Application/Runtime/Cache/Home/2a94b8bda04ff446dcedd42276fc99ee.php 第 361 行.
NOTIC: [8] Undefined variable: uid /var/www/html/share/Application/Runtime/Cache/Home/2a94b8bda04ff446dcedd42276fc99ee.php 第 347 行.
NOTIC: [8] Undefined variable: uid /var/www/html/share/Application/Runtime/Cache/Home/2a94b8bda04ff446dcedd42276fc99ee.php 第 361 行.
NOTIC: [8] Undefined variable: uid /var/www/html/share/Application/Runtime/Cache/Home/2a94b8bda04ff446dcedd42276fc99ee.php 第 406 行.
SQL: SELECT * FROM `think_userinfo` WHERE ( userid=1 )  [ RunTime:0.000091s ]
NOTIC: [8] Undefined variable: uid /var/www/html/share/Application/Runtime/Cache/Home/2a94b8bda04ff446dcedd42276fc99ee.php 第 406 行.
SQL: SELECT * FROM `think_userinfo` WHERE ( userid=4 )  [ RunTime:0.000064s ]
NOTIC: [8] Undefined variable: uid /var/www/html/share/Application/Runtime/Cache/Home/2a94b8bda04ff446dcedd42276fc99ee.php 第 406 行.
SQL: SELECT * FROM `think_userinfo` WHERE ( userid=2 )  [ RunTime:0.000046s ]
INFO: Run Behavior\ParseTemplateBehavior [ RunTime:0.097118s ]
INFO: [ view_parse ] --END-- [ RunTime:0.097145s ]
INFO: [ view_filter ] --START--
INFO: Run Behavior\WriteHtmlCacheBehavior [ RunTime:0.000063s ]
INFO: Run Behavior\TokenBuildBehavior [ RunTime:0.000177s ]
INFO: [ view_filter ] --END-- [ RunTime:0.000271s ]
INFO: [ app_end ] --START--
INFO: Run Behavior\ShowPageTraceBehavior [ RunTime:0.000093s ]
INFO: [ app_end ] --END-- [ RunTime:0.000173s ]

[ 2014-11-29T14:47:01+08:00 ] 172.16.14.1 /share/home
INFO: [ app_init ] --START--
INFO: Run Behavior\BuildLiteBehavior [ RunTime:0.000011s ]
INFO: [ app_init ] --END-- [ RunTime:0.000070s ]
INFO: [ app_begin ] --START--
INFO: Run Behavior\ReadHtmlCacheBehavior [ RunTime:0.000029s ]
INFO: [ app_begin ] --END-- [ RunTime:0.000054s ]
NOTIC: [8] Undefined index: name /var/www/html/share/Application/Home/Controller/GlobalAction.class.php 第 11 行.
NOTIC: [8192] mysql_connect(): The mysql extension is deprecated and will be removed in the future: use mysqli or PDO instead /var/www/html/share/ThinkPHP/Library/Think/Db/Driver/Mysql.class.php 第 52 行.
SQL: SHOW COLUMNS FROM `think_userinfo` [ RunTime:0.020015s ]
SQL: SELECT * FROM `think_userinfo` ORDER BY registertime desc LIMIT 10   [ RunTime:0.000102s ]
SQL: SHOW COLUMNS FROM `think_movielist` [ RunTime:0.001075s ]
SQL: SELECT * FROM `think_movielist` WHERE ( statue=4 ) ORDER BY updatetime desc LIMIT 12   [ RunTime:0.000080s ]
SQL: SHOW COLUMNS FROM `think_announce` [ RunTime:0.006544s ]
SQL: SELECT * FROM `think_announce` ORDER BY time desc LIMIT 1   [ RunTime:0.000057s ]
SQL: SHOW COLUMNS FROM `think_notice` [ RunTime:0.000533s ]
SQL: SELECT * FROM `think_notice` ORDER BY time desc LIMIT 3   [ RunTime:0.000039s ]
SQL: SELECT * FROM `think_movielist` WHERE ( statue=1 ) ORDER BY wishtime desc LIMIT 8   [ RunTime:0.000040s ]
SQL: SHOW COLUMNS FROM `think_locallist` [ RunTime:0.003530s ]
SQL: SELECT `userid`,COUNT(  `think_locallist`.`id` ) as c FROM `think_locallist` GROUP BY `think_locallist`.`userid` ORDER BY COUNT(`think_locallist`.`id`) desc LIMIT 5   [ RunTime:0.000119s ]
INFO: [ view_parse ] --START--
INFO: [ template_filter ] --START--
INFO: Run Behavior\ContentReplaceBehavior [ RunTime:0.000067s ]
INFO: [ template_filter ] --END-- [ RunTime:0.000111s ]
NOTIC: [8] Undefined variable: uid /var/www/html/share/Application/Runtime/Cache/Home/2a94b8bda04ff446dcedd42276fc99ee.php 第 347 行.
NOTIC: [8] Undefined variable: uid /var/www/html/share/Application/Runtime/Cache/Home/2a94b8bda04ff446dcedd42276fc99ee.php 第 361 行.
NOTIC: [8] Undefined variable: uid /var/www/html/share/Application/Runtime/Cache/Home/2a94b8bda04ff446dcedd42276fc99ee.php 第 347 行.
NOTIC: [8] Undefined variable: uid /var/www/html/share/Application/Runtime/Cache/Home/2a94b8bda04ff446dcedd42276fc99ee.php 第 361 行.
NOTIC: [8] Undefined variable: uid /var/www/html/share/Application/Runtime/Cache/Home/2a94b8bda04ff446dcedd42276fc99ee.php 第 347 行.
NOTIC: [8] Undefined variable: uid /var/www/html/share/Application/Runtime/Cache/Home/2a94b8bda04ff446dcedd42276fc99ee.php 第 361 行.
NOTIC: [8] Undefined variable: uid /var/www/html/share/Application/Runtime/Cache/Home/2a94b8bda04ff446dcedd42276fc99ee.php 第 347 行.
NOTIC: [8] Undefined variable: uid /var/www/html/share/Application/Runtime/Cache/Home/2a94b8bda04ff446dcedd42276fc99ee.php 第 361 行.
NOTIC: [8] Undefined variable: uid /var/www/html/share/Application/Runtime/Cache/Home/2a94b8bda04ff446dcedd42276fc99ee.php 第 347 行.
NOTIC: [8] Undefined variable: uid /var/www/html/share/Application/Runtime/Cache/Home/2a94b8bda04ff446dcedd42276fc99ee.php 第 361 行.
NOTIC: [8] Undefined variable: uid /var/www/html/share/Application/Runtime/Cache/Home/2a94b8bda04ff446dcedd42276fc99ee.php 第 347 行.
NOTIC: [8] Undefined variable: uid /var/www/html/share/Application/Runtime/Cache/Home/2a94b8bda04ff446dcedd42276fc99ee.php 第 361 行.
NOTIC: [8] Undefined variable: uid /var/www/html/share/Application/Runtime/Cache/Home/2a94b8bda04ff446dcedd42276fc99ee.php 第 347 行.
NOTIC: [8] Undefined variable: uid /var/www/html/share/Application/Runtime/Cache/Home/2a94b8bda04ff446dcedd42276fc99ee.php 第 361 行.
NOTIC: [8] Undefined variable: uid /var/www/html/share/Application/Runtime/Cache/Home/2a94b8bda04ff446dcedd42276fc99ee.php 第 347 行.
NOTIC: [8] Undefined variable: uid /var/www/html/share/Application/Runtime/Cache/Home/2a94b8bda04ff446dcedd42276fc99ee.php 第 361 行.
NOTIC: [8] Undefined variable: uid /var/www/html/share/Application/Runtime/Cache/Home/2a94b8bda04ff446dcedd42276fc99ee.php 第 347 行.
NOTIC: [8] Undefined variable: uid /var/www/html/share/Application/Runtime/Cache/Home/2a94b8bda04ff446dcedd42276fc99ee.php 第 361 行.
NOTIC: [8] Undefined variable: uid /var/www/html/share/Application/Runtime/Cache/Home/2a94b8bda04ff446dcedd42276fc99ee.php 第 347 行.
NOTIC: [8] Undefined variable: uid /var/www/html/share/Application/Runtime/Cache/Home/2a94b8bda04ff446dcedd42276fc99ee.php 第 361 行.
NOTIC: [8] Undefined variable: uid /var/www/html/share/Application/Runtime/Cache/Home/2a94b8bda04ff446dcedd42276fc99ee.php 第 347 行.
NOTIC: [8] Undefined variable: uid /var/www/html/share/Application/Runtime/Cache/Home/2a94b8bda04ff446dcedd42276fc99ee.php 第 361 行.
NOTIC: [8] Undefined variable: uid /var/www/html/share/Application/Runtime/Cache/Home/2a94b8bda04ff446dcedd42276fc99ee.php 第 347 行.
NOTIC: [8] Undefined variable: uid /var/www/html/share/Application/Runtime/Cache/Home/2a94b8bda04ff446dcedd42276fc99ee.php 第 361 行.
NOTIC: [8] Undefined variable: uid /var/www/html/share/Application/Runtime/Cache/Home/2a94b8bda04ff446dcedd42276fc99ee.php 第 406 行.
SQL: SELECT * FROM `think_userinfo` WHERE ( userid=1 )  [ RunTime:0.000097s ]
NOTIC: [8] Undefined variable: uid /var/www/html/share/Application/Runtime/Cache/Home/2a94b8bda04ff446dcedd42276fc99ee.php 第 406 行.
SQL: SELECT * FROM `think_userinfo` WHERE ( userid=4 )  [ RunTime:0.000042s ]
NOTIC: [8] Undefined variable: uid /var/www/html/share/Application/Runtime/Cache/Home/2a94b8bda04ff446dcedd42276fc99ee.php 第 406 行.
SQL: SELECT * FROM `think_userinfo` WHERE ( userid=2 )  [ RunTime:0.000041s ]
INFO: Run Behavior\ParseTemplateBehavior [ RunTime:0.037708s ]
INFO: [ view_parse ] --END-- [ RunTime:0.037741s ]
INFO: [ view_filter ] --START--
INFO: Run Behavior\WriteHtmlCacheBehavior [ RunTime:0.000037s ]
INFO: Run Behavior\TokenBuildBehavior [ RunTime:0.000193s ]
INFO: [ view_filter ] --END-- [ RunTime:0.000264s ]
INFO: [ app_end ] --START--
INFO: Run Behavior\ShowPageTraceBehavior [ RunTime:0.000026s ]
INFO: [ app_end ] --END-- [ RunTime:0.000048s ]

[ 2014-11-29T14:47:25+08:00 ] 172.16.14.1 /share/home/movie/mlist
INFO: [ app_init ] --START--
INFO: Run Behavior\BuildLiteBehavior [ RunTime:0.000025s ]
INFO: [ app_init ] --END-- [ RunTime:0.002767s ]
INFO: [ app_begin ] --START--
INFO: Run Behavior\ReadHtmlCacheBehavior [ RunTime:0.000167s ]
INFO: [ app_begin ] --END-- [ RunTime:0.001235s ]
NOTIC: [2048] Declaration of Home\Controller\MovieController::show() should be compatible with Think\Controller::show($content, $charset = '', $contentType = '', $prefix = '') /var/www/html/share/Application/Home/Controller/MovieController.class.php 第 5 行.
NOTIC: [8] Undefined index: name /var/www/html/share/Application/Home/Controller/GlobalAction.class.php 第 11 行.
NOTIC: [8192] mysql_connect(): The mysql extension is deprecated and will be removed in the future: use mysqli or PDO instead /var/www/html/share/ThinkPHP/Library/Think/Db/Driver/Mysql.class.php 第 52 行.
SQL: SHOW COLUMNS FROM `think_movielist` [ RunTime:0.016758s ]
SQL: SELECT COUNT(*) AS tp_count FROM `think_movielist` WHERE `statue` = 4 LIMIT 1   [ RunTime:0.000132s ]
SQL: SELECT * FROM `think_movielist` WHERE `statue` = 4 ORDER BY updatetime desc LIMIT 0,12   [ RunTime:0.000093s ]
NOTIC: [8] Undefined index: type /var/www/html/share/Application/Home/Controller/MovieController.class.php 第 95 行.
NOTIC: [8] Undefined index: userid /var/www/html/share/Application/Home/Controller/MovieController.class.php 第 96 行.
INFO: [ view_parse ] --START--
INFO: [ template_filter ] --START--
INFO: Run Behavior\ContentReplaceBehavior [ RunTime:0.052994s ]
INFO: [ template_filter ] --END-- [ RunTime:0.053076s ]
NOTIC: [8] Undefined variable: uid /var/www/html/share/Application/Runtime/Cache/Home/e3483a9a82df7007fd8ccec48541137e.php 第 370 行.
NOTIC: [8] Undefined variable: uid /var/www/html/share/Application/Runtime/Cache/Home/e3483a9a82df7007fd8ccec48541137e.php 第 384 行.
NOTIC: [8] Undefined variable: uid /var/www/html/share/Application/Runtime/Cache/Home/e3483a9a82df7007fd8ccec48541137e.php 第 370 行.
NOTIC: [8] Undefined variable: uid /var/www/html/share/Application/Runtime/Cache/Home/e3483a9a82df7007fd8ccec48541137e.php 第 384 行.
NOTIC: [8] Undefined variable: uid /var/www/html/share/Application/Runtime/Cache/Home/e3483a9a82df7007fd8ccec48541137e.php 第 370 行.
NOTIC: [8] Undefined variable: uid /var/www/html/share/Application/Runtime/Cache/Home/e3483a9a82df7007fd8ccec48541137e.php 第 384 行.
NOTIC: [8] Undefined variable: uid /var/www/html/share/Application/Runtime/Cache/Home/e3483a9a82df7007fd8ccec48541137e.php 第 370 行.
NOTIC: [8] Undefined variable: uid /var/www/html/share/Application/Runtime/Cache/Home/e3483a9a82df7007fd8ccec48541137e.php 第 384 行.
NOTIC: [8] Undefined variable: uid /var/www/html/share/Application/Runtime/Cache/Home/e3483a9a82df7007fd8ccec48541137e.php 第 370 行.
NOTIC: [8] Undefined variable: uid /var/www/html/share/Application/Runtime/Cache/Home/e3483a9a82df7007fd8ccec48541137e.php 第 384 行.
NOTIC: [8] Undefined variable: uid /var/www/html/share/Application/Runtime/Cache/Home/e3483a9a82df7007fd8ccec48541137e.php 第 370 行.
NOTIC: [8] Undefined variable: uid /var/www/html/share/Application/Runtime/Cache/Home/e3483a9a82df7007fd8ccec48541137e.php 第 384 行.
NOTIC: [8] Undefined variable: uid /var/www/html/share/Application/Runtime/Cache/Home/e3483a9a82df7007fd8ccec48541137e.php 第 370 行.
NOTIC: [8] Undefined variable: uid /var/www/html/share/Application/Runtime/Cache/Home/e3483a9a82df7007fd8ccec48541137e.php 第 384 行.
NOTIC: [8] Undefined variable: uid /var/www/html/share/Application/Runtime/Cache/Home/e3483a9a82df7007fd8ccec48541137e.php 第 370 行.
NOTIC: [8] Undefined variable: uid /var/www/html/share/Application/Runtime/Cache/Home/e3483a9a82df7007fd8ccec48541137e.php 第 384 行.
NOTIC: [8] Undefined variable: uid /var/www/html/share/Application/Runtime/Cache/Home/e3483a9a82df7007fd8ccec48541137e.php 第 370 行.
NOTIC: [8] Undefined variable: uid /var/www/html/share/Application/Runtime/Cache/Home/e3483a9a82df7007fd8ccec48541137e.php 第 384 行.
NOTIC: [8] Undefined variable: uid /var/www/html/share/Application/Runtime/Cache/Home/e3483a9a82df7007fd8ccec48541137e.php 第 370 行.
NOTIC: [8] Undefined variable: uid /var/www/html/share/Application/Runtime/Cache/Home/e3483a9a82df7007fd8ccec48541137e.php 第 384 行.
NOTIC: [8] Undefined variable: uid /var/www/html/share/Application/Runtime/Cache/Home/e3483a9a82df7007fd8ccec48541137e.php 第 370 行.
NOTIC: [8] Undefined variable: uid /var/www/html/share/Application/Runtime/Cache/Home/e3483a9a82df7007fd8ccec48541137e.php 第 384 行.
NOTIC: [8] Undefined variable: uid /var/www/html/share/Application/Runtime/Cache/Home/e3483a9a82df7007fd8ccec48541137e.php 第 370 行.
NOTIC: [8] Undefined variable: uid /var/www/html/share/Application/Runtime/Cache/Home/e3483a9a82df7007fd8ccec48541137e.php 第 384 行.
INFO: Run Behavior\ParseTemplateBehavior [ RunTime:0.257689s ]
INFO: [ view_parse ] --END-- [ RunTime:0.257741s ]
INFO: [ view_filter ] --START--
INFO: Run Behavior\WriteHtmlCacheBehavior [ RunTime:0.000061s ]
INFO: Run Behavior\TokenBuildBehavior [ RunTime:0.014960s ]
INFO: [ view_filter ] --END-- [ RunTime:0.015075s ]
INFO: [ app_end ] --START--
INFO: Run Behavior\ShowPageTraceBehavior [ RunTime:0.000972s ]
INFO: [ app_end ] --END-- [ RunTime:0.001013s ]

[ 2014-11-29T14:47:25+08:00 ] 172.16.14.1 /share/home/movie/mlist
INFO: [ app_init ] --START--
INFO: Run Behavior\BuildLiteBehavior [ RunTime:0.000012s ]
INFO: [ app_init ] --END-- [ RunTime:0.000097s ]
INFO: [ app_begin ] --START--
INFO: Run Behavior\ReadHtmlCacheBehavior [ RunTime:0.000029s ]
INFO: [ app_begin ] --END-- [ RunTime:0.000052s ]
NOTIC: [2048] Declaration of Home\Controller\MovieController::show() should be compatible with Think\Controller::show($content, $charset = '', $contentType = '', $prefix = '') /var/www/html/share/Application/Home/Controller/MovieController.class.php 第 5 行.
NOTIC: [8] Undefined index: name /var/www/html/share/Application/Home/Controller/GlobalAction.class.php 第 11 行.
NOTIC: [8192] mysql_connect(): The mysql extension is deprecated and will be removed in the future: use mysqli or PDO instead /var/www/html/share/ThinkPHP/Library/Think/Db/Driver/Mysql.class.php 第 52 行.
SQL: SHOW COLUMNS FROM `think_movielist` [ RunTime:0.004123s ]
SQL: SELECT COUNT(*) AS tp_count FROM `think_movielist` WHERE `statue` = 4 LIMIT 1   [ RunTime:0.000064s ]
SQL: SELECT * FROM `think_movielist` WHERE `statue` = 4 ORDER BY updatetime desc LIMIT 0,12   [ RunTime:0.000046s ]
NOTIC: [8] Undefined index: type /var/www/html/share/Application/Home/Controller/MovieController.class.php 第 95 行.
NOTIC: [8] Undefined index: userid /var/www/html/share/Application/Home/Controller/MovieController.class.php 第 96 行.
INFO: [ view_parse ] --START--
INFO: [ template_filter ] --START--
INFO: Run Behavior\ContentReplaceBehavior [ RunTime:0.000100s ]
INFO: [ template_filter ] --END-- [ RunTime:0.000187s ]
NOTIC: [8] Undefined variable: uid /var/www/html/share/Application/Runtime/Cache/Home/e3483a9a82df7007fd8ccec48541137e.php 第 370 行.
NOTIC: [8] Undefined variable: uid /var/www/html/share/Application/Runtime/Cache/Home/e3483a9a82df7007fd8ccec48541137e.php 第 384 行.
NOTIC: [8] Undefined variable: uid /var/www/html/share/Application/Runtime/Cache/Home/e3483a9a82df7007fd8ccec48541137e.php 第 370 行.
NOTIC: [8] Undefined variable: uid /var/www/html/share/Application/Runtime/Cache/Home/e3483a9a82df7007fd8ccec48541137e.php 第 384 行.
NOTIC: [8] Undefined variable: uid /var/www/html/share/Application/Runtime/Cache/Home/e3483a9a82df7007fd8ccec48541137e.php 第 370 行.
NOTIC: [8] Undefined variable: uid /var/www/html/share/Application/Runtime/Cache/Home/e3483a9a82df7007fd8ccec48541137e.php 第 384 行.
NOTIC: [8] Undefined variable: uid /var/www/html/share/Application/Runtime/Cache/Home/e3483a9a82df7007fd8ccec48541137e.php 第 370 行.
NOTIC: [8] Undefined variable: uid /var/www/html/share/Application/Runtime/Cache/Home/e3483a9a82df7007fd8ccec48541137e.php 第 384 行.
NOTIC: [8] Undefined variable: uid /var/www/html/share/Application/Runtime/Cache/Home/e3483a9a82df7007fd8ccec48541137e.php 第 370 行.
NOTIC: [8] Undefined variable: uid /var/www/html/share/Application/Runtime/Cache/Home/e3483a9a82df7007fd8ccec48541137e.php 第 384 行.
NOTIC: [8] Undefined variable: uid /var/www/html/share/Application/Runtime/Cache/Home/e3483a9a82df7007fd8ccec48541137e.php 第 370 行.
NOTIC: [8] Undefined variable: uid /var/www/html/share/Application/Runtime/Cache/Home/e3483a9a82df7007fd8ccec48541137e.php 第 384 行.
NOTIC: [8] Undefined variable: uid /var/www/html/share/Application/Runtime/Cache/Home/e3483a9a82df7007fd8ccec48541137e.php 第 370 行.
NOTIC: [8] Undefined variable: uid /var/www/html/share/Application/Runtime/Cache/Home/e3483a9a82df7007fd8ccec48541137e.php 第 384 行.
NOTIC: [8] Undefined variable: uid /var/www/html/share/Application/Runtime/Cache/Home/e3483a9a82df7007fd8ccec48541137e.php 第 370 行.
NOTIC: [8] Undefined variable: uid /var/www/html/share/Application/Runtime/Cache/Home/e3483a9a82df7007fd8ccec48541137e.php 第 384 行.
NOTIC: [8] Undefined variable: uid /var/www/html/share/Application/Runtime/Cache/Home/e3483a9a82df7007fd8ccec48541137e.php 第 370 行.
NOTIC: [8] Undefined variable: uid /var/www/html/share/Application/Runtime/Cache/Home/e3483a9a82df7007fd8ccec48541137e.php 第 384 行.
NOTIC: [8] Undefined variable: uid /var/www/html/share/Application/Runtime/Cache/Home/e3483a9a82df7007fd8ccec48541137e.php 第 370 行.
NOTIC: [8] Undefined variable: uid /var/www/html/share/Application/Runtime/Cache/Home/e3483a9a82df7007fd8ccec48541137e.php 第 384 行.
NOTIC: [8] Undefined variable: uid /var/www/html/share/Application/Runtime/Cache/Home/e3483a9a82df7007fd8ccec48541137e.php 第 370 行.
NOTIC: [8] Undefined variable: uid /var/www/html/share/Application/Runtime/Cache/Home/e3483a9a82df7007fd8ccec48541137e.php 第 384 行.
NOTIC: [8] Undefined variable: uid /var/www/html/share/Application/Runtime/Cache/Home/e3483a9a82df7007fd8ccec48541137e.php 第 370 行.
NOTIC: [8] Undefined variable: uid /var/www/html/share/Application/Runtime/Cache/Home/e3483a9a82df7007fd8ccec48541137e.php 第 384 行.
INFO: Run Behavior\ParseTemplateBehavior [ RunTime:0.029888s ]
INFO: [ view_parse ] --END-- [ RunTime:0.029923s ]
INFO: [ view_filter ] --START--
INFO: Run Behavior\WriteHtmlCacheBehavior [ RunTime:0.000040s ]
INFO: Run Behavior\TokenBuildBehavior [ RunTime:0.000140s ]
INFO: [ view_filter ] --END-- [ RunTime:0.000213s ]
INFO: [ app_end ] --START--
INFO: Run Behavior\ShowPageTraceBehavior [ RunTime:0.000028s ]
INFO: [ app_end ] --END-- [ RunTime:0.000052s ]

[ 2014-11-29T14:47:28+08:00 ] 172.16.14.1 /share/home/movie/listen.html
INFO: [ app_init ] --START--
INFO: Run Behavior\BuildLiteBehavior [ RunTime:0.000018s ]
INFO: [ app_init ] --END-- [ RunTime:0.000132s ]
INFO: [ app_begin ] --START--
INFO: Run Behavior\ReadHtmlCacheBehavior [ RunTime:0.000069s ]
INFO: [ app_begin ] --END-- [ RunTime:0.000117s ]
NOTIC: [2048] Declaration of Home\Controller\MovieController::show() should be compatible with Think\Controller::show($content, $charset = '', $contentType = '', $prefix = '') /var/www/html/share/Application/Home/Controller/MovieController.class.php 第 5 行.
NOTIC: [8] Undefined index: name /var/www/html/share/Application/Home/Controller/GlobalAction.class.php 第 11 行.

[ 2014-11-29T14:47:29+08:00 ] 172.16.14.1 /share/home/movie/listen.html
INFO: [ app_init ] --START--
INFO: Run Behavior\BuildLiteBehavior [ RunTime:0.000024s ]
INFO: [ app_init ] --END-- [ RunTime:0.035328s ]
INFO: [ app_begin ] --START--
INFO: Run Behavior\ReadHtmlCacheBehavior [ RunTime:0.001157s ]
INFO: [ app_begin ] --END-- [ RunTime:0.001193s ]
NOTIC: [2048] Declaration of Home\Controller\MovieController::show() should be compatible with Think\Controller::show($content, $charset = '', $contentType = '', $prefix = '') /var/www/html/share/Application/Home/Controller/MovieController.class.php 第 5 行.
NOTIC: [8] Undefined index: name /var/www/html/share/Application/Home/Controller/GlobalAction.class.php 第 11 行.

[ 2014-11-29T14:47:33+08:00 ] 172.16.14.1 /share/home/movie/mlist
INFO: [ app_init ] --START--
INFO: Run Behavior\BuildLiteBehavior [ RunTime:0.000024s ]
INFO: [ app_init ] --END-- [ RunTime:0.005808s ]

[ 2014-11-29T14:47:36+08:00 ] 172.16.14.1 /share/home/movie/mylike
INFO: [ app_init ] --START--
INFO: Run Behavior\BuildLiteBehavior [ RunTime:0.000010s ]
INFO: [ app_init ] --END-- [ RunTime:0.000074s ]
INFO: [ app_begin ] --START--
INFO: Run Behavior\ReadHtmlCacheBehavior [ RunTime:0.000032s ]
INFO: [ app_begin ] --END-- [ RunTime:0.000056s ]
NOTIC: [2048] Declaration of Home\Controller\MovieController::show() should be compatible with Think\Controller::show($content, $charset = '', $contentType = '', $prefix = '') /var/www/html/share/Application/Home/Controller/MovieController.class.php 第 5 行.
NOTIC: [8] Undefined index: name /var/www/html/share/Application/Home/Controller/GlobalAction.class.php 第 11 行.

[ 2014-11-29T14:47:36+08:00 ] 172.16.14.1 /share/home/movie/mylike
INFO: [ app_init ] --START--
INFO: Run Behavior\BuildLiteBehavior [ RunTime:0.000009s ]
INFO: [ app_init ] --END-- [ RunTime:0.000065s ]
INFO: [ app_begin ] --START--
INFO: Run Behavior\ReadHtmlCacheBehavior [ RunTime:0.000039s ]
INFO: [ app_begin ] --END-- [ RunTime:0.000073s ]
NOTIC: [2048] Declaration of Home\Controller\MovieController::show() should be compatible with Think\Controller::show($content, $charset = '', $contentType = '', $prefix = '') /var/www/html/share/Application/Home/Controller/MovieController.class.php 第 5 行.
NOTIC: [8] Undefined index: name /var/www/html/share/Application/Home/Controller/GlobalAction.class.php 第 11 行.

[ 2014-11-29T14:47:38+08:00 ] 172.16.14.1 /share/home/movie/mylike
INFO: [ app_init ] --START--
INFO: Run Behavior\BuildLiteBehavior [ RunTime:0.000009s ]
INFO: [ app_init ] --END-- [ RunTime:0.000061s ]

[ 2014-11-29T14:47:42+08:00 ] 172.16.14.1 /share/home/movie/mylike
INFO: [ app_init ] --START--
INFO: Run Behavior\BuildLiteBehavior [ RunTime:0.000023s ]
INFO: [ app_init ] --END-- [ RunTime:0.000181s ]

[ 2014-11-29T14:47:45+08:00 ] 172.16.14.1 /share/home/movie/mlist
INFO: [ app_init ] --START--
INFO: Run Behavior\BuildLiteBehavior [ RunTime:0.000018s ]
INFO: [ app_init ] --END-- [ RunTime:0.000401s ]

[ 2014-11-29T14:47:53+08:00 ] 172.16.14.1 /share/home/user/login?username=xiaohuanshu&password=buzhidao&__hash__=693049d49cc3c86327bceac5d89a8c3a_8e9df874776b3da95c8b68a61377d2d9
INFO: [ app_init ] --START--
INFO: Run Behavior\BuildLiteBehavior [ RunTime:0.000009s ]
INFO: [ app_init ] --END-- [ RunTime:0.000072s ]

[ 2014-11-29T14:47:54+08:00 ] 172.16.14.1 /share/home/api/index?time=1417243673&code=cc27PDVuEdUKtTEM%2FZ1JMlD0qOIxW4cApLYlZCGumwHseNosqyvvg2dEF%2BbNRYSHabzWQlzamH4Q8MdwBdBOlwpG2KhfrPsoHYxe8BuY7xVdo1Ma%2FgdjcsLpZZEiXUBgfkkb5Hmag0pCp57CfVPsso7XEBBX5M6enl%2BBml2ka5PZ
INFO: [ app_init ] --START--
INFO: Run Behavior\BuildLiteBehavior [ RunTime:0.000027s ]
INFO: [ app_init ] --END-- [ RunTime:0.000727s ]

[ 2014-11-29T14:48:02+08:00 ] 172.16.14.1 /share/home
INFO: [ app_init ] --START--
INFO: Run Behavior\BuildLiteBehavior [ RunTime:0.000019s ]
INFO: [ app_init ] --END-- [ RunTime:0.000269s ]

[ 2014-11-29T14:51:02+08:00 ] 172.16.14.1 /share/home/movie/mlist
INFO: [ app_init ] --START--
INFO: Run Behavior\BuildLiteBehavior [ RunTime:0.000014s ]
INFO: [ app_init ] --END-- [ RunTime:0.000098s ]
INFO: [ app_begin ] --START--
INFO: Run Behavior\ReadHtmlCacheBehavior [ RunTime:0.000040s ]
INFO: [ app_begin ] --END-- [ RunTime:0.000065s ]
NOTIC: [2048] Declaration of Home\Controller\MovieController::show() should be compatible with Think\Controller::show($content, $charset = '', $contentType = '', $prefix = '') /var/www/html/share/Application/Home/Controller/MovieController.class.php 第 5 行.
NOTIC: [8] Undefined index: name /var/www/html/share/Application/Home/Controller/GlobalAction.class.php 第 11 行.
NOTIC: [8192] mysql_connect(): The mysql extension is deprecated and will be removed in the future: use mysqli or PDO instead /var/www/html/share/Application/Ucenter/Client/uc_client/lib/db.class.php 第 41 行.
NOTIC: [8192] mysql_connect(): The mysql extension is deprecated and will be removed in the future: use mysqli or PDO instead /var/www/html/share/ThinkPHP/Library/Think/Db/Driver/Mysql.class.php 第 52 行.
SQL: SHOW COLUMNS FROM `think_movielist` [ RunTime:0.000796s ]
SQL: SELECT COUNT(*) AS tp_count FROM `think_movielist` WHERE `statue` = 4 LIMIT 1   [ RunTime:0.000062s ]
SQL: SELECT * FROM `think_movielist` WHERE `statue` = 4 ORDER BY updatetime desc LIMIT 0,12   [ RunTime:0.000052s ]
NOTIC: [8] Undefined index: type /var/www/html/share/Application/Home/Controller/MovieController.class.php 第 95 行.
NOTIC: [8] Undefined index: userid /var/www/html/share/Application/Home/Controller/MovieController.class.php 第 96 行.
INFO: [ view_parse ] --START--
INFO: [ template_filter ] --START--
INFO: Run Behavior\ContentReplaceBehavior [ RunTime:0.000060s ]
INFO: [ template_filter ] --END-- [ RunTime:0.000106s ]
SQL: SHOW COLUMNS FROM `think_mvfalist` [ RunTime:0.000677s ]
SQL: SELECT COUNT(*) AS tp_count FROM `think_mvfalist` WHERE ( userid=1 and movieid=1 ) LIMIT 1   [ RunTime:0.000066s ]
SQL: SHOW COLUMNS FROM `think_mvlikelist` [ RunTime:0.003587s ]
SQL: SELECT COUNT(*) AS tp_count FROM `think_mvlikelist` WHERE ( userid=1 and movieid=1 ) LIMIT 1   [ RunTime:0.000090s ]
SQL: SELECT COUNT(*) AS tp_count FROM `think_mvfalist` WHERE ( userid=1 and movieid=2 ) LIMIT 1   [ RunTime:0.000053s ]
SQL: SELECT COUNT(*) AS tp_count FROM `think_mvlikelist` WHERE ( userid=1 and movieid=2 ) LIMIT 1   [ RunTime:0.000058s ]
SQL: SELECT COUNT(*) AS tp_count FROM `think_mvfalist` WHERE ( userid=1 and movieid=3 ) LIMIT 1   [ RunTime:0.000057s ]
SQL: SELECT COUNT(*) AS tp_count FROM `think_mvlikelist` WHERE ( userid=1 and movieid=3 ) LIMIT 1   [ RunTime:0.000048s ]
SQL: SELECT COUNT(*) AS tp_count FROM `think_mvfalist` WHERE ( userid=1 and movieid=4 ) LIMIT 1   [ RunTime:0.000046s ]
SQL: SELECT COUNT(*) AS tp_count FROM `think_mvlikelist` WHERE ( userid=1 and movieid=4 ) LIMIT 1   [ RunTime:0.000046s ]
SQL: SELECT COUNT(*) AS tp_count FROM `think_mvfalist` WHERE ( userid=1 and movieid=5 ) LIMIT 1   [ RunTime:0.000046s ]
SQL: SELECT COUNT(*) AS tp_count FROM `think_mvlikelist` WHERE ( userid=1 and movieid=5 ) LIMIT 1   [ RunTime:0.000044s ]
SQL: SELECT COUNT(*) AS tp_count FROM `think_mvfalist` WHERE ( userid=1 and movieid=6 ) LIMIT 1   [ RunTime:0.000046s ]
SQL: SELECT COUNT(*) AS tp_count FROM `think_mvlikelist` WHERE ( userid=1 and movieid=6 ) LIMIT 1   [ RunTime:0.000046s ]
SQL: SELECT COUNT(*) AS tp_count FROM `think_mvfalist` WHERE ( userid=1 and movieid=7 ) LIMIT 1   [ RunTime:0.000127s ]
SQL: SELECT COUNT(*) AS tp_count FROM `think_mvlikelist` WHERE ( userid=1 and movieid=7 ) LIMIT 1   [ RunTime:0.000049s ]
SQL: SELECT COUNT(*) AS tp_count FROM `think_mvfalist` WHERE ( userid=1 and movieid=8 ) LIMIT 1   [ RunTime:0.000040s ]
SQL: SELECT COUNT(*) AS tp_count FROM `think_mvlikelist` WHERE ( userid=1 and movieid=8 ) LIMIT 1   [ RunTime:0.000038s ]
SQL: SELECT COUNT(*) AS tp_count FROM `think_mvfalist` WHERE ( userid=1 and movieid=9 ) LIMIT 1   [ RunTime:0.000037s ]
SQL: SELECT COUNT(*) AS tp_count FROM `think_mvlikelist` WHERE ( userid=1 and movieid=9 ) LIMIT 1   [ RunTime:0.000038s ]
SQL: SELECT COUNT(*) AS tp_count FROM `think_mvfalist` WHERE ( userid=1 and movieid=10 ) LIMIT 1   [ RunTime:0.000046s ]
SQL: SELECT COUNT(*) AS tp_count FROM `think_mvlikelist` WHERE ( userid=1 and movieid=10 ) LIMIT 1   [ RunTime:0.000039s ]
SQL: SELECT COUNT(*) AS tp_count FROM `think_mvfalist` WHERE ( userid=1 and movieid=11 ) LIMIT 1   [ RunTime:0.000045s ]
SQL: SELECT COUNT(*) AS tp_count FROM `think_mvlikelist` WHERE ( userid=1 and movieid=11 ) LIMIT 1   [ RunTime:0.000039s ]
SQL: SELECT COUNT(*) AS tp_count FROM `think_mvfalist` WHERE ( userid=1 and movieid=12 ) LIMIT 1   [ RunTime:0.003392s ]
SQL: SELECT COUNT(*) AS tp_count FROM `think_mvlikelist` WHERE ( userid=1 and movieid=12 ) LIMIT 1   [ RunTime:0.000049s ]
INFO: Run Behavior\ParseTemplateBehavior [ RunTime:0.044432s ]
INFO: [ view_parse ] --END-- [ RunTime:0.044464s ]
INFO: [ view_filter ] --START--
INFO: Run Behavior\WriteHtmlCacheBehavior [ RunTime:0.000081s ]
INFO: Run Behavior\TokenBuildBehavior [ RunTime:0.000211s ]
INFO: [ view_filter ] --END-- [ RunTime:0.000340s ]
INFO: [ app_end ] --START--
INFO: Run Behavior\ShowPageTraceBehavior [ RunTime:0.000070s ]
INFO: [ app_end ] --END-- [ RunTime:0.000121s ]

[ 2014-11-29T14:51:02+08:00 ] 172.16.14.1 /share/home/movie/mlist
INFO: [ app_init ] --START--
INFO: Run Behavior\BuildLiteBehavior [ RunTime:0.000013s ]
INFO: [ app_init ] --END-- [ RunTime:0.000098s ]
INFO: [ app_begin ] --START--
INFO: Run Behavior\ReadHtmlCacheBehavior [ RunTime:0.000047s ]
INFO: [ app_begin ] --END-- [ RunTime:0.000100s ]
NOTIC: [2048] Declaration of Home\Controller\MovieController::show() should be compatible with Think\Controller::show($content, $charset = '', $contentType = '', $prefix = '') /var/www/html/share/Application/Home/Controller/MovieController.class.php 第 5 行.
NOTIC: [8] Undefined index: name /var/www/html/share/Application/Home/Controller/GlobalAction.class.php 第 11 行.
NOTIC: [8192] mysql_connect(): The mysql extension is deprecated and will be removed in the future: use mysqli or PDO instead /var/www/html/share/Application/Ucenter/Client/uc_client/lib/db.class.php 第 41 行.
NOTIC: [8192] mysql_connect(): The mysql extension is deprecated and will be removed in the future: use mysqli or PDO instead /var/www/html/share/ThinkPHP/Library/Think/Db/Driver/Mysql.class.php 第 52 行.
SQL: SHOW COLUMNS FROM `think_movielist` [ RunTime:0.001152s ]
SQL: SELECT COUNT(*) AS tp_count FROM `think_movielist` WHERE `statue` = 4 LIMIT 1   [ RunTime:0.000083s ]
SQL: SELECT * FROM `think_movielist` WHERE `statue` = 4 ORDER BY updatetime desc LIMIT 0,12   [ RunTime:0.000072s ]
NOTIC: [8] Undefined index: type /var/www/html/share/Application/Home/Controller/MovieController.class.php 第 95 行.
NOTIC: [8] Undefined index: userid /var/www/html/share/Application/Home/Controller/MovieController.class.php 第 96 行.
INFO: [ view_parse ] --START--
INFO: [ template_filter ] --START--
INFO: Run Behavior\ContentReplaceBehavior [ RunTime:0.000092s ]
INFO: [ template_filter ] --END-- [ RunTime:0.000166s ]
SQL: SHOW COLUMNS FROM `think_mvfalist` [ RunTime:0.002136s ]
SQL: SELECT COUNT(*) AS tp_count FROM `think_mvfalist` WHERE ( userid=1 and movieid=1 ) LIMIT 1   [ RunTime:0.000079s ]
SQL: SHOW COLUMNS FROM `think_mvlikelist` [ RunTime:0.003295s ]
SQL: SELECT COUNT(*) AS tp_count FROM `think_mvlikelist` WHERE ( userid=1 and movieid=1 ) LIMIT 1   [ RunTime:0.000076s ]
SQL: SELECT COUNT(*) AS tp_count FROM `think_mvfalist` WHERE ( userid=1 and movieid=2 ) LIMIT 1   [ RunTime:0.000042s ]
SQL: SELECT COUNT(*) AS tp_count FROM `think_mvlikelist` WHERE ( userid=1 and movieid=2 ) LIMIT 1   [ RunTime:0.000039s ]
SQL: SELECT COUNT(*) AS tp_count FROM `think_mvfalist` WHERE ( userid=1 and movieid=3 ) LIMIT 1   [ RunTime:0.000038s ]
SQL: SELECT COUNT(*) AS tp_count FROM `think_mvlikelist` WHERE ( userid=1 and movieid=3 ) LIMIT 1   [ RunTime:0.000039s ]
SQL: SELECT COUNT(*) AS tp_count FROM `think_mvfalist` WHERE ( userid=1 and movieid=4 ) LIMIT 1   [ RunTime:0.000037s ]
SQL: SELECT COUNT(*) AS tp_count FROM `think_mvlikelist` WHERE ( userid=1 and movieid=4 ) LIMIT 1   [ RunTime:0.000039s ]
SQL: SELECT COUNT(*) AS tp_count FROM `think_mvfalist` WHERE ( userid=1 and movieid=5 ) LIMIT 1   [ RunTime:0.000038s ]
SQL: SELECT COUNT(*) AS tp_count FROM `think_mvlikelist` WHERE ( userid=1 and movieid=5 ) LIMIT 1   [ RunTime:0.000037s ]
SQL: SELECT COUNT(*) AS tp_count FROM `think_mvfalist` WHERE ( userid=1 and movieid=6 ) LIMIT 1   [ RunTime:0.000038s ]
SQL: SELECT COUNT(*) AS tp_count FROM `think_mvlikelist` WHERE ( userid=1 and movieid=6 ) LIMIT 1   [ RunTime:0.000091s ]
SQL: SELECT COUNT(*) AS tp_count FROM `think_mvfalist` WHERE ( userid=1 and movieid=7 ) LIMIT 1   [ RunTime:0.000193s ]
SQL: SELECT COUNT(*) AS tp_count FROM `think_mvlikelist` WHERE ( userid=1 and movieid=7 ) LIMIT 1   [ RunTime:0.000073s ]
SQL: SELECT COUNT(*) AS tp_count FROM `think_mvfalist` WHERE ( userid=1 and movieid=8 ) LIMIT 1   [ RunTime:0.000067s ]
SQL: SELECT COUNT(*) AS tp_count FROM `think_mvlikelist` WHERE ( userid=1 and movieid=8 ) LIMIT 1   [ RunTime:0.000077s ]
SQL: SELECT COUNT(*) AS tp_count FROM `think_mvfalist` WHERE ( userid=1 and movieid=9 ) LIMIT 1   [ RunTime:0.000056s ]
SQL: SELECT COUNT(*) AS tp_count FROM `think_mvlikelist` WHERE ( userid=1 and movieid=9 ) LIMIT 1   [ RunTime:0.000792s ]
SQL: SELECT COUNT(*) AS tp_count FROM `think_mvfalist` WHERE ( userid=1 and movieid=10 ) LIMIT 1   [ RunTime:0.000105s ]
SQL: SELECT COUNT(*) AS tp_count FROM `think_mvlikelist` WHERE ( userid=1 and movieid=10 ) LIMIT 1   [ RunTime:0.000061s ]
SQL: SELECT COUNT(*) AS tp_count FROM `think_mvfalist` WHERE ( userid=1 and movieid=11 ) LIMIT 1   [ RunTime:0.003169s ]
SQL: SELECT COUNT(*) AS tp_count FROM `think_mvlikelist` WHERE ( userid=1 and movieid=11 ) LIMIT 1   [ RunTime:0.000077s ]
SQL: SELECT COUNT(*) AS tp_count FROM `think_mvfalist` WHERE ( userid=1 and movieid=12 ) LIMIT 1   [ RunTime:0.000040s ]
SQL: SELECT COUNT(*) AS tp_count FROM `think_mvlikelist` WHERE ( userid=1 and movieid=12 ) LIMIT 1   [ RunTime:0.000039s ]
INFO: Run Behavior\ParseTemplateBehavior [ RunTime:0.060978s ]
INFO: [ view_parse ] --END-- [ RunTime:0.061035s ]
INFO: [ view_filter ] --START--
INFO: Run Behavior\WriteHtmlCacheBehavior [ RunTime:0.000055s ]
INFO: Run Behavior\TokenBuildBehavior [ RunTime:0.000180s ]
INFO: [ view_filter ] --END-- [ RunTime:0.000273s ]
INFO: [ app_end ] --START--
INFO: Run Behavior\ShowPageTraceBehavior [ RunTime:0.000053s ]
INFO: [ app_end ] --END-- [ RunTime:0.000087s ]

[ 2014-11-29T14:51:04+08:00 ] 172.16.14.1 /share/home/movie/events.html
INFO: [ app_init ] --START--
INFO: Run Behavior\BuildLiteBehavior [ RunTime:0.000009s ]
INFO: [ app_init ] --END-- [ RunTime:0.000062s ]
INFO: [ app_begin ] --START--
INFO: Run Behavior\ReadHtmlCacheBehavior [ RunTime:0.000048s ]
INFO: [ app_begin ] --END-- [ RunTime:0.000092s ]
NOTIC: [2048] Declaration of Home\Controller\MovieController::show() should be compatible with Think\Controller::show($content, $charset = '', $contentType = '', $prefix = '') /var/www/html/share/Application/Home/Controller/MovieController.class.php 第 5 行.
NOTIC: [8] Undefined index: name /var/www/html/share/Application/Home/Controller/GlobalAction.class.php 第 11 行.
NOTIC: [8192] mysql_connect(): The mysql extension is deprecated and will be removed in the future: use mysqli or PDO instead /var/www/html/share/Application/Ucenter/Client/uc_client/lib/db.class.php 第 41 行.

[ 2014-11-29T14:51:04+08:00 ] 172.16.14.1 /share/home/movie/events.html
INFO: [ app_init ] --START--
INFO: Run Behavior\BuildLiteBehavior [ RunTime:0.000010s ]
INFO: [ app_init ] --END-- [ RunTime:0.000069s ]
INFO: [ app_begin ] --START--
INFO: Run Behavior\ReadHtmlCacheBehavior [ RunTime:0.000030s ]
INFO: [ app_begin ] --END-- [ RunTime:0.000054s ]
NOTIC: [2048] Declaration of Home\Controller\MovieController::show() should be compatible with Think\Controller::show($content, $charset = '', $contentType = '', $prefix = '') /var/www/html/share/Application/Home/Controller/MovieController.class.php 第 5 行.
NOTIC: [8] Undefined index: name /var/www/html/share/Application/Home/Controller/GlobalAction.class.php 第 11 行.
NOTIC: [8192] mysql_connect(): The mysql extension is deprecated and will be removed in the future: use mysqli or PDO instead /var/www/html/share/Application/Ucenter/Client/uc_client/lib/db.class.php 第 41 行.

[ 2014-11-29T14:51:07+08:00 ] 172.16.14.1 /share/home/movie/mlist
INFO: [ app_init ] --START--
INFO: Run Behavior\BuildLiteBehavior [ RunTime:0.000018s ]
INFO: [ app_init ] --END-- [ RunTime:0.000167s ]

[ 2014-11-29T14:51:08+08:00 ] 172.16.14.1 /share/home/movie/mlist
INFO: [ app_init ] --START--
INFO: Run Behavior\BuildLiteBehavior [ RunTime:0.000014s ]
INFO: [ app_init ] --END-- [ RunTime:0.000080s ]

[ 2014-11-29T14:51:10+08:00 ] 172.16.14.1 /share/home
INFO: [ app_init ] --START--
INFO: Run Behavior\BuildLiteBehavior [ RunTime:0.000012s ]
INFO: [ app_init ] --END-- [ RunTime:0.000077s ]
INFO: [ app_begin ] --START--
INFO: Run Behavior\ReadHtmlCacheBehavior [ RunTime:0.000032s ]
INFO: [ app_begin ] --END-- [ RunTime:0.000058s ]
NOTIC: [8] Undefined index: name /var/www/html/share/Application/Home/Controller/GlobalAction.class.php 第 11 行.
NOTIC: [8192] mysql_connect(): The mysql extension is deprecated and will be removed in the future: use mysqli or PDO instead /var/www/html/share/Application/Ucenter/Client/uc_client/lib/db.class.php 第 41 行.
NOTIC: [8192] mysql_connect(): The mysql extension is deprecated and will be removed in the future: use mysqli or PDO instead /var/www/html/share/ThinkPHP/Library/Think/Db/Driver/Mysql.class.php 第 52 行.
SQL: SHOW COLUMNS FROM `think_userinfo` [ RunTime:0.001380s ]
SQL: SELECT * FROM `think_userinfo` ORDER BY registertime desc LIMIT 10   [ RunTime:0.000131s ]
SQL: SHOW COLUMNS FROM `think_movielist` [ RunTime:0.001273s ]
SQL: SELECT * FROM `think_movielist` WHERE ( statue=4 ) ORDER BY updatetime desc LIMIT 12   [ RunTime:0.000095s ]
SQL: SHOW COLUMNS FROM `think_announce` [ RunTime:0.000737s ]
SQL: SELECT * FROM `think_announce` ORDER BY time desc LIMIT 1   [ RunTime:0.000053s ]
SQL: SHOW COLUMNS FROM `think_notice` [ RunTime:0.000438s ]
SQL: SELECT * FROM `think_notice` ORDER BY time desc LIMIT 3   [ RunTime:0.001253s ]
SQL: SELECT * FROM `think_movielist` WHERE ( statue=1 ) ORDER BY wishtime desc LIMIT 8   [ RunTime:0.000057s ]
SQL: SHOW COLUMNS FROM `think_locallist` [ RunTime:0.000531s ]
SQL: SELECT `userid`,COUNT(  `think_locallist`.`id` ) as c FROM `think_locallist` GROUP BY `think_locallist`.`userid` ORDER BY COUNT(`think_locallist`.`id`) desc LIMIT 5   [ RunTime:0.000049s ]
INFO: [ view_parse ] --START--
INFO: [ template_filter ] --START--
INFO: Run Behavior\ContentReplaceBehavior [ RunTime:0.000176s ]
INFO: [ template_filter ] --END-- [ RunTime:0.000221s ]
SQL: SHOW COLUMNS FROM `think_mvfalist` [ RunTime:0.000532s ]
SQL: SELECT COUNT(*) AS tp_count FROM `think_mvfalist` WHERE ( userid=1 and movieid=1 ) LIMIT 1   [ RunTime:0.000048s ]
SQL: SHOW COLUMNS FROM `think_mvlikelist` [ RunTime:0.000333s ]
SQL: SELECT COUNT(*) AS tp_count FROM `think_mvlikelist` WHERE ( userid=1 and movieid=1 ) LIMIT 1   [ RunTime:0.000047s ]
SQL: SELECT COUNT(*) AS tp_count FROM `think_mvfalist` WHERE ( userid=1 and movieid=2 ) LIMIT 1   [ RunTime:0.000043s ]
SQL: SELECT COUNT(*) AS tp_count FROM `think_mvlikelist` WHERE ( userid=1 and movieid=2 ) LIMIT 1   [ RunTime:0.000040s ]
SQL: SELECT COUNT(*) AS tp_count FROM `think_mvfalist` WHERE ( userid=1 and movieid=3 ) LIMIT 1   [ RunTime:0.002188s ]
SQL: SELECT COUNT(*) AS tp_count FROM `think_mvlikelist` WHERE ( userid=1 and movieid=3 ) LIMIT 1   [ RunTime:0.000057s ]
SQL: SELECT COUNT(*) AS tp_count FROM `think_mvfalist` WHERE ( userid=1 and movieid=4 ) LIMIT 1   [ RunTime:0.000036s ]
SQL: SELECT COUNT(*) AS tp_count FROM `think_mvlikelist` WHERE ( userid=1 and movieid=4 ) LIMIT 1   [ RunTime:0.000036s ]
SQL: SELECT COUNT(*) AS tp_count FROM `think_mvfalist` WHERE ( userid=1 and movieid=5 ) LIMIT 1   [ RunTime:0.000036s ]
SQL: SELECT COUNT(*) AS tp_count FROM `think_mvlikelist` WHERE ( userid=1 and movieid=5 ) LIMIT 1   [ RunTime:0.000034s ]
SQL: SELECT COUNT(*) AS tp_count FROM `think_mvfalist` WHERE ( userid=1 and movieid=6 ) LIMIT 1   [ RunTime:0.000035s ]
SQL: SELECT COUNT(*) AS tp_count FROM `think_mvlikelist` WHERE ( userid=1 and movieid=6 ) LIMIT 1   [ RunTime:0.000035s ]
SQL: SELECT COUNT(*) AS tp_count FROM `think_mvfalist` WHERE ( userid=1 and movieid=7 ) LIMIT 1   [ RunTime:0.000035s ]
SQL: SELECT COUNT(*) AS tp_count FROM `think_mvlikelist` WHERE ( userid=1 and movieid=7 ) LIMIT 1   [ RunTime:0.000035s ]
SQL: SELECT COUNT(*) AS tp_count FROM `think_mvfalist` WHERE ( userid=1 and movieid=8 ) LIMIT 1   [ RunTime:0.000035s ]
SQL: SELECT COUNT(*) AS tp_count FROM `think_mvlikelist` WHERE ( userid=1 and movieid=8 ) LIMIT 1   [ RunTime:0.000034s ]
SQL: SELECT COUNT(*) AS tp_count FROM `think_mvfalist` WHERE ( userid=1 and movieid=9 ) LIMIT 1   [ RunTime:0.000033s ]
SQL: SELECT COUNT(*) AS tp_count FROM `think_mvlikelist` WHERE ( userid=1 and movieid=9 ) LIMIT 1   [ RunTime:0.000034s ]
SQL: SELECT COUNT(*) AS tp_count FROM `think_mvfalist` WHERE ( userid=1 and movieid=10 ) LIMIT 1   [ RunTime:0.000038s ]
SQL: SELECT COUNT(*) AS tp_count FROM `think_mvlikelist` WHERE ( userid=1 and movieid=10 ) LIMIT 1   [ RunTime:0.000039s ]
SQL: SELECT COUNT(*) AS tp_count FROM `think_mvfalist` WHERE ( userid=1 and movieid=11 ) LIMIT 1   [ RunTime:0.000038s ]
SQL: SELECT COUNT(*) AS tp_count FROM `think_mvlikelist` WHERE ( userid=1 and movieid=11 ) LIMIT 1   [ RunTime:0.000064s ]
SQL: SELECT COUNT(*) AS tp_count FROM `think_mvfalist` WHERE ( userid=1 and movieid=12 ) LIMIT 1   [ RunTime:0.000049s ]
SQL: SELECT COUNT(*) AS tp_count FROM `think_mvlikelist` WHERE ( userid=1 and movieid=12 ) LIMIT 1   [ RunTime:0.000499s ]
SQL: SELECT * FROM `think_userinfo` WHERE ( userid=1 )  [ RunTime:0.000057s ]
SQL: SELECT * FROM `think_userinfo` WHERE ( userid=4 )  [ RunTime:0.003589s ]
SQL: SELECT * FROM `think_userinfo` WHERE ( userid=2 )  [ RunTime:0.000102s ]
INFO: Run Behavior\ParseTemplateBehavior [ RunTime:0.039601s ]
INFO: [ view_parse ] --END-- [ RunTime:0.039631s ]
INFO: [ view_filter ] --START--
INFO: Run Behavior\WriteHtmlCacheBehavior [ RunTime:0.000060s ]
INFO: Run Behavior\TokenBuildBehavior [ RunTime:0.000183s ]
INFO: [ view_filter ] --END-- [ RunTime:0.000276s ]
INFO: [ app_end ] --START--
INFO: Run Behavior\ShowPageTraceBehavior [ RunTime:0.000030s ]
INFO: [ app_end ] --END-- [ RunTime:0.000054s ]

[ 2014-11-29T14:51:10+08:00 ] 172.16.14.1 /share/home
INFO: [ app_init ] --START--
INFO: Run Behavior\BuildLiteBehavior [ RunTime:0.000009s ]
INFO: [ app_init ] --END-- [ RunTime:0.000060s ]
INFO: [ app_begin ] --START--
INFO: Run Behavior\ReadHtmlCacheBehavior [ RunTime:0.000044s ]
INFO: [ app_begin ] --END-- [ RunTime:0.000085s ]
NOTIC: [8] Undefined index: name /var/www/html/share/Application/Home/Controller/GlobalAction.class.php 第 11 行.
NOTIC: [8192] mysql_connect(): The mysql extension is deprecated and will be removed in the future: use mysqli or PDO instead /var/www/html/share/Application/Ucenter/Client/uc_client/lib/db.class.php 第 41 行.
NOTIC: [8192] mysql_connect(): The mysql extension is deprecated and will be removed in the future: use mysqli or PDO instead /var/www/html/share/ThinkPHP/Library/Think/Db/Driver/Mysql.class.php 第 52 行.
SQL: SHOW COLUMNS FROM `think_userinfo` [ RunTime:0.000951s ]
SQL: SELECT * FROM `think_userinfo` ORDER BY registertime desc LIMIT 10   [ RunTime:0.000068s ]
SQL: SHOW COLUMNS FROM `think_movielist` [ RunTime:0.000495s ]
SQL: SELECT * FROM `think_movielist` WHERE ( statue=4 ) ORDER BY updatetime desc LIMIT 12   [ RunTime:0.000046s ]
SQL: SHOW COLUMNS FROM `think_announce` [ RunTime:0.000310s ]
SQL: SELECT * FROM `think_announce` ORDER BY time desc LIMIT 1   [ RunTime:0.000040s ]
SQL: SHOW COLUMNS FROM `think_notice` [ RunTime:0.000293s ]
SQL: SELECT * FROM `think_notice` ORDER BY time desc LIMIT 3   [ RunTime:0.000038s ]
SQL: SELECT * FROM `think_movielist` WHERE ( statue=1 ) ORDER BY wishtime desc LIMIT 8   [ RunTime:0.000040s ]
SQL: SHOW COLUMNS FROM `think_locallist` [ RunTime:0.000359s ]
SQL: SELECT `userid`,COUNT(  `think_locallist`.`id` ) as c FROM `think_locallist` GROUP BY `think_locallist`.`userid` ORDER BY COUNT(`think_locallist`.`id`) desc LIMIT 5   [ RunTime:0.000039s ]
INFO: [ view_parse ] --START--
INFO: [ template_filter ] --START--
INFO: Run Behavior\ContentReplaceBehavior [ RunTime:0.000191s ]
INFO: [ template_filter ] --END-- [ RunTime:0.000264s ]
SQL: SHOW COLUMNS FROM `think_mvfalist` [ RunTime:0.002741s ]
SQL: SELECT COUNT(*) AS tp_count FROM `think_mvfalist` WHERE ( userid=1 and movieid=1 ) LIMIT 1   [ RunTime:0.001084s ]
SQL: SHOW COLUMNS FROM `think_mvlikelist` [ RunTime:0.001009s ]
SQL: SELECT COUNT(*) AS tp_count FROM `think_mvlikelist` WHERE ( userid=1 and movieid=1 ) LIMIT 1   [ RunTime:0.000059s ]
SQL: SELECT COUNT(*) AS tp_count FROM `think_mvfalist` WHERE ( userid=1 and movieid=2 ) LIMIT 1   [ RunTime:0.000041s ]
SQL: SELECT COUNT(*) AS tp_count FROM `think_mvlikelist` WHERE ( userid=1 and movieid=2 ) LIMIT 1   [ RunTime:0.000039s ]
SQL: SELECT COUNT(*) AS tp_count FROM `think_mvfalist` WHERE ( userid=1 and movieid=3 ) LIMIT 1   [ RunTime:0.000042s ]
SQL: SELECT COUNT(*) AS tp_count FROM `think_mvlikelist` WHERE ( userid=1 and movieid=3 ) LIMIT 1   [ RunTime:0.002186s ]
SQL: SELECT COUNT(*) AS tp_count FROM `think_mvfalist` WHERE ( userid=1 and movieid=4 ) LIMIT 1   [ RunTime:0.000045s ]
SQL: SELECT COUNT(*) AS tp_count FROM `think_mvlikelist` WHERE ( userid=1 and movieid=4 ) LIMIT 1   [ RunTime:0.000038s ]
SQL: SELECT COUNT(*) AS tp_count FROM `think_mvfalist` WHERE ( userid=1 and movieid=5 ) LIMIT 1   [ RunTime:0.000036s ]
SQL: SELECT COUNT(*) AS tp_count FROM `think_mvlikelist` WHERE ( userid=1 and movieid=5 ) LIMIT 1   [ RunTime:0.000035s ]
SQL: SELECT COUNT(*) AS tp_count FROM `think_mvfalist` WHERE ( userid=1 and movieid=6 ) LIMIT 1   [ RunTime:0.000036s ]
SQL: SELECT COUNT(*) AS tp_count FROM `think_mvlikelist` WHERE ( userid=1 and movieid=6 ) LIMIT 1   [ RunTime:0.000036s ]
SQL: SELECT COUNT(*) AS tp_count FROM `think_mvfalist` WHERE ( userid=1 and movieid=7 ) LIMIT 1   [ RunTime:0.000035s ]
SQL: SELECT COUNT(*) AS tp_count FROM `think_mvlikelist` WHERE ( userid=1 and movieid=7 ) LIMIT 1   [ RunTime:0.000035s ]
SQL: SELECT COUNT(*) AS tp_count FROM `think_mvfalist` WHERE ( userid=1 and movieid=8 ) LIMIT 1   [ RunTime:0.000035s ]
SQL: SELECT COUNT(*) AS tp_count FROM `think_mvlikelist` WHERE ( userid=1 and movieid=8 ) LIMIT 1   [ RunTime:0.000034s ]
SQL: SELECT COUNT(*) AS tp_count FROM `think_mvfalist` WHERE ( userid=1 and movieid=9 ) LIMIT 1   [ RunTime:0.000034s ]
SQL: SELECT COUNT(*) AS tp_count FROM `think_mvlikelist` WHERE ( userid=1 and movieid=9 ) LIMIT 1   [ RunTime:0.000035s ]
SQL: SELECT COUNT(*) AS tp_count FROM `think_mvfalist` WHERE ( userid=1 and movieid=10 ) LIMIT 1   [ RunTime:0.000036s ]
SQL: SELECT COUNT(*) AS tp_count FROM `think_mvlikelist` WHERE ( userid=1 and movieid=10 ) LIMIT 1   [ RunTime:0.000037s ]
SQL: SELECT COUNT(*) AS tp_count FROM `think_mvfalist` WHERE ( userid=1 and movieid=11 ) LIMIT 1   [ RunTime:0.000036s ]
SQL: SELECT COUNT(*) AS tp_count FROM `think_mvlikelist` WHERE ( userid=1 and movieid=11 ) LIMIT 1   [ RunTime:0.000035s ]
SQL: SELECT COUNT(*) AS tp_count FROM `think_mvfalist` WHERE ( userid=1 and movieid=12 ) LIMIT 1   [ RunTime:0.000035s ]
SQL: SELECT COUNT(*) AS tp_count FROM `think_mvlikelist` WHERE ( userid=1 and movieid=12 ) LIMIT 1   [ RunTime:0.000035s ]
SQL: SELECT * FROM `think_userinfo` WHERE ( userid=1 )  [ RunTime:0.000039s ]
SQL: SELECT * FROM `think_userinfo` WHERE ( userid=4 )  [ RunTime:0.000039s ]
SQL: SELECT * FROM `think_userinfo` WHERE ( userid=2 )  [ RunTime:0.001825s ]
INFO: Run Behavior\ParseTemplateBehavior [ RunTime:0.055435s ]
INFO: [ view_parse ] --END-- [ RunTime:0.055469s ]
INFO: [ view_filter ] --START--
INFO: Run Behavior\WriteHtmlCacheBehavior [ RunTime:0.000057s ]
INFO: Run Behavior\TokenBuildBehavior [ RunTime:0.000191s ]
INFO: [ view_filter ] --END-- [ RunTime:0.000284s ]
INFO: [ app_end ] --START--
INFO: Run Behavior\ShowPageTraceBehavior [ RunTime:0.000051s ]
INFO: [ app_end ] --END-- [ RunTime:0.000096s ]

