[ 2015-01-07T00:32:43+08:00 ] 172.16.14.1 /favicon.ico
INFO: [ app_init ] --START--
INFO: Run Behavior\BuildLiteBehavior [ RunTime:0.000091s ]
INFO: [ app_init ] --END-- [ RunTime:0.001011s ]

[ 2015-01-07T00:32:45+08:00 ] 172.16.14.1 /share/
INFO: [ app_init ] --START--
INFO: Run Behavior\BuildLiteBehavior [ RunTime:0.000035s ]
INFO: [ app_init ] --END-- [ RunTime:0.000273s ]

[ 2015-01-07T00:33:42+08:00 ] 172.16.14.1 /share/
INFO: [ app_init ] --START--
INFO: Run Behavior\BuildLiteBehavior [ RunTime:0.000016s ]
INFO: [ app_init ] --END-- [ RunTime:0.000153s ]

[ 2015-01-07T00:33:54+08:00 ] 172.16.14.1 /share/
INFO: [ app_init ] --START--
INFO: Run Behavior\BuildLiteBehavior [ RunTime:0.000036s ]
INFO: [ app_init ] --END-- [ RunTime:0.000182s ]

[ 2015-01-07T00:53:12+08:00 ] 172.16.14.1 /share/
INFO: [ app_init ] --START--
INFO: Run Behavior\BuildLiteBehavior [ RunTime:0.000045s ]
INFO: [ app_init ] --END-- [ RunTime:0.000642s ]

[ 2015-01-07T00:53:14+08:00 ] 172.16.14.1 /share/
INFO: [ app_init ] --START--
INFO: Run Behavior\BuildLiteBehavior [ RunTime:0.000015s ]
INFO: [ app_init ] --END-- [ RunTime:0.000098s ]

[ 2015-01-07T00:53:39+08:00 ] 172.16.14.1 /share/home/movie/mlist
INFO: [ app_init ] --START--
INFO: Run Behavior\BuildLiteBehavior [ RunTime:0.000030s ]
INFO: [ app_init ] --END-- [ RunTime:0.000191s ]
INFO: [ app_begin ] --START--
INFO: Run Behavior\ReadHtmlCacheBehavior [ RunTime:0.000156s ]
INFO: [ app_begin ] --END-- [ RunTime:0.000209s ]
NOTIC: [2048] Declaration of Home\Controller\MovieController::show() should be compatible with Think\Controller::show($content, $charset = '', $contentType = '', $prefix = '') /var/www/html/share/Application/Home/Controller/MovieController.class.php 第 5 行.
NOTIC: [8] Undefined index: name /var/www/html/share/Application/Home/Controller/GlobalAction.class.php 第 11 行.
SQL: SHOW COLUMNS FROM `think_movielist` [ RunTime:0.0014s ]
SQL: SELECT COUNT(*) AS tp_count FROM `think_movielist` WHERE `statue` = 4 LIMIT 1   [ RunTime:0.0330s ]
SQL: SELECT * FROM `think_movielist` WHERE `statue` = 4 ORDER BY updatetime desc LIMIT 0,12   [ RunTime:0.0005s ]
NOTIC: [8] Undefined index: type /var/www/html/share/Application/Home/Controller/MovieController.class.php 第 94 行.
NOTIC: [8] Undefined index: userid /var/www/html/share/Application/Home/Controller/MovieController.class.php 第 95 行.
INFO: [ view_parse ] --START--
INFO: [ template_filter ] --START--
INFO: Run Behavior\ContentReplaceBehavior [ RunTime:0.000067s ]
INFO: [ template_filter ] --END-- [ RunTime:0.000114s ]
NOTIC: [8] Undefined variable: uid /var/www/html/share/Application/Runtime/Cache/Home/e3483a9a82df7007fd8ccec48541137e.php 第 371 行.
NOTIC: [8] Undefined variable: uid /var/www/html/share/Application/Runtime/Cache/Home/e3483a9a82df7007fd8ccec48541137e.php 第 385 行.
NOTIC: [8] Undefined variable: uid /var/www/html/share/Application/Runtime/Cache/Home/e3483a9a82df7007fd8ccec48541137e.php 第 371 行.
NOTIC: [8] Undefined variable: uid /var/www/html/share/Application/Runtime/Cache/Home/e3483a9a82df7007fd8ccec48541137e.php 第 385 行.
INFO: Run Behavior\ParseTemplateBehavior [ RunTime:0.031865s ]
INFO: [ view_parse ] --END-- [ RunTime:0.031942s ]
INFO: [ view_filter ] --START--
INFO: Run Behavior\WriteHtmlCacheBehavior [ RunTime:0.000208s ]
INFO: Run Behavior\TokenBuildBehavior [ RunTime:0.000239s ]
INFO: [ view_filter ] --END-- [ RunTime:0.000522s ]
INFO: [ app_end ] --START--
INFO: Run Behavior\ShowPageTraceBehavior [ RunTime:0.000183s ]
INFO: [ app_end ] --END-- [ RunTime:0.000440s ]

[ 2015-01-07T00:53:39+08:00 ] 172.16.14.1 /share/home/movie/mlist
INFO: [ app_init ] --START--
INFO: Run Behavior\BuildLiteBehavior [ RunTime:0.000038s ]
INFO: [ app_init ] --END-- [ RunTime:0.000238s ]
INFO: [ app_begin ] --START--
INFO: Run Behavior\ReadHtmlCacheBehavior [ RunTime:0.000053s ]
INFO: [ app_begin ] --END-- [ RunTime:0.000107s ]
NOTIC: [2048] Declaration of Home\Controller\MovieController::show() should be compatible with Think\Controller::show($content, $charset = '', $contentType = '', $prefix = '') /var/www/html/share/Application/Home/Controller/MovieController.class.php 第 5 行.
NOTIC: [8] Undefined index: name /var/www/html/share/Application/Home/Controller/GlobalAction.class.php 第 11 行.
SQL: SHOW COLUMNS FROM `think_movielist` [ RunTime:0.0013s ]
SQL: SELECT COUNT(*) AS tp_count FROM `think_movielist` WHERE `statue` = 4 LIMIT 1   [ RunTime:0.0002s ]
SQL: SELECT * FROM `think_movielist` WHERE `statue` = 4 ORDER BY updatetime desc LIMIT 0,12   [ RunTime:0.0001s ]
NOTIC: [8] Undefined index: type /var/www/html/share/Application/Home/Controller/MovieController.class.php 第 94 行.
NOTIC: [8] Undefined index: userid /var/www/html/share/Application/Home/Controller/MovieController.class.php 第 95 行.
INFO: [ view_parse ] --START--
INFO: [ template_filter ] --START--
INFO: Run Behavior\ContentReplaceBehavior [ RunTime:0.000124s ]
INFO: [ template_filter ] --END-- [ RunTime:0.000229s ]
NOTIC: [8] Undefined variable: uid /var/www/html/share/Application/Runtime/Cache/Home/e3483a9a82df7007fd8ccec48541137e.php 第 371 行.
NOTIC: [8] Undefined variable: uid /var/www/html/share/Application/Runtime/Cache/Home/e3483a9a82df7007fd8ccec48541137e.php 第 385 行.
NOTIC: [8] Undefined variable: uid /var/www/html/share/Application/Runtime/Cache/Home/e3483a9a82df7007fd8ccec48541137e.php 第 371 行.
NOTIC: [8] Undefined variable: uid /var/www/html/share/Application/Runtime/Cache/Home/e3483a9a82df7007fd8ccec48541137e.php 第 385 行.
INFO: Run Behavior\ParseTemplateBehavior [ RunTime:0.025521s ]
INFO: [ view_parse ] --END-- [ RunTime:0.025586s ]
INFO: [ view_filter ] --START--
INFO: Run Behavior\WriteHtmlCacheBehavior [ RunTime:0.000050s ]
INFO: Run Behavior\TokenBuildBehavior [ RunTime:0.000109s ]
INFO: [ view_filter ] --END-- [ RunTime:0.000203s ]
INFO: [ app_end ] --START--
INFO: Run Behavior\ShowPageTraceBehavior [ RunTime:0.000040s ]
INFO: [ app_end ] --END-- [ RunTime:0.000149s ]

[ 2015-01-07T01:13:09+08:00 ] 172.16.14.1 /share/home
INFO: [ app_init ] --START--
INFO: Run Behavior\BuildLiteBehavior [ RunTime:0.000014s ]
INFO: [ app_init ] --END-- [ RunTime:0.000098s ]
INFO: [ app_begin ] --START--
INFO: Run Behavior\ReadHtmlCacheBehavior [ RunTime:0.000054s ]
INFO: [ app_begin ] --END-- [ RunTime:0.000085s ]
NOTIC: [8] Undefined index: name /var/www/html/share/Application/Home/Controller/GlobalAction.class.php 第 11 行.
ERR: SQLSTATE[42S02]: Base table or view not found: 1146 Table 'share.think_movielist' doesn't exist

[ 2015-01-07T01:13:09+08:00 ] 172.16.14.1 /share/home
INFO: [ app_init ] --START--
INFO: Run Behavior\BuildLiteBehavior [ RunTime:0.000014s ]
INFO: [ app_init ] --END-- [ RunTime:0.000087s ]
INFO: [ app_begin ] --START--
INFO: Run Behavior\ReadHtmlCacheBehavior [ RunTime:0.000035s ]
INFO: [ app_begin ] --END-- [ RunTime:0.000067s ]
NOTIC: [8] Undefined index: name /var/www/html/share/Application/Home/Controller/GlobalAction.class.php 第 11 行.
ERR: SQLSTATE[42S02]: Base table or view not found: 1146 Table 'share.think_movielist' doesn't exist

[ 2015-01-07T01:13:21+08:00 ] 172.16.14.1 /share/home/
INFO: [ app_init ] --START--
INFO: Run Behavior\BuildLiteBehavior [ RunTime:0.000046s ]
INFO: [ app_init ] --END-- [ RunTime:0.000293s ]
ERR: SQLSTATE[42S02]: Base table or view not found: 1146 Table 'share.think_movielist' doesn't exist

[ 2015-01-07T01:16:55+08:00 ] 172.16.14.1 /share/home/
INFO: [ app_init ] --START--
INFO: Run Behavior\BuildLiteBehavior [ RunTime:0.000012s ]
INFO: [ app_init ] --END-- [ RunTime:0.000087s ]
ERR: SQLSTATE[42S02]: Base table or view not found: 1146 Table 'share.think_movielist' doesn't exist

[ 2015-01-07T01:18:20+08:00 ] 172.16.14.1 /share/home/
INFO: [ app_init ] --START--
INFO: Run Behavior\BuildLiteBehavior [ RunTime:0.000018s ]
INFO: [ app_init ] --END-- [ RunTime:0.000165s ]
ERR: SQLSTATE[42S02]: Base table or view not found: 1146 Table 'share.think_movielist' doesn't exist

[ 2015-01-07T01:19:14+08:00 ] 172.16.14.1 /share/home/
INFO: [ app_init ] --START--
INFO: Run Behavior\BuildLiteBehavior [ RunTime:0.000024s ]
INFO: [ app_init ] --END-- [ RunTime:0.000141s ]
ERR: SQLSTATE[42S22]: Column not found: 1054 Unknown column 'statue' in 'where clause'

[ 2015-01-07T01:19:46+08:00 ] 172.16.14.1 /share/home/
INFO: [ app_init ] --START--
INFO: Run Behavior\BuildLiteBehavior [ RunTime:0.000017s ]
INFO: [ app_init ] --END-- [ RunTime:0.000171s ]

[ 2015-01-07T01:20:00+08:00 ] 172.16.14.1 /share/home/movie/mlist
INFO: [ app_init ] --START--
INFO: Run Behavior\BuildLiteBehavior [ RunTime:0.000014s ]
INFO: [ app_init ] --END-- [ RunTime:0.000117s ]
ERR: SQLSTATE[42S02]: Base table or view not found: 1146 Table 'share.think_movielist' doesn't exist

[ 2015-01-07T01:21:39+08:00 ] 172.16.14.1 /share/home/
INFO: [ app_init ] --START--
INFO: Run Behavior\BuildLiteBehavior [ RunTime:0.000018s ]
INFO: [ app_init ] --END-- [ RunTime:0.000131s ]

[ 2015-01-07T01:22:35+08:00 ] 172.16.14.1 /share/home/?searchuser=13&__hash__=7a927f37a4066d51ce1cb5aaee59d949_716258e58b321ce3f39d59ab83f983a5
INFO: [ app_init ] --START--
INFO: Run Behavior\BuildLiteBehavior [ RunTime:0.000009s ]
INFO: [ app_init ] --END-- [ RunTime:0.000079s ]

[ 2015-01-07T01:22:54+08:00 ] 172.16.14.1 /share/home
INFO: [ app_init ] --START--
INFO: Run Behavior\BuildLiteBehavior [ RunTime:0.000014s ]
INFO: [ app_init ] --END-- [ RunTime:0.000085s ]
INFO: [ app_begin ] --START--
INFO: Run Behavior\ReadHtmlCacheBehavior [ RunTime:0.000044s ]
INFO: [ app_begin ] --END-- [ RunTime:0.000169s ]
NOTIC: [8] Undefined index: name /var/www/html/share/Application/Home/Controller/GlobalAction.class.php 第 11 行.
SQL: SHOW COLUMNS FROM `think_videolist` [ RunTime:0.0014s ]
SQL: SELECT COUNT(*) AS tp_count FROM `think_videolist` WHERE ( uploadstatus=1 ) LIMIT 1   [ RunTime:0.0002s ]
SQL: SHOW COLUMNS FROM `think_userinfo` [ RunTime:0.0007s ]
SQL: SELECT * FROM `think_userinfo` ORDER BY registertime desc LIMIT 10   [ RunTime:0.0001s ]
SQL: SELECT * FROM `think_videolist` WHERE ( uploadstatus=1 ) ORDER BY updatetime desc LIMIT 12   [ RunTime:0.0001s ]
SQL: SHOW COLUMNS FROM `think_announce` [ RunTime:0.0003s ]
SQL: SELECT * FROM `think_announce` ORDER BY time desc LIMIT 1   [ RunTime:0.0000s ]
SQL: SHOW COLUMNS FROM `think_notice` [ RunTime:0.0005s ]
SQL: SELECT * FROM `think_notice` ORDER BY time desc LIMIT 3   [ RunTime:0.0001s ]
SQL: SELECT * FROM `think_videolist` WHERE ( uploadstatus=0 ) ORDER BY wishtime desc LIMIT 8   [ RunTime:0.0001s ]
SQL: SHOW COLUMNS FROM `think_localvideo` [ RunTime:0.0005s ]
SQL: SELECT `userid`,COUNT(  `think_localvideo`.`id` ) as c FROM `think_localvideo` GROUP BY `think_localvideo`.`userid` ORDER BY COUNT(`think_localvideo`.`id`) desc LIMIT 5   [ RunTime:0.0000s ]
INFO: [ view_parse ] --START--
INFO: [ template_filter ] --START--
INFO: Run Behavior\ContentReplaceBehavior [ RunTime:0.000083s ]
INFO: [ template_filter ] --END-- [ RunTime:0.000193s ]
NOTIC: [8] Undefined variable: uid /var/www/html/share/Application/Runtime/Cache/Home/2a94b8bda04ff446dcedd42276fc99ee.php 第 348 行.
NOTIC: [8] Undefined variable: uid /var/www/html/share/Application/Runtime/Cache/Home/2a94b8bda04ff446dcedd42276fc99ee.php 第 362 行.
NOTIC: [8] Undefined variable: uid /var/www/html/share/Application/Runtime/Cache/Home/2a94b8bda04ff446dcedd42276fc99ee.php 第 348 行.
NOTIC: [8] Undefined variable: uid /var/www/html/share/Application/Runtime/Cache/Home/2a94b8bda04ff446dcedd42276fc99ee.php 第 362 行.
NOTIC: [8] Undefined variable: uid /var/www/html/share/Application/Runtime/Cache/Home/2a94b8bda04ff446dcedd42276fc99ee.php 第 407 行.
SQL: SELECT * FROM `think_userinfo` WHERE ( userid=1 )  [ RunTime:0.0002s ]
INFO: Run Behavior\ParseTemplateBehavior [ RunTime:0.017629s ]
INFO: [ view_parse ] --END-- [ RunTime:0.017657s ]
INFO: [ view_filter ] --START--
INFO: Run Behavior\WriteHtmlCacheBehavior [ RunTime:0.000050s ]
INFO: Run Behavior\TokenBuildBehavior [ RunTime:0.000154s ]
INFO: [ view_filter ] --END-- [ RunTime:0.000243s ]
INFO: [ app_end ] --START--
INFO: Run Behavior\ShowPageTraceBehavior [ RunTime:0.000035s ]
INFO: [ app_end ] --END-- [ RunTime:0.000061s ]

[ 2015-01-07T01:22:54+08:00 ] 172.16.14.1 /share/home
INFO: [ app_init ] --START--
INFO: Run Behavior\BuildLiteBehavior [ RunTime:0.000016s ]
INFO: [ app_init ] --END-- [ RunTime:0.000094s ]
INFO: [ app_begin ] --START--
INFO: Run Behavior\ReadHtmlCacheBehavior [ RunTime:0.000054s ]
INFO: [ app_begin ] --END-- [ RunTime:0.000108s ]
NOTIC: [8] Undefined index: name /var/www/html/share/Application/Home/Controller/GlobalAction.class.php 第 11 行.
SQL: SHOW COLUMNS FROM `think_videolist` [ RunTime:0.0011s ]
SQL: SHOW COLUMNS FROM `think_userinfo` [ RunTime:0.0006s ]
SQL: SELECT * FROM `think_userinfo` ORDER BY registertime desc LIMIT 10   [ RunTime:0.0001s ]
SQL: SELECT * FROM `think_videolist` WHERE ( uploadstatus=1 ) ORDER BY updatetime desc LIMIT 12   [ RunTime:0.0001s ]
SQL: SHOW COLUMNS FROM `think_announce` [ RunTime:0.0004s ]
SQL: SELECT * FROM `think_announce` ORDER BY time desc LIMIT 1   [ RunTime:0.0001s ]
SQL: SHOW COLUMNS FROM `think_notice` [ RunTime:0.0003s ]
SQL: SELECT * FROM `think_notice` ORDER BY time desc LIMIT 3   [ RunTime:0.0001s ]
SQL: SELECT * FROM `think_videolist` WHERE ( uploadstatus=0 ) ORDER BY wishtime desc LIMIT 8   [ RunTime:0.0001s ]
SQL: SHOW COLUMNS FROM `think_localvideo` [ RunTime:0.0004s ]
SQL: SELECT `userid`,COUNT(  `think_localvideo`.`id` ) as c FROM `think_localvideo` GROUP BY `think_localvideo`.`userid` ORDER BY COUNT(`think_localvideo`.`id`) desc LIMIT 5   [ RunTime:0.0001s ]
INFO: [ view_parse ] --START--
INFO: [ template_filter ] --START--
INFO: Run Behavior\ContentReplaceBehavior [ RunTime:0.000068s ]
INFO: [ template_filter ] --END-- [ RunTime:0.000114s ]
NOTIC: [8] Undefined variable: uid /var/www/html/share/Application/Runtime/Cache/Home/2a94b8bda04ff446dcedd42276fc99ee.php 第 348 行.
NOTIC: [8] Undefined variable: uid /var/www/html/share/Application/Runtime/Cache/Home/2a94b8bda04ff446dcedd42276fc99ee.php 第 362 行.
NOTIC: [8] Undefined variable: uid /var/www/html/share/Application/Runtime/Cache/Home/2a94b8bda04ff446dcedd42276fc99ee.php 第 348 行.
NOTIC: [8] Undefined variable: uid /var/www/html/share/Application/Runtime/Cache/Home/2a94b8bda04ff446dcedd42276fc99ee.php 第 362 行.
NOTIC: [8] Undefined variable: uid /var/www/html/share/Application/Runtime/Cache/Home/2a94b8bda04ff446dcedd42276fc99ee.php 第 407 行.
SQL: SELECT * FROM `think_userinfo` WHERE ( userid=1 )  [ RunTime:0.0002s ]
INFO: Run Behavior\ParseTemplateBehavior [ RunTime:0.023126s ]
INFO: [ view_parse ] --END-- [ RunTime:0.023155s ]
INFO: [ view_filter ] --START--
INFO: Run Behavior\WriteHtmlCacheBehavior [ RunTime:0.000040s ]
INFO: Run Behavior\TokenBuildBehavior [ RunTime:0.000128s ]
INFO: [ view_filter ] --END-- [ RunTime:0.000205s ]
INFO: [ app_end ] --START--
INFO: Run Behavior\ShowPageTraceBehavior [ RunTime:0.000028s ]
INFO: [ app_end ] --END-- [ RunTime:0.000052s ]

[ 2015-01-07T01:22:56+08:00 ] 172.16.14.1 /share/home/movie/mlist
INFO: [ app_init ] --START--
INFO: Run Behavior\BuildLiteBehavior [ RunTime:0.000018s ]
INFO: [ app_init ] --END-- [ RunTime:0.000152s ]
INFO: [ app_begin ] --START--
INFO: Run Behavior\ReadHtmlCacheBehavior [ RunTime:0.000060s ]
INFO: [ app_begin ] --END-- [ RunTime:0.000096s ]
NOTIC: [2048] Declaration of Home\Controller\MovieController::show() should be compatible with Think\Controller::show($content, $charset = '', $contentType = '', $prefix = '') /var/www/html/share/Application/Home/Controller/MovieController.class.php 第 5 行.
NOTIC: [8] Undefined index: name /var/www/html/share/Application/Home/Controller/GlobalAction.class.php 第 11 行.
SQL: SHOW COLUMNS FROM `think_videolist` [ RunTime:0.0011s ]
ERR: SQLSTATE[42S02]: Base table or view not found: 1146 Table 'share.think_movielist' doesn't exist

[ 2015-01-07T01:22:56+08:00 ] 172.16.14.1 /share/home/movie/mlist
INFO: [ app_init ] --START--
INFO: Run Behavior\BuildLiteBehavior [ RunTime:0.000014s ]
INFO: [ app_init ] --END-- [ RunTime:0.000090s ]
INFO: [ app_begin ] --START--
INFO: Run Behavior\ReadHtmlCacheBehavior [ RunTime:0.000034s ]
INFO: [ app_begin ] --END-- [ RunTime:0.000068s ]
NOTIC: [2048] Declaration of Home\Controller\MovieController::show() should be compatible with Think\Controller::show($content, $charset = '', $contentType = '', $prefix = '') /var/www/html/share/Application/Home/Controller/MovieController.class.php 第 5 行.
NOTIC: [8] Undefined index: name /var/www/html/share/Application/Home/Controller/GlobalAction.class.php 第 11 行.
SQL: SHOW COLUMNS FROM `think_videolist` [ RunTime:0.0008s ]
ERR: SQLSTATE[42S02]: Base table or view not found: 1146 Table 'share.think_movielist' doesn't exist

[ 2015-01-07T01:26:06+08:00 ] 172.16.14.1 /share/home
INFO: [ app_init ] --START--
INFO: Run Behavior\BuildLiteBehavior [ RunTime:0.000014s ]
INFO: [ app_init ] --END-- [ RunTime:0.000100s ]

[ 2015-01-07T01:26:07+08:00 ] 172.16.14.1 /share/home/movie/mlist
INFO: [ app_init ] --START--
INFO: Run Behavior\BuildLiteBehavior [ RunTime:0.000019s ]
INFO: [ app_init ] --END-- [ RunTime:0.000117s ]
INFO: [ app_begin ] --START--
INFO: Run Behavior\ReadHtmlCacheBehavior [ RunTime:0.000090s ]
INFO: [ app_begin ] --END-- [ RunTime:0.000163s ]
NOTIC: [2048] Declaration of Home\Controller\MovieController::show() should be compatible with Think\Controller::show($content, $charset = '', $contentType = '', $prefix = '') /var/www/html/share/Application/Home/Controller/MovieController.class.php 第 5 行.
NOTIC: [8] Undefined index: name /var/www/html/share/Application/Home/Controller/GlobalAction.class.php 第 11 行.
SQL: SHOW COLUMNS FROM `think_videolist` [ RunTime:0.0008s ]
SQL: SELECT COUNT(*) AS tp_count FROM `think_videolist` WHERE `uploadstatus` = 4 LIMIT 1   [ RunTime:0.0003s ]
SQL: SELECT * FROM `think_videolist` WHERE `uploadstatus` = 4 ORDER BY updatetime desc LIMIT 0,12   [ RunTime:0.0002s ]
NOTIC: [8] Undefined index: type /var/www/html/share/Application/Home/Controller/MovieController.class.php 第 95 行.
NOTIC: [8] Undefined index: userid /var/www/html/share/Application/Home/Controller/MovieController.class.php 第 96 行.
INFO: [ view_parse ] --START--
INFO: [ template_filter ] --START--
INFO: Run Behavior\ContentReplaceBehavior [ RunTime:0.000060s ]
INFO: [ template_filter ] --END-- [ RunTime:0.000106s ]
INFO: Run Behavior\ParseTemplateBehavior [ RunTime:0.016179s ]
INFO: [ view_parse ] --END-- [ RunTime:0.016232s ]
INFO: [ view_filter ] --START--
INFO: Run Behavior\WriteHtmlCacheBehavior [ RunTime:0.000046s ]
INFO: Run Behavior\TokenBuildBehavior [ RunTime:0.000090s ]
INFO: [ view_filter ] --END-- [ RunTime:0.000172s ]
INFO: [ app_end ] --START--
INFO: Run Behavior\ShowPageTraceBehavior [ RunTime:0.000027s ]
INFO: [ app_end ] --END-- [ RunTime:0.000050s ]

[ 2015-01-07T01:26:07+08:00 ] 172.16.14.1 /share/home/movie/mlist
INFO: [ app_init ] --START--
INFO: Run Behavior\BuildLiteBehavior [ RunTime:0.000022s ]
INFO: [ app_init ] --END-- [ RunTime:0.000131s ]
INFO: [ app_begin ] --START--
INFO: Run Behavior\ReadHtmlCacheBehavior [ RunTime:0.000056s ]
INFO: [ app_begin ] --END-- [ RunTime:0.000117s ]
NOTIC: [2048] Declaration of Home\Controller\MovieController::show() should be compatible with Think\Controller::show($content, $charset = '', $contentType = '', $prefix = '') /var/www/html/share/Application/Home/Controller/MovieController.class.php 第 5 行.
NOTIC: [8] Undefined index: name /var/www/html/share/Application/Home/Controller/GlobalAction.class.php 第 11 行.
SQL: SHOW COLUMNS FROM `think_videolist` [ RunTime:0.0011s ]
SQL: SELECT COUNT(*) AS tp_count FROM `think_videolist` WHERE `uploadstatus` = 4 LIMIT 1   [ RunTime:0.0001s ]
SQL: SELECT * FROM `think_videolist` WHERE `uploadstatus` = 4 ORDER BY updatetime desc LIMIT 0,12   [ RunTime:0.0001s ]
NOTIC: [8] Undefined index: type /var/www/html/share/Application/Home/Controller/MovieController.class.php 第 95 行.
NOTIC: [8] Undefined index: userid /var/www/html/share/Application/Home/Controller/MovieController.class.php 第 96 行.
INFO: [ view_parse ] --START--
INFO: [ template_filter ] --START--
INFO: Run Behavior\ContentReplaceBehavior [ RunTime:0.000112s ]
INFO: [ template_filter ] --END-- [ RunTime:0.000175s ]
INFO: Run Behavior\ParseTemplateBehavior [ RunTime:0.013846s ]
INFO: [ view_parse ] --END-- [ RunTime:0.013918s ]
INFO: [ view_filter ] --START--
INFO: Run Behavior\WriteHtmlCacheBehavior [ RunTime:0.000061s ]
INFO: Run Behavior\TokenBuildBehavior [ RunTime:0.000108s ]
INFO: [ view_filter ] --END-- [ RunTime:0.000215s ]
INFO: [ app_end ] --START--
INFO: Run Behavior\ShowPageTraceBehavior [ RunTime:0.000053s ]
INFO: [ app_end ] --END-- [ RunTime:0.000098s ]

[ 2015-01-07T01:26:09+08:00 ] 172.16.14.1 /share/home/movie/mlist/name?name=&userid=
INFO: [ app_init ] --START--
INFO: Run Behavior\BuildLiteBehavior [ RunTime:0.000011s ]
INFO: [ app_init ] --END-- [ RunTime:0.000084s ]

[ 2015-01-07T01:26:10+08:00 ] 172.16.14.1 /share/home/movie/mlist/type/%E5%96%9C%E5%89%A7?name=&userid=
INFO: [ app_init ] --START--
INFO: Run Behavior\BuildLiteBehavior [ RunTime:0.000011s ]
INFO: [ app_init ] --END-- [ RunTime:0.000062s ]

[ 2015-01-07T01:26:11+08:00 ] 172.16.14.1 /share/home/movie/mlist?name=&userid=
INFO: [ app_init ] --START--
INFO: Run Behavior\BuildLiteBehavior [ RunTime:0.000041s ]
INFO: [ app_init ] --END-- [ RunTime:0.000132s ]

[ 2015-01-07T01:26:33+08:00 ] 172.16.14.1 /share/home/movie/mlist?name=&userid=
INFO: [ app_init ] --START--
INFO: Run Behavior\BuildLiteBehavior [ RunTime:0.000018s ]
INFO: [ app_init ] --END-- [ RunTime:0.000137s ]

[ 2015-01-07T01:26:36+08:00 ] 172.16.14.1 /share/home/movie/mlist/name?name=&userid=
INFO: [ app_init ] --START--
INFO: Run Behavior\BuildLiteBehavior [ RunTime:0.000010s ]
INFO: [ app_init ] --END-- [ RunTime:0.000072s ]

[ 2015-01-07T01:26:45+08:00 ] 172.16.14.1 /share/home/movie/mlist/name?name=&userid=
INFO: [ app_init ] --START--
INFO: Run Behavior\BuildLiteBehavior [ RunTime:0.000014s ]
INFO: [ app_init ] --END-- [ RunTime:0.000158s ]

[ 2015-01-07T01:27:30+08:00 ] 172.16.14.1 /share/home/movie/mlist/name?name=&userid=
INFO: [ app_init ] --START--
INFO: Run Behavior\BuildLiteBehavior [ RunTime:0.000014s ]
INFO: [ app_init ] --END-- [ RunTime:0.000103s ]

[ 2015-01-07T01:27:33+08:00 ] 172.16.14.1 /share/index.php/Home/Movie/mlist/p/2.html
INFO: [ app_init ] --START--
INFO: Run Behavior\BuildLiteBehavior [ RunTime:0.000017s ]
INFO: [ app_init ] --END-- [ RunTime:0.000146s ]

[ 2015-01-07T01:27:34+08:00 ] 172.16.14.1 /share/index.php/Home/Movie/mlist/p/1.html
INFO: [ app_init ] --START--
INFO: Run Behavior\BuildLiteBehavior [ RunTime:0.000011s ]
INFO: [ app_init ] --END-- [ RunTime:0.000072s ]

[ 2015-01-07T01:31:59+08:00 ] 172.16.14.1 /share/index.php/Home/Movie/mlist/p/1.html
INFO: [ app_init ] --START--
INFO: Run Behavior\BuildLiteBehavior [ RunTime:0.000013s ]
INFO: [ app_init ] --END-- [ RunTime:0.000105s ]

[ 2015-01-07T01:32:02+08:00 ] 172.16.14.1 /share/index.php/Home/Movie/mlist/p/2.html
INFO: [ app_init ] --START--
INFO: Run Behavior\BuildLiteBehavior [ RunTime:0.000010s ]
INFO: [ app_init ] --END-- [ RunTime:0.000075s ]

[ 2015-01-07T01:32:03+08:00 ] 172.16.14.1 /share/index.php/Home/Movie/mlist/p/1.html
INFO: [ app_init ] --START--
INFO: Run Behavior\BuildLiteBehavior [ RunTime:0.000009s ]
INFO: [ app_init ] --END-- [ RunTime:0.000061s ]

[ 2015-01-07T01:32:05+08:00 ] 172.16.14.1 /share/index.php/Home/Movie/mlist/p/2.html
INFO: [ app_init ] --START--
INFO: Run Behavior\BuildLiteBehavior [ RunTime:0.000014s ]
INFO: [ app_init ] --END-- [ RunTime:0.000100s ]

[ 2015-01-07T01:34:41+08:00 ] 172.16.14.1 /share/index.php/Home/Movie/mlist/p/2.html
INFO: [ app_init ] --START--
INFO: Run Behavior\BuildLiteBehavior [ RunTime:0.000017s ]
INFO: [ app_init ] --END-- [ RunTime:0.000139s ]

[ 2015-01-07T01:34:44+08:00 ] 172.16.14.1 /share/index.php/Home/Movie/mlist/p/1.html
INFO: [ app_init ] --START--
INFO: Run Behavior\BuildLiteBehavior [ RunTime:0.000010s ]
INFO: [ app_init ] --END-- [ RunTime:0.000069s ]

[ 2015-01-07T01:34:46+08:00 ] 172.16.14.1 /share/index.php/Home/Movie/mlist/p/2.html
INFO: [ app_init ] --START--
INFO: Run Behavior\BuildLiteBehavior [ RunTime:0.000011s ]
INFO: [ app_init ] --END-- [ RunTime:0.000062s ]

[ 2015-01-07T01:35:11+08:00 ] 172.16.14.1 /share/index.php/Home/Movie/mlist/p/2.html
INFO: [ app_init ] --START--
INFO: Run Behavior\BuildLiteBehavior [ RunTime:0.000015s ]
INFO: [ app_init ] --END-- [ RunTime:0.000118s ]

[ 2015-01-07T01:35:13+08:00 ] 172.16.14.1 /share/index.php/Home/Movie/mlist/p/2.html
INFO: [ app_init ] --START--
INFO: Run Behavior\BuildLiteBehavior [ RunTime:0.000030s ]
INFO: [ app_init ] --END-- [ RunTime:0.000108s ]

[ 2015-01-07T01:35:14+08:00 ] 172.16.14.1 /share/index.php/Home/Movie/mlist/p/2.html
INFO: [ app_init ] --START--
INFO: Run Behavior\BuildLiteBehavior [ RunTime:0.000013s ]
INFO: [ app_init ] --END-- [ RunTime:0.000092s ]

[ 2015-01-07T01:35:16+08:00 ] 172.16.14.1 /share/index.php/Home/Movie/mlist/p/2.html
INFO: [ app_init ] --START--
INFO: Run Behavior\BuildLiteBehavior [ RunTime:0.000014s ]
INFO: [ app_init ] --END-- [ RunTime:0.000092s ]

[ 2015-01-07T01:36:13+08:00 ] 172.16.14.1 /share/index.php/Home/Movie/mlist/p/2.html
INFO: [ app_init ] --START--
INFO: Run Behavior\BuildLiteBehavior [ RunTime:0.000014s ]
INFO: [ app_init ] --END-- [ RunTime:0.000162s ]

[ 2015-01-07T01:36:19+08:00 ] 172.16.14.1 /share/index.php/Home/Movie/mlist/p/2.html
INFO: [ app_init ] --START--
INFO: Run Behavior\BuildLiteBehavior [ RunTime:0.000014s ]
INFO: [ app_init ] --END-- [ RunTime:0.000393s ]

[ 2015-01-07T01:36:21+08:00 ] 172.16.14.1 /share/home/movie/mlist/name?name=&userid=
INFO: [ app_init ] --START--
INFO: Run Behavior\BuildLiteBehavior [ RunTime:0.000010s ]
INFO: [ app_init ] --END-- [ RunTime:0.000066s ]

[ 2015-01-07T01:36:22+08:00 ] 172.16.14.1 /share/home/movie/mlist/name?name=&userid=
INFO: [ app_init ] --START--
INFO: Run Behavior\BuildLiteBehavior [ RunTime:0.000011s ]
INFO: [ app_init ] --END-- [ RunTime:0.000078s ]

[ 2015-01-07T01:36:23+08:00 ] 172.16.14.1 /share/home/movie/mlist/name?name=&userid=
INFO: [ app_init ] --START--
INFO: Run Behavior\BuildLiteBehavior [ RunTime:0.000010s ]
INFO: [ app_init ] --END-- [ RunTime:0.000062s ]

[ 2015-01-07T01:36:26+08:00 ] 172.16.14.1 /share/home/movie/mlist?name=4&__hash__=7e9c8375a980def0d57b9d51db70ba1d_10bc1f5f96e88946154bbd2a27e48f6e
INFO: [ app_init ] --START--
INFO: Run Behavior\BuildLiteBehavior [ RunTime:0.000015s ]
INFO: [ app_init ] --END-- [ RunTime:0.000090s ]

[ 2015-01-07T01:36:29+08:00 ] 172.16.14.1 /share/home/movie/mlist?name=&__hash__=bee91b0f3373bf3fd82c436ef4a61e30_60806d796147314dec23ea2c08fae29c
INFO: [ app_init ] --START--
INFO: Run Behavior\BuildLiteBehavior [ RunTime:0.000012s ]
INFO: [ app_init ] --END-- [ RunTime:0.000076s ]

[ 2015-01-07T01:36:32+08:00 ] 172.16.14.1 /share/home/movie/mlist/type/%E5%96%9C%E5%89%A7?name=&userid=
INFO: [ app_init ] --START--
INFO: Run Behavior\BuildLiteBehavior [ RunTime:0.000010s ]
INFO: [ app_init ] --END-- [ RunTime:0.000063s ]

[ 2015-01-07T01:36:32+08:00 ] 172.16.14.1 /share/home/movie/mlist?name=&userid=
INFO: [ app_init ] --START--
INFO: Run Behavior\BuildLiteBehavior [ RunTime:0.000010s ]
INFO: [ app_init ] --END-- [ RunTime:0.000068s ]

[ 2015-01-07T01:46:02+08:00 ] 172.16.14.1 /share/home/movie/events.html
INFO: [ app_init ] --START--
INFO: Run Behavior\BuildLiteBehavior [ RunTime:0.000018s ]
INFO: [ app_init ] --END-- [ RunTime:0.000159s ]
INFO: [ app_begin ] --START--
INFO: Run Behavior\ReadHtmlCacheBehavior [ RunTime:0.000122s ]
INFO: [ app_begin ] --END-- [ RunTime:0.000151s ]
NOTIC: [2048] Declaration of Home\Controller\MovieController::show() should be compatible with Think\Controller::show($content, $charset = '', $contentType = '', $prefix = '') /var/www/html/share/Application/Home/Controller/MovieController.class.php 第 5 行.
NOTIC: [8] Undefined index: name /var/www/html/share/Application/Home/Controller/GlobalAction.class.php 第 11 行.
SQL: SHOW COLUMNS FROM `think_videolist` [ RunTime:0.0015s ]
SQL: SELECT COUNT(*) AS tp_count FROM `think_videolist` WHERE ( uploadstatus=1 ) LIMIT 1   [ RunTime:0.0003s ]

[ 2015-01-07T01:46:02+08:00 ] 172.16.14.1 /share/home/movie/events.html
INFO: [ app_init ] --START--
INFO: Run Behavior\BuildLiteBehavior [ RunTime:0.000043s ]
INFO: [ app_init ] --END-- [ RunTime:0.000102s ]
INFO: [ app_begin ] --START--
INFO: Run Behavior\ReadHtmlCacheBehavior [ RunTime:0.000028s ]
INFO: [ app_begin ] --END-- [ RunTime:0.000053s ]
NOTIC: [2048] Declaration of Home\Controller\MovieController::show() should be compatible with Think\Controller::show($content, $charset = '', $contentType = '', $prefix = '') /var/www/html/share/Application/Home/Controller/MovieController.class.php 第 5 行.
NOTIC: [8] Undefined index: name /var/www/html/share/Application/Home/Controller/GlobalAction.class.php 第 11 行.
SQL: SHOW COLUMNS FROM `think_videolist` [ RunTime:0.0008s ]

[ 2015-01-07T01:50:29+08:00 ] 172.16.14.1 /share/home/movie/mlist?name=&userid=
INFO: [ app_init ] --START--
INFO: Run Behavior\BuildLiteBehavior [ RunTime:0.000014s ]
INFO: [ app_init ] --END-- [ RunTime:0.000141s ]

[ 2015-01-07T01:50:31+08:00 ] 172.16.14.1 /share/home/movie/show?id=34
INFO: [ app_init ] --START--
INFO: Run Behavior\BuildLiteBehavior [ RunTime:0.000013s ]
INFO: [ app_init ] --END-- [ RunTime:0.000116s ]
ERR: SQLSTATE[42S22]: Column not found: 1054 Unknown column 'verity' in 'where clause'

[ 2015-01-07T01:51:01+08:00 ] 172.16.14.1 /share/home/movie/show?id=34
INFO: [ app_init ] --START--
INFO: Run Behavior\BuildLiteBehavior [ RunTime:0.000014s ]
INFO: [ app_init ] --END-- [ RunTime:0.000099s ]
ERR: SQLSTATE[42S22]: Column not found: 1054 Unknown column 'verify' in 'where clause'

[ 2015-01-07T01:51:45+08:00 ] 172.16.14.1 /share/home/movie/show?id=34
INFO: [ app_init ] --START--
INFO: Run Behavior\BuildLiteBehavior [ RunTime:0.000019s ]
INFO: [ app_init ] --END-- [ RunTime:0.000170s ]
ERR: SQLSTATE[42S02]: Base table or view not found: 1146 Table 'share.think_mvfavorite' doesn't exist

[ 2015-01-07T01:51:58+08:00 ] 172.16.14.1 /share/home/movie/show?id=34
INFO: [ app_init ] --START--
INFO: Run Behavior\BuildLiteBehavior [ RunTime:0.000015s ]
INFO: [ app_init ] --END-- [ RunTime:0.000094s ]

[ 2015-01-07T01:57:24+08:00 ] 172.16.14.1 /share/home/movie/show?id=34
INFO: [ app_init ] --START--
INFO: Run Behavior\BuildLiteBehavior [ RunTime:0.000012s ]
INFO: [ app_init ] --END-- [ RunTime:0.000095s ]

[ 2015-01-07T01:57:28+08:00 ] 172.16.14.1 /share/home/movie/addcomment/id/34
INFO: [ app_init ] --START--
INFO: Run Behavior\BuildLiteBehavior [ RunTime:0.000010s ]
INFO: [ app_init ] --END-- [ RunTime:0.000071s ]

[ 2015-01-07T01:57:38+08:00 ] 172.16.14.1 /share/home/user/login?username=xiaohuanshu&password=buzhidao&__hash__=a72975324b6679b70ec12aa0174d50de_a44cfb74758f67c9990541686280e547
INFO: [ app_init ] --START--
INFO: Run Behavior\BuildLiteBehavior [ RunTime:0.000011s ]
INFO: [ app_init ] --END-- [ RunTime:0.000100s ]

[ 2015-01-07T01:57:38+08:00 ] 172.16.14.1 /share/home/api/index?time=1420567058&code=65856wwhq5ijvb1NaoQZkXw%2FnxgylgDUikod%2Bez%2BuFPEWpkauw1bTdLMmXHcqD55990JEFC6TrouLrDC5h9uE3ubyzySnOJlLp7GlYG8du5tmhyuvMQ%2FIXUUEXIoxGTvXb8riMiiS0duiX%2BPwZSrQGuFL%2Fw9T0MBb7KJt65Oc40l
INFO: [ app_init ] --START--
INFO: Run Behavior\BuildLiteBehavior [ RunTime:0.000012s ]
INFO: [ app_init ] --END-- [ RunTime:0.000067s ]

[ 2015-01-07T01:57:44+08:00 ] 172.16.14.1 /share/home
INFO: [ app_init ] --START--
INFO: Run Behavior\BuildLiteBehavior [ RunTime:0.000011s ]
INFO: [ app_init ] --END-- [ RunTime:0.000072s ]
ERR: SQLSTATE[42S02]: Base table or view not found: 1146 Table 'share.think_mvfalist' doesn't exist

[ 2015-01-07T01:58:16+08:00 ] 172.16.14.1 /share/home
INFO: [ app_init ] --START--
INFO: Run Behavior\BuildLiteBehavior [ RunTime:0.000012s ]
INFO: [ app_init ] --END-- [ RunTime:0.000085s ]
ERR: SQLSTATE[42S02]: Base table or view not found: 1146 Table 'share.think_mvfalist' doesn't exist

[ 2015-01-07T01:58:45+08:00 ] 172.16.14.1 /share/home
INFO: [ app_init ] --START--
INFO: Run Behavior\BuildLiteBehavior [ RunTime:0.000020s ]
INFO: [ app_init ] --END-- [ RunTime:0.000101s ]
ERR: SQLSTATE[42S02]: Base table or view not found: 1146 Table 'share.think_mvfalist' doesn't exist

[ 2015-01-07T02:00:08+08:00 ] 172.16.14.1 /share/home
INFO: [ app_init ] --START--
INFO: Run Behavior\BuildLiteBehavior [ RunTime:0.000013s ]
INFO: [ app_init ] --END-- [ RunTime:0.000099s ]
ERR: SQLSTATE[42S02]: Base table or view not found: 1146 Table 'share.think_mvfalist' doesn't exist

[ 2015-01-07T02:01:11+08:00 ] 172.16.14.1 /share/home
INFO: [ app_init ] --START--
INFO: Run Behavior\BuildLiteBehavior [ RunTime:0.000011s ]
INFO: [ app_init ] --END-- [ RunTime:0.000099s ]
ERR: SQLSTATE[42S02]: Base table or view not found: 1146 Table 'share.think_mvlikelist' doesn't exist

[ 2015-01-07T02:01:30+08:00 ] 172.16.14.1 /share/home
INFO: [ app_init ] --START--
INFO: Run Behavior\BuildLiteBehavior [ RunTime:0.000016s ]
INFO: [ app_init ] --END-- [ RunTime:0.000107s ]

[ 2015-01-07T02:03:18+08:00 ] 172.16.14.1 /share/home
INFO: [ app_init ] --START--
INFO: Run Behavior\BuildLiteBehavior [ RunTime:0.000012s ]
INFO: [ app_init ] --END-- [ RunTime:0.000085s ]

[ 2015-01-07T02:03:19+08:00 ] 172.16.14.1 /share/home/movie/show?id=1
INFO: [ app_init ] --START--
INFO: Run Behavior\BuildLiteBehavior [ RunTime:0.000011s ]
INFO: [ app_init ] --END-- [ RunTime:0.000065s ]

[ 2015-01-07T02:03:23+08:00 ] 172.16.14.1 /share/home/movie/addcomment/id/1
INFO: [ app_init ] --START--
INFO: Run Behavior\BuildLiteBehavior [ RunTime:0.000011s ]
INFO: [ app_init ] --END-- [ RunTime:0.000133s ]

[ 2015-01-07T02:03:23+08:00 ] 172.16.14.1 /share/home/movie/show?id=1
INFO: [ app_init ] --START--
INFO: Run Behavior\BuildLiteBehavior [ RunTime:0.000023s ]
INFO: [ app_init ] --END-- [ RunTime:0.000150s ]

