[ 2015-02-20T23:16:26+08:00 ] 192.168.122.1 /share/
INFO: [ app_init ] --START--
INFO: Run Behavior\BuildLiteBehavior [ RunTime:0.000039s ]
INFO: [ app_init ] --END-- [ RunTime:0.011680s ]
NOTIC: [2] Invalid argument supplied for foreach() /mnt/hgfs/share/ThinkPHP/Library/Think/Hook.class.php 第 46 行.
INFO: [ app_begin ] --START--
INFO: Run Behavior\ReadHtmlCacheBehavior [ RunTime:0.016678s ]
INFO: [ app_begin ] --END-- [ RunTime:0.016775s ]
NOTIC: [8] Undefined index: name /mnt/hgfs/share/Application/Home/Controller/GlobalAction.class.php 第 13 行.
SQL: SHOW COLUMNS FROM `think_videolist` [ RunTime:0.0011s ]
ERR: SQLSTATE[42S22]: Column not found: 1054 Unknown column 'verify' in 'where clause'

[ 2015-02-20T23:17:49+08:00 ] 192.168.122.1 /share/
INFO: [ app_init ] --START--
INFO: Run Behavior\BuildLiteBehavior [ RunTime:0.000020s ]
INFO: [ app_init ] --END-- [ RunTime:0.000443s ]
NOTIC: [2] Invalid argument supplied for foreach() /mnt/hgfs/share/ThinkPHP/Library/Think/Hook.class.php 第 46 行.
INFO: [ app_begin ] --START--
INFO: Run Behavior\ReadHtmlCacheBehavior [ RunTime:0.000401s ]
INFO: [ app_begin ] --END-- [ RunTime:0.000458s ]
NOTIC: [8] Undefined index: name /mnt/hgfs/share/Application/Home/Controller/GlobalAction.class.php 第 13 行.
SQL: SHOW COLUMNS FROM `think_videolist` [ RunTime:0.0007s ]
SQL: SELECT COUNT(*) AS tp_count FROM `think_videolist` WHERE ( verify=1 and uploadstatus=0 ) LIMIT 1   [ RunTime:0.0002s ]
SQL: SHOW COLUMNS FROM `think_userinfo` [ RunTime:0.0009s ]
SQL: SELECT * FROM `think_userinfo` ORDER BY registertime desc LIMIT 10   [ RunTime:0.0006s ]
ERR: SQLSTATE[42S22]: Column not found: 1054 Unknown column 'updatetime' in 'order clause'

[ 2015-02-20T23:18:38+08:00 ] 192.168.122.1 /share/
INFO: [ app_init ] --START--
INFO: Run Behavior\BuildLiteBehavior [ RunTime:0.000013s ]
INFO: [ app_init ] --END-- [ RunTime:0.000302s ]
NOTIC: [2] Invalid argument supplied for foreach() /mnt/hgfs/share/ThinkPHP/Library/Think/Hook.class.php 第 46 行.
INFO: [ app_begin ] --START--
INFO: Run Behavior\ReadHtmlCacheBehavior [ RunTime:0.000395s ]
INFO: [ app_begin ] --END-- [ RunTime:0.000473s ]
NOTIC: [8] Undefined index: name /mnt/hgfs/share/Application/Home/Controller/GlobalAction.class.php 第 13 行.
SQL: SHOW COLUMNS FROM `think_videolist` [ RunTime:0.0010s ]
SQL: SHOW COLUMNS FROM `think_userinfo` [ RunTime:0.0006s ]
SQL: SELECT * FROM `think_userinfo` ORDER BY registertime desc LIMIT 10   [ RunTime:0.0001s ]
SQL: SELECT * FROM `think_videolist` WHERE ( verify=1 and uploadstatus=1 ) ORDER BY uploadtime desc LIMIT 12   [ RunTime:0.0003s ]
ERR: SQLSTATE[42S02]: Base table or view not found: 1146 Table 'share.think_announce' doesn't exist

[ 2015-02-20T23:19:10+08:00 ] 192.168.122.1 /share/
INFO: [ app_init ] --START--
INFO: Run Behavior\BuildLiteBehavior [ RunTime:0.000015s ]
INFO: [ app_init ] --END-- [ RunTime:0.000524s ]
NOTIC: [2] Invalid argument supplied for foreach() /mnt/hgfs/share/ThinkPHP/Library/Think/Hook.class.php 第 46 行.
INFO: [ app_begin ] --START--
INFO: Run Behavior\ReadHtmlCacheBehavior [ RunTime:0.000276s ]
INFO: [ app_begin ] --END-- [ RunTime:0.000313s ]
NOTIC: [8] Undefined index: name /mnt/hgfs/share/Application/Home/Controller/GlobalAction.class.php 第 13 行.
SQL: SHOW COLUMNS FROM `think_videolist` [ RunTime:0.0009s ]
SQL: SELECT COUNT(*) AS tp_count FROM `think_videolist` WHERE ( verify=1 and uploadstatus=0 ) LIMIT 1   [ RunTime:0.0001s ]
SQL: SHOW COLUMNS FROM `think_userinfo` [ RunTime:0.0007s ]
SQL: SELECT * FROM `think_userinfo` ORDER BY registertime desc LIMIT 10   [ RunTime:0.0001s ]
SQL: SELECT * FROM `think_videolist` WHERE ( verify=1 and uploadstatus=1 ) ORDER BY uploadtime desc LIMIT 12   [ RunTime:0.0000s ]
SQL: SHOW COLUMNS FROM `think_announce` [ RunTime:0.0003s ]
SQL: SELECT * FROM `think_announce` ORDER BY time desc LIMIT 1   [ RunTime:0.0001s ]
SQL: SHOW COLUMNS FROM `think_notice` [ RunTime:0.0003s ]
SQL: SELECT * FROM `think_notice` ORDER BY time desc LIMIT 3   [ RunTime:0.0001s ]
SQL: SELECT * FROM `think_videolist` WHERE ( uploadstatus=0 ) ORDER BY wishtime desc LIMIT 8   [ RunTime:0.0001s ]
SQL: SHOW COLUMNS FROM `think_localvideo` [ RunTime:0.0006s ]
SQL: SELECT `userid`,COUNT(  `think_localvideo`.`id` ) as c FROM `think_localvideo` GROUP BY `think_localvideo`.`userid` ORDER BY COUNT(`think_localvideo`.`id`) desc LIMIT 5   [ RunTime:0.0002s ]
INFO: [ view_parse ] --START--
INFO: [ template_filter ] --START--
INFO: Run Behavior\ContentReplaceBehavior [ RunTime:0.000040s ]
INFO: [ template_filter ] --END-- [ RunTime:0.000080s ]
INFO: Run Behavior\ParseTemplateBehavior [ RunTime:0.122948s ]
INFO: [ view_parse ] --END-- [ RunTime:0.123009s ]
INFO: [ view_filter ] --START--
INFO: Run Behavior\WriteHtmlCacheBehavior [ RunTime:0.007552s ]
INFO: [ view_filter ] --END-- [ RunTime:0.007619s ]
INFO: [ app_end ] --START--
INFO: Run Behavior\ShowPageTraceBehavior [ RunTime:0.023978s ]
INFO: [ app_end ] --END-- [ RunTime:0.024054s ]

[ 2015-02-20T23:20:11+08:00 ] 192.168.122.1 /share/
INFO: [ app_init ] --START--
INFO: Run Behavior\BuildLiteBehavior [ RunTime:0.000019s ]
INFO: [ app_init ] --END-- [ RunTime:0.000767s ]
NOTIC: [2] Invalid argument supplied for foreach() /mnt/hgfs/share/ThinkPHP/Library/Think/Hook.class.php 第 46 行.
INFO: [ app_begin ] --START--
INFO: Run Behavior\ReadHtmlCacheBehavior [ RunTime:0.000343s ]
INFO: [ app_begin ] --END-- [ RunTime:0.000393s ]
NOTIC: [8] Undefined index: name /mnt/hgfs/share/Application/Home/Controller/GlobalAction.class.php 第 13 行.
SQL: SHOW COLUMNS FROM `think_videolist` [ RunTime:0.0008s ]
SQL: SELECT COUNT(*) AS tp_count FROM `think_videolist` WHERE ( verify=1 and uploadstatus=0 ) LIMIT 1   [ RunTime:0.0001s ]
SQL: SHOW COLUMNS FROM `think_userinfo` [ RunTime:0.0006s ]
SQL: SELECT * FROM `think_userinfo` ORDER BY registertime desc LIMIT 10   [ RunTime:0.0000s ]
SQL: SELECT * FROM `think_videolist` WHERE ( verify=1 and uploadstatus=1 ) ORDER BY uploadtime desc LIMIT 12   [ RunTime:0.0000s ]
SQL: SHOW COLUMNS FROM `think_announce` [ RunTime:0.0003s ]
SQL: SELECT * FROM `think_announce` ORDER BY time desc LIMIT 1   [ RunTime:0.0000s ]
SQL: SHOW COLUMNS FROM `think_notice` [ RunTime:0.0003s ]
SQL: SELECT * FROM `think_notice` ORDER BY time desc LIMIT 3   [ RunTime:0.0000s ]
SQL: SELECT * FROM `think_videolist` WHERE ( uploadstatus=0 ) ORDER BY wishtime desc LIMIT 8   [ RunTime:0.0000s ]
SQL: SHOW COLUMNS FROM `think_localvideo` [ RunTime:0.0003s ]
SQL: SELECT `userid`,COUNT(  `think_localvideo`.`id` ) as c FROM `think_localvideo` GROUP BY `think_localvideo`.`userid` ORDER BY COUNT(`think_localvideo`.`id`) desc LIMIT 5   [ RunTime:0.0000s ]
INFO: [ view_parse ] --START--
INFO: [ template_filter ] --START--
INFO: Run Behavior\ContentReplaceBehavior [ RunTime:0.000060s ]
INFO: [ template_filter ] --END-- [ RunTime:0.000110s ]
INFO: Run Behavior\ParseTemplateBehavior [ RunTime:0.017858s ]
INFO: [ view_parse ] --END-- [ RunTime:0.017906s ]
INFO: [ view_filter ] --START--
INFO: Run Behavior\WriteHtmlCacheBehavior [ RunTime:0.000276s ]
INFO: [ view_filter ] --END-- [ RunTime:0.000301s ]
INFO: [ app_end ] --START--
INFO: Run Behavior\ShowPageTraceBehavior [ RunTime:0.000292s ]
INFO: [ app_end ] --END-- [ RunTime:0.000318s ]

[ 2015-02-20T23:25:41+08:00 ] 192.168.122.1 /share/
INFO: [ app_init ] --START--
INFO: Run Behavior\BuildLiteBehavior [ RunTime:0.000019s ]
INFO: [ app_init ] --END-- [ RunTime:0.001696s ]
NOTIC: [2] Invalid argument supplied for foreach() /mnt/hgfs/share/ThinkPHP/Library/Think/Hook.class.php 第 46 行.
INFO: [ app_begin ] --START--
INFO: Run Behavior\ReadHtmlCacheBehavior [ RunTime:0.012174s ]
INFO: [ app_begin ] --END-- [ RunTime:0.012257s ]
NOTIC: [8] Undefined index: name /mnt/hgfs/share/Application/Home/Controller/GlobalAction.class.php 第 13 行.
SQL: SHOW COLUMNS FROM `think_videolist` [ RunTime:0.0012s ]
SQL: SELECT COUNT(*) AS tp_count FROM `think_videolist` WHERE ( verify=1 and uploadstatus=0 ) LIMIT 1   [ RunTime:0.0002s ]
SQL: SHOW COLUMNS FROM `think_userinfo` [ RunTime:0.0013s ]
SQL: SELECT * FROM `think_userinfo` ORDER BY registertime desc LIMIT 10   [ RunTime:0.0001s ]
SQL: SELECT * FROM `think_videolist` WHERE ( verify=1 and uploadstatus=1 ) ORDER BY uploadtime desc LIMIT 12   [ RunTime:0.0001s ]
SQL: SHOW COLUMNS FROM `think_announce` [ RunTime:0.0006s ]
SQL: SELECT * FROM `think_announce` ORDER BY time desc LIMIT 1   [ RunTime:0.0001s ]
SQL: SHOW COLUMNS FROM `think_notice` [ RunTime:0.0006s ]
SQL: SELECT * FROM `think_notice` ORDER BY time desc LIMIT 3   [ RunTime:0.0001s ]
SQL: SELECT * FROM `think_videolist` WHERE ( uploadstatus=0 ) ORDER BY wishtime desc LIMIT 8   [ RunTime:0.0002s ]
SQL: SHOW COLUMNS FROM `think_localvideo` [ RunTime:0.0009s ]
SQL: SELECT `userid`,COUNT(  `think_localvideo`.`id` ) as c FROM `think_localvideo` GROUP BY `think_localvideo`.`userid` ORDER BY COUNT(`think_localvideo`.`id`) desc LIMIT 5   [ RunTime:0.0001s ]
INFO: [ view_parse ] --START--
INFO: [ template_filter ] --START--
INFO: Run Behavior\ContentReplaceBehavior [ RunTime:0.000041s ]
INFO: [ template_filter ] --END-- [ RunTime:0.000082s ]
INFO: Run Behavior\ParseTemplateBehavior [ RunTime:0.057207s ]
INFO: [ view_parse ] --END-- [ RunTime:0.057270s ]
INFO: [ view_filter ] --START--
INFO: Run Behavior\WriteHtmlCacheBehavior [ RunTime:0.001095s ]
INFO: [ view_filter ] --END-- [ RunTime:0.001128s ]
INFO: [ app_end ] --START--
INFO: Run Behavior\ShowPageTraceBehavior [ RunTime:0.015624s ]
INFO: [ app_end ] --END-- [ RunTime:0.015674s ]

[ 2015-02-20T23:25:43+08:00 ] 192.168.122.1 /share/
INFO: [ app_init ] --START--
INFO: Run Behavior\BuildLiteBehavior [ RunTime:0.000010s ]
INFO: [ app_init ] --END-- [ RunTime:0.000070s ]
NOTIC: [2] Invalid argument supplied for foreach() /mnt/hgfs/share/ThinkPHP/Library/Think/Hook.class.php 第 46 行.
INFO: [ app_begin ] --START--
INFO: Run Behavior\ReadHtmlCacheBehavior [ RunTime:0.000171s ]
INFO: [ app_begin ] --END-- [ RunTime:0.000206s ]
NOTIC: [8] Undefined index: name /mnt/hgfs/share/Application/Home/Controller/GlobalAction.class.php 第 13 行.
SQL: SHOW COLUMNS FROM `think_videolist` [ RunTime:0.0008s ]
SQL: SHOW COLUMNS FROM `think_userinfo` [ RunTime:0.0008s ]
SQL: SELECT * FROM `think_userinfo` ORDER BY registertime desc LIMIT 10   [ RunTime:0.0001s ]
SQL: SELECT * FROM `think_videolist` WHERE ( verify=1 and uploadstatus=1 ) ORDER BY uploadtime desc LIMIT 12   [ RunTime:0.0000s ]
SQL: SHOW COLUMNS FROM `think_announce` [ RunTime:0.0004s ]
SQL: SELECT * FROM `think_announce` ORDER BY time desc LIMIT 1   [ RunTime:0.0000s ]
SQL: SHOW COLUMNS FROM `think_notice` [ RunTime:0.0004s ]
SQL: SELECT * FROM `think_notice` ORDER BY time desc LIMIT 3   [ RunTime:0.0001s ]
SQL: SELECT * FROM `think_videolist` WHERE ( uploadstatus=0 ) ORDER BY wishtime desc LIMIT 8   [ RunTime:0.0001s ]
SQL: SHOW COLUMNS FROM `think_localvideo` [ RunTime:0.0006s ]
SQL: SELECT `userid`,COUNT(  `think_localvideo`.`id` ) as c FROM `think_localvideo` GROUP BY `think_localvideo`.`userid` ORDER BY COUNT(`think_localvideo`.`id`) desc LIMIT 5   [ RunTime:0.0000s ]
INFO: [ view_parse ] --START--
INFO: [ template_filter ] --START--
INFO: Run Behavior\ContentReplaceBehavior [ RunTime:0.000040s ]
INFO: [ template_filter ] --END-- [ RunTime:0.000080s ]
INFO: Run Behavior\ParseTemplateBehavior [ RunTime:0.012775s ]
INFO: [ view_parse ] --END-- [ RunTime:0.012850s ]
INFO: [ view_filter ] --START--
INFO: Run Behavior\WriteHtmlCacheBehavior [ RunTime:0.000221s ]
INFO: [ view_filter ] --END-- [ RunTime:0.000247s ]
INFO: [ app_end ] --START--
INFO: Run Behavior\ShowPageTraceBehavior [ RunTime:0.000174s ]
INFO: [ app_end ] --END-- [ RunTime:0.000199s ]

[ 2015-02-20T23:25:44+08:00 ] 192.168.122.1 /share/
INFO: [ app_init ] --START--
INFO: Run Behavior\BuildLiteBehavior [ RunTime:0.000012s ]
INFO: [ app_init ] --END-- [ RunTime:0.000341s ]
NOTIC: [2] Invalid argument supplied for foreach() /mnt/hgfs/share/ThinkPHP/Library/Think/Hook.class.php 第 46 行.
INFO: [ app_begin ] --START--
INFO: Run Behavior\ReadHtmlCacheBehavior [ RunTime:0.000105s ]
INFO: [ app_begin ] --END-- [ RunTime:0.000152s ]
NOTIC: [8] Undefined index: name /mnt/hgfs/share/Application/Home/Controller/GlobalAction.class.php 第 13 行.
SQL: SHOW COLUMNS FROM `think_videolist` [ RunTime:0.0006s ]
SQL: SHOW COLUMNS FROM `think_userinfo` [ RunTime:0.0005s ]
SQL: SELECT * FROM `think_userinfo` ORDER BY registertime desc LIMIT 10   [ RunTime:0.0001s ]
SQL: SELECT * FROM `think_videolist` WHERE ( verify=1 and uploadstatus=1 ) ORDER BY uploadtime desc LIMIT 12   [ RunTime:0.0000s ]
SQL: SHOW COLUMNS FROM `think_announce` [ RunTime:0.0003s ]
SQL: SELECT * FROM `think_announce` ORDER BY time desc LIMIT 1   [ RunTime:0.0000s ]
SQL: SHOW COLUMNS FROM `think_notice` [ RunTime:0.0003s ]
SQL: SELECT * FROM `think_notice` ORDER BY time desc LIMIT 3   [ RunTime:0.0001s ]
SQL: SELECT * FROM `think_videolist` WHERE ( uploadstatus=0 ) ORDER BY wishtime desc LIMIT 8   [ RunTime:0.0000s ]
SQL: SHOW COLUMNS FROM `think_localvideo` [ RunTime:0.0003s ]
SQL: SELECT `userid`,COUNT(  `think_localvideo`.`id` ) as c FROM `think_localvideo` GROUP BY `think_localvideo`.`userid` ORDER BY COUNT(`think_localvideo`.`id`) desc LIMIT 5   [ RunTime:0.0000s ]
INFO: [ view_parse ] --START--
INFO: [ template_filter ] --START--
INFO: Run Behavior\ContentReplaceBehavior [ RunTime:0.000057s ]
INFO: [ template_filter ] --END-- [ RunTime:0.000120s ]
INFO: Run Behavior\ParseTemplateBehavior [ RunTime:0.014673s ]
INFO: [ view_parse ] --END-- [ RunTime:0.014725s ]
INFO: [ view_filter ] --START--
INFO: Run Behavior\WriteHtmlCacheBehavior [ RunTime:0.000124s ]
INFO: [ view_filter ] --END-- [ RunTime:0.000148s ]
INFO: [ app_end ] --START--
INFO: Run Behavior\ShowPageTraceBehavior [ RunTime:0.000107s ]
INFO: [ app_end ] --END-- [ RunTime:0.000131s ]

[ 2015-02-20T23:25:45+08:00 ] 192.168.122.1 /share/
INFO: [ app_init ] --START--
INFO: Run Behavior\BuildLiteBehavior [ RunTime:0.000011s ]
INFO: [ app_init ] --END-- [ RunTime:0.000069s ]
NOTIC: [2] Invalid argument supplied for foreach() /mnt/hgfs/share/ThinkPHP/Library/Think/Hook.class.php 第 46 行.
INFO: [ app_begin ] --START--
INFO: Run Behavior\ReadHtmlCacheBehavior [ RunTime:0.000181s ]
INFO: [ app_begin ] --END-- [ RunTime:0.000211s ]
NOTIC: [8] Undefined index: name /mnt/hgfs/share/Application/Home/Controller/GlobalAction.class.php 第 13 行.
SQL: SHOW COLUMNS FROM `think_videolist` [ RunTime:0.0006s ]
SQL: SHOW COLUMNS FROM `think_userinfo` [ RunTime:0.0005s ]
SQL: SELECT * FROM `think_userinfo` ORDER BY registertime desc LIMIT 10   [ RunTime:0.0001s ]
SQL: SELECT * FROM `think_videolist` WHERE ( verify=1 and uploadstatus=1 ) ORDER BY uploadtime desc LIMIT 12   [ RunTime:0.0000s ]
SQL: SHOW COLUMNS FROM `think_announce` [ RunTime:0.0003s ]
SQL: SELECT * FROM `think_announce` ORDER BY time desc LIMIT 1   [ RunTime:0.0000s ]
SQL: SHOW COLUMNS FROM `think_notice` [ RunTime:0.0003s ]
SQL: SELECT * FROM `think_notice` ORDER BY time desc LIMIT 3   [ RunTime:0.0000s ]
SQL: SELECT * FROM `think_videolist` WHERE ( uploadstatus=0 ) ORDER BY wishtime desc LIMIT 8   [ RunTime:0.0000s ]
SQL: SHOW COLUMNS FROM `think_localvideo` [ RunTime:0.0003s ]
SQL: SELECT `userid`,COUNT(  `think_localvideo`.`id` ) as c FROM `think_localvideo` GROUP BY `think_localvideo`.`userid` ORDER BY COUNT(`think_localvideo`.`id`) desc LIMIT 5   [ RunTime:0.0000s ]
INFO: [ view_parse ] --START--
INFO: [ template_filter ] --START--
INFO: Run Behavior\ContentReplaceBehavior [ RunTime:0.000098s ]
INFO: [ template_filter ] --END-- [ RunTime:0.000177s ]
INFO: Run Behavior\ParseTemplateBehavior [ RunTime:0.016867s ]
INFO: [ view_parse ] --END-- [ RunTime:0.016979s ]
INFO: [ view_filter ] --START--
INFO: Run Behavior\WriteHtmlCacheBehavior [ RunTime:0.000229s ]
INFO: [ view_filter ] --END-- [ RunTime:0.000257s ]
INFO: [ app_end ] --START--
INFO: Run Behavior\ShowPageTraceBehavior [ RunTime:0.000509s ]
INFO: [ app_end ] --END-- [ RunTime:0.000540s ]

[ 2015-02-20T23:26:20+08:00 ] 192.168.122.1 /share/
INFO: [ app_init ] --START--
INFO: Run Behavior\BuildLiteBehavior [ RunTime:0.000021s ]
INFO: [ app_init ] --END-- [ RunTime:0.000406s ]
NOTIC: [2] Invalid argument supplied for foreach() /mnt/hgfs/share/ThinkPHP/Library/Think/Hook.class.php 第 46 行.
INFO: [ app_begin ] --START--
INFO: Run Behavior\ReadHtmlCacheBehavior [ RunTime:0.000254s ]
INFO: [ app_begin ] --END-- [ RunTime:0.000299s ]
NOTIC: [8] Undefined index: name /mnt/hgfs/share/Application/Home/Controller/GlobalAction.class.php 第 13 行.
SQL: SHOW COLUMNS FROM `think_videolist` [ RunTime:0.0007s ]
SQL: SHOW COLUMNS FROM `think_userinfo` [ RunTime:0.0006s ]
SQL: SELECT * FROM `think_userinfo` ORDER BY registertime desc LIMIT 10   [ RunTime:0.0001s ]
SQL: SELECT * FROM `think_videolist` WHERE ( verify=1 and uploadstatus=1 ) ORDER BY uploadtime desc LIMIT 12   [ RunTime:0.0000s ]
SQL: SHOW COLUMNS FROM `think_announce` [ RunTime:0.0003s ]
SQL: SELECT * FROM `think_announce` ORDER BY time desc LIMIT 1   [ RunTime:0.0000s ]
SQL: SHOW COLUMNS FROM `think_notice` [ RunTime:0.0003s ]
SQL: SELECT * FROM `think_notice` ORDER BY time desc LIMIT 3   [ RunTime:0.0000s ]
SQL: SELECT * FROM `think_videolist` WHERE ( uploadstatus=0 ) ORDER BY wishtime desc LIMIT 8   [ RunTime:0.0000s ]
SQL: SHOW COLUMNS FROM `think_localvideo` [ RunTime:0.0004s ]
SQL: SELECT `userid`,COUNT(  `think_localvideo`.`id` ) as c FROM `think_localvideo` GROUP BY `think_localvideo`.`userid` ORDER BY COUNT(`think_localvideo`.`id`) desc LIMIT 5   [ RunTime:0.0000s ]
INFO: [ view_parse ] --START--
INFO: [ template_filter ] --START--
INFO: Run Behavior\ContentReplaceBehavior [ RunTime:0.000058s ]
INFO: [ template_filter ] --END-- [ RunTime:0.000106s ]
INFO: Run Behavior\ParseTemplateBehavior [ RunTime:0.013484s ]
INFO: [ view_parse ] --END-- [ RunTime:0.013530s ]
INFO: [ view_filter ] --START--
INFO: Run Behavior\WriteHtmlCacheBehavior [ RunTime:0.000275s ]
INFO: [ view_filter ] --END-- [ RunTime:0.000301s ]
INFO: [ app_end ] --START--
INFO: Run Behavior\ShowPageTraceBehavior [ RunTime:0.000243s ]
INFO: [ app_end ] --END-- [ RunTime:0.000268s ]

[ 2015-02-20T23:26:22+08:00 ] 192.168.122.1 /share/
INFO: [ app_init ] --START--
INFO: Run Behavior\BuildLiteBehavior [ RunTime:0.000010s ]
INFO: [ app_init ] --END-- [ RunTime:0.000080s ]
NOTIC: [2] Invalid argument supplied for foreach() /mnt/hgfs/share/ThinkPHP/Library/Think/Hook.class.php 第 46 行.
INFO: [ app_begin ] --START--
INFO: Run Behavior\ReadHtmlCacheBehavior [ RunTime:0.000206s ]
INFO: [ app_begin ] --END-- [ RunTime:0.000237s ]
NOTIC: [8] Undefined index: name /mnt/hgfs/share/Application/Home/Controller/GlobalAction.class.php 第 13 行.
SQL: SHOW COLUMNS FROM `think_videolist` [ RunTime:0.0006s ]
SQL: SHOW COLUMNS FROM `think_userinfo` [ RunTime:0.0005s ]
SQL: SELECT * FROM `think_userinfo` ORDER BY registertime desc LIMIT 10   [ RunTime:0.0001s ]
SQL: SELECT * FROM `think_videolist` WHERE ( verify=1 and uploadstatus=1 ) ORDER BY uploadtime desc LIMIT 12   [ RunTime:0.0000s ]
SQL: SHOW COLUMNS FROM `think_announce` [ RunTime:0.0003s ]
SQL: SELECT * FROM `think_announce` ORDER BY time desc LIMIT 1   [ RunTime:0.0000s ]
SQL: SHOW COLUMNS FROM `think_notice` [ RunTime:0.0003s ]
SQL: SELECT * FROM `think_notice` ORDER BY time desc LIMIT 3   [ RunTime:0.0001s ]
SQL: SELECT * FROM `think_videolist` WHERE ( uploadstatus=0 ) ORDER BY wishtime desc LIMIT 8   [ RunTime:0.0000s ]
SQL: SHOW COLUMNS FROM `think_localvideo` [ RunTime:0.0003s ]
SQL: SELECT `userid`,COUNT(  `think_localvideo`.`id` ) as c FROM `think_localvideo` GROUP BY `think_localvideo`.`userid` ORDER BY COUNT(`think_localvideo`.`id`) desc LIMIT 5   [ RunTime:0.0000s ]
INFO: [ view_parse ] --START--
INFO: [ template_filter ] --START--
INFO: Run Behavior\ContentReplaceBehavior [ RunTime:0.000045s ]
INFO: [ template_filter ] --END-- [ RunTime:0.000092s ]
INFO: Run Behavior\ParseTemplateBehavior [ RunTime:0.013376s ]
INFO: [ view_parse ] --END-- [ RunTime:0.013426s ]
INFO: [ view_filter ] --START--
INFO: Run Behavior\WriteHtmlCacheBehavior [ RunTime:0.000188s ]
INFO: [ view_filter ] --END-- [ RunTime:0.000213s ]
INFO: [ app_end ] --START--
INFO: Run Behavior\ShowPageTraceBehavior [ RunTime:0.000170s ]
INFO: [ app_end ] --END-- [ RunTime:0.000195s ]

[ 2015-02-20T23:26:25+08:00 ] 192.168.122.1 /share/?
INFO: [ app_init ] --START--
INFO: Run Behavior\BuildLiteBehavior [ RunTime:0.000011s ]
INFO: [ app_init ] --END-- [ RunTime:0.000341s ]
NOTIC: [2] Invalid argument supplied for foreach() /mnt/hgfs/share/ThinkPHP/Library/Think/Hook.class.php 第 46 行.
INFO: [ app_begin ] --START--
INFO: Run Behavior\ReadHtmlCacheBehavior [ RunTime:0.000238s ]
INFO: [ app_begin ] --END-- [ RunTime:0.000273s ]
NOTIC: [8] Undefined index: name /mnt/hgfs/share/Application/Home/Controller/GlobalAction.class.php 第 13 行.
SQL: SHOW COLUMNS FROM `think_videolist` [ RunTime:0.0006s ]
SQL: SHOW COLUMNS FROM `think_userinfo` [ RunTime:0.0005s ]
SQL: SELECT * FROM `think_userinfo` ORDER BY registertime desc LIMIT 10   [ RunTime:0.0001s ]
SQL: SELECT * FROM `think_videolist` WHERE ( verify=1 and uploadstatus=1 ) ORDER BY uploadtime desc LIMIT 12   [ RunTime:0.0000s ]
SQL: SHOW COLUMNS FROM `think_announce` [ RunTime:0.0003s ]
SQL: SELECT * FROM `think_announce` ORDER BY time desc LIMIT 1   [ RunTime:0.0000s ]
SQL: SHOW COLUMNS FROM `think_notice` [ RunTime:0.0003s ]
SQL: SELECT * FROM `think_notice` ORDER BY time desc LIMIT 3   [ RunTime:0.0000s ]
SQL: SELECT * FROM `think_videolist` WHERE ( uploadstatus=0 ) ORDER BY wishtime desc LIMIT 8   [ RunTime:0.0000s ]
SQL: SHOW COLUMNS FROM `think_localvideo` [ RunTime:0.0003s ]
SQL: SELECT `userid`,COUNT(  `think_localvideo`.`id` ) as c FROM `think_localvideo` GROUP BY `think_localvideo`.`userid` ORDER BY COUNT(`think_localvideo`.`id`) desc LIMIT 5   [ RunTime:0.0000s ]
INFO: [ view_parse ] --START--
INFO: [ template_filter ] --START--
INFO: Run Behavior\ContentReplaceBehavior [ RunTime:0.000041s ]
INFO: [ template_filter ] --END-- [ RunTime:0.000082s ]
INFO: Run Behavior\ParseTemplateBehavior [ RunTime:0.014103s ]
INFO: [ view_parse ] --END-- [ RunTime:0.014147s ]
INFO: [ view_filter ] --START--
INFO: Run Behavior\WriteHtmlCacheBehavior [ RunTime:0.000258s ]
INFO: [ view_filter ] --END-- [ RunTime:0.000283s ]
INFO: [ app_end ] --START--
INFO: Run Behavior\ShowPageTraceBehavior [ RunTime:0.000243s ]
INFO: [ app_end ] --END-- [ RunTime:0.000266s ]

[ 2015-02-20T23:27:22+08:00 ] 192.168.122.1 /share/?
INFO: [ app_init ] --START--
INFO: Run Behavior\BuildLiteBehavior [ RunTime:0.000012s ]
INFO: [ app_init ] --END-- [ RunTime:0.000315s ]
NOTIC: [2] Invalid argument supplied for foreach() /mnt/hgfs/share/ThinkPHP/Library/Think/Hook.class.php 第 46 行.
INFO: [ app_begin ] --START--
INFO: Run Behavior\ReadHtmlCacheBehavior [ RunTime:0.000253s ]
INFO: [ app_begin ] --END-- [ RunTime:0.000283s ]
NOTIC: [8] Undefined index: name /mnt/hgfs/share/Application/Home/Controller/GlobalAction.class.php 第 13 行.
SQL: SHOW COLUMNS FROM `think_videolist` [ RunTime:0.0012s ]
SQL: SELECT COUNT(*) AS tp_count FROM `think_videolist` WHERE ( verify=1 and uploadstatus=0 ) LIMIT 1   [ RunTime:0.0001s ]
SQL: SHOW COLUMNS FROM `think_userinfo` [ RunTime:0.0008s ]
SQL: SELECT * FROM `think_userinfo` ORDER BY registertime desc LIMIT 10   [ RunTime:0.0001s ]
SQL: SELECT * FROM `think_videolist` WHERE ( verify=1 and uploadstatus=1 ) ORDER BY uploadtime desc LIMIT 12   [ RunTime:0.0000s ]
SQL: SHOW COLUMNS FROM `think_announce` [ RunTime:0.0003s ]
SQL: SELECT * FROM `think_announce` ORDER BY time desc LIMIT 1   [ RunTime:0.0000s ]
SQL: SHOW COLUMNS FROM `think_notice` [ RunTime:0.0003s ]
SQL: SELECT * FROM `think_notice` ORDER BY time desc LIMIT 3   [ RunTime:0.0001s ]
SQL: SELECT * FROM `think_videolist` WHERE ( uploadstatus=0 ) ORDER BY wishtime desc LIMIT 8   [ RunTime:0.0000s ]
SQL: SHOW COLUMNS FROM `think_localvideo` [ RunTime:0.0003s ]
SQL: SELECT `userid`,COUNT(  `think_localvideo`.`id` ) as c FROM `think_localvideo` GROUP BY `think_localvideo`.`userid` ORDER BY COUNT(`think_localvideo`.`id`) desc LIMIT 5   [ RunTime:0.0000s ]
INFO: [ view_parse ] --START--
INFO: [ template_filter ] --START--
INFO: Run Behavior\ContentReplaceBehavior [ RunTime:0.000116s ]
INFO: [ template_filter ] --END-- [ RunTime:0.000161s ]
INFO: Run Behavior\ParseTemplateBehavior [ RunTime:0.057670s ]
INFO: [ view_parse ] --END-- [ RunTime:0.057716s ]
INFO: [ view_filter ] --START--
INFO: Run Behavior\WriteHtmlCacheBehavior [ RunTime:0.000264s ]
INFO: [ view_filter ] --END-- [ RunTime:0.000289s ]
INFO: [ app_end ] --START--
INFO: Run Behavior\ShowPageTraceBehavior [ RunTime:0.000276s ]
INFO: [ app_end ] --END-- [ RunTime:0.000305s ]

[ 2015-02-20T23:29:55+08:00 ] 192.168.122.1 /share/?
INFO: [ app_init ] --START--
INFO: Run Behavior\BuildLiteBehavior [ RunTime:0.000022s ]
INFO: [ app_init ] --END-- [ RunTime:0.000356s ]
INFO: [ app_begin ] --START--
INFO: Run Behavior\ReadHtmlCacheBehavior [ RunTime:0.000291s ]
INFO: [ app_begin ] --END-- [ RunTime:0.000344s ]
NOTIC: [8] Undefined index: name /mnt/hgfs/share/Application/Home/Controller/GlobalAction.class.php 第 13 行.
SQL: SHOW COLUMNS FROM `think_videolist` [ RunTime:0.0009s ]
SQL: SELECT COUNT(*) AS tp_count FROM `think_videolist` WHERE ( verify=1 and uploadstatus=0 ) LIMIT 1   [ RunTime:0.0002s ]
SQL: SHOW COLUMNS FROM `think_userinfo` [ RunTime:0.0012s ]
SQL: SELECT * FROM `think_userinfo` ORDER BY registertime desc LIMIT 10   [ RunTime:0.0001s ]
SQL: SELECT * FROM `think_videolist` WHERE ( verify=1 and uploadstatus=1 ) ORDER BY uploadtime desc LIMIT 12   [ RunTime:0.0001s ]
SQL: SHOW COLUMNS FROM `think_announce` [ RunTime:0.0008s ]
SQL: SELECT * FROM `think_announce` ORDER BY time desc LIMIT 1   [ RunTime:0.0001s ]
SQL: SHOW COLUMNS FROM `think_notice` [ RunTime:0.0007s ]
SQL: SELECT * FROM `think_notice` ORDER BY time desc LIMIT 3   [ RunTime:0.0000s ]
SQL: SELECT * FROM `think_videolist` WHERE ( uploadstatus=0 ) ORDER BY wishtime desc LIMIT 8   [ RunTime:0.0000s ]
SQL: SHOW COLUMNS FROM `think_localvideo` [ RunTime:0.0004s ]
SQL: SELECT `userid`,COUNT(  `think_localvideo`.`id` ) as c FROM `think_localvideo` GROUP BY `think_localvideo`.`userid` ORDER BY COUNT(`think_localvideo`.`id`) desc LIMIT 5   [ RunTime:0.0001s ]
INFO: [ view_parse ] --START--
INFO: [ template_filter ] --START--
INFO: Run Behavior\ContentReplaceBehavior [ RunTime:0.000195s ]
INFO: [ template_filter ] --END-- [ RunTime:0.000257s ]
INFO: Run Behavior\ParseTemplateBehavior [ RunTime:0.024098s ]
INFO: [ view_parse ] --END-- [ RunTime:0.024175s ]
INFO: [ view_filter ] --START--
INFO: Run Behavior\WriteHtmlCacheBehavior [ RunTime:0.000273s ]
INFO: [ view_filter ] --END-- [ RunTime:0.000299s ]
INFO: [ app_end ] --START--
INFO: Run Behavior\ShowPageTraceBehavior [ RunTime:0.000254s ]
INFO: [ app_end ] --END-- [ RunTime:0.000286s ]

[ 2015-02-20T23:36:34+08:00 ] 192.168.122.1 /share/
INFO: [ app_init ] --START--
INFO: Run Behavior\BuildLiteBehavior [ RunTime:0.000036s ]
INFO: [ app_init ] --END-- [ RunTime:0.000693s ]

[ 2015-02-20T23:37:06+08:00 ] 192.168.122.1 /share/
INFO: [ app_init ] --START--
INFO: Run Behavior\BuildLiteBehavior [ RunTime:0.000013s ]
INFO: [ app_init ] --END-- [ RunTime:0.000285s ]
INFO: [ app_begin ] --START--
INFO: Run Behavior\ReadHtmlCacheBehavior [ RunTime:0.000300s ]
INFO: [ app_begin ] --END-- [ RunTime:0.000347s ]
NOTIC: [8] Undefined index: name /mnt/hgfs/share/Application/Home/Controller/GlobalAction.class.php 第 13 行.
SQL: SHOW COLUMNS FROM `think_videolist` [ RunTime:0.0018s ]
SQL: SELECT COUNT(*) AS tp_count FROM `think_videolist` WHERE ( verify=1 and uploadstatus=0 ) LIMIT 1   [ RunTime:0.0001s ]
SQL: SHOW COLUMNS FROM `think_userinfo` [ RunTime:0.0006s ]
SQL: SELECT * FROM `think_userinfo` ORDER BY registertime desc LIMIT 10   [ RunTime:0.0001s ]
SQL: SELECT * FROM `think_videolist` WHERE ( verify=1 and uploadstatus=1 ) ORDER BY uploadtime desc LIMIT 12   [ RunTime:0.0001s ]
SQL: SHOW COLUMNS FROM `think_announce` [ RunTime:0.0006s ]
SQL: SELECT * FROM `think_announce` ORDER BY time desc LIMIT 1   [ RunTime:0.0001s ]
SQL: SHOW COLUMNS FROM `think_notice` [ RunTime:0.0003s ]
SQL: SELECT * FROM `think_notice` ORDER BY time desc LIMIT 3   [ RunTime:0.0000s ]
SQL: SELECT * FROM `think_videolist` WHERE ( uploadstatus=0 ) ORDER BY wishtime desc LIMIT 8   [ RunTime:0.0001s ]
SQL: SHOW COLUMNS FROM `think_localvideo` [ RunTime:0.0004s ]
SQL: SELECT `userid`,COUNT(  `think_localvideo`.`id` ) as c FROM `think_localvideo` GROUP BY `think_localvideo`.`userid` ORDER BY COUNT(`think_localvideo`.`id`) desc LIMIT 5   [ RunTime:0.0000s ]
INFO: [ view_parse ] --START--
INFO: [ template_filter ] --START--
INFO: Run Behavior\ContentReplaceBehavior [ RunTime:0.000072s ]
INFO: [ template_filter ] --END-- [ RunTime:0.000116s ]
INFO: Run Behavior\ParseTemplateBehavior [ RunTime:0.033208s ]
INFO: [ view_parse ] --END-- [ RunTime:0.033279s ]
INFO: [ view_filter ] --START--
INFO: Run Behavior\WriteHtmlCacheBehavior [ RunTime:0.000360s ]
INFO: Run Behavior\TokenBuildBehavior [ RunTime:0.001973s ]
INFO: [ view_filter ] --END-- [ RunTime:0.002416s ]
INFO: [ app_end ] --START--
INFO: Run Behavior\ShowPageTraceBehavior [ RunTime:0.000380s ]
INFO: [ app_end ] --END-- [ RunTime:0.000424s ]

