[ 2015-01-22T00:11:10+08:00 ] 192.168.1.107 /share/home
INFO: [ app_init ] --START--
INFO: Run Behavior\BuildLiteBehavior [ RunTime:0.000020s ]
INFO: [ app_init ] --END-- [ RunTime:0.000146s ]
INFO: [ app_begin ] --START--
INFO: Run Behavior\ReadHtmlCacheBehavior [ RunTime:0.000103s ]
INFO: [ app_begin ] --END-- [ RunTime:0.000178s ]
NOTIC: [8] Undefined index: name /var/www/html/share/Application/Home/Controller/GlobalAction.class.php 第 13 行.
NOTIC: [8192] mysql_connect(): The mysql extension is deprecated and will be removed in the future: use mysqli or PDO instead /var/www/html/share/Application/Ucenter/Client/uc_client/lib/db.class.php 第 41 行.
SQL: SHOW COLUMNS FROM `think_videofavorite` [ RunTime:0.0021s ]
SQL: SELECT COUNT(*) AS tp_count FROM `think_videofavorite` WHERE ( userid=1 ) LIMIT 1   [ RunTime:0.0002s ]
SQL: SHOW COLUMNS FROM `think_videolist` [ RunTime:0.0010s ]
SQL: SELECT COUNT(*) AS tp_count FROM `think_videolist` WHERE ( verify=1 and uploadstatus=0 ) LIMIT 1   [ RunTime:0.0001s ]
SQL: SHOW COLUMNS FROM `think_userinfo` [ RunTime:0.0014s ]
SQL: SELECT * FROM `think_userinfo` ORDER BY registertime desc LIMIT 10   [ RunTime:0.0001s ]
SQL: SELECT * FROM `think_videolist` WHERE ( verify=1 and uploadstatus=1 ) ORDER BY updatetime desc LIMIT 12   [ RunTime:0.0001s ]
SQL: SHOW COLUMNS FROM `think_announce` [ RunTime:0.0006s ]
SQL: SELECT * FROM `think_announce` ORDER BY time desc LIMIT 1   [ RunTime:0.0000s ]
SQL: SHOW COLUMNS FROM `think_notice` [ RunTime:0.0004s ]
SQL: SELECT * FROM `think_notice` ORDER BY time desc LIMIT 3   [ RunTime:0.0001s ]
SQL: SELECT * FROM `think_videolist` WHERE ( uploadstatus=0 ) ORDER BY wishtime desc LIMIT 8   [ RunTime:0.0000s ]
SQL: SHOW COLUMNS FROM `think_localvideo` [ RunTime:0.0005s ]
SQL: SELECT `userid`,COUNT(  `think_localvideo`.`id` ) as c FROM `think_localvideo` GROUP BY `think_localvideo`.`userid` ORDER BY COUNT(`think_localvideo`.`id`) desc LIMIT 5   [ RunTime:0.0001s ]
INFO: [ view_parse ] --START--
INFO: [ template_filter ] --START--
INFO: Run Behavior\ContentReplaceBehavior [ RunTime:0.000101s ]
INFO: [ template_filter ] --END-- [ RunTime:0.000147s ]
SQL: SELECT COUNT(*) AS tp_count FROM `think_videofavorite` WHERE ( userid=1 and movieid=1 ) LIMIT 1   [ RunTime:0.0001s ]
SQL: SELECT COUNT(*) AS tp_count FROM `think_videofavorite` WHERE ( userid=1 and movieid=1 ) LIMIT 1   [ RunTime:0.0000s ]
SQL: SELECT COUNT(*) AS tp_count FROM `think_videofavorite` WHERE ( userid=1 and movieid=34 ) LIMIT 1   [ RunTime:0.0000s ]
SQL: SELECT COUNT(*) AS tp_count FROM `think_videofavorite` WHERE ( userid=1 and movieid=34 ) LIMIT 1   [ RunTime:0.0001s ]
SQL: SHOW COLUMNS FROM `think_wishlist` [ RunTime:0.0006s ]
SQL: SELECT COUNT(*) AS tp_count FROM `think_wishlist` WHERE ( movieid=57 ) LIMIT 1   [ RunTime:0.0001s ]
SQL: SELECT COUNT(*) AS tp_count FROM `think_wishlist` WHERE ( movieid=56 ) LIMIT 1   [ RunTime:0.0000s ]
SQL: SELECT COUNT(*) AS tp_count FROM `think_wishlist` WHERE ( movieid=55 ) LIMIT 1   [ RunTime:0.0001s ]
SQL: SELECT * FROM `think_userinfo` WHERE ( userid=1 )  [ RunTime:0.0001s ]
INFO: Run Behavior\ParseTemplateBehavior [ RunTime:0.023819s ]
INFO: [ view_parse ] --END-- [ RunTime:0.023867s ]
INFO: [ view_filter ] --START--
INFO: Run Behavior\WriteHtmlCacheBehavior [ RunTime:0.000238s ]
INFO: Run Behavior\TokenBuildBehavior [ RunTime:0.000310s ]
INFO: [ view_filter ] --END-- [ RunTime:0.000615s ]
INFO: [ app_end ] --START--
INFO: Run Behavior\ShowPageTraceBehavior [ RunTime:0.000048s ]
INFO: [ app_end ] --END-- [ RunTime:0.000075s ]

[ 2015-01-22T00:11:11+08:00 ] 192.168.1.107 /share/home/movie/wish
INFO: [ app_init ] --START--
INFO: Run Behavior\BuildLiteBehavior [ RunTime:0.000024s ]
INFO: [ app_init ] --END-- [ RunTime:0.000492s ]
INFO: [ app_begin ] --START--
INFO: Run Behavior\ReadHtmlCacheBehavior [ RunTime:0.000069s ]
INFO: [ app_begin ] --END-- [ RunTime:0.000121s ]
NOTIC: [2048] Declaration of Home\Controller\MovieController::show() should be compatible with Think\Controller::show($content, $charset = '', $contentType = '', $prefix = '') /var/www/html/share/Application/Home/Controller/MovieController.class.php 第 5 行.
NOTIC: [8] Undefined index: name /var/www/html/share/Application/Home/Controller/GlobalAction.class.php 第 13 行.
NOTIC: [8192] mysql_connect(): The mysql extension is deprecated and will be removed in the future: use mysqli or PDO instead /var/www/html/share/Application/Ucenter/Client/uc_client/lib/db.class.php 第 41 行.
SQL: SHOW COLUMNS FROM `think_videofavorite` [ RunTime:0.0007s ]
SQL: SELECT COUNT(*) AS tp_count FROM `think_videofavorite` WHERE ( userid=1 ) LIMIT 1   [ RunTime:0.0001s ]
SQL: SHOW COLUMNS FROM `think_videolist` [ RunTime:0.0012s ]
SQL: SELECT * FROM `think_videolist` WHERE ( verify=1 and uploadstatus=0 )  [ RunTime:0.0001s ]
INFO: [ view_parse ] --START--
INFO: [ template_filter ] --START--
INFO: Run Behavior\ContentReplaceBehavior [ RunTime:0.000118s ]
INFO: [ template_filter ] --END-- [ RunTime:0.000260s ]
SQL: SHOW COLUMNS FROM `think_wishlist` [ RunTime:0.0007s ]
SQL: SELECT COUNT(*) AS tp_count FROM `think_wishlist` WHERE ( movieid=55 ) LIMIT 1   [ RunTime:0.0001s ]
SQL: SELECT COUNT(*) AS tp_count FROM `think_wishlist` WHERE ( userid=1 and movieid=55 ) LIMIT 1   [ RunTime:0.0001s ]
SQL: SELECT COUNT(*) AS tp_count FROM `think_wishlist` WHERE ( movieid=56 ) LIMIT 1   [ RunTime:0.0000s ]
SQL: SELECT COUNT(*) AS tp_count FROM `think_wishlist` WHERE ( userid=1 and movieid=56 ) LIMIT 1   [ RunTime:0.0000s ]
SQL: SELECT COUNT(*) AS tp_count FROM `think_wishlist` WHERE ( movieid=57 ) LIMIT 1   [ RunTime:0.0000s ]
SQL: SELECT COUNT(*) AS tp_count FROM `think_wishlist` WHERE ( userid=1 and movieid=57 ) LIMIT 1   [ RunTime:0.0000s ]
INFO: Run Behavior\ParseTemplateBehavior [ RunTime:0.016517s ]
INFO: [ view_parse ] --END-- [ RunTime:0.016549s ]
INFO: [ view_filter ] --START--
INFO: Run Behavior\WriteHtmlCacheBehavior [ RunTime:0.000048s ]
INFO: Run Behavior\TokenBuildBehavior [ RunTime:0.000129s ]
INFO: [ view_filter ] --END-- [ RunTime:0.000214s ]
INFO: [ app_end ] --START--
INFO: Run Behavior\ShowPageTraceBehavior [ RunTime:0.000057s ]
INFO: [ app_end ] --END-- [ RunTime:0.000095s ]

[ 2015-01-22T00:11:11+08:00 ] 192.168.1.107 /share/home/movie/wish
INFO: [ app_init ] --START--
INFO: Run Behavior\BuildLiteBehavior [ RunTime:0.000016s ]
INFO: [ app_init ] --END-- [ RunTime:0.000132s ]
INFO: [ app_begin ] --START--
INFO: Run Behavior\ReadHtmlCacheBehavior [ RunTime:0.000045s ]
INFO: [ app_begin ] --END-- [ RunTime:0.000088s ]
NOTIC: [2048] Declaration of Home\Controller\MovieController::show() should be compatible with Think\Controller::show($content, $charset = '', $contentType = '', $prefix = '') /var/www/html/share/Application/Home/Controller/MovieController.class.php 第 5 行.
NOTIC: [8] Undefined index: name /var/www/html/share/Application/Home/Controller/GlobalAction.class.php 第 13 行.
NOTIC: [8192] mysql_connect(): The mysql extension is deprecated and will be removed in the future: use mysqli or PDO instead /var/www/html/share/Application/Ucenter/Client/uc_client/lib/db.class.php 第 41 行.
SQL: SHOW COLUMNS FROM `think_videofavorite` [ RunTime:0.0010s ]
SQL: SELECT COUNT(*) AS tp_count FROM `think_videofavorite` WHERE ( userid=1 ) LIMIT 1   [ RunTime:0.0001s ]
SQL: SHOW COLUMNS FROM `think_videolist` [ RunTime:0.0013s ]
SQL: SELECT * FROM `think_videolist` WHERE ( verify=1 and uploadstatus=0 )  [ RunTime:0.0001s ]
INFO: [ view_parse ] --START--
INFO: [ template_filter ] --START--
INFO: Run Behavior\ContentReplaceBehavior [ RunTime:0.000164s ]
INFO: [ template_filter ] --END-- [ RunTime:0.000275s ]
SQL: SHOW COLUMNS FROM `think_wishlist` [ RunTime:0.0010s ]
SQL: SELECT COUNT(*) AS tp_count FROM `think_wishlist` WHERE ( movieid=55 ) LIMIT 1   [ RunTime:0.0001s ]
SQL: SELECT COUNT(*) AS tp_count FROM `think_wishlist` WHERE ( userid=1 and movieid=55 ) LIMIT 1   [ RunTime:0.0001s ]
SQL: SELECT COUNT(*) AS tp_count FROM `think_wishlist` WHERE ( movieid=56 ) LIMIT 1   [ RunTime:0.0001s ]
SQL: SELECT COUNT(*) AS tp_count FROM `think_wishlist` WHERE ( userid=1 and movieid=56 ) LIMIT 1   [ RunTime:0.0001s ]
SQL: SELECT COUNT(*) AS tp_count FROM `think_wishlist` WHERE ( movieid=57 ) LIMIT 1   [ RunTime:0.0001s ]
SQL: SELECT COUNT(*) AS tp_count FROM `think_wishlist` WHERE ( userid=1 and movieid=57 ) LIMIT 1   [ RunTime:0.0000s ]
INFO: Run Behavior\ParseTemplateBehavior [ RunTime:0.016961s ]
INFO: [ view_parse ] --END-- [ RunTime:0.017007s ]
INFO: [ view_filter ] --START--
INFO: Run Behavior\WriteHtmlCacheBehavior [ RunTime:0.000067s ]
INFO: Run Behavior\TokenBuildBehavior [ RunTime:0.000240s ]
INFO: [ view_filter ] --END-- [ RunTime:0.000375s ]
INFO: [ app_end ] --START--
INFO: Run Behavior\ShowPageTraceBehavior [ RunTime:0.000091s ]
INFO: [ app_end ] --END-- [ RunTime:0.000190s ]

[ 2015-01-22T00:11:14+08:00 ] 192.168.1.107 /share/home
INFO: [ app_init ] --START--
INFO: Run Behavior\BuildLiteBehavior [ RunTime:0.000015s ]
INFO: [ app_init ] --END-- [ RunTime:0.000110s ]
INFO: [ app_begin ] --START--
INFO: Run Behavior\ReadHtmlCacheBehavior [ RunTime:0.000057s ]
INFO: [ app_begin ] --END-- [ RunTime:0.000096s ]
NOTIC: [8] Undefined index: name /var/www/html/share/Application/Home/Controller/GlobalAction.class.php 第 13 行.
NOTIC: [8192] mysql_connect(): The mysql extension is deprecated and will be removed in the future: use mysqli or PDO instead /var/www/html/share/Application/Ucenter/Client/uc_client/lib/db.class.php 第 41 行.
SQL: SHOW COLUMNS FROM `think_videofavorite` [ RunTime:0.0008s ]
SQL: SELECT COUNT(*) AS tp_count FROM `think_videofavorite` WHERE ( userid=1 ) LIMIT 1   [ RunTime:0.0001s ]
SQL: SHOW COLUMNS FROM `think_videolist` [ RunTime:0.0006s ]
SQL: SHOW COLUMNS FROM `think_userinfo` [ RunTime:0.0013s ]
SQL: SELECT * FROM `think_userinfo` ORDER BY registertime desc LIMIT 10   [ RunTime:0.0002s ]
SQL: SELECT * FROM `think_videolist` WHERE ( verify=1 and uploadstatus=1 ) ORDER BY updatetime desc LIMIT 12   [ RunTime:0.0001s ]
SQL: SHOW COLUMNS FROM `think_announce` [ RunTime:0.0007s ]
SQL: SELECT * FROM `think_announce` ORDER BY time desc LIMIT 1   [ RunTime:0.0001s ]
SQL: SHOW COLUMNS FROM `think_notice` [ RunTime:0.0008s ]
SQL: SELECT * FROM `think_notice` ORDER BY time desc LIMIT 3   [ RunTime:0.0001s ]
SQL: SELECT * FROM `think_videolist` WHERE ( uploadstatus=0 ) ORDER BY wishtime desc LIMIT 8   [ RunTime:0.0000s ]
SQL: SHOW COLUMNS FROM `think_localvideo` [ RunTime:0.0004s ]
SQL: SELECT `userid`,COUNT(  `think_localvideo`.`id` ) as c FROM `think_localvideo` GROUP BY `think_localvideo`.`userid` ORDER BY COUNT(`think_localvideo`.`id`) desc LIMIT 5   [ RunTime:0.0001s ]
INFO: [ view_parse ] --START--
INFO: [ template_filter ] --START--
INFO: Run Behavior\ContentReplaceBehavior [ RunTime:0.000068s ]
INFO: [ template_filter ] --END-- [ RunTime:0.000109s ]
SQL: SELECT COUNT(*) AS tp_count FROM `think_videofavorite` WHERE ( userid=1 and movieid=1 ) LIMIT 1   [ RunTime:0.0001s ]
SQL: SELECT COUNT(*) AS tp_count FROM `think_videofavorite` WHERE ( userid=1 and movieid=1 ) LIMIT 1   [ RunTime:0.0000s ]
SQL: SELECT COUNT(*) AS tp_count FROM `think_videofavorite` WHERE ( userid=1 and movieid=34 ) LIMIT 1   [ RunTime:0.0000s ]
SQL: SELECT COUNT(*) AS tp_count FROM `think_videofavorite` WHERE ( userid=1 and movieid=34 ) LIMIT 1   [ RunTime:0.0000s ]
SQL: SHOW COLUMNS FROM `think_wishlist` [ RunTime:0.0005s ]
SQL: SELECT COUNT(*) AS tp_count FROM `think_wishlist` WHERE ( movieid=57 ) LIMIT 1   [ RunTime:0.0000s ]
SQL: SELECT COUNT(*) AS tp_count FROM `think_wishlist` WHERE ( movieid=56 ) LIMIT 1   [ RunTime:0.0000s ]
SQL: SELECT COUNT(*) AS tp_count FROM `think_wishlist` WHERE ( movieid=55 ) LIMIT 1   [ RunTime:0.0000s ]
SQL: SELECT * FROM `think_userinfo` WHERE ( userid=1 )  [ RunTime:0.0000s ]
INFO: Run Behavior\ParseTemplateBehavior [ RunTime:0.019260s ]
INFO: [ view_parse ] --END-- [ RunTime:0.019296s ]
INFO: [ view_filter ] --START--
INFO: Run Behavior\WriteHtmlCacheBehavior [ RunTime:0.000048s ]
INFO: Run Behavior\TokenBuildBehavior [ RunTime:0.000136s ]
INFO: [ view_filter ] --END-- [ RunTime:0.000216s ]
INFO: [ app_end ] --START--
INFO: Run Behavior\ShowPageTraceBehavior [ RunTime:0.000038s ]
INFO: [ app_end ] --END-- [ RunTime:0.000066s ]

[ 2015-01-22T00:11:14+08:00 ] 192.168.1.107 /share/home
INFO: [ app_init ] --START--
INFO: Run Behavior\BuildLiteBehavior [ RunTime:0.000010s ]
INFO: [ app_init ] --END-- [ RunTime:0.000066s ]
INFO: [ app_begin ] --START--
INFO: Run Behavior\ReadHtmlCacheBehavior [ RunTime:0.000027s ]
INFO: [ app_begin ] --END-- [ RunTime:0.000050s ]
NOTIC: [8] Undefined index: name /var/www/html/share/Application/Home/Controller/GlobalAction.class.php 第 13 行.
NOTIC: [8192] mysql_connect(): The mysql extension is deprecated and will be removed in the future: use mysqli or PDO instead /var/www/html/share/Application/Ucenter/Client/uc_client/lib/db.class.php 第 41 行.
SQL: SHOW COLUMNS FROM `think_videofavorite` [ RunTime:0.0005s ]
SQL: SELECT COUNT(*) AS tp_count FROM `think_videofavorite` WHERE ( userid=1 ) LIMIT 1   [ RunTime:0.0000s ]
SQL: SHOW COLUMNS FROM `think_videolist` [ RunTime:0.0004s ]
SQL: SHOW COLUMNS FROM `think_userinfo` [ RunTime:0.0004s ]
SQL: SELECT * FROM `think_userinfo` ORDER BY registertime desc LIMIT 10   [ RunTime:0.0000s ]
SQL: SELECT * FROM `think_videolist` WHERE ( verify=1 and uploadstatus=1 ) ORDER BY updatetime desc LIMIT 12   [ RunTime:0.0000s ]
SQL: SHOW COLUMNS FROM `think_announce` [ RunTime:0.0003s ]
SQL: SELECT * FROM `think_announce` ORDER BY time desc LIMIT 1   [ RunTime:0.0000s ]
SQL: SHOW COLUMNS FROM `think_notice` [ RunTime:0.0003s ]
SQL: SELECT * FROM `think_notice` ORDER BY time desc LIMIT 3   [ RunTime:0.0000s ]
SQL: SELECT * FROM `think_videolist` WHERE ( uploadstatus=0 ) ORDER BY wishtime desc LIMIT 8   [ RunTime:0.0000s ]
SQL: SHOW COLUMNS FROM `think_localvideo` [ RunTime:0.0003s ]
SQL: SELECT `userid`,COUNT(  `think_localvideo`.`id` ) as c FROM `think_localvideo` GROUP BY `think_localvideo`.`userid` ORDER BY COUNT(`think_localvideo`.`id`) desc LIMIT 5   [ RunTime:0.0000s ]
INFO: [ view_parse ] --START--
INFO: [ template_filter ] --START--
INFO: Run Behavior\ContentReplaceBehavior [ RunTime:0.000079s ]
INFO: [ template_filter ] --END-- [ RunTime:0.000125s ]
SQL: SELECT COUNT(*) AS tp_count FROM `think_videofavorite` WHERE ( userid=1 and movieid=1 ) LIMIT 1   [ RunTime:0.0001s ]
SQL: SELECT COUNT(*) AS tp_count FROM `think_videofavorite` WHERE ( userid=1 and movieid=1 ) LIMIT 1   [ RunTime:0.0000s ]
SQL: SELECT COUNT(*) AS tp_count FROM `think_videofavorite` WHERE ( userid=1 and movieid=34 ) LIMIT 1   [ RunTime:0.0000s ]
SQL: SELECT COUNT(*) AS tp_count FROM `think_videofavorite` WHERE ( userid=1 and movieid=34 ) LIMIT 1   [ RunTime:0.0000s ]
SQL: SHOW COLUMNS FROM `think_wishlist` [ RunTime:0.0006s ]
SQL: SELECT COUNT(*) AS tp_count FROM `think_wishlist` WHERE ( movieid=57 ) LIMIT 1   [ RunTime:0.0000s ]
SQL: SELECT COUNT(*) AS tp_count FROM `think_wishlist` WHERE ( movieid=56 ) LIMIT 1   [ RunTime:0.0000s ]
SQL: SELECT COUNT(*) AS tp_count FROM `think_wishlist` WHERE ( movieid=55 ) LIMIT 1   [ RunTime:0.0000s ]
SQL: SELECT * FROM `think_userinfo` WHERE ( userid=1 )  [ RunTime:0.0000s ]
INFO: Run Behavior\ParseTemplateBehavior [ RunTime:0.022582s ]
INFO: [ view_parse ] --END-- [ RunTime:0.022610s ]
INFO: [ view_filter ] --START--
INFO: Run Behavior\WriteHtmlCacheBehavior [ RunTime:0.000045s ]
INFO: Run Behavior\TokenBuildBehavior [ RunTime:0.000136s ]
INFO: [ view_filter ] --END-- [ RunTime:0.000215s ]
INFO: [ app_end ] --START--
INFO: Run Behavior\ShowPageTraceBehavior [ RunTime:0.000042s ]
INFO: [ app_end ] --END-- [ RunTime:0.000080s ]

[ 2015-01-22T12:20:35+08:00 ] 192.168.1.107 /favicon.ico
INFO: [ app_init ] --START--
INFO: Run Behavior\BuildLiteBehavior [ RunTime:0.000022s ]
INFO: [ app_init ] --END-- [ RunTime:0.000224s ]
INFO: [ app_begin ] --START--
INFO: Run Behavior\ReadHtmlCacheBehavior [ RunTime:0.000075s ]
INFO: [ app_begin ] --END-- [ RunTime:0.000130s ]
NOTIC: [8] Undefined index: name /var/www/html/share/Application/Home/Controller/GlobalAction.class.php 第 13 行.
SQL: SHOW COLUMNS FROM `think_videolist` [ RunTime:0.0013s ]
SQL: SELECT COUNT(*) AS tp_count FROM `think_videolist` WHERE ( verify=1 and uploadstatus=0 ) LIMIT 1   [ RunTime:0.0001s ]
INFO: [ view_parse ] --START--
INFO: [ template_filter ] --START--
INFO: Run Behavior\ContentReplaceBehavior [ RunTime:0.000067s ]
INFO: [ template_filter ] --END-- [ RunTime:0.000289s ]
INFO: Run Behavior\ParseTemplateBehavior [ RunTime:0.006025s ]
INFO: [ view_parse ] --END-- [ RunTime:0.006113s ]
INFO: [ view_filter ] --START--
INFO: Run Behavior\WriteHtmlCacheBehavior [ RunTime:0.000092s ]
INFO: Run Behavior\TokenBuildBehavior [ RunTime:0.000437s ]
INFO: [ view_filter ] --END-- [ RunTime:0.000655s ]

[ 2015-01-22T12:21:07+08:00 ] 192.168.1.107 /Engine/Tpl/logo.png
INFO: [ app_init ] --START--
INFO: Run Behavior\BuildLiteBehavior [ RunTime:0.000017s ]
INFO: [ app_init ] --END-- [ RunTime:0.000129s ]
INFO: [ app_begin ] --START--
INFO: Run Behavior\ReadHtmlCacheBehavior [ RunTime:0.000114s ]
INFO: [ app_begin ] --END-- [ RunTime:0.000187s ]
NOTIC: [8] Undefined index: name /var/www/html/share/Application/Home/Controller/GlobalAction.class.php 第 13 行.
SQL: SHOW COLUMNS FROM `think_videolist` [ RunTime:0.0019s ]
INFO: [ view_parse ] --START--
INFO: [ template_filter ] --START--
INFO: Run Behavior\ContentReplaceBehavior [ RunTime:0.000054s ]
INFO: [ template_filter ] --END-- [ RunTime:0.000131s ]
INFO: Run Behavior\ParseTemplateBehavior [ RunTime:0.004137s ]
INFO: [ view_parse ] --END-- [ RunTime:0.004199s ]
INFO: [ view_filter ] --START--
INFO: Run Behavior\WriteHtmlCacheBehavior [ RunTime:0.000069s ]
INFO: Run Behavior\TokenBuildBehavior [ RunTime:0.000116s ]
INFO: [ view_filter ] --END-- [ RunTime:0.000241s ]

[ 2015-01-22T12:21:17+08:00 ] 192.168.1.107 /Engine/Tpl/logo.png
INFO: [ app_init ] --START--
INFO: Run Behavior\BuildLiteBehavior [ RunTime:0.000009s ]
INFO: [ app_init ] --END-- [ RunTime:0.000070s ]
INFO: [ app_begin ] --START--
INFO: Run Behavior\ReadHtmlCacheBehavior [ RunTime:0.000032s ]
INFO: [ app_begin ] --END-- [ RunTime:0.000056s ]
NOTIC: [8] Undefined index: name /var/www/html/share/Application/Home/Controller/GlobalAction.class.php 第 13 行.
SQL: SHOW COLUMNS FROM `think_videolist` [ RunTime:0.0008s ]
INFO: [ view_parse ] --START--
INFO: [ template_filter ] --START--
INFO: Run Behavior\ContentReplaceBehavior [ RunTime:0.000030s ]
INFO: [ template_filter ] --END-- [ RunTime:0.000060s ]
INFO: Run Behavior\ParseTemplateBehavior [ RunTime:0.001787s ]
INFO: [ view_parse ] --END-- [ RunTime:0.001899s ]
INFO: [ view_filter ] --START--
INFO: Run Behavior\WriteHtmlCacheBehavior [ RunTime:0.000035s ]
INFO: Run Behavior\TokenBuildBehavior [ RunTime:0.000057s ]
INFO: [ view_filter ] --END-- [ RunTime:0.000125s ]

[ 2015-01-22T12:21:21+08:00 ] 192.168.1.107 /cms/install
INFO: [ app_init ] --START--
INFO: Run Behavior\BuildLiteBehavior [ RunTime:0.000017s ]
INFO: [ app_init ] --END-- [ RunTime:0.000152s ]
INFO: [ app_begin ] --START--
INFO: Run Behavior\ReadHtmlCacheBehavior [ RunTime:0.000078s ]
INFO: [ app_begin ] --END-- [ RunTime:0.000236s ]
NOTIC: [8] Undefined index: name /var/www/html/share/Application/Home/Controller/GlobalAction.class.php 第 13 行.
SQL: SHOW COLUMNS FROM `think_videolist` [ RunTime:0.0013s ]
INFO: [ view_parse ] --START--
INFO: [ template_filter ] --START--
INFO: Run Behavior\ContentReplaceBehavior [ RunTime:0.000031s ]
INFO: [ template_filter ] --END-- [ RunTime:0.000065s ]
INFO: Run Behavior\ParseTemplateBehavior [ RunTime:0.001961s ]
INFO: [ view_parse ] --END-- [ RunTime:0.001998s ]
INFO: [ view_filter ] --START--
INFO: Run Behavior\WriteHtmlCacheBehavior [ RunTime:0.000033s ]
INFO: Run Behavior\TokenBuildBehavior [ RunTime:0.000067s ]
INFO: [ view_filter ] --END-- [ RunTime:0.000135s ]

[ 2015-01-22T19:47:27+08:00 ] 192.168.1.107 /favicon.ico
INFO: [ app_init ] --START--
INFO: Run Behavior\BuildLiteBehavior [ RunTime:0.000102s ]
INFO: [ app_init ] --END-- [ RunTime:0.000512s ]
INFO: [ app_begin ] --START--
INFO: Run Behavior\ReadHtmlCacheBehavior [ RunTime:0.000145s ]
INFO: [ app_begin ] --END-- [ RunTime:0.000238s ]
NOTIC: [8] Undefined index: name /var/www/html/share/Application/Home/Controller/GlobalAction.class.php 第 13 行.
SQL: SHOW COLUMNS FROM `think_videolist` [ RunTime:0.0174s ]
SQL: SELECT COUNT(*) AS tp_count FROM `think_videolist` WHERE ( verify=1 and uploadstatus=0 ) LIMIT 1   [ RunTime:0.0009s ]
INFO: [ view_parse ] --START--
INFO: [ template_filter ] --START--
INFO: Run Behavior\ContentReplaceBehavior [ RunTime:0.000107s ]
INFO: [ template_filter ] --END-- [ RunTime:0.000210s ]
INFO: Run Behavior\ParseTemplateBehavior [ RunTime:0.006151s ]
INFO: [ view_parse ] --END-- [ RunTime:0.006223s ]
INFO: [ view_filter ] --START--
INFO: Run Behavior\WriteHtmlCacheBehavior [ RunTime:0.000129s ]
INFO: Run Behavior\TokenBuildBehavior [ RunTime:0.000444s ]
INFO: [ view_filter ] --END-- [ RunTime:0.000628s ]

