[ 2015-01-14T23:35:05+08:00 ] 172.16.14.1 /share/home
INFO: [ app_init ] --START--
INFO: Run Behavior\BuildLiteBehavior [ RunTime:0.000015s ]
INFO: [ app_init ] --END-- [ RunTime:0.000213s ]
INFO: [ app_begin ] --START--
INFO: Run Behavior\ReadHtmlCacheBehavior [ RunTime:0.000074s ]
INFO: [ app_begin ] --END-- [ RunTime:0.000107s ]
NOTIC: [8] Undefined index: name /var/www/html/share/Application/Home/Controller/GlobalAction.class.php 第 11 行.
NOTIC: [8192] mysql_connect(): The mysql extension is deprecated and will be removed in the future: use mysqli or PDO instead /var/www/html/share/Application/Ucenter/Client/uc_client/lib/db.class.php 第 41 行.
SQL: SHOW COLUMNS FROM `think_videofavorite` [ RunTime:0.0022s ]
SQL: SELECT COUNT(*) AS tp_count FROM `think_videofavorite` WHERE ( userid=1 ) LIMIT 1   [ RunTime:0.0001s ]
SQL: SHOW COLUMNS FROM `think_videolist` [ RunTime:0.0013s ]
SQL: SELECT COUNT(*) AS tp_count FROM `think_videolist` WHERE ( uploadstatus=1 ) LIMIT 1   [ RunTime:0.0001s ]
SQL: SHOW COLUMNS FROM `think_userinfo` [ RunTime:0.0007s ]
SQL: SELECT * FROM `think_userinfo` ORDER BY registertime desc LIMIT 10   [ RunTime:0.0001s ]
SQL: SELECT * FROM `think_videolist` WHERE ( uploadstatus=1 ) ORDER BY updatetime desc LIMIT 12   [ RunTime:0.0001s ]
SQL: SHOW COLUMNS FROM `think_announce` [ RunTime:0.0003s ]
SQL: SELECT * FROM `think_announce` ORDER BY time desc LIMIT 1   [ RunTime:0.0000s ]
SQL: SHOW COLUMNS FROM `think_notice` [ RunTime:0.0003s ]
SQL: SELECT * FROM `think_notice` ORDER BY time desc LIMIT 3   [ RunTime:0.0000s ]
SQL: SELECT * FROM `think_videolist` WHERE ( uploadstatus=0 ) ORDER BY wishtime desc LIMIT 8   [ RunTime:0.0001s ]
SQL: SHOW COLUMNS FROM `think_localvideo` [ RunTime:0.0004s ]
SQL: SELECT `userid`,COUNT(  `think_localvideo`.`id` ) as c FROM `think_localvideo` GROUP BY `think_localvideo`.`userid` ORDER BY COUNT(`think_localvideo`.`id`) desc LIMIT 5   [ RunTime:0.0000s ]
INFO: [ view_parse ] --START--
INFO: [ template_filter ] --START--
INFO: Run Behavior\ContentReplaceBehavior [ RunTime:0.000067s ]
INFO: [ template_filter ] --END-- [ RunTime:0.000114s ]
SQL: SELECT COUNT(*) AS tp_count FROM `think_videofavorite` WHERE ( userid=1 and movieid=1 ) LIMIT 1   [ RunTime:0.0001s ]
SQL: SELECT COUNT(*) AS tp_count FROM `think_videofavorite` WHERE ( userid=1 and movieid=34 ) LIMIT 1   [ RunTime:0.0001s ]
SQL: SELECT * FROM `think_userinfo` WHERE ( userid=1 )  [ RunTime:0.0001s ]
INFO: Run Behavior\ParseTemplateBehavior [ RunTime:0.021204s ]
INFO: [ view_parse ] --END-- [ RunTime:0.021234s ]
INFO: [ view_filter ] --START--
INFO: Run Behavior\WriteHtmlCacheBehavior [ RunTime:0.000117s ]
INFO: Run Behavior\TokenBuildBehavior [ RunTime:0.000208s ]
INFO: [ view_filter ] --END-- [ RunTime:0.000388s ]
INFO: [ app_end ] --START--
INFO: Run Behavior\ShowPageTraceBehavior [ RunTime:0.000039s ]
INFO: [ app_end ] --END-- [ RunTime:0.000066s ]

[ 2015-01-14T23:35:05+08:00 ] 172.16.14.1 /share/home
INFO: [ app_init ] --START--
INFO: Run Behavior\BuildLiteBehavior [ RunTime:0.000010s ]
INFO: [ app_init ] --END-- [ RunTime:0.000064s ]
INFO: [ app_begin ] --START--
INFO: Run Behavior\ReadHtmlCacheBehavior [ RunTime:0.000029s ]
INFO: [ app_begin ] --END-- [ RunTime:0.000056s ]
NOTIC: [8] Undefined index: name /var/www/html/share/Application/Home/Controller/GlobalAction.class.php 第 11 行.
NOTIC: [8192] mysql_connect(): The mysql extension is deprecated and will be removed in the future: use mysqli or PDO instead /var/www/html/share/Application/Ucenter/Client/uc_client/lib/db.class.php 第 41 行.
SQL: SHOW COLUMNS FROM `think_videofavorite` [ RunTime:0.0005s ]
SQL: SELECT COUNT(*) AS tp_count FROM `think_videofavorite` WHERE ( userid=1 ) LIMIT 1   [ RunTime:0.0001s ]
SQL: SHOW COLUMNS FROM `think_videolist` [ RunTime:0.0007s ]
SQL: SHOW COLUMNS FROM `think_userinfo` [ RunTime:0.0005s ]
SQL: SELECT * FROM `think_userinfo` ORDER BY registertime desc LIMIT 10   [ RunTime:0.0001s ]
SQL: SELECT * FROM `think_videolist` WHERE ( uploadstatus=1 ) ORDER BY updatetime desc LIMIT 12   [ RunTime:0.0001s ]
SQL: SHOW COLUMNS FROM `think_announce` [ RunTime:0.0003s ]
SQL: SELECT * FROM `think_announce` ORDER BY time desc LIMIT 1   [ RunTime:0.0001s ]
SQL: SHOW COLUMNS FROM `think_notice` [ RunTime:0.0003s ]
SQL: SELECT * FROM `think_notice` ORDER BY time desc LIMIT 3   [ RunTime:0.0001s ]
SQL: SELECT * FROM `think_videolist` WHERE ( uploadstatus=0 ) ORDER BY wishtime desc LIMIT 8   [ RunTime:0.0001s ]
SQL: SHOW COLUMNS FROM `think_localvideo` [ RunTime:0.0004s ]
SQL: SELECT `userid`,COUNT(  `think_localvideo`.`id` ) as c FROM `think_localvideo` GROUP BY `think_localvideo`.`userid` ORDER BY COUNT(`think_localvideo`.`id`) desc LIMIT 5   [ RunTime:0.0001s ]
INFO: [ view_parse ] --START--
INFO: [ template_filter ] --START--
INFO: Run Behavior\ContentReplaceBehavior [ RunTime:0.000075s ]
INFO: [ template_filter ] --END-- [ RunTime:0.000127s ]
SQL: SELECT COUNT(*) AS tp_count FROM `think_videofavorite` WHERE ( userid=1 and movieid=1 ) LIMIT 1   [ RunTime:0.0002s ]
SQL: SELECT COUNT(*) AS tp_count FROM `think_videofavorite` WHERE ( userid=1 and movieid=34 ) LIMIT 1   [ RunTime:0.0001s ]
SQL: SELECT * FROM `think_userinfo` WHERE ( userid=1 )  [ RunTime:0.0001s ]
INFO: Run Behavior\ParseTemplateBehavior [ RunTime:0.025957s ]
INFO: [ view_parse ] --END-- [ RunTime:0.026006s ]
INFO: [ view_filter ] --START--
INFO: Run Behavior\WriteHtmlCacheBehavior [ RunTime:0.000088s ]
INFO: Run Behavior\TokenBuildBehavior [ RunTime:0.000214s ]
INFO: [ view_filter ] --END-- [ RunTime:0.000384s ]
INFO: [ app_end ] --START--
INFO: Run Behavior\ShowPageTraceBehavior [ RunTime:0.000089s ]
INFO: [ app_end ] --END-- [ RunTime:0.000175s ]

